{"uid":"cb430302b81db8e","name":"发送插播字幕，次数：随机1-10次","fullName":"test_case.test_terminal_center.TestTerminalCenter#test_insert_subtitle_down","historyId":"3e6ec6dbcaac5be7d53ae4e81209f9c2","time":{"start":1715651511347,"stop":1715651615651,"duration":104304},"status":"broken","statusMessage":"selenium.common.exceptions.NoSuchElementException: Message: no such element: Unable to locate element: {\"method\":\"xpath\",\"selector\":\"//img[@title=\"更多\"]\"}\n  (Session info: chrome=118.0.5993.118); For documentation on this error, please visit: https://www.selenium.dev/documentation/webdriver/troubleshooting/errors#no-such-element-exception\nStacktrace:\n\tGetHandleVerifier [0x00007FF74D6178A2+54818]\n\t(No symbol) [0x00007FF74D586AD2]\n\t(No symbol) [0x00007FF74D43DA3B]\n\t(No symbol) [0x00007FF74D47E4FC]\n\t(No symbol) [0x00007FF74D47E67C]\n\t(No symbol) [0x00007FF74D4B9627]\n\t(No symbol) [0x00007FF74D49EAEF]\n\t(No symbol) [0x00007FF74D4B75A2]\n\t(No symbol) [0x00007FF74D49E883]\n\t(No symbol) [0x00007FF74D473691]\n\t(No symbol) [0x00007FF74D4748D4]\n\tGetHandleVerifier [0x00007FF74D97B9A2+3610402]\n\tGetHandleVerifier [0x00007FF74D9D1870+3962352]\n\tGetHandleVerifier [0x00007FF74D9C9D5F+3930847]\n\tGetHandleVerifier [0x00007FF74D6B3656+693206]\n\t(No symbol) [0x00007FF74D591638]\n\t(No symbol) [0x00007FF74D58D944]\n\t(No symbol) [0x00007FF74D58DA72]\n\t(No symbol) [0x00007FF74D57E123]\n\tBaseThreadInitThunk [0x00007FFEE159257D+29]\n\tRtlUserThreadStart [0x00007FFEE202AA58+40]","statusTrace":"self = <test_case.test_terminal_center.TestTerminalCenter object at 0x00000119BF9482E0>\n\n    @pytest.mark.usefixtures('clear_terminal_list')\n    @allure.title(\"发送插播字幕，次数：随机1-10次\")\n    @pytest.mark.run(order=10)\n    def test_insert_subtitle_down(self):\n        terminal_page = self.terminal_page\n        terminal_page.refresh()\n        text = random.randint(999, 9999999999)\n        times = random.randint(1, 10)\n        with step(\"各种前提：\"):\n            terminal_page.switch_to_terminal_center()\n            terminal_page.add_real_terminal()\n>           terminal_page.click_more_button()\n\ntest_case\\test_terminal_center.py:379: \n_ _ _ _ _ _ _ _ _ _ _ _ _ _ _ _ _ _ _ _ _ _ _ _ _ _ _ _ _ _ _ _ _ _ _ _ _ _ _ _\npageobject\\terminal_page.py:343: in click_more_button\n    self.click_button(more_button_loca)\nbasepage\\base_page.py:262: in click_button\n    self.get_element(args).click()\nbasepage\\base_page.py:133: in get_element\n    w_element = self.driver.find_element(By.XPATH, value=args_value)\nD:\\sw_install\\python-install\\lib\\site-packages\\selenium\\webdriver\\remote\\webdriver.py:742: in find_element\n    return self.execute(Command.FIND_ELEMENT, {\"using\": by, \"value\": value})[\"value\"]\nD:\\sw_install\\python-install\\lib\\site-packages\\selenium\\webdriver\\remote\\webdriver.py:348: in execute\n    self.error_handler.check_response(response)\n_ _ _ _ _ _ _ _ _ _ _ _ _ _ _ _ _ _ _ _ _ _ _ _ _ _ _ _ _ _ _ _ _ _ _ _ _ _ _ _\n\nself = <selenium.webdriver.remote.errorhandler.ErrorHandler object at 0x00000119E847C4F0>\nresponse = {'status': 404, 'value': '{\"value\":{\"error\":\"no such element\",\"message\":\"no such element: Unable to locate element: {\\...07FF74D57E123]\\\\n\\\\tBaseThreadInitThunk [0x00007FFEE159257D+29]\\\\n\\\\tRtlUserThreadStart [0x00007FFEE202AA58+40]\\\\n\"}}'}\n\n    def check_response(self, response: Dict[str, Any]) -> None:\n        \"\"\"Checks that a JSON response from the WebDriver does not have an\n        error.\n    \n        :Args:\n         - response - The JSON response from the WebDriver server as a dictionary\n           object.\n    \n        :Raises: If the response contains an error message.\n        \"\"\"\n        status = response.get(\"status\", None)\n        if not status or status == ErrorCode.SUCCESS:\n            return\n        value = None\n        message = response.get(\"message\", \"\")\n        screen: str = response.get(\"screen\", \"\")\n        stacktrace = None\n        if isinstance(status, int):\n            value_json = response.get(\"value\", None)\n            if value_json and isinstance(value_json, str):\n                import json\n    \n                try:\n                    value = json.loads(value_json)\n                    if len(value) == 1:\n                        value = value[\"value\"]\n                    status = value.get(\"error\", None)\n                    if not status:\n                        status = value.get(\"status\", ErrorCode.UNKNOWN_ERROR)\n                        message = value.get(\"value\") or value.get(\"message\")\n                        if not isinstance(message, str):\n                            value = message\n                            message = message.get(\"message\")\n                    else:\n                        message = value.get(\"message\", None)\n                except ValueError:\n                    pass\n    \n        exception_class: Type[WebDriverException]\n        e = ErrorCode()\n        error_codes = [item for item in dir(e) if not item.startswith(\"__\")]\n        for error_code in error_codes:\n            error_info = getattr(ErrorCode, error_code)\n            if isinstance(error_info, list) and status in error_info:\n                exception_class = getattr(ExceptionMapping, error_code, WebDriverException)\n                break\n        else:\n            exception_class = WebDriverException\n    \n        if not value:\n            value = response[\"value\"]\n        if isinstance(value, str):\n            raise exception_class(value)\n        if message == \"\" and \"message\" in value:\n            message = value[\"message\"]\n    \n        screen = None  # type: ignore[assignment]\n        if \"screen\" in value:\n            screen = value[\"screen\"]\n    \n        stacktrace = None\n        st_value = value.get(\"stackTrace\") or value.get(\"stacktrace\")\n        if st_value:\n            if isinstance(st_value, str):\n                stacktrace = st_value.split(\"\\n\")\n            else:\n                stacktrace = []\n                try:\n                    for frame in st_value:\n                        line = frame.get(\"lineNumber\", \"\")\n                        file = frame.get(\"fileName\", \"<anonymous>\")\n                        if line:\n                            file = f\"{file}:{line}\"\n                        meth = frame.get(\"methodName\", \"<anonymous>\")\n                        if \"className\" in frame:\n                            meth = f\"{frame['className']}.{meth}\"\n                        msg = \"    at %s (%s)\"\n                        msg = msg % (meth, file)\n                        stacktrace.append(msg)\n                except TypeError:\n                    pass\n        if exception_class == UnexpectedAlertPresentException:\n            alert_text = None\n            if \"data\" in value:\n                alert_text = value[\"data\"].get(\"text\")\n            elif \"alert\" in value:\n                alert_text = value[\"alert\"].get(\"text\")\n            raise exception_class(message, screen, stacktrace, alert_text)  # type: ignore[call-arg]  # mypy is not smart enough here\n>       raise exception_class(message, screen, stacktrace)\nE       selenium.common.exceptions.NoSuchElementException: Message: no such element: Unable to locate element: {\"method\":\"xpath\",\"selector\":\"//img[@title=\"更多\"]\"}\nE         (Session info: chrome=118.0.5993.118); For documentation on this error, please visit: https://www.selenium.dev/documentation/webdriver/troubleshooting/errors#no-such-element-exception\nE       Stacktrace:\nE       \tGetHandleVerifier [0x00007FF74D6178A2+54818]\nE       \t(No symbol) [0x00007FF74D586AD2]\nE       \t(No symbol) [0x00007FF74D43DA3B]\nE       \t(No symbol) [0x00007FF74D47E4FC]\nE       \t(No symbol) [0x00007FF74D47E67C]\nE       \t(No symbol) [0x00007FF74D4B9627]\nE       \t(No symbol) [0x00007FF74D49EAEF]\nE       \t(No symbol) [0x00007FF74D4B75A2]\nE       \t(No symbol) [0x00007FF74D49E883]\nE       \t(No symbol) [0x00007FF74D473691]\nE       \t(No symbol) [0x00007FF74D4748D4]\nE       \tGetHandleVerifier [0x00007FF74D97B9A2+3610402]\nE       \tGetHandleVerifier [0x00007FF74D9D1870+3962352]\nE       \tGetHandleVerifier [0x00007FF74D9C9D5F+3930847]\nE       \tGetHandleVerifier [0x00007FF74D6B3656+693206]\nE       \t(No symbol) [0x00007FF74D591638]\nE       \t(No symbol) [0x00007FF74D58D944]\nE       \t(No symbol) [0x00007FF74D58DA72]\nE       \t(No symbol) [0x00007FF74D57E123]\nE       \tBaseThreadInitThunk [0x00007FFEE159257D+29]\nE       \tRtlUserThreadStart [0x00007FFEE202AA58+40]\n\nD:\\sw_install\\python-install\\lib\\site-packages\\selenium\\webdriver\\remote\\errorhandler.py:229: NoSuchElementException","flaky":false,"newFailed":false,"newBroken":false,"newPassed":false,"retriesCount":0,"retriesStatusChange":false,"beforeStages":[{"name":"driver","time":{"start":1715650209026,"stop":1715650224238,"duration":15212},"status":"passed","steps":[],"attachments":[],"parameters":[],"stepsCount":0,"hasContent":false,"attachmentsCount":0,"shouldDisplayMessage":false},{"name":"env","time":{"start":1715650209026,"stop":1715650209026,"duration":0},"status":"passed","steps":[],"attachments":[],"parameters":[],"stepsCount":0,"hasContent":false,"attachmentsCount":0,"shouldDisplayMessage":false},{"name":"set_up_org","time":{"start":1715651501579,"stop":1715651510191,"duration":8612},"status":"passed","steps":[],"attachments":[],"parameters":[],"stepsCount":0,"hasContent":false,"attachmentsCount":0,"shouldDisplayMessage":false},{"name":"sys_page","time":{"start":1715651510191,"stop":1715651510191,"duration":0},"status":"passed","steps":[],"attachments":[],"parameters":[],"stepsCount":0,"hasContent":false,"attachmentsCount":0,"shouldDisplayMessage":false},{"name":"terminal_page","time":{"start":1715651510191,"stop":1715651510191,"duration":0},"status":"passed","steps":[],"attachments":[],"parameters":[],"stepsCount":0,"hasContent":false,"attachmentsCount":0,"shouldDisplayMessage":false},{"name":"clear_terminal_list","time":{"start":1715651510191,"stop":1715651511347,"duration":1156},"status":"passed","steps":[],"attachments":[],"parameters":[],"stepsCount":0,"hasContent":false,"attachmentsCount":0,"shouldDisplayMessage":false}],"testStage":{"status":"broken","statusMessage":"selenium.common.exceptions.NoSuchElementException: Message: no such element: Unable to locate element: {\"method\":\"xpath\",\"selector\":\"//img[@title=\"更多\"]\"}\n  (Session info: chrome=118.0.5993.118); For documentation on this error, please visit: https://www.selenium.dev/documentation/webdriver/troubleshooting/errors#no-such-element-exception\nStacktrace:\n\tGetHandleVerifier [0x00007FF74D6178A2+54818]\n\t(No symbol) [0x00007FF74D586AD2]\n\t(No symbol) [0x00007FF74D43DA3B]\n\t(No symbol) [0x00007FF74D47E4FC]\n\t(No symbol) [0x00007FF74D47E67C]\n\t(No symbol) [0x00007FF74D4B9627]\n\t(No symbol) [0x00007FF74D49EAEF]\n\t(No symbol) [0x00007FF74D4B75A2]\n\t(No symbol) [0x00007FF74D49E883]\n\t(No symbol) [0x00007FF74D473691]\n\t(No symbol) [0x00007FF74D4748D4]\n\tGetHandleVerifier [0x00007FF74D97B9A2+3610402]\n\tGetHandleVerifier [0x00007FF74D9D1870+3962352]\n\tGetHandleVerifier [0x00007FF74D9C9D5F+3930847]\n\tGetHandleVerifier [0x00007FF74D6B3656+693206]\n\t(No symbol) [0x00007FF74D591638]\n\t(No symbol) [0x00007FF74D58D944]\n\t(No symbol) [0x00007FF74D58DA72]\n\t(No symbol) [0x00007FF74D57E123]\n\tBaseThreadInitThunk [0x00007FFEE159257D+29]\n\tRtlUserThreadStart [0x00007FFEE202AA58+40]","statusTrace":"self = <test_case.test_terminal_center.TestTerminalCenter object at 0x00000119BF9482E0>\n\n    @pytest.mark.usefixtures('clear_terminal_list')\n    @allure.title(\"发送插播字幕，次数：随机1-10次\")\n    @pytest.mark.run(order=10)\n    def test_insert_subtitle_down(self):\n        terminal_page = self.terminal_page\n        terminal_page.refresh()\n        text = random.randint(999, 9999999999)\n        times = random.randint(1, 10)\n        with step(\"各种前提：\"):\n            terminal_page.switch_to_terminal_center()\n            terminal_page.add_real_terminal()\n>           terminal_page.click_more_button()\n\ntest_case\\test_terminal_center.py:379: \n_ _ _ _ _ _ _ _ _ _ _ _ _ _ _ _ _ _ _ _ _ _ _ _ _ _ _ _ _ _ _ _ _ _ _ _ _ _ _ _\npageobject\\terminal_page.py:343: in click_more_button\n    self.click_button(more_button_loca)\nbasepage\\base_page.py:262: in click_button\n    self.get_element(args).click()\nbasepage\\base_page.py:133: in get_element\n    w_element = self.driver.find_element(By.XPATH, value=args_value)\nD:\\sw_install\\python-install\\lib\\site-packages\\selenium\\webdriver\\remote\\webdriver.py:742: in find_element\n    return self.execute(Command.FIND_ELEMENT, {\"using\": by, \"value\": value})[\"value\"]\nD:\\sw_install\\python-install\\lib\\site-packages\\selenium\\webdriver\\remote\\webdriver.py:348: in execute\n    self.error_handler.check_response(response)\n_ _ _ _ _ _ _ _ _ _ _ _ _ _ _ _ _ _ _ _ _ _ _ _ _ _ _ _ _ _ _ _ _ _ _ _ _ _ _ _\n\nself = <selenium.webdriver.remote.errorhandler.ErrorHandler object at 0x00000119E847C4F0>\nresponse = {'status': 404, 'value': '{\"value\":{\"error\":\"no such element\",\"message\":\"no such element: Unable to locate element: {\\...07FF74D57E123]\\\\n\\\\tBaseThreadInitThunk [0x00007FFEE159257D+29]\\\\n\\\\tRtlUserThreadStart [0x00007FFEE202AA58+40]\\\\n\"}}'}\n\n    def check_response(self, response: Dict[str, Any]) -> None:\n        \"\"\"Checks that a JSON response from the WebDriver does not have an\n        error.\n    \n        :Args:\n         - response - The JSON response from the WebDriver server as a dictionary\n           object.\n    \n        :Raises: If the response contains an error message.\n        \"\"\"\n        status = response.get(\"status\", None)\n        if not status or status == ErrorCode.SUCCESS:\n            return\n        value = None\n        message = response.get(\"message\", \"\")\n        screen: str = response.get(\"screen\", \"\")\n        stacktrace = None\n        if isinstance(status, int):\n            value_json = response.get(\"value\", None)\n            if value_json and isinstance(value_json, str):\n                import json\n    \n                try:\n                    value = json.loads(value_json)\n                    if len(value) == 1:\n                        value = value[\"value\"]\n                    status = value.get(\"error\", None)\n                    if not status:\n                        status = value.get(\"status\", ErrorCode.UNKNOWN_ERROR)\n                        message = value.get(\"value\") or value.get(\"message\")\n                        if not isinstance(message, str):\n                            value = message\n                            message = message.get(\"message\")\n                    else:\n                        message = value.get(\"message\", None)\n                except ValueError:\n                    pass\n    \n        exception_class: Type[WebDriverException]\n        e = ErrorCode()\n        error_codes = [item for item in dir(e) if not item.startswith(\"__\")]\n        for error_code in error_codes:\n            error_info = getattr(ErrorCode, error_code)\n            if isinstance(error_info, list) and status in error_info:\n                exception_class = getattr(ExceptionMapping, error_code, WebDriverException)\n                break\n        else:\n            exception_class = WebDriverException\n    \n        if not value:\n            value = response[\"value\"]\n        if isinstance(value, str):\n            raise exception_class(value)\n        if message == \"\" and \"message\" in value:\n            message = value[\"message\"]\n    \n        screen = None  # type: ignore[assignment]\n        if \"screen\" in value:\n            screen = value[\"screen\"]\n    \n        stacktrace = None\n        st_value = value.get(\"stackTrace\") or value.get(\"stacktrace\")\n        if st_value:\n            if isinstance(st_value, str):\n                stacktrace = st_value.split(\"\\n\")\n            else:\n                stacktrace = []\n                try:\n                    for frame in st_value:\n                        line = frame.get(\"lineNumber\", \"\")\n                        file = frame.get(\"fileName\", \"<anonymous>\")\n                        if line:\n                            file = f\"{file}:{line}\"\n                        meth = frame.get(\"methodName\", \"<anonymous>\")\n                        if \"className\" in frame:\n                            meth = f\"{frame['className']}.{meth}\"\n                        msg = \"    at %s (%s)\"\n                        msg = msg % (meth, file)\n                        stacktrace.append(msg)\n                except TypeError:\n                    pass\n        if exception_class == UnexpectedAlertPresentException:\n            alert_text = None\n            if \"data\" in value:\n                alert_text = value[\"data\"].get(\"text\")\n            elif \"alert\" in value:\n                alert_text = value[\"alert\"].get(\"text\")\n            raise exception_class(message, screen, stacktrace, alert_text)  # type: ignore[call-arg]  # mypy is not smart enough here\n>       raise exception_class(message, screen, stacktrace)\nE       selenium.common.exceptions.NoSuchElementException: Message: no such element: Unable to locate element: {\"method\":\"xpath\",\"selector\":\"//img[@title=\"更多\"]\"}\nE         (Session info: chrome=118.0.5993.118); For documentation on this error, please visit: https://www.selenium.dev/documentation/webdriver/troubleshooting/errors#no-such-element-exception\nE       Stacktrace:\nE       \tGetHandleVerifier [0x00007FF74D6178A2+54818]\nE       \t(No symbol) [0x00007FF74D586AD2]\nE       \t(No symbol) [0x00007FF74D43DA3B]\nE       \t(No symbol) [0x00007FF74D47E4FC]\nE       \t(No symbol) [0x00007FF74D47E67C]\nE       \t(No symbol) [0x00007FF74D4B9627]\nE       \t(No symbol) [0x00007FF74D49EAEF]\nE       \t(No symbol) [0x00007FF74D4B75A2]\nE       \t(No symbol) [0x00007FF74D49E883]\nE       \t(No symbol) [0x00007FF74D473691]\nE       \t(No symbol) [0x00007FF74D4748D4]\nE       \tGetHandleVerifier [0x00007FF74D97B9A2+3610402]\nE       \tGetHandleVerifier [0x00007FF74D9D1870+3962352]\nE       \tGetHandleVerifier [0x00007FF74D9C9D5F+3930847]\nE       \tGetHandleVerifier [0x00007FF74D6B3656+693206]\nE       \t(No symbol) [0x00007FF74D591638]\nE       \t(No symbol) [0x00007FF74D58D944]\nE       \t(No symbol) [0x00007FF74D58DA72]\nE       \t(No symbol) [0x00007FF74D57E123]\nE       \tBaseThreadInitThunk [0x00007FFEE159257D+29]\nE       \tRtlUserThreadStart [0x00007FFEE202AA58+40]\n\nD:\\sw_install\\python-install\\lib\\site-packages\\selenium\\webdriver\\remote\\errorhandler.py:229: NoSuchElementException","steps":[{"name":"各种前提：","time":{"start":1715651511629,"stop":1715651615651,"duration":104022},"status":"broken","statusMessage":"selenium.common.exceptions.NoSuchElementException: Message: no such element: Unable to locate element: {\"method\":\"xpath\",\"selector\":\"//img[@title=\"更多\"]\"}\n  (Session info: chrome=118.0.5993.118); For documentation on this error, please visit: https://www.selenium.dev/documentation/webdriver/troubleshooting/errors#no-such-element-exception\nStacktrace:\n\tGetHandleVerifier [0x00007FF74D6178A2+54818]\n\t(No symbol) [0x00007FF74D586AD2]\n\t(No symbol) [0x00007FF74D43DA3B]\n\t(No symbol) [0x00007FF74D47E4FC]\n\t(No symbol) [0x00007FF74D47E67C]\n\t(No symbol) [0x00007FF74D4B9627]\n\t(No symbol) [0x00007FF74D49EAEF]\n\t(No symbol) [0x00007FF74D4B75A2]\n\t(No symbol) [0x00007FF74D49E883]\n\t(No symbol) [0x00007FF74D473691]\n\t(No symbol) [0x00007FF74D4748D4]\n\tGetHandleVerifier [0x00007FF74D97B9A2+3610402]\n\tGetHandleVerifier [0x00007FF74D9D1870+3962352]\n\tGetHandleVerifier [0x00007FF74D9C9D5F+3930847]\n\tGetHandleVerifier [0x00007FF74D6B3656+693206]\n\t(No symbol) [0x00007FF74D591638]\n\t(No symbol) [0x00007FF74D58D944]\n\t(No symbol) [0x00007FF74D58DA72]\n\t(No symbol) [0x00007FF74D57E123]\n\tBaseThreadInitThunk [0x00007FFEE159257D+29]\n\tRtlUserThreadStart [0x00007FFEE202AA58+40]\n\n","statusTrace":"  File \"D:\\ui\\test_case\\test_terminal_center.py\", line 379, in test_insert_subtitle_down\n    terminal_page.click_more_button()\n  File \"D:\\ui\\pageobject\\terminal_page.py\", line 343, in click_more_button\n    self.click_button(more_button_loca)\n  File \"D:\\ui\\basepage\\base_page.py\", line 262, in click_button\n    self.get_element(args).click()\n  File \"D:\\ui\\basepage\\base_page.py\", line 133, in get_element\n    w_element = self.driver.find_element(By.XPATH, value=args_value)\n  File \"D:\\sw_install\\python-install\\lib\\site-packages\\selenium\\webdriver\\remote\\webdriver.py\", line 742, in find_element\n    return self.execute(Command.FIND_ELEMENT, {\"using\": by, \"value\": value})[\"value\"]\n  File \"D:\\sw_install\\python-install\\lib\\site-packages\\selenium\\webdriver\\remote\\webdriver.py\", line 348, in execute\n    self.error_handler.check_response(response)\n  File \"D:\\sw_install\\python-install\\lib\\site-packages\\selenium\\webdriver\\remote\\errorhandler.py\", line 229, in check_response\n    raise exception_class(message, screen, stacktrace)\n","steps":[{"name":"进入设备中心","time":{"start":1715651513004,"stop":1715651514270,"duration":1266},"status":"passed","steps":[],"attachments":[],"parameters":[],"stepsCount":0,"hasContent":false,"attachmentsCount":0,"shouldDisplayMessage":false},{"name":"点击设备接入","time":{"start":1715651514270,"stop":1715651515989,"duration":1719},"status":"passed","steps":[],"attachments":[],"parameters":[],"stepsCount":0,"hasContent":false,"attachmentsCount":0,"shouldDisplayMessage":false},{"name":"输入设备sn码","time":{"start":1715651515989,"stop":1715651517209,"duration":1220},"status":"passed","steps":[],"attachments":[],"parameters":[],"stepsCount":0,"hasContent":false,"attachmentsCount":0,"shouldDisplayMessage":false},{"name":"输入设备名称","time":{"start":1715651517209,"stop":1715651518412,"duration":1203},"status":"passed","steps":[],"attachments":[],"parameters":[],"stepsCount":0,"hasContent":false,"attachmentsCount":0,"shouldDisplayMessage":false},{"name":"先点击所属机构","time":{"start":1715651518412,"stop":1715651519568,"duration":1156},"status":"passed","steps":[],"attachments":[],"parameters":[],"stepsCount":0,"hasContent":false,"attachmentsCount":0,"shouldDisplayMessage":false},{"name":"在下拉框展开组织架构","time":{"start":1715651519568,"stop":1715651530620,"duration":11052},"status":"passed","steps":[],"attachments":[],"parameters":[],"stepsCount":0,"hasContent":false,"attachmentsCount":0,"shouldDisplayMessage":false},{"name":"在下拉框进行选择","time":{"start":1715651530620,"stop":1715651552672,"duration":22052},"status":"passed","steps":[],"attachments":[],"parameters":[],"stepsCount":0,"hasContent":false,"attachmentsCount":0,"shouldDisplayMessage":false},{"name":"点击保存按钮","time":{"start":1715651552672,"stop":1715651593977,"duration":41305},"status":"passed","steps":[],"attachments":[],"parameters":[],"stepsCount":0,"hasContent":false,"attachmentsCount":0,"shouldDisplayMessage":false}],"attachments":[],"parameters":[],"stepsCount":8,"hasContent":true,"attachmentsCount":0,"shouldDisplayMessage":true}],"attachments":[],"parameters":[],"stepsCount":9,"hasContent":true,"attachmentsCount":0,"shouldDisplayMessage":true},"afterStages":[{"name":"sys_page::0","time":{"start":1715651615746,"stop":1715651615746,"duration":0},"status":"passed","steps":[],"attachments":[],"parameters":[],"stepsCount":0,"hasContent":false,"attachmentsCount":0,"shouldDisplayMessage":false},{"name":"terminal_page::0","time":{"start":1715651615746,"stop":1715651615746,"duration":0},"status":"passed","steps":[],"attachments":[],"parameters":[],"stepsCount":0,"hasContent":false,"attachmentsCount":0,"shouldDisplayMessage":false},{"name":"driver::0","time":{"start":1715654589752,"stop":1715654600896,"duration":11144},"status":"passed","steps":[],"attachments":[],"parameters":[],"stepsCount":0,"hasContent":false,"attachmentsCount":0,"shouldDisplayMessage":false}],"labels":[{"name":"feature","value":"terminal_center"},{"name":"epic","value":"项目hkc"},{"name":"tag","value":"run(order=10)"},{"name":"tag","value":"@pytest.mark.usefixtures('clear_terminal_list')"},{"name":"parentSuite","value":"test_case"},{"name":"suite","value":"test_terminal_center"},{"name":"subSuite","value":"TestTerminalCenter"},{"name":"host","value":"hkc0208725"},{"name":"thread","value":"5424-MainThread"},{"name":"framework","value":"pytest"},{"name":"language","value":"cpython3"},{"name":"package","value":"test_case.test_terminal_center"},{"name":"resultFormat","value":"allure2"}],"parameters":[],"links":[],"hidden":false,"retry":false,"extra":{"severity":"normal","retries":[],"categories":[{"name":"Test defects","matchedStatuses":[],"flaky":false}],"tags":["@pytest.mark.usefixtures('clear_terminal_list')","run(order=10)"]},"source":"cb430302b81db8e.json","parameterValues":[]}