{"uid":"396af63d5c5c8b1e","name":"预览竖屏系统垫片","fullName":"test_case.test_system_management.TestSystemManagement#test_preview_stand_system_spacer","historyId":"0e5c7c4ddeb2f3c08d4892fb756d3396","time":{"start":1721807506336,"stop":1721807574224,"duration":67888},"status":"broken","statusMessage":"selenium.common.exceptions.NoSuchElementException: Message: no such element: Unable to locate element: {\"method\":\"xpath\",\"selector\":\"//div[@class=\"dialogImg\"]\"}\n  (Session info: chrome=118.0.5993.118); For documentation on this error, please visit: https://www.selenium.dev/documentation/webdriver/troubleshooting/errors#no-such-element-exception\nStacktrace:\n\tGetHandleVerifier [0x00007FF6F88778A2+54818]\n\t(No symbol) [0x00007FF6F87E6AD2]\n\t(No symbol) [0x00007FF6F869DA3B]\n\t(No symbol) [0x00007FF6F86DE4FC]\n\t(No symbol) [0x00007FF6F86DE67C]\n\t(No symbol) [0x00007FF6F8719627]\n\t(No symbol) [0x00007FF6F86FEAEF]\n\t(No symbol) [0x00007FF6F87175A2]\n\t(No symbol) [0x00007FF6F86FE883]\n\t(No symbol) [0x00007FF6F86D3691]\n\t(No symbol) [0x00007FF6F86D48D4]\n\tGetHandleVerifier [0x00007FF6F8BDB9A2+3610402]\n\tGetHandleVerifier [0x00007FF6F8C31870+3962352]\n\tGetHandleVerifier [0x00007FF6F8C29D5F+3930847]\n\tGetHandleVerifier [0x00007FF6F8913656+693206]\n\t(No symbol) [0x00007FF6F87F1638]\n\t(No symbol) [0x00007FF6F87ED944]\n\t(No symbol) [0x00007FF6F87EDA72]\n\t(No symbol) [0x00007FF6F87DE123]\n\tBaseThreadInitThunk [0x00007FF949A7257D+29]\n\tRtlUserThreadStart [0x00007FF949BCAF28+40]","statusTrace":"self = <test_case.test_system_management.TestSystemManagement object at 0x000001ECD19CE410>\n\n    @allure.title(\"预览竖屏系统垫片\")\n    @pytest.mark.run(order=14)\n    def test_preview_stand_system_spacer(self):\n        system_page = self.system_page\n    \n        with step(\"进入系统设置tab\"):\n            system_page.switch_to_system_management()\n            system_page.switch_to_system_setting()\n    \n        with step(\"如果有垫片，就直接预览，没有就先进行上传\"):\n            system_page.hover_to_stand()\n            preview_system_spacer = 'by_xpath,//div[@class=\"mask2\"]/img[1]'\n            if not system_page.element_exist(preview_system_spacer):\n                system_page.add_stand_system_spacer()\n                time.sleep(3)\n                system_page.refresh()\n                system_page.switch_to_system_setting()\n                time.sleep(1)\n                system_page.hover_to_stand()\n                system_page.preview_stand_system_spacer()\n            else:\n                system_page.preview_stand_system_spacer()\n    \n        with step(\"关闭预览按钮\"):\n>           system_page.close_stand_preview()\n\ntest_case\\test_system_management.py:351: \n_ _ _ _ _ _ _ _ _ _ _ _ _ _ _ _ _ _ _ _ _ _ _ _ _ _ _ _ _ _ _ _ _ _ _ _ _ _ _ _\npageobject\\system_page.py:397: in close_stand_preview\n    hover_preview_ele = self.get_element(hover_preview)\nbasepage\\base_page.py:245: in get_element\n    element = self.driver.find_element(By.XPATH, value=selector_value)\nD:\\sw_install\\python-install\\lib\\site-packages\\selenium\\webdriver\\remote\\webdriver.py:742: in find_element\n    return self.execute(Command.FIND_ELEMENT, {\"using\": by, \"value\": value})[\"value\"]\nD:\\sw_install\\python-install\\lib\\site-packages\\selenium\\webdriver\\remote\\webdriver.py:348: in execute\n    self.error_handler.check_response(response)\n_ _ _ _ _ _ _ _ _ _ _ _ _ _ _ _ _ _ _ _ _ _ _ _ _ _ _ _ _ _ _ _ _ _ _ _ _ _ _ _\n\nself = <selenium.webdriver.remote.errorhandler.ErrorHandler object at 0x000001ECF95A91B0>\nresponse = {'status': 404, 'value': '{\"value\":{\"error\":\"no such element\",\"message\":\"no such element: Unable to locate element: {\\...07FF6F87DE123]\\\\n\\\\tBaseThreadInitThunk [0x00007FF949A7257D+29]\\\\n\\\\tRtlUserThreadStart [0x00007FF949BCAF28+40]\\\\n\"}}'}\n\n    def check_response(self, response: Dict[str, Any]) -> None:\n        \"\"\"Checks that a JSON response from the WebDriver does not have an\n        error.\n    \n        :Args:\n         - response - The JSON response from the WebDriver server as a dictionary\n           object.\n    \n        :Raises: If the response contains an error message.\n        \"\"\"\n        status = response.get(\"status\", None)\n        if not status or status == ErrorCode.SUCCESS:\n            return\n        value = None\n        message = response.get(\"message\", \"\")\n        screen: str = response.get(\"screen\", \"\")\n        stacktrace = None\n        if isinstance(status, int):\n            value_json = response.get(\"value\", None)\n            if value_json and isinstance(value_json, str):\n                import json\n    \n                try:\n                    value = json.loads(value_json)\n                    if len(value) == 1:\n                        value = value[\"value\"]\n                    status = value.get(\"error\", None)\n                    if not status:\n                        status = value.get(\"status\", ErrorCode.UNKNOWN_ERROR)\n                        message = value.get(\"value\") or value.get(\"message\")\n                        if not isinstance(message, str):\n                            value = message\n                            message = message.get(\"message\")\n                    else:\n                        message = value.get(\"message\", None)\n                except ValueError:\n                    pass\n    \n        exception_class: Type[WebDriverException]\n        e = ErrorCode()\n        error_codes = [item for item in dir(e) if not item.startswith(\"__\")]\n        for error_code in error_codes:\n            error_info = getattr(ErrorCode, error_code)\n            if isinstance(error_info, list) and status in error_info:\n                exception_class = getattr(ExceptionMapping, error_code, WebDriverException)\n                break\n        else:\n            exception_class = WebDriverException\n    \n        if not value:\n            value = response[\"value\"]\n        if isinstance(value, str):\n            raise exception_class(value)\n        if message == \"\" and \"message\" in value:\n            message = value[\"message\"]\n    \n        screen = None  # type: ignore[assignment]\n        if \"screen\" in value:\n            screen = value[\"screen\"]\n    \n        stacktrace = None\n        st_value = value.get(\"stackTrace\") or value.get(\"stacktrace\")\n        if st_value:\n            if isinstance(st_value, str):\n                stacktrace = st_value.split(\"\\n\")\n            else:\n                stacktrace = []\n                try:\n                    for frame in st_value:\n                        line = frame.get(\"lineNumber\", \"\")\n                        file = frame.get(\"fileName\", \"<anonymous>\")\n                        if line:\n                            file = f\"{file}:{line}\"\n                        meth = frame.get(\"methodName\", \"<anonymous>\")\n                        if \"className\" in frame:\n                            meth = f\"{frame['className']}.{meth}\"\n                        msg = \"    at %s (%s)\"\n                        msg = msg % (meth, file)\n                        stacktrace.append(msg)\n                except TypeError:\n                    pass\n        if exception_class == UnexpectedAlertPresentException:\n            alert_text = None\n            if \"data\" in value:\n                alert_text = value[\"data\"].get(\"text\")\n            elif \"alert\" in value:\n                alert_text = value[\"alert\"].get(\"text\")\n            raise exception_class(message, screen, stacktrace, alert_text)  # type: ignore[call-arg]  # mypy is not smart enough here\n>       raise exception_class(message, screen, stacktrace)\nE       selenium.common.exceptions.NoSuchElementException: Message: no such element: Unable to locate element: {\"method\":\"xpath\",\"selector\":\"//div[@class=\"dialogImg\"]\"}\nE         (Session info: chrome=118.0.5993.118); For documentation on this error, please visit: https://www.selenium.dev/documentation/webdriver/troubleshooting/errors#no-such-element-exception\nE       Stacktrace:\nE       \tGetHandleVerifier [0x00007FF6F88778A2+54818]\nE       \t(No symbol) [0x00007FF6F87E6AD2]\nE       \t(No symbol) [0x00007FF6F869DA3B]\nE       \t(No symbol) [0x00007FF6F86DE4FC]\nE       \t(No symbol) [0x00007FF6F86DE67C]\nE       \t(No symbol) [0x00007FF6F8719627]\nE       \t(No symbol) [0x00007FF6F86FEAEF]\nE       \t(No symbol) [0x00007FF6F87175A2]\nE       \t(No symbol) [0x00007FF6F86FE883]\nE       \t(No symbol) [0x00007FF6F86D3691]\nE       \t(No symbol) [0x00007FF6F86D48D4]\nE       \tGetHandleVerifier [0x00007FF6F8BDB9A2+3610402]\nE       \tGetHandleVerifier [0x00007FF6F8C31870+3962352]\nE       \tGetHandleVerifier [0x00007FF6F8C29D5F+3930847]\nE       \tGetHandleVerifier [0x00007FF6F8913656+693206]\nE       \t(No symbol) [0x00007FF6F87F1638]\nE       \t(No symbol) [0x00007FF6F87ED944]\nE       \t(No symbol) [0x00007FF6F87EDA72]\nE       \t(No symbol) [0x00007FF6F87DE123]\nE       \tBaseThreadInitThunk [0x00007FF949A7257D+29]\nE       \tRtlUserThreadStart [0x00007FF949BCAF28+40]\n\nD:\\sw_install\\python-install\\lib\\site-packages\\selenium\\webdriver\\remote\\errorhandler.py:229: NoSuchElementException","flaky":false,"newFailed":false,"newBroken":false,"newPassed":false,"retriesCount":0,"retriesStatusChange":false,"beforeStages":[{"name":"_session_faker","time":{"start":1721807419357,"stop":1721807419514,"duration":157},"status":"passed","steps":[],"attachments":[],"parameters":[],"shouldDisplayMessage":false,"attachmentsCount":0,"stepsCount":0,"hasContent":false},{"name":"env","time":{"start":1721807419514,"stop":1721807419514,"duration":0},"status":"passed","steps":[],"attachments":[],"parameters":[],"shouldDisplayMessage":false,"attachmentsCount":0,"stepsCount":0,"hasContent":false},{"name":"driver","time":{"start":1721807419514,"stop":1721807433232,"duration":13718},"status":"passed","steps":[],"attachments":[],"parameters":[],"shouldDisplayMessage":false,"attachmentsCount":0,"stepsCount":0,"hasContent":false},{"name":"system_page","time":{"start":1721807433237,"stop":1721807433238,"duration":1},"status":"passed","steps":[],"attachments":[],"parameters":[],"shouldDisplayMessage":false,"attachmentsCount":0,"stepsCount":0,"hasContent":false}],"testStage":{"status":"broken","statusMessage":"selenium.common.exceptions.NoSuchElementException: Message: no such element: Unable to locate element: {\"method\":\"xpath\",\"selector\":\"//div[@class=\"dialogImg\"]\"}\n  (Session info: chrome=118.0.5993.118); For documentation on this error, please visit: https://www.selenium.dev/documentation/webdriver/troubleshooting/errors#no-such-element-exception\nStacktrace:\n\tGetHandleVerifier [0x00007FF6F88778A2+54818]\n\t(No symbol) [0x00007FF6F87E6AD2]\n\t(No symbol) [0x00007FF6F869DA3B]\n\t(No symbol) [0x00007FF6F86DE4FC]\n\t(No symbol) [0x00007FF6F86DE67C]\n\t(No symbol) [0x00007FF6F8719627]\n\t(No symbol) [0x00007FF6F86FEAEF]\n\t(No symbol) [0x00007FF6F87175A2]\n\t(No symbol) [0x00007FF6F86FE883]\n\t(No symbol) [0x00007FF6F86D3691]\n\t(No symbol) [0x00007FF6F86D48D4]\n\tGetHandleVerifier [0x00007FF6F8BDB9A2+3610402]\n\tGetHandleVerifier [0x00007FF6F8C31870+3962352]\n\tGetHandleVerifier [0x00007FF6F8C29D5F+3930847]\n\tGetHandleVerifier [0x00007FF6F8913656+693206]\n\t(No symbol) [0x00007FF6F87F1638]\n\t(No symbol) [0x00007FF6F87ED944]\n\t(No symbol) [0x00007FF6F87EDA72]\n\t(No symbol) [0x00007FF6F87DE123]\n\tBaseThreadInitThunk [0x00007FF949A7257D+29]\n\tRtlUserThreadStart [0x00007FF949BCAF28+40]","statusTrace":"self = <test_case.test_system_management.TestSystemManagement object at 0x000001ECD19CE410>\n\n    @allure.title(\"预览竖屏系统垫片\")\n    @pytest.mark.run(order=14)\n    def test_preview_stand_system_spacer(self):\n        system_page = self.system_page\n    \n        with step(\"进入系统设置tab\"):\n            system_page.switch_to_system_management()\n            system_page.switch_to_system_setting()\n    \n        with step(\"如果有垫片，就直接预览，没有就先进行上传\"):\n            system_page.hover_to_stand()\n            preview_system_spacer = 'by_xpath,//div[@class=\"mask2\"]/img[1]'\n            if not system_page.element_exist(preview_system_spacer):\n                system_page.add_stand_system_spacer()\n                time.sleep(3)\n                system_page.refresh()\n                system_page.switch_to_system_setting()\n                time.sleep(1)\n                system_page.hover_to_stand()\n                system_page.preview_stand_system_spacer()\n            else:\n                system_page.preview_stand_system_spacer()\n    \n        with step(\"关闭预览按钮\"):\n>           system_page.close_stand_preview()\n\ntest_case\\test_system_management.py:351: \n_ _ _ _ _ _ _ _ _ _ _ _ _ _ _ _ _ _ _ _ _ _ _ _ _ _ _ _ _ _ _ _ _ _ _ _ _ _ _ _\npageobject\\system_page.py:397: in close_stand_preview\n    hover_preview_ele = self.get_element(hover_preview)\nbasepage\\base_page.py:245: in get_element\n    element = self.driver.find_element(By.XPATH, value=selector_value)\nD:\\sw_install\\python-install\\lib\\site-packages\\selenium\\webdriver\\remote\\webdriver.py:742: in find_element\n    return self.execute(Command.FIND_ELEMENT, {\"using\": by, \"value\": value})[\"value\"]\nD:\\sw_install\\python-install\\lib\\site-packages\\selenium\\webdriver\\remote\\webdriver.py:348: in execute\n    self.error_handler.check_response(response)\n_ _ _ _ _ _ _ _ _ _ _ _ _ _ _ _ _ _ _ _ _ _ _ _ _ _ _ _ _ _ _ _ _ _ _ _ _ _ _ _\n\nself = <selenium.webdriver.remote.errorhandler.ErrorHandler object at 0x000001ECF95A91B0>\nresponse = {'status': 404, 'value': '{\"value\":{\"error\":\"no such element\",\"message\":\"no such element: Unable to locate element: {\\...07FF6F87DE123]\\\\n\\\\tBaseThreadInitThunk [0x00007FF949A7257D+29]\\\\n\\\\tRtlUserThreadStart [0x00007FF949BCAF28+40]\\\\n\"}}'}\n\n    def check_response(self, response: Dict[str, Any]) -> None:\n        \"\"\"Checks that a JSON response from the WebDriver does not have an\n        error.\n    \n        :Args:\n         - response - The JSON response from the WebDriver server as a dictionary\n           object.\n    \n        :Raises: If the response contains an error message.\n        \"\"\"\n        status = response.get(\"status\", None)\n        if not status or status == ErrorCode.SUCCESS:\n            return\n        value = None\n        message = response.get(\"message\", \"\")\n        screen: str = response.get(\"screen\", \"\")\n        stacktrace = None\n        if isinstance(status, int):\n            value_json = response.get(\"value\", None)\n            if value_json and isinstance(value_json, str):\n                import json\n    \n                try:\n                    value = json.loads(value_json)\n                    if len(value) == 1:\n                        value = value[\"value\"]\n                    status = value.get(\"error\", None)\n                    if not status:\n                        status = value.get(\"status\", ErrorCode.UNKNOWN_ERROR)\n                        message = value.get(\"value\") or value.get(\"message\")\n                        if not isinstance(message, str):\n                            value = message\n                            message = message.get(\"message\")\n                    else:\n                        message = value.get(\"message\", None)\n                except ValueError:\n                    pass\n    \n        exception_class: Type[WebDriverException]\n        e = ErrorCode()\n        error_codes = [item for item in dir(e) if not item.startswith(\"__\")]\n        for error_code in error_codes:\n            error_info = getattr(ErrorCode, error_code)\n            if isinstance(error_info, list) and status in error_info:\n                exception_class = getattr(ExceptionMapping, error_code, WebDriverException)\n                break\n        else:\n            exception_class = WebDriverException\n    \n        if not value:\n            value = response[\"value\"]\n        if isinstance(value, str):\n            raise exception_class(value)\n        if message == \"\" and \"message\" in value:\n            message = value[\"message\"]\n    \n        screen = None  # type: ignore[assignment]\n        if \"screen\" in value:\n            screen = value[\"screen\"]\n    \n        stacktrace = None\n        st_value = value.get(\"stackTrace\") or value.get(\"stacktrace\")\n        if st_value:\n            if isinstance(st_value, str):\n                stacktrace = st_value.split(\"\\n\")\n            else:\n                stacktrace = []\n                try:\n                    for frame in st_value:\n                        line = frame.get(\"lineNumber\", \"\")\n                        file = frame.get(\"fileName\", \"<anonymous>\")\n                        if line:\n                            file = f\"{file}:{line}\"\n                        meth = frame.get(\"methodName\", \"<anonymous>\")\n                        if \"className\" in frame:\n                            meth = f\"{frame['className']}.{meth}\"\n                        msg = \"    at %s (%s)\"\n                        msg = msg % (meth, file)\n                        stacktrace.append(msg)\n                except TypeError:\n                    pass\n        if exception_class == UnexpectedAlertPresentException:\n            alert_text = None\n            if \"data\" in value:\n                alert_text = value[\"data\"].get(\"text\")\n            elif \"alert\" in value:\n                alert_text = value[\"alert\"].get(\"text\")\n            raise exception_class(message, screen, stacktrace, alert_text)  # type: ignore[call-arg]  # mypy is not smart enough here\n>       raise exception_class(message, screen, stacktrace)\nE       selenium.common.exceptions.NoSuchElementException: Message: no such element: Unable to locate element: {\"method\":\"xpath\",\"selector\":\"//div[@class=\"dialogImg\"]\"}\nE         (Session info: chrome=118.0.5993.118); For documentation on this error, please visit: https://www.selenium.dev/documentation/webdriver/troubleshooting/errors#no-such-element-exception\nE       Stacktrace:\nE       \tGetHandleVerifier [0x00007FF6F88778A2+54818]\nE       \t(No symbol) [0x00007FF6F87E6AD2]\nE       \t(No symbol) [0x00007FF6F869DA3B]\nE       \t(No symbol) [0x00007FF6F86DE4FC]\nE       \t(No symbol) [0x00007FF6F86DE67C]\nE       \t(No symbol) [0x00007FF6F8719627]\nE       \t(No symbol) [0x00007FF6F86FEAEF]\nE       \t(No symbol) [0x00007FF6F87175A2]\nE       \t(No symbol) [0x00007FF6F86FE883]\nE       \t(No symbol) [0x00007FF6F86D3691]\nE       \t(No symbol) [0x00007FF6F86D48D4]\nE       \tGetHandleVerifier [0x00007FF6F8BDB9A2+3610402]\nE       \tGetHandleVerifier [0x00007FF6F8C31870+3962352]\nE       \tGetHandleVerifier [0x00007FF6F8C29D5F+3930847]\nE       \tGetHandleVerifier [0x00007FF6F8913656+693206]\nE       \t(No symbol) [0x00007FF6F87F1638]\nE       \t(No symbol) [0x00007FF6F87ED944]\nE       \t(No symbol) [0x00007FF6F87EDA72]\nE       \t(No symbol) [0x00007FF6F87DE123]\nE       \tBaseThreadInitThunk [0x00007FF949A7257D+29]\nE       \tRtlUserThreadStart [0x00007FF949BCAF28+40]\n\nD:\\sw_install\\python-install\\lib\\site-packages\\selenium\\webdriver\\remote\\errorhandler.py:229: NoSuchElementException","steps":[{"name":"进入系统设置tab","time":{"start":1721807506336,"stop":1721807506450,"duration":114},"status":"passed","steps":[],"attachments":[],"parameters":[],"shouldDisplayMessage":false,"attachmentsCount":0,"stepsCount":0,"hasContent":false},{"name":"如果有垫片，就直接预览，没有就先进行上传","time":{"start":1721807506450,"stop":1721807554201,"duration":47751},"status":"passed","steps":[],"attachments":[],"parameters":[],"shouldDisplayMessage":false,"attachmentsCount":0,"stepsCount":0,"hasContent":false},{"name":"关闭预览按钮","time":{"start":1721807554201,"stop":1721807574222,"duration":20021},"status":"broken","statusMessage":"selenium.common.exceptions.NoSuchElementException: Message: no such element: Unable to locate element: {\"method\":\"xpath\",\"selector\":\"//div[@class=\"dialogImg\"]\"}\n  (Session info: chrome=118.0.5993.118); For documentation on this error, please visit: https://www.selenium.dev/documentation/webdriver/troubleshooting/errors#no-such-element-exception\nStacktrace:\n\tGetHandleVerifier [0x00007FF6F88778A2+54818]\n\t(No symbol) [0x00007FF6F87E6AD2]\n\t(No symbol) [0x00007FF6F869DA3B]\n\t(No symbol) [0x00007FF6F86DE4FC]\n\t(No symbol) [0x00007FF6F86DE67C]\n\t(No symbol) [0x00007FF6F8719627]\n\t(No symbol) [0x00007FF6F86FEAEF]\n\t(No symbol) [0x00007FF6F87175A2]\n\t(No symbol) [0x00007FF6F86FE883]\n\t(No symbol) [0x00007FF6F86D3691]\n\t(No symbol) [0x00007FF6F86D48D4]\n\tGetHandleVerifier [0x00007FF6F8BDB9A2+3610402]\n\tGetHandleVerifier [0x00007FF6F8C31870+3962352]\n\tGetHandleVerifier [0x00007FF6F8C29D5F+3930847]\n\tGetHandleVerifier [0x00007FF6F8913656+693206]\n\t(No symbol) [0x00007FF6F87F1638]\n\t(No symbol) [0x00007FF6F87ED944]\n\t(No symbol) [0x00007FF6F87EDA72]\n\t(No symbol) [0x00007FF6F87DE123]\n\tBaseThreadInitThunk [0x00007FF949A7257D+29]\n\tRtlUserThreadStart [0x00007FF949BCAF28+40]\n\n","statusTrace":"  File \"D:\\git\\ui_test\\test_case\\test_system_management.py\", line 351, in test_preview_stand_system_spacer\n    system_page.close_stand_preview()\n  File \"D:\\git\\ui_test\\pageobject\\system_page.py\", line 397, in close_stand_preview\n    hover_preview_ele = self.get_element(hover_preview)\n  File \"D:\\git\\ui_test\\basepage\\base_page.py\", line 245, in get_element\n    element = self.driver.find_element(By.XPATH, value=selector_value)\n  File \"D:\\sw_install\\python-install\\lib\\site-packages\\selenium\\webdriver\\remote\\webdriver.py\", line 742, in find_element\n    return self.execute(Command.FIND_ELEMENT, {\"using\": by, \"value\": value})[\"value\"]\n  File \"D:\\sw_install\\python-install\\lib\\site-packages\\selenium\\webdriver\\remote\\webdriver.py\", line 348, in execute\n    self.error_handler.check_response(response)\n  File \"D:\\sw_install\\python-install\\lib\\site-packages\\selenium\\webdriver\\remote\\errorhandler.py\", line 229, in check_response\n    raise exception_class(message, screen, stacktrace)\n","steps":[],"attachments":[],"parameters":[],"shouldDisplayMessage":true,"attachmentsCount":0,"stepsCount":0,"hasContent":true}],"attachments":[],"parameters":[],"shouldDisplayMessage":true,"attachmentsCount":0,"stepsCount":3,"hasContent":true},"afterStages":[{"name":"system_page::0","time":{"start":1721807736498,"stop":1721807737262,"duration":764},"status":"passed","steps":[],"attachments":[],"parameters":[],"shouldDisplayMessage":false,"attachmentsCount":0,"stepsCount":0,"hasContent":false},{"name":"driver::0","time":{"start":1721807737262,"stop":1721807749365,"duration":12103},"status":"passed","steps":[],"attachments":[],"parameters":[],"shouldDisplayMessage":false,"attachmentsCount":0,"stepsCount":0,"hasContent":false}],"labels":[{"name":"epic","value":"项目hkc"},{"name":"feature","value":"system management"},{"name":"tag","value":"run(order=14)"},{"name":"tag","value":"@pytest.mark.usefixtures('system_page')"},{"name":"parentSuite","value":"test_case"},{"name":"suite","value":"test_system_management"},{"name":"subSuite","value":"TestSystemManagement"},{"name":"host","value":"hkc0208725"},{"name":"thread","value":"14720-MainThread"},{"name":"framework","value":"pytest"},{"name":"language","value":"cpython3"},{"name":"package","value":"test_case.test_system_management"},{"name":"resultFormat","value":"allure2"}],"parameters":[],"links":[],"hidden":false,"retry":false,"extra":{"severity":"normal","retries":[],"categories":[{"name":"Test defects","matchedStatuses":[],"flaky":false}],"tags":["@pytest.mark.usefixtures('system_page')","run(order=14)"]},"source":"396af63d5c5c8b1e.json","parameterValues":[]}