{"uuid": "457612c4-e5ea-44a4-8ca0-f12b68ac2c29", "children": ["bac7f551-58b7-4583-980a-12f5e2d8e34d"], "befores": [{"name": "generate_one_program", "status": "broken", "statusDetails": {"message": "selenium.common.exceptions.NoSuchElementException: Message: no such element: Unable to locate element: {\"method\":\"xpath\",\"selector\":\"//div[@class=\"step-name\" and text()=\"选设备\"]/..\"}\n  (Session info: chrome=118.0.5993.118); For documentation on this error, please visit: https://www.selenium.dev/documentation/webdriver/troubleshooting/errors#no-such-element-exception\nStacktrace:\n\tGetHandleVerifier [0x00007FF6506878A2+54818]\n\t(No symbol) [0x00007FF6505F6AD2]\n\t(No symbol) [0x00007FF6504ADA3B]\n\t(No symbol) [0x00007FF6504EE4FC]\n\t(No symbol) [0x00007FF6504EE67C]\n\t(No symbol) [0x00007FF650529627]\n\t(No symbol) [0x00007FF65050EAEF]\n\t(No symbol) [0x00007FF6505275A2]\n\t(No symbol) [0x00007FF65050E883]\n\t(No symbol) [0x00007FF6504E3691]\n\t(No symbol) [0x00007FF6504E48D4]\n\tGetHandleVerifier [0x00007FF6509EB9A2+3610402]\n\tGetHandleVerifier [0x00007FF650A41870+3962352]\n\tGetHandleVerifier [0x00007FF650A39D5F+3930847]\n\tGetHandleVerifier [0x00007FF650723656+693206]\n\t(No symbol) [0x00007FF650601638]\n\t(No symbol) [0x00007FF6505FD944]\n\t(No symbol) [0x00007FF6505FDA72]\n\t(No symbol) [0x00007FF6505EE123]\n\tBaseThreadInitThunk [0x00007FFF5C2B257D+29]\n\tRtlUserThreadStart [0x00007FFF5CCCAA48+40]\n\n", "trace": "  File \"D:\\sw_install\\python-install\\lib\\site-packages\\pluggy\\_callers.py\", line 77, in _multicall\n    res = hook_impl.function(*args)\n  File \"D:\\sw_install\\python-install\\lib\\site-packages\\_pytest\\fixtures.py\", line 1130, in pytest_fixture_setup\n    result = call_fixture_func(fixturefunc, request, kwargs)\n  File \"D:\\sw_install\\python-install\\lib\\site-packages\\_pytest\\fixtures.py\", line 909, in call_fixture_func\n    fixture_result = fixturefunc(**kwargs)\n  File \"D:\\git\\ui_test\\test_case\\test_play_bill.py\", line 161, in generate_one_program\n    release_page.release_general_program()\n  File \"D:\\git\\ui_test\\pageobject\\release_page.py\", line 80, in release_general_program\n    clickable_ele = self.get_element('by_xpath,//div[@class=\"step-name\" and text()=\"选设备\"]/..')\n  File \"D:\\git\\ui_test\\basepage\\base_page.py\", line 245, in get_element\n    element = self.driver.find_element(By.XPATH, value=selector_value)\n  File \"D:\\sw_install\\python-install\\lib\\site-packages\\selenium\\webdriver\\remote\\webdriver.py\", line 742, in find_element\n    return self.execute(Command.FIND_ELEMENT, {\"using\": by, \"value\": value})[\"value\"]\n  File \"D:\\sw_install\\python-install\\lib\\site-packages\\selenium\\webdriver\\remote\\webdriver.py\", line 348, in execute\n    self.error_handler.check_response(response)\n  File \"D:\\sw_install\\python-install\\lib\\site-packages\\selenium\\webdriver\\remote\\errorhandler.py\", line 229, in check_response\n    raise exception_class(message, screen, stacktrace)\n"}, "steps": [{"name": "点击上传按钮", "status": "passed", "start": 1718932189512, "stop": 1718932190158}, {"name": "进行文件上传", "status": "passed", "start": 1718932190158, "stop": 1718932197216}, {"name": "当进度为100%时，则关闭上传弹框", "status": "passed", "start": 1718932197216, "stop": 1718932199338}, {"name": "点击选设备", "status": "passed", "start": 1718932204689, "stop": 1718932225244}, {"name": "选择一个设备", "status": "passed", "start": 1718932225244, "stop": 1718932245812}, {"name": "选完设备后，点击确定", "status": "passed", "start": 1718932245812, "stop": 1718932266435}, {"name": "发布普通节目", "status": "broken", "statusDetails": {"message": "selenium.common.exceptions.NoSuchElementException: Message: no such element: Unable to locate element: {\"method\":\"xpath\",\"selector\":\"//div[@class=\"step-name\" and text()=\"选设备\"]/..\"}\n  (Session info: chrome=118.0.5993.118); For documentation on this error, please visit: https://www.selenium.dev/documentation/webdriver/troubleshooting/errors#no-such-element-exception\nStacktrace:\n\tGetHandleVerifier [0x00007FF6506878A2+54818]\n\t(No symbol) [0x00007FF6505F6AD2]\n\t(No symbol) [0x00007FF6504ADA3B]\n\t(No symbol) [0x00007FF6504EE4FC]\n\t(No symbol) [0x00007FF6504EE67C]\n\t(No symbol) [0x00007FF650529627]\n\t(No symbol) [0x00007FF65050EAEF]\n\t(No symbol) [0x00007FF6505275A2]\n\t(No symbol) [0x00007FF65050E883]\n\t(No symbol) [0x00007FF6504E3691]\n\t(No symbol) [0x00007FF6504E48D4]\n\tGetHandleVerifier [0x00007FF6509EB9A2+3610402]\n\tGetHandleVerifier [0x00007FF650A41870+3962352]\n\tGetHandleVerifier [0x00007FF650A39D5F+3930847]\n\tGetHandleVerifier [0x00007FF650723656+693206]\n\t(No symbol) [0x00007FF650601638]\n\t(No symbol) [0x00007FF6505FD944]\n\t(No symbol) [0x00007FF6505FDA72]\n\t(No symbol) [0x00007FF6505EE123]\n\tBaseThreadInitThunk [0x00007FFF5C2B257D+29]\n\tRtlUserThreadStart [0x00007FFF5CCCAA48+40]\n\n", "trace": "  File \"D:\\git\\ui_test\\test_case\\test_play_bill.py\", line 161, in generate_one_program\n    release_page.release_general_program()\n  File \"D:\\git\\ui_test\\pageobject\\release_page.py\", line 80, in release_general_program\n    clickable_ele = self.get_element('by_xpath,//div[@class=\"step-name\" and text()=\"选设备\"]/..')\n  File \"D:\\git\\ui_test\\basepage\\base_page.py\", line 245, in get_element\n    element = self.driver.find_element(By.XPATH, value=selector_value)\n  File \"D:\\sw_install\\python-install\\lib\\site-packages\\selenium\\webdriver\\remote\\webdriver.py\", line 742, in find_element\n    return self.execute(Command.FIND_ELEMENT, {\"using\": by, \"value\": value})[\"value\"]\n  File \"D:\\sw_install\\python-install\\lib\\site-packages\\selenium\\webdriver\\remote\\webdriver.py\", line 348, in execute\n    self.error_handler.check_response(response)\n  File \"D:\\sw_install\\python-install\\lib\\site-packages\\selenium\\webdriver\\remote\\errorhandler.py\", line 229, in check_response\n    raise exception_class(message, screen, stacktrace)\n"}, "start": 1718932266435, "stop": 1718932306957}], "start": 1718932188030, "stop": 1718932306964}], "start": 1718932188030, "stop": 1718932307158}