{"name": "将引用的节目单进行暂存操作", "status": "broken", "statusDetails": {"message": "selenium.common.exceptions.NoSuchElementException: Message: no such element: Unable to locate element: {\"method\":\"xpath\",\"selector\":\"//div[@class=\"step-name\" and text()=\"选设备\"]/..\"}\n  (Session info: chrome=118.0.5993.118); For documentation on this error, please visit: https://www.selenium.dev/documentation/webdriver/troubleshooting/errors#no-such-element-exception\nStacktrace:\n\tGetHandleVerifier [0x00007FF6506878A2+54818]\n\t(No symbol) [0x00007FF6505F6AD2]\n\t(No symbol) [0x00007FF6504ADA3B]\n\t(No symbol) [0x00007FF6504EE4FC]\n\t(No symbol) [0x00007FF6504EE67C]\n\t(No symbol) [0x00007FF650529627]\n\t(No symbol) [0x00007FF65050EAEF]\n\t(No symbol) [0x00007FF6505275A2]\n\t(No symbol) [0x00007FF65050E883]\n\t(No symbol) [0x00007FF6504E3691]\n\t(No symbol) [0x00007FF6504E48D4]\n\tGetHandleVerifier [0x00007FF6509EB9A2+3610402]\n\tGetHandleVerifier [0x00007FF650A41870+3962352]\n\tGetHandleVerifier [0x00007FF650A39D5F+3930847]\n\tGetHandleVerifier [0x00007FF650723656+693206]\n\t(No symbol) [0x00007FF650601638]\n\t(No symbol) [0x00007FF6505FD944]\n\t(No symbol) [0x00007FF6505FDA72]\n\t(No symbol) [0x00007FF6505EE123]\n\tBaseThreadInitThunk [0x00007FFF5C2B257D+29]\n\tRtlUserThreadStart [0x00007FFF5CCCAA48+40]", "trace": "self = <test_case.test_play_bill.TestPlayBill object at 0x00000263B6E015A0>\n\n    @pytest.mark.run(order=17)\n    @allure.title(\"将引用的节目单进行暂存操作\")\n    # @pytest.mark.usefixtures(\"generate_one_program\")\n    def test_copy_play_bill_temporary_storage(self):\n        play_bill_page = self.play_bill_page\n        release_page = self.release_page\n    \n        with step(\"侧边栏切到到发布管理\"):\n            play_bill_page.switch_to_release_management()\n    \n        with step(\"发布管理中，切到节目单\"):\n            play_bill_page.switch_to_play_bill()\n    \n        with step(\"点击节目单引用按钮\"):\n            play_bill_page.copy_play_bill()\n    \n        with step(\"点击确认按钮\"):\n            play_bill_page.confirm_copy_button()\n            print(\"确定按钮，已被点击\")\n    \n        with step(\"点击暂存按钮\"):\n>           release_page.temporary_storage()\n\ntest_case\\test_play_bill.py:487: \n_ _ _ _ _ _ _ _ _ _ _ _ _ _ _ _ _ _ _ _ _ _ _ _ _ _ _ _ _ _ _ _ _ _ _ _ _ _ _ _\npageobject\\release_page.py:107: in temporary_storage\n    clickable_ele = self.get_element('by_xpath,//div[@class=\"step-name\" and text()=\"选设备\"]/..')\nbasepage\\base_page.py:245: in get_element\n    element = self.driver.find_element(By.XPATH, value=selector_value)\nD:\\sw_install\\python-install\\lib\\site-packages\\selenium\\webdriver\\remote\\webdriver.py:742: in find_element\n    return self.execute(Command.FIND_ELEMENT, {\"using\": by, \"value\": value})[\"value\"]\nD:\\sw_install\\python-install\\lib\\site-packages\\selenium\\webdriver\\remote\\webdriver.py:348: in execute\n    self.error_handler.check_response(response)\n_ _ _ _ _ _ _ _ _ _ _ _ _ _ _ _ _ _ _ _ _ _ _ _ _ _ _ _ _ _ _ _ _ _ _ _ _ _ _ _\n\nself = <selenium.webdriver.remote.errorhandler.ErrorHandler object at 0x00000263DD92A860>\nresponse = {'status': 404, 'value': '{\"value\":{\"error\":\"no such element\",\"message\":\"no such element: Unable to locate element: {\\...07FF6505EE123]\\\\n\\\\tBaseThreadInitThunk [0x00007FFF5C2B257D+29]\\\\n\\\\tRtlUserThreadStart [0x00007FFF5CCCAA48+40]\\\\n\"}}'}\n\n    def check_response(self, response: Dict[str, Any]) -> None:\n        \"\"\"Checks that a JSON response from the WebDriver does not have an\n        error.\n    \n        :Args:\n         - response - The JSON response from the WebDriver server as a dictionary\n           object.\n    \n        :Raises: If the response contains an error message.\n        \"\"\"\n        status = response.get(\"status\", None)\n        if not status or status == ErrorCode.SUCCESS:\n            return\n        value = None\n        message = response.get(\"message\", \"\")\n        screen: str = response.get(\"screen\", \"\")\n        stacktrace = None\n        if isinstance(status, int):\n            value_json = response.get(\"value\", None)\n            if value_json and isinstance(value_json, str):\n                import json\n    \n                try:\n                    value = json.loads(value_json)\n                    if len(value) == 1:\n                        value = value[\"value\"]\n                    status = value.get(\"error\", None)\n                    if not status:\n                        status = value.get(\"status\", ErrorCode.UNKNOWN_ERROR)\n                        message = value.get(\"value\") or value.get(\"message\")\n                        if not isinstance(message, str):\n                            value = message\n                            message = message.get(\"message\")\n                    else:\n                        message = value.get(\"message\", None)\n                except ValueError:\n                    pass\n    \n        exception_class: Type[WebDriverException]\n        e = ErrorCode()\n        error_codes = [item for item in dir(e) if not item.startswith(\"__\")]\n        for error_code in error_codes:\n            error_info = getattr(ErrorCode, error_code)\n            if isinstance(error_info, list) and status in error_info:\n                exception_class = getattr(ExceptionMapping, error_code, WebDriverException)\n                break\n        else:\n            exception_class = WebDriverException\n    \n        if not value:\n            value = response[\"value\"]\n        if isinstance(value, str):\n            raise exception_class(value)\n        if message == \"\" and \"message\" in value:\n            message = value[\"message\"]\n    \n        screen = None  # type: ignore[assignment]\n        if \"screen\" in value:\n            screen = value[\"screen\"]\n    \n        stacktrace = None\n        st_value = value.get(\"stackTrace\") or value.get(\"stacktrace\")\n        if st_value:\n            if isinstance(st_value, str):\n                stacktrace = st_value.split(\"\\n\")\n            else:\n                stacktrace = []\n                try:\n                    for frame in st_value:\n                        line = frame.get(\"lineNumber\", \"\")\n                        file = frame.get(\"fileName\", \"<anonymous>\")\n                        if line:\n                            file = f\"{file}:{line}\"\n                        meth = frame.get(\"methodName\", \"<anonymous>\")\n                        if \"className\" in frame:\n                            meth = f\"{frame['className']}.{meth}\"\n                        msg = \"    at %s (%s)\"\n                        msg = msg % (meth, file)\n                        stacktrace.append(msg)\n                except TypeError:\n                    pass\n        if exception_class == UnexpectedAlertPresentException:\n            alert_text = None\n            if \"data\" in value:\n                alert_text = value[\"data\"].get(\"text\")\n            elif \"alert\" in value:\n                alert_text = value[\"alert\"].get(\"text\")\n            raise exception_class(message, screen, stacktrace, alert_text)  # type: ignore[call-arg]  # mypy is not smart enough here\n>       raise exception_class(message, screen, stacktrace)\nE       selenium.common.exceptions.NoSuchElementException: Message: no such element: Unable to locate element: {\"method\":\"xpath\",\"selector\":\"//div[@class=\"step-name\" and text()=\"选设备\"]/..\"}\nE         (Session info: chrome=118.0.5993.118); For documentation on this error, please visit: https://www.selenium.dev/documentation/webdriver/troubleshooting/errors#no-such-element-exception\nE       Stacktrace:\nE       \tGetHandleVerifier [0x00007FF6506878A2+54818]\nE       \t(No symbol) [0x00007FF6505F6AD2]\nE       \t(No symbol) [0x00007FF6504ADA3B]\nE       \t(No symbol) [0x00007FF6504EE4FC]\nE       \t(No symbol) [0x00007FF6504EE67C]\nE       \t(No symbol) [0x00007FF650529627]\nE       \t(No symbol) [0x00007FF65050EAEF]\nE       \t(No symbol) [0x00007FF6505275A2]\nE       \t(No symbol) [0x00007FF65050E883]\nE       \t(No symbol) [0x00007FF6504E3691]\nE       \t(No symbol) [0x00007FF6504E48D4]\nE       \tGetHandleVerifier [0x00007FF6509EB9A2+3610402]\nE       \tGetHandleVerifier [0x00007FF650A41870+3962352]\nE       \tGetHandleVerifier [0x00007FF650A39D5F+3930847]\nE       \tGetHandleVerifier [0x00007FF650723656+693206]\nE       \t(No symbol) [0x00007FF650601638]\nE       \t(No symbol) [0x00007FF6505FD944]\nE       \t(No symbol) [0x00007FF6505FDA72]\nE       \t(No symbol) [0x00007FF6505EE123]\nE       \tBaseThreadInitThunk [0x00007FFF5C2B257D+29]\nE       \tRtlUserThreadStart [0x00007FFF5CCCAA48+40]\n\nD:\\sw_install\\python-install\\lib\\site-packages\\selenium\\webdriver\\remote\\errorhandler.py:229: NoSuchElementException"}, "steps": [{"name": "侧边栏切到到发布管理", "status": "passed", "start": 1718932369943, "stop": 1718932369953}, {"name": "发布管理中，切到节目单", "status": "passed", "start": 1718932369953, "stop": 1718932369980}, {"name": "点击节目单引用按钮", "status": "passed", "start": 1718932369980, "stop": 1718932390545}, {"name": "点击确认按钮", "status": "passed", "start": 1718932390545, "stop": 1718932411063}, {"name": "点击暂存按钮", "status": "broken", "statusDetails": {"message": "selenium.common.exceptions.NoSuchElementException: Message: no such element: Unable to locate element: {\"method\":\"xpath\",\"selector\":\"//div[@class=\"step-name\" and text()=\"选设备\"]/..\"}\n  (Session info: chrome=118.0.5993.118); For documentation on this error, please visit: https://www.selenium.dev/documentation/webdriver/troubleshooting/errors#no-such-element-exception\nStacktrace:\n\tGetHandleVerifier [0x00007FF6506878A2+54818]\n\t(No symbol) [0x00007FF6505F6AD2]\n\t(No symbol) [0x00007FF6504ADA3B]\n\t(No symbol) [0x00007FF6504EE4FC]\n\t(No symbol) [0x00007FF6504EE67C]\n\t(No symbol) [0x00007FF650529627]\n\t(No symbol) [0x00007FF65050EAEF]\n\t(No symbol) [0x00007FF6505275A2]\n\t(No symbol) [0x00007FF65050E883]\n\t(No symbol) [0x00007FF6504E3691]\n\t(No symbol) [0x00007FF6504E48D4]\n\tGetHandleVerifier [0x00007FF6509EB9A2+3610402]\n\tGetHandleVerifier [0x00007FF650A41870+3962352]\n\tGetHandleVerifier [0x00007FF650A39D5F+3930847]\n\tGetHandleVerifier [0x00007FF650723656+693206]\n\t(No symbol) [0x00007FF650601638]\n\t(No symbol) [0x00007FF6505FD944]\n\t(No symbol) [0x00007FF6505FDA72]\n\t(No symbol) [0x00007FF6505EE123]\n\tBaseThreadInitThunk [0x00007FFF5C2B257D+29]\n\tRtlUserThreadStart [0x00007FFF5CCCAA48+40]\n\n", "trace": "  File \"D:\\git\\ui_test\\test_case\\test_play_bill.py\", line 487, in test_copy_play_bill_temporary_storage\n    release_page.temporary_storage()\n  File \"D:\\git\\ui_test\\pageobject\\release_page.py\", line 107, in temporary_storage\n    clickable_ele = self.get_element('by_xpath,//div[@class=\"step-name\" and text()=\"选设备\"]/..')\n  File \"D:\\git\\ui_test\\basepage\\base_page.py\", line 245, in get_element\n    element = self.driver.find_element(By.XPATH, value=selector_value)\n  File \"D:\\sw_install\\python-install\\lib\\site-packages\\selenium\\webdriver\\remote\\webdriver.py\", line 742, in find_element\n    return self.execute(Command.FIND_ELEMENT, {\"using\": by, \"value\": value})[\"value\"]\n  File \"D:\\sw_install\\python-install\\lib\\site-packages\\selenium\\webdriver\\remote\\webdriver.py\", line 348, in execute\n    self.error_handler.check_response(response)\n  File \"D:\\sw_install\\python-install\\lib\\site-packages\\selenium\\webdriver\\remote\\errorhandler.py\", line 229, in check_response\n    raise exception_class(message, screen, stacktrace)\n"}, "start": 1718932411063, "stop": 1718932451678}], "start": 1718932369943, "stop": 1718932451679, "uuid": "934e96ae-e66c-4cb1-bc2f-b6cafc12d81b", "historyId": "75ff08d439c2e248ef70aee5820ade6e", "testCaseId": "75ff08d439c2e248ef70aee5820ade6e", "fullName": "test_case.test_play_bill.TestPlayBill#test_copy_play_bill_temporary_storage", "labels": [{"name": "feature", "value": "play bill list"}, {"name": "epic", "value": "项目hkc"}, {"name": "tag", "value": "run(order=17)"}, {"name": "tag", "value": "@pytest.mark.usefixtures('release_page')"}, {"name": "parentSuite", "value": "test_case"}, {"name": "suite", "value": "test_play_bill"}, {"name": "subSuite", "value": "TestPlayBill"}, {"name": "host", "value": "hkc0208725"}, {"name": "thread", "value": "26536-MainThread"}, {"name": "framework", "value": "pytest"}, {"name": "language", "value": "cpython3"}, {"name": "package", "value": "test_case.test_play_bill"}]}