{"uid":"e2b82965e3b514e8","name":"预览素材","fullName":"test_case.test_media_center.TestMediaCenter#test_delete_multi_file","historyId":"54bc23506364584991d03f5085bafab3","time":{"start":1721697107022,"stop":1721697220308,"duration":113286},"status":"broken","statusMessage":"selenium.common.exceptions.NoSuchElementException: Message: no such element: Unable to locate element: {\"method\":\"xpath\",\"selector\":\"//div[@class=\"dialogImg\"]\"}\n  (Session info: chrome=118.0.5993.118); For documentation on this error, please visit: https://www.selenium.dev/documentation/webdriver/troubleshooting/errors#no-such-element-exception\nStacktrace:\n\tGetHandleVerifier [0x00007FF6487778A2+54818]\n\t(No symbol) [0x00007FF6486E6AD2]\n\t(No symbol) [0x00007FF64859DA3B]\n\t(No symbol) [0x00007FF6485DE4FC]\n\t(No symbol) [0x00007FF6485DE67C]\n\t(No symbol) [0x00007FF648619627]\n\t(No symbol) [0x00007FF6485FEAEF]\n\t(No symbol) [0x00007FF6486175A2]\n\t(No symbol) [0x00007FF6485FE883]\n\t(No symbol) [0x00007FF6485D3691]\n\t(No symbol) [0x00007FF6485D48D4]\n\tGetHandleVerifier [0x00007FF648ADB9A2+3610402]\n\tGetHandleVerifier [0x00007FF648B31870+3962352]\n\tGetHandleVerifier [0x00007FF648B29D5F+3930847]\n\tGetHandleVerifier [0x00007FF648813656+693206]\n\t(No symbol) [0x00007FF6486F1638]\n\t(No symbol) [0x00007FF6486ED944]\n\t(No symbol) [0x00007FF6486EDA72]\n\t(No symbol) [0x00007FF6486DE123]\n\tBaseThreadInitThunk [0x00007FF949A7257D+29]\n\tRtlUserThreadStart [0x00007FF949BCAF28+40]","statusTrace":"self = <test_case.test_media_center.TestMediaCenter object at 0x000001B127644430>\n\n    @pytest.mark.run(order=8)\n    @pytest.mark.usefixtures(\"media_set_up\")\n    @allure.title(\"预览素材\")\n    def test_delete_multi_file(self):\n        media_page = self.media_page\n        media_page.switch_to_media_center()\n        # 通用方法，进行素材上传\n        media_page.upload_media()\n        try:\n            with step(\"1、先鼠标hover到素材上面\"):\n                media_page.hover_to_media()\n    \n        except Exception:\n            media_page.upload_media()\n    \n        with step(\"点击预览按钮\"):\n            media_page.media_preview()\n    \n        time.sleep(1)\n        with step(\"关闭预览按钮\"):\n>           media_page.close_preview()\n\ntest_case\\test_media_center.py:217: \n_ _ _ _ _ _ _ _ _ _ _ _ _ _ _ _ _ _ _ _ _ _ _ _ _ _ _ _ _ _ _ _ _ _ _ _ _ _ _ _\npageobject\\media_page.py:392: in close_preview\n    place_ele = self.get_element(preview_place)\nbasepage\\base_page.py:245: in get_element\n    element = self.driver.find_element(By.XPATH, value=selector_value)\nD:\\sw_install\\python-install\\lib\\site-packages\\selenium\\webdriver\\remote\\webdriver.py:742: in find_element\n    return self.execute(Command.FIND_ELEMENT, {\"using\": by, \"value\": value})[\"value\"]\nD:\\sw_install\\python-install\\lib\\site-packages\\selenium\\webdriver\\remote\\webdriver.py:348: in execute\n    self.error_handler.check_response(response)\n_ _ _ _ _ _ _ _ _ _ _ _ _ _ _ _ _ _ _ _ _ _ _ _ _ _ _ _ _ _ _ _ _ _ _ _ _ _ _ _\n\nself = <selenium.webdriver.remote.errorhandler.ErrorHandler object at 0x000001B14F2CDD20>\nresponse = {'status': 404, 'value': '{\"value\":{\"error\":\"no such element\",\"message\":\"no such element: Unable to locate element: {\\...07FF6486DE123]\\\\n\\\\tBaseThreadInitThunk [0x00007FF949A7257D+29]\\\\n\\\\tRtlUserThreadStart [0x00007FF949BCAF28+40]\\\\n\"}}'}\n\n    def check_response(self, response: Dict[str, Any]) -> None:\n        \"\"\"Checks that a JSON response from the WebDriver does not have an\n        error.\n    \n        :Args:\n         - response - The JSON response from the WebDriver server as a dictionary\n           object.\n    \n        :Raises: If the response contains an error message.\n        \"\"\"\n        status = response.get(\"status\", None)\n        if not status or status == ErrorCode.SUCCESS:\n            return\n        value = None\n        message = response.get(\"message\", \"\")\n        screen: str = response.get(\"screen\", \"\")\n        stacktrace = None\n        if isinstance(status, int):\n            value_json = response.get(\"value\", None)\n            if value_json and isinstance(value_json, str):\n                import json\n    \n                try:\n                    value = json.loads(value_json)\n                    if len(value) == 1:\n                        value = value[\"value\"]\n                    status = value.get(\"error\", None)\n                    if not status:\n                        status = value.get(\"status\", ErrorCode.UNKNOWN_ERROR)\n                        message = value.get(\"value\") or value.get(\"message\")\n                        if not isinstance(message, str):\n                            value = message\n                            message = message.get(\"message\")\n                    else:\n                        message = value.get(\"message\", None)\n                except ValueError:\n                    pass\n    \n        exception_class: Type[WebDriverException]\n        e = ErrorCode()\n        error_codes = [item for item in dir(e) if not item.startswith(\"__\")]\n        for error_code in error_codes:\n            error_info = getattr(ErrorCode, error_code)\n            if isinstance(error_info, list) and status in error_info:\n                exception_class = getattr(ExceptionMapping, error_code, WebDriverException)\n                break\n        else:\n            exception_class = WebDriverException\n    \n        if not value:\n            value = response[\"value\"]\n        if isinstance(value, str):\n            raise exception_class(value)\n        if message == \"\" and \"message\" in value:\n            message = value[\"message\"]\n    \n        screen = None  # type: ignore[assignment]\n        if \"screen\" in value:\n            screen = value[\"screen\"]\n    \n        stacktrace = None\n        st_value = value.get(\"stackTrace\") or value.get(\"stacktrace\")\n        if st_value:\n            if isinstance(st_value, str):\n                stacktrace = st_value.split(\"\\n\")\n            else:\n                stacktrace = []\n                try:\n                    for frame in st_value:\n                        line = frame.get(\"lineNumber\", \"\")\n                        file = frame.get(\"fileName\", \"<anonymous>\")\n                        if line:\n                            file = f\"{file}:{line}\"\n                        meth = frame.get(\"methodName\", \"<anonymous>\")\n                        if \"className\" in frame:\n                            meth = f\"{frame['className']}.{meth}\"\n                        msg = \"    at %s (%s)\"\n                        msg = msg % (meth, file)\n                        stacktrace.append(msg)\n                except TypeError:\n                    pass\n        if exception_class == UnexpectedAlertPresentException:\n            alert_text = None\n            if \"data\" in value:\n                alert_text = value[\"data\"].get(\"text\")\n            elif \"alert\" in value:\n                alert_text = value[\"alert\"].get(\"text\")\n            raise exception_class(message, screen, stacktrace, alert_text)  # type: ignore[call-arg]  # mypy is not smart enough here\n>       raise exception_class(message, screen, stacktrace)\nE       selenium.common.exceptions.NoSuchElementException: Message: no such element: Unable to locate element: {\"method\":\"xpath\",\"selector\":\"//div[@class=\"dialogImg\"]\"}\nE         (Session info: chrome=118.0.5993.118); For documentation on this error, please visit: https://www.selenium.dev/documentation/webdriver/troubleshooting/errors#no-such-element-exception\nE       Stacktrace:\nE       \tGetHandleVerifier [0x00007FF6487778A2+54818]\nE       \t(No symbol) [0x00007FF6486E6AD2]\nE       \t(No symbol) [0x00007FF64859DA3B]\nE       \t(No symbol) [0x00007FF6485DE4FC]\nE       \t(No symbol) [0x00007FF6485DE67C]\nE       \t(No symbol) [0x00007FF648619627]\nE       \t(No symbol) [0x00007FF6485FEAEF]\nE       \t(No symbol) [0x00007FF6486175A2]\nE       \t(No symbol) [0x00007FF6485FE883]\nE       \t(No symbol) [0x00007FF6485D3691]\nE       \t(No symbol) [0x00007FF6485D48D4]\nE       \tGetHandleVerifier [0x00007FF648ADB9A2+3610402]\nE       \tGetHandleVerifier [0x00007FF648B31870+3962352]\nE       \tGetHandleVerifier [0x00007FF648B29D5F+3930847]\nE       \tGetHandleVerifier [0x00007FF648813656+693206]\nE       \t(No symbol) [0x00007FF6486F1638]\nE       \t(No symbol) [0x00007FF6486ED944]\nE       \t(No symbol) [0x00007FF6486EDA72]\nE       \t(No symbol) [0x00007FF6486DE123]\nE       \tBaseThreadInitThunk [0x00007FF949A7257D+29]\nE       \tRtlUserThreadStart [0x00007FF949BCAF28+40]\n\nD:\\sw_install\\python-install\\lib\\site-packages\\selenium\\webdriver\\remote\\errorhandler.py:229: NoSuchElementException","flaky":false,"newFailed":false,"newBroken":false,"newPassed":false,"retriesCount":0,"retriesStatusChange":false,"beforeStages":[{"name":"_session_faker","time":{"start":1721696974282,"stop":1721696974444,"duration":162},"status":"passed","steps":[],"attachments":[],"parameters":[],"shouldDisplayMessage":false,"attachmentsCount":0,"hasContent":false,"stepsCount":0},{"name":"env","time":{"start":1721696974444,"stop":1721696974446,"duration":2},"status":"passed","steps":[],"attachments":[],"parameters":[],"shouldDisplayMessage":false,"attachmentsCount":0,"hasContent":false,"stepsCount":0},{"name":"driver","time":{"start":1721696974446,"stop":1721697006079,"duration":31633},"status":"passed","steps":[],"attachments":[],"parameters":[],"shouldDisplayMessage":false,"attachmentsCount":0,"hasContent":false,"stepsCount":0},{"name":"media_page","time":{"start":1721697006080,"stop":1721697006080,"duration":0},"status":"passed","steps":[],"attachments":[],"parameters":[],"shouldDisplayMessage":false,"attachmentsCount":0,"hasContent":false,"stepsCount":0},{"name":"media_set_up","time":{"start":1721697100474,"stop":1721697107022,"duration":6548},"status":"passed","steps":[],"attachments":[],"parameters":[],"shouldDisplayMessage":false,"attachmentsCount":0,"hasContent":false,"stepsCount":0}],"testStage":{"status":"broken","statusMessage":"selenium.common.exceptions.NoSuchElementException: Message: no such element: Unable to locate element: {\"method\":\"xpath\",\"selector\":\"//div[@class=\"dialogImg\"]\"}\n  (Session info: chrome=118.0.5993.118); For documentation on this error, please visit: https://www.selenium.dev/documentation/webdriver/troubleshooting/errors#no-such-element-exception\nStacktrace:\n\tGetHandleVerifier [0x00007FF6487778A2+54818]\n\t(No symbol) [0x00007FF6486E6AD2]\n\t(No symbol) [0x00007FF64859DA3B]\n\t(No symbol) [0x00007FF6485DE4FC]\n\t(No symbol) [0x00007FF6485DE67C]\n\t(No symbol) [0x00007FF648619627]\n\t(No symbol) [0x00007FF6485FEAEF]\n\t(No symbol) [0x00007FF6486175A2]\n\t(No symbol) [0x00007FF6485FE883]\n\t(No symbol) [0x00007FF6485D3691]\n\t(No symbol) [0x00007FF6485D48D4]\n\tGetHandleVerifier [0x00007FF648ADB9A2+3610402]\n\tGetHandleVerifier [0x00007FF648B31870+3962352]\n\tGetHandleVerifier [0x00007FF648B29D5F+3930847]\n\tGetHandleVerifier [0x00007FF648813656+693206]\n\t(No symbol) [0x00007FF6486F1638]\n\t(No symbol) [0x00007FF6486ED944]\n\t(No symbol) [0x00007FF6486EDA72]\n\t(No symbol) [0x00007FF6486DE123]\n\tBaseThreadInitThunk [0x00007FF949A7257D+29]\n\tRtlUserThreadStart [0x00007FF949BCAF28+40]","statusTrace":"self = <test_case.test_media_center.TestMediaCenter object at 0x000001B127644430>\n\n    @pytest.mark.run(order=8)\n    @pytest.mark.usefixtures(\"media_set_up\")\n    @allure.title(\"预览素材\")\n    def test_delete_multi_file(self):\n        media_page = self.media_page\n        media_page.switch_to_media_center()\n        # 通用方法，进行素材上传\n        media_page.upload_media()\n        try:\n            with step(\"1、先鼠标hover到素材上面\"):\n                media_page.hover_to_media()\n    \n        except Exception:\n            media_page.upload_media()\n    \n        with step(\"点击预览按钮\"):\n            media_page.media_preview()\n    \n        time.sleep(1)\n        with step(\"关闭预览按钮\"):\n>           media_page.close_preview()\n\ntest_case\\test_media_center.py:217: \n_ _ _ _ _ _ _ _ _ _ _ _ _ _ _ _ _ _ _ _ _ _ _ _ _ _ _ _ _ _ _ _ _ _ _ _ _ _ _ _\npageobject\\media_page.py:392: in close_preview\n    place_ele = self.get_element(preview_place)\nbasepage\\base_page.py:245: in get_element\n    element = self.driver.find_element(By.XPATH, value=selector_value)\nD:\\sw_install\\python-install\\lib\\site-packages\\selenium\\webdriver\\remote\\webdriver.py:742: in find_element\n    return self.execute(Command.FIND_ELEMENT, {\"using\": by, \"value\": value})[\"value\"]\nD:\\sw_install\\python-install\\lib\\site-packages\\selenium\\webdriver\\remote\\webdriver.py:348: in execute\n    self.error_handler.check_response(response)\n_ _ _ _ _ _ _ _ _ _ _ _ _ _ _ _ _ _ _ _ _ _ _ _ _ _ _ _ _ _ _ _ _ _ _ _ _ _ _ _\n\nself = <selenium.webdriver.remote.errorhandler.ErrorHandler object at 0x000001B14F2CDD20>\nresponse = {'status': 404, 'value': '{\"value\":{\"error\":\"no such element\",\"message\":\"no such element: Unable to locate element: {\\...07FF6486DE123]\\\\n\\\\tBaseThreadInitThunk [0x00007FF949A7257D+29]\\\\n\\\\tRtlUserThreadStart [0x00007FF949BCAF28+40]\\\\n\"}}'}\n\n    def check_response(self, response: Dict[str, Any]) -> None:\n        \"\"\"Checks that a JSON response from the WebDriver does not have an\n        error.\n    \n        :Args:\n         - response - The JSON response from the WebDriver server as a dictionary\n           object.\n    \n        :Raises: If the response contains an error message.\n        \"\"\"\n        status = response.get(\"status\", None)\n        if not status or status == ErrorCode.SUCCESS:\n            return\n        value = None\n        message = response.get(\"message\", \"\")\n        screen: str = response.get(\"screen\", \"\")\n        stacktrace = None\n        if isinstance(status, int):\n            value_json = response.get(\"value\", None)\n            if value_json and isinstance(value_json, str):\n                import json\n    \n                try:\n                    value = json.loads(value_json)\n                    if len(value) == 1:\n                        value = value[\"value\"]\n                    status = value.get(\"error\", None)\n                    if not status:\n                        status = value.get(\"status\", ErrorCode.UNKNOWN_ERROR)\n                        message = value.get(\"value\") or value.get(\"message\")\n                        if not isinstance(message, str):\n                            value = message\n                            message = message.get(\"message\")\n                    else:\n                        message = value.get(\"message\", None)\n                except ValueError:\n                    pass\n    \n        exception_class: Type[WebDriverException]\n        e = ErrorCode()\n        error_codes = [item for item in dir(e) if not item.startswith(\"__\")]\n        for error_code in error_codes:\n            error_info = getattr(ErrorCode, error_code)\n            if isinstance(error_info, list) and status in error_info:\n                exception_class = getattr(ExceptionMapping, error_code, WebDriverException)\n                break\n        else:\n            exception_class = WebDriverException\n    \n        if not value:\n            value = response[\"value\"]\n        if isinstance(value, str):\n            raise exception_class(value)\n        if message == \"\" and \"message\" in value:\n            message = value[\"message\"]\n    \n        screen = None  # type: ignore[assignment]\n        if \"screen\" in value:\n            screen = value[\"screen\"]\n    \n        stacktrace = None\n        st_value = value.get(\"stackTrace\") or value.get(\"stacktrace\")\n        if st_value:\n            if isinstance(st_value, str):\n                stacktrace = st_value.split(\"\\n\")\n            else:\n                stacktrace = []\n                try:\n                    for frame in st_value:\n                        line = frame.get(\"lineNumber\", \"\")\n                        file = frame.get(\"fileName\", \"<anonymous>\")\n                        if line:\n                            file = f\"{file}:{line}\"\n                        meth = frame.get(\"methodName\", \"<anonymous>\")\n                        if \"className\" in frame:\n                            meth = f\"{frame['className']}.{meth}\"\n                        msg = \"    at %s (%s)\"\n                        msg = msg % (meth, file)\n                        stacktrace.append(msg)\n                except TypeError:\n                    pass\n        if exception_class == UnexpectedAlertPresentException:\n            alert_text = None\n            if \"data\" in value:\n                alert_text = value[\"data\"].get(\"text\")\n            elif \"alert\" in value:\n                alert_text = value[\"alert\"].get(\"text\")\n            raise exception_class(message, screen, stacktrace, alert_text)  # type: ignore[call-arg]  # mypy is not smart enough here\n>       raise exception_class(message, screen, stacktrace)\nE       selenium.common.exceptions.NoSuchElementException: Message: no such element: Unable to locate element: {\"method\":\"xpath\",\"selector\":\"//div[@class=\"dialogImg\"]\"}\nE         (Session info: chrome=118.0.5993.118); For documentation on this error, please visit: https://www.selenium.dev/documentation/webdriver/troubleshooting/errors#no-such-element-exception\nE       Stacktrace:\nE       \tGetHandleVerifier [0x00007FF6487778A2+54818]\nE       \t(No symbol) [0x00007FF6486E6AD2]\nE       \t(No symbol) [0x00007FF64859DA3B]\nE       \t(No symbol) [0x00007FF6485DE4FC]\nE       \t(No symbol) [0x00007FF6485DE67C]\nE       \t(No symbol) [0x00007FF648619627]\nE       \t(No symbol) [0x00007FF6485FEAEF]\nE       \t(No symbol) [0x00007FF6486175A2]\nE       \t(No symbol) [0x00007FF6485FE883]\nE       \t(No symbol) [0x00007FF6485D3691]\nE       \t(No symbol) [0x00007FF6485D48D4]\nE       \tGetHandleVerifier [0x00007FF648ADB9A2+3610402]\nE       \tGetHandleVerifier [0x00007FF648B31870+3962352]\nE       \tGetHandleVerifier [0x00007FF648B29D5F+3930847]\nE       \tGetHandleVerifier [0x00007FF648813656+693206]\nE       \t(No symbol) [0x00007FF6486F1638]\nE       \t(No symbol) [0x00007FF6486ED944]\nE       \t(No symbol) [0x00007FF6486EDA72]\nE       \t(No symbol) [0x00007FF6486DE123]\nE       \tBaseThreadInitThunk [0x00007FF949A7257D+29]\nE       \tRtlUserThreadStart [0x00007FF949BCAF28+40]\n\nD:\\sw_install\\python-install\\lib\\site-packages\\selenium\\webdriver\\remote\\errorhandler.py:229: NoSuchElementException","steps":[{"name":"点击上传按钮","time":{"start":1721697107707,"stop":1721697108296,"duration":589},"status":"passed","steps":[],"attachments":[],"parameters":[],"shouldDisplayMessage":false,"attachmentsCount":0,"hasContent":false,"stepsCount":0},{"name":"进行文件上传","time":{"start":1721697108296,"stop":1721697115389,"duration":7093},"status":"passed","steps":[],"attachments":[],"parameters":[],"shouldDisplayMessage":false,"attachmentsCount":0,"hasContent":false,"stepsCount":0},{"name":"当进度为100%时，则关闭上传弹框","time":{"start":1721697115389,"stop":1721697117468,"duration":2079},"status":"passed","steps":[],"attachments":[],"parameters":[],"shouldDisplayMessage":false,"attachmentsCount":0,"hasContent":false,"stepsCount":0},{"name":"1、先鼠标hover到素材上面","time":{"start":1721697117586,"stop":1721697168980,"duration":51394},"status":"broken","statusMessage":"IndexError: list index out of range\n","statusTrace":"  File \"D:\\git\\ui_test\\test_case\\test_media_center.py\", line 207, in test_delete_multi_file\n    media_page.hover_to_media()\n  File \"D:\\git\\ui_test\\pageobject\\media_page.py\", line 338, in hover_to_media\n    first_ele = eles[0]\n","steps":[{"name":"点击上传按钮","time":{"start":1721697138552,"stop":1721697139133,"duration":581},"status":"passed","steps":[],"attachments":[],"parameters":[],"shouldDisplayMessage":false,"attachmentsCount":0,"hasContent":false,"stepsCount":0},{"name":"进行文件上传","time":{"start":1721697139133,"stop":1721697146172,"duration":7039},"status":"passed","steps":[],"attachments":[],"parameters":[],"shouldDisplayMessage":false,"attachmentsCount":0,"hasContent":false,"stepsCount":0},{"name":"当进度为100%时，则关闭上传弹框","time":{"start":1721697146172,"stop":1721697148276,"duration":2104},"status":"passed","steps":[],"attachments":[],"parameters":[],"shouldDisplayMessage":false,"attachmentsCount":0,"hasContent":false,"stepsCount":0}],"attachments":[],"parameters":[],"shouldDisplayMessage":true,"attachmentsCount":0,"hasContent":true,"stepsCount":3},{"name":"点击上传按钮","time":{"start":1721697169344,"stop":1721697169919,"duration":575},"status":"passed","steps":[],"attachments":[],"parameters":[],"shouldDisplayMessage":false,"attachmentsCount":0,"hasContent":false,"stepsCount":0},{"name":"进行文件上传","time":{"start":1721697169919,"stop":1721697176960,"duration":7041},"status":"passed","steps":[],"attachments":[],"parameters":[],"shouldDisplayMessage":false,"attachmentsCount":0,"hasContent":false,"stepsCount":0},{"name":"当进度为100%时，则关闭上传弹框","time":{"start":1721697176960,"stop":1721697179089,"duration":2129},"status":"passed","steps":[],"attachments":[],"parameters":[],"shouldDisplayMessage":false,"attachmentsCount":0,"hasContent":false,"stepsCount":0},{"name":"点击预览按钮","time":{"start":1721697179220,"stop":1721697199266,"duration":20046},"status":"passed","steps":[],"attachments":[],"parameters":[],"shouldDisplayMessage":false,"attachmentsCount":0,"hasContent":false,"stepsCount":0},{"name":"关闭预览按钮","time":{"start":1721697200270,"stop":1721697220302,"duration":20032},"status":"broken","statusMessage":"selenium.common.exceptions.NoSuchElementException: Message: no such element: Unable to locate element: {\"method\":\"xpath\",\"selector\":\"//div[@class=\"dialogImg\"]\"}\n  (Session info: chrome=118.0.5993.118); For documentation on this error, please visit: https://www.selenium.dev/documentation/webdriver/troubleshooting/errors#no-such-element-exception\nStacktrace:\n\tGetHandleVerifier [0x00007FF6487778A2+54818]\n\t(No symbol) [0x00007FF6486E6AD2]\n\t(No symbol) [0x00007FF64859DA3B]\n\t(No symbol) [0x00007FF6485DE4FC]\n\t(No symbol) [0x00007FF6485DE67C]\n\t(No symbol) [0x00007FF648619627]\n\t(No symbol) [0x00007FF6485FEAEF]\n\t(No symbol) [0x00007FF6486175A2]\n\t(No symbol) [0x00007FF6485FE883]\n\t(No symbol) [0x00007FF6485D3691]\n\t(No symbol) [0x00007FF6485D48D4]\n\tGetHandleVerifier [0x00007FF648ADB9A2+3610402]\n\tGetHandleVerifier [0x00007FF648B31870+3962352]\n\tGetHandleVerifier [0x00007FF648B29D5F+3930847]\n\tGetHandleVerifier [0x00007FF648813656+693206]\n\t(No symbol) [0x00007FF6486F1638]\n\t(No symbol) [0x00007FF6486ED944]\n\t(No symbol) [0x00007FF6486EDA72]\n\t(No symbol) [0x00007FF6486DE123]\n\tBaseThreadInitThunk [0x00007FF949A7257D+29]\n\tRtlUserThreadStart [0x00007FF949BCAF28+40]\n\n","statusTrace":"  File \"D:\\git\\ui_test\\test_case\\test_media_center.py\", line 217, in test_delete_multi_file\n    media_page.close_preview()\n  File \"D:\\git\\ui_test\\pageobject\\media_page.py\", line 392, in close_preview\n    place_ele = self.get_element(preview_place)\n  File \"D:\\git\\ui_test\\basepage\\base_page.py\", line 245, in get_element\n    element = self.driver.find_element(By.XPATH, value=selector_value)\n  File \"D:\\sw_install\\python-install\\lib\\site-packages\\selenium\\webdriver\\remote\\webdriver.py\", line 742, in find_element\n    return self.execute(Command.FIND_ELEMENT, {\"using\": by, \"value\": value})[\"value\"]\n  File \"D:\\sw_install\\python-install\\lib\\site-packages\\selenium\\webdriver\\remote\\webdriver.py\", line 348, in execute\n    self.error_handler.check_response(response)\n  File \"D:\\sw_install\\python-install\\lib\\site-packages\\selenium\\webdriver\\remote\\errorhandler.py\", line 229, in check_response\n    raise exception_class(message, screen, stacktrace)\n","steps":[],"attachments":[],"parameters":[],"shouldDisplayMessage":true,"attachmentsCount":0,"hasContent":true,"stepsCount":0}],"attachments":[],"parameters":[],"shouldDisplayMessage":true,"attachmentsCount":0,"hasContent":true,"stepsCount":12},"afterStages":[{"name":"media_page::0","time":{"start":1721697417664,"stop":1721697417664,"duration":0},"status":"passed","steps":[],"attachments":[],"parameters":[],"shouldDisplayMessage":false,"attachmentsCount":0,"hasContent":false,"stepsCount":0},{"name":"driver::0","time":{"start":1721697417674,"stop":1721697427335,"duration":9661},"status":"passed","steps":[],"attachments":[],"parameters":[],"shouldDisplayMessage":false,"attachmentsCount":0,"hasContent":false,"stepsCount":0}],"labels":[{"name":"epic","value":"项目hkc"},{"name":"feature","value":"media center"},{"name":"tag","value":"@pytest.mark.usefixtures('media_set_up')"},{"name":"tag","value":"run(order=8)"},{"name":"parentSuite","value":"test_case"},{"name":"suite","value":"test_media_center"},{"name":"subSuite","value":"TestMediaCenter"},{"name":"host","value":"hkc0208725"},{"name":"thread","value":"34140-MainThread"},{"name":"framework","value":"pytest"},{"name":"language","value":"cpython3"},{"name":"package","value":"test_case.test_media_center"},{"name":"resultFormat","value":"allure2"}],"parameters":[],"links":[],"hidden":false,"retry":false,"extra":{"severity":"normal","retries":[],"categories":[{"name":"Test defects","matchedStatuses":[],"flaky":false}],"tags":["@pytest.mark.usefixtures('media_set_up')","run(order=8)"]},"source":"e2b82965e3b514e8.json","parameterValues":[]}