{"uuid": "3ff934a9-47c7-49e0-a03d-eaa7bbd0c081", "children": ["4694075f-7f6a-4eb0-bf93-48f86d093254"], "befores": [{"name": "terminal_set_up", "status": "broken", "statusDetails": {"message": "selenium.common.exceptions.ElementClickInterceptedException: Message: element click intercepted: Element <span data-v-9c2770a4=\"\" class=\"active\">...</span> is not clickable at point (175, 184). Other element would receive the click: <div role=\"dialog\" aria-modal=\"true\" aria-label=\"设备接入\" aria-describedby=\"el-id-4366-51\" class=\"el-overlay-dialog\" style=\"display: flex;\">...</div>\n  (Session info: chrome=118.0.5993.118)\nStacktrace:\n\tGetHandleVerifier [0x00007FF6A49C78A2+54818]\n\t(No symbol) [0x00007FF6A4936AD2]\n\t(No symbol) [0x00007FF6A47EDA3B]\n\t(No symbol) [0x00007FF6A48347CB]\n\t(No symbol) [0x00007FF6A4832B99]\n\t(No symbol) [0x00007FF6A4830968]\n\t(No symbol) [0x00007FF6A482FA23]\n\t(No symbol) [0x00007FF6A482571F]\n\t(No symbol) [0x00007FF6A484EAAA]\n\t(No symbol) [0x00007FF6A4825036]\n\t(No symbol) [0x00007FF6A484ECC0]\n\t(No symbol) [0x00007FF6A48675A2]\n\t(No symbol) [0x00007FF6A484E883]\n\t(No symbol) [0x00007FF6A4823691]\n\t(No symbol) [0x00007FF6A48248D4]\n\tGetHandleVerifier [0x00007FF6A4D2B9A2+3610402]\n\tGetHandleVerifier [0x00007FF6A4D81870+3962352]\n\tGetHandleVerifier [0x00007FF6A4D79D5F+3930847]\n\tGetHandleVerifier [0x00007FF6A4A63656+693206]\n\t(No symbol) [0x00007FF6A4941638]\n\t(No symbol) [0x00007FF6A493D944]\n\t(No symbol) [0x00007FF6A493DA72]\n\t(No symbol) [0x00007FF6A492E123]\n\tBaseThreadInitThunk [0x00007FFBB2E1257D+29]\n\tRtlUserThreadStart [0x00007FFBB502AA48+40]\n\n", "trace": "  File \"D:\\sw_install\\python-install\\lib\\site-packages\\pluggy\\_callers.py\", line 77, in _multicall\n    res = hook_impl.function(*args)\n  File \"D:\\sw_install\\python-install\\lib\\site-packages\\_pytest\\fixtures.py\", line 1130, in pytest_fixture_setup\n    result = call_fixture_func(fixturefunc, request, kwargs)\n  File \"D:\\sw_install\\python-install\\lib\\site-packages\\_pytest\\fixtures.py\", line 909, in call_fixture_func\n    fixture_result = fixturefunc(**kwargs)\n  File \"D:\\git\\ui_test\\test_case\\test_terminal_center.py\", line 58, in terminal_set_up\n    terminal_page.click_bind_terminal()\n  File \"D:\\git\\ui_test\\pageobject\\terminal_page.py\", line 111, in click_bind_terminal\n    self.click(bind_terminal_loca)\n  File \"D:\\git\\ui_test\\basepage\\base_page.py\", line 391, in click\n    element_to_click.click()\n  File \"D:\\sw_install\\python-install\\lib\\site-packages\\selenium\\webdriver\\remote\\webelement.py\", line 94, in click\n    self._execute(Command.CLICK_ELEMENT)\n  File \"D:\\sw_install\\python-install\\lib\\site-packages\\selenium\\webdriver\\remote\\webelement.py\", line 395, in _execute\n    return self._parent.execute(command, params)\n  File \"D:\\sw_install\\python-install\\lib\\site-packages\\selenium\\webdriver\\remote\\webdriver.py\", line 348, in execute\n    self.error_handler.check_response(response)\n  File \"D:\\sw_install\\python-install\\lib\\site-packages\\selenium\\webdriver\\remote\\errorhandler.py\", line 229, in check_response\n    raise exception_class(message, screen, stacktrace)\n"}, "steps": [{"name": "点击设备接入", "status": "broken", "statusDetails": {"message": "selenium.common.exceptions.ElementClickInterceptedException: Message: element click intercepted: Element <span data-v-9c2770a4=\"\" class=\"active\">...</span> is not clickable at point (175, 184). Other element would receive the click: <div role=\"dialog\" aria-modal=\"true\" aria-label=\"设备接入\" aria-describedby=\"el-id-4366-51\" class=\"el-overlay-dialog\" style=\"display: flex;\">...</div>\n  (Session info: chrome=118.0.5993.118)\nStacktrace:\n\tGetHandleVerifier [0x00007FF6A49C78A2+54818]\n\t(No symbol) [0x00007FF6A4936AD2]\n\t(No symbol) [0x00007FF6A47EDA3B]\n\t(No symbol) [0x00007FF6A48347CB]\n\t(No symbol) [0x00007FF6A4832B99]\n\t(No symbol) [0x00007FF6A4830968]\n\t(No symbol) [0x00007FF6A482FA23]\n\t(No symbol) [0x00007FF6A482571F]\n\t(No symbol) [0x00007FF6A484EAAA]\n\t(No symbol) [0x00007FF6A4825036]\n\t(No symbol) [0x00007FF6A484ECC0]\n\t(No symbol) [0x00007FF6A48675A2]\n\t(No symbol) [0x00007FF6A484E883]\n\t(No symbol) [0x00007FF6A4823691]\n\t(No symbol) [0x00007FF6A48248D4]\n\tGetHandleVerifier [0x00007FF6A4D2B9A2+3610402]\n\tGetHandleVerifier [0x00007FF6A4D81870+3962352]\n\tGetHandleVerifier [0x00007FF6A4D79D5F+3930847]\n\tGetHandleVerifier [0x00007FF6A4A63656+693206]\n\t(No symbol) [0x00007FF6A4941638]\n\t(No symbol) [0x00007FF6A493D944]\n\t(No symbol) [0x00007FF6A493DA72]\n\t(No symbol) [0x00007FF6A492E123]\n\tBaseThreadInitThunk [0x00007FFBB2E1257D+29]\n\tRtlUserThreadStart [0x00007FFBB502AA48+40]\n\n", "trace": "  File \"D:\\git\\ui_test\\test_case\\test_terminal_center.py\", line 58, in terminal_set_up\n    terminal_page.click_bind_terminal()\n  File \"D:\\git\\ui_test\\pageobject\\terminal_page.py\", line 111, in click_bind_terminal\n    self.click(bind_terminal_loca)\n  File \"D:\\git\\ui_test\\basepage\\base_page.py\", line 391, in click\n    element_to_click.click()\n  File \"D:\\sw_install\\python-install\\lib\\site-packages\\selenium\\webdriver\\remote\\webelement.py\", line 94, in click\n    self._execute(Command.CLICK_ELEMENT)\n  File \"D:\\sw_install\\python-install\\lib\\site-packages\\selenium\\webdriver\\remote\\webelement.py\", line 395, in _execute\n    return self._parent.execute(command, params)\n  File \"D:\\sw_install\\python-install\\lib\\site-packages\\selenium\\webdriver\\remote\\webdriver.py\", line 348, in execute\n    self.error_handler.check_response(response)\n  File \"D:\\sw_install\\python-install\\lib\\site-packages\\selenium\\webdriver\\remote\\errorhandler.py\", line 229, in check_response\n    raise exception_class(message, screen, stacktrace)\n"}, "start": 1719484045934, "stop": 1719484047595}], "start": 1719484025839, "stop": 1719484047598}], "start": 1719484025839, "stop": 1719484047684}