{"uuid": "b4f3f50e-b7b6-415d-a8be-ace3d07e4728", "children": ["6a78b30e-8628-44c2-94b4-514a6fe3d2d3"], "befores": [{"name": "init_play_bill", "status": "broken", "statusDetails": {"message": "selenium.common.exceptions.ElementClickInterceptedException: Message: element click intercepted: Element <img data-v-1b769ff6=\"\" src=\"/images/program/pedit1.png\" alt=\"\"> is not clickable at point (182, 125). Other element would receive the click: <div role=\"dialog\" aria-modal=\"true\" aria-label=\"创建节目\" aria-describedby=\"el-id-9805-38\" class=\"el-overlay-dialog\" style=\"display: flex;\">...</div>\n  (Session info: chrome=118.0.5993.118)\nStacktrace:\n\tGetHandleVerifier [0x00007FF6403978A2+54818]\n\t(No symbol) [0x00007FF640306AD2]\n\t(No symbol) [0x00007FF6401BDA3B]\n\t(No symbol) [0x00007FF6402047CB]\n\t(No symbol) [0x00007FF640202B99]\n\t(No symbol) [0x00007FF640200968]\n\t(No symbol) [0x00007FF6401FFA23]\n\t(No symbol) [0x00007FF6401F571F]\n\t(No symbol) [0x00007FF64021EAAA]\n\t(No symbol) [0x00007FF6401F5036]\n\t(No symbol) [0x00007FF64021ECC0]\n\t(No symbol) [0x00007FF6402375A2]\n\t(No symbol) [0x00007FF64021E883]\n\t(No symbol) [0x00007FF6401F3691]\n\t(No symbol) [0x00007FF6401F48D4]\n\tGetHandleVerifier [0x00007FF6406FB9A2+3610402]\n\tGetHandleVerifier [0x00007FF640751870+3962352]\n\tGetHandleVerifier [0x00007FF640749D5F+3930847]\n\tGetHandleVerifier [0x00007FF640433656+693206]\n\t(No symbol) [0x00007FF640311638]\n\t(No symbol) [0x00007FF64030D944]\n\t(No symbol) [0x00007FF64030DA72]\n\t(No symbol) [0x00007FF6402FE123]\n\tBaseThreadInitThunk [0x00007FFEE159257D+29]\n\tRtlUserThreadStart [0x00007FFEE202AA58+40]\n\n", "trace": "  File \"D:\\sw_install\\python-install\\lib\\site-packages\\pluggy\\_callers.py\", line 77, in _multicall\n    res = hook_impl.function(*args)\n  File \"D:\\sw_install\\python-install\\lib\\site-packages\\_pytest\\fixtures.py\", line 1130, in pytest_fixture_setup\n    result = call_fixture_func(fixturefunc, request, kwargs)\n  File \"D:\\sw_install\\python-install\\lib\\site-packages\\_pytest\\fixtures.py\", line 909, in call_fixture_func\n    fixture_result = fixturefunc(**kwargs)\n  File \"D:\\ui\\test_case\\test_play_bill.py\", line 56, in init_play_bill\n    program_page.create_general_program()\n  File \"D:\\ui\\pageobject\\program_page.py\", line 47, in create_general_program\n    self.click_create_program()\n  File \"D:\\ui\\pageobject\\program_page.py\", line 157, in click_create_program\n    self.click(create_program_locator)\n  File \"D:\\ui\\basepage\\base_page.py\", line 247, in click\n    e1.click()\n  File \"D:\\sw_install\\python-install\\lib\\site-packages\\selenium\\webdriver\\remote\\webelement.py\", line 94, in click\n    self._execute(Command.CLICK_ELEMENT)\n  File \"D:\\sw_install\\python-install\\lib\\site-packages\\selenium\\webdriver\\remote\\webelement.py\", line 395, in _execute\n    return self._parent.execute(command, params)\n  File \"D:\\sw_install\\python-install\\lib\\site-packages\\selenium\\webdriver\\remote\\webdriver.py\", line 348, in execute\n    self.error_handler.check_response(response)\n  File \"D:\\sw_install\\python-install\\lib\\site-packages\\selenium\\webdriver\\remote\\errorhandler.py\", line 229, in check_response\n    raise exception_class(message, screen, stacktrace)\n"}, "steps": [{"name": "点击创建节目", "status": "broken", "statusDetails": {"message": "selenium.common.exceptions.ElementClickInterceptedException: Message: element click intercepted: Element <img data-v-1b769ff6=\"\" src=\"/images/program/pedit1.png\" alt=\"\"> is not clickable at point (182, 125). Other element would receive the click: <div role=\"dialog\" aria-modal=\"true\" aria-label=\"创建节目\" aria-describedby=\"el-id-9805-38\" class=\"el-overlay-dialog\" style=\"display: flex;\">...</div>\n  (Session info: chrome=118.0.5993.118)\nStacktrace:\n\tGetHandleVerifier [0x00007FF6403978A2+54818]\n\t(No symbol) [0x00007FF640306AD2]\n\t(No symbol) [0x00007FF6401BDA3B]\n\t(No symbol) [0x00007FF6402047CB]\n\t(No symbol) [0x00007FF640202B99]\n\t(No symbol) [0x00007FF640200968]\n\t(No symbol) [0x00007FF6401FFA23]\n\t(No symbol) [0x00007FF6401F571F]\n\t(No symbol) [0x00007FF64021EAAA]\n\t(No symbol) [0x00007FF6401F5036]\n\t(No symbol) [0x00007FF64021ECC0]\n\t(No symbol) [0x00007FF6402375A2]\n\t(No symbol) [0x00007FF64021E883]\n\t(No symbol) [0x00007FF6401F3691]\n\t(No symbol) [0x00007FF6401F48D4]\n\tGetHandleVerifier [0x00007FF6406FB9A2+3610402]\n\tGetHandleVerifier [0x00007FF640751870+3962352]\n\tGetHandleVerifier [0x00007FF640749D5F+3930847]\n\tGetHandleVerifier [0x00007FF640433656+693206]\n\t(No symbol) [0x00007FF640311638]\n\t(No symbol) [0x00007FF64030D944]\n\t(No symbol) [0x00007FF64030DA72]\n\t(No symbol) [0x00007FF6402FE123]\n\tBaseThreadInitThunk [0x00007FFEE159257D+29]\n\tRtlUserThreadStart [0x00007FFEE202AA58+40]\n\n", "trace": "  File \"D:\\ui\\pageobject\\program_page.py\", line 47, in create_general_program\n    self.click_create_program()\n  File \"D:\\ui\\pageobject\\program_page.py\", line 157, in click_create_program\n    self.click(create_program_locator)\n  File \"D:\\ui\\basepage\\base_page.py\", line 247, in click\n    e1.click()\n  File \"D:\\sw_install\\python-install\\lib\\site-packages\\selenium\\webdriver\\remote\\webelement.py\", line 94, in click\n    self._execute(Command.CLICK_ELEMENT)\n  File \"D:\\sw_install\\python-install\\lib\\site-packages\\selenium\\webdriver\\remote\\webelement.py\", line 395, in _execute\n    return self._parent.execute(command, params)\n  File \"D:\\sw_install\\python-install\\lib\\site-packages\\selenium\\webdriver\\remote\\webdriver.py\", line 348, in execute\n    self.error_handler.check_response(response)\n  File \"D:\\sw_install\\python-install\\lib\\site-packages\\selenium\\webdriver\\remote\\errorhandler.py\", line 229, in check_response\n    raise exception_class(message, screen, stacktrace)\n"}, "start": 1715586635130, "stop": 1715586637233}], "start": 1715586633723, "stop": 1715586637234}], "start": 1715586633723, "stop": 1715586637264}