{"uuid": "abc4f11a-1ae2-4ea3-acf4-be28ff0065a4", "children": ["83b09ee6-0b9a-41be-99cc-f80be5a58916"], "befores": [{"name": "terminal_set_up", "status": "broken", "statusDetails": {"message": "selenium.common.exceptions.ElementClickInterceptedException: Message: element click intercepted: Element <span data-v-9c2770a4=\"\" class=\"\">...</span> is not clickable at point (236, 169). Other element would receive the click: <div class=\"el-overlay el-drawer-fade-enter-from el-drawer-fade-enter-active\" style=\"z-index: 2015;\">...</div>\n  (Session info: chrome=118.0.5993.118)\nStacktrace:\n\tGetHandleVerifier [0x00007FF6403978A2+54818]\n\t(No symbol) [0x00007FF640306AD2]\n\t(No symbol) [0x00007FF6401BDA3B]\n\t(No symbol) [0x00007FF6402047CB]\n\t(No symbol) [0x00007FF640202B99]\n\t(No symbol) [0x00007FF640200968]\n\t(No symbol) [0x00007FF6401FFA23]\n\t(No symbol) [0x00007FF6401F571F]\n\t(No symbol) [0x00007FF64021EAAA]\n\t(No symbol) [0x00007FF6401F5036]\n\t(No symbol) [0x00007FF64021ECC0]\n\t(No symbol) [0x00007FF6402375A2]\n\t(No symbol) [0x00007FF64021E883]\n\t(No symbol) [0x00007FF6401F3691]\n\t(No symbol) [0x00007FF6401F48D4]\n\tGetHandleVerifier [0x00007FF6406FB9A2+3610402]\n\tGetHandleVerifier [0x00007FF640751870+3962352]\n\tGetHandleVerifier [0x00007FF640749D5F+3930847]\n\tGetHandleVerifier [0x00007FF640433656+693206]\n\t(No symbol) [0x00007FF640311638]\n\t(No symbol) [0x00007FF64030D944]\n\t(No symbol) [0x00007FF64030DA72]\n\t(No symbol) [0x00007FF6402FE123]\n\tBaseThreadInitThunk [0x00007FFEE159257D+29]\n\tRtlUserThreadStart [0x00007FFEE202AA58+40]\n\n", "trace": "  File \"D:\\sw_install\\python-install\\lib\\site-packages\\pluggy\\_callers.py\", line 77, in _multicall\n    res = hook_impl.function(*args)\n  File \"D:\\sw_install\\python-install\\lib\\site-packages\\_pytest\\fixtures.py\", line 1130, in pytest_fixture_setup\n    result = call_fixture_func(fixturefunc, request, kwargs)\n  File \"D:\\sw_install\\python-install\\lib\\site-packages\\_pytest\\fixtures.py\", line 909, in call_fixture_func\n    fixture_result = fixturefunc(**kwargs)\n  File \"D:\\ui\\test_case\\test_terminal_center.py\", line 56, in terminal_set_up\n    terminal_page.click_bind_terminal()\n  File \"D:\\ui\\pageobject\\terminal_page.py\", line 107, in click_bind_terminal\n    self.click(bind_terminal_loca)\n  File \"D:\\ui\\basepage\\base_page.py\", line 247, in click\n    e1.click()\n  File \"D:\\sw_install\\python-install\\lib\\site-packages\\selenium\\webdriver\\remote\\webelement.py\", line 94, in click\n    self._execute(Command.CLICK_ELEMENT)\n  File \"D:\\sw_install\\python-install\\lib\\site-packages\\selenium\\webdriver\\remote\\webelement.py\", line 395, in _execute\n    return self._parent.execute(command, params)\n  File \"D:\\sw_install\\python-install\\lib\\site-packages\\selenium\\webdriver\\remote\\webdriver.py\", line 348, in execute\n    self.error_handler.check_response(response)\n  File \"D:\\sw_install\\python-install\\lib\\site-packages\\selenium\\webdriver\\remote\\errorhandler.py\", line 229, in check_response\n    raise exception_class(message, screen, stacktrace)\n"}, "steps": [{"name": "点击设备接入", "status": "broken", "statusDetails": {"message": "selenium.common.exceptions.ElementClickInterceptedException: Message: element click intercepted: Element <span data-v-9c2770a4=\"\" class=\"\">...</span> is not clickable at point (236, 169). Other element would receive the click: <div class=\"el-overlay el-drawer-fade-enter-from el-drawer-fade-enter-active\" style=\"z-index: 2015;\">...</div>\n  (Session info: chrome=118.0.5993.118)\nStacktrace:\n\tGetHandleVerifier [0x00007FF6403978A2+54818]\n\t(No symbol) [0x00007FF640306AD2]\n\t(No symbol) [0x00007FF6401BDA3B]\n\t(No symbol) [0x00007FF6402047CB]\n\t(No symbol) [0x00007FF640202B99]\n\t(No symbol) [0x00007FF640200968]\n\t(No symbol) [0x00007FF6401FFA23]\n\t(No symbol) [0x00007FF6401F571F]\n\t(No symbol) [0x00007FF64021EAAA]\n\t(No symbol) [0x00007FF6401F5036]\n\t(No symbol) [0x00007FF64021ECC0]\n\t(No symbol) [0x00007FF6402375A2]\n\t(No symbol) [0x00007FF64021E883]\n\t(No symbol) [0x00007FF6401F3691]\n\t(No symbol) [0x00007FF6401F48D4]\n\tGetHandleVerifier [0x00007FF6406FB9A2+3610402]\n\tGetHandleVerifier [0x00007FF640751870+3962352]\n\tGetHandleVerifier [0x00007FF640749D5F+3930847]\n\tGetHandleVerifier [0x00007FF640433656+693206]\n\t(No symbol) [0x00007FF640311638]\n\t(No symbol) [0x00007FF64030D944]\n\t(No symbol) [0x00007FF64030DA72]\n\t(No symbol) [0x00007FF6402FE123]\n\tBaseThreadInitThunk [0x00007FFEE159257D+29]\n\tRtlUserThreadStart [0x00007FFEE202AA58+40]\n\n", "trace": "  File \"D:\\ui\\test_case\\test_terminal_center.py\", line 56, in terminal_set_up\n    terminal_page.click_bind_terminal()\n  File \"D:\\ui\\pageobject\\terminal_page.py\", line 107, in click_bind_terminal\n    self.click(bind_terminal_loca)\n  File \"D:\\ui\\basepage\\base_page.py\", line 247, in click\n    e1.click()\n  File \"D:\\sw_install\\python-install\\lib\\site-packages\\selenium\\webdriver\\remote\\webelement.py\", line 94, in click\n    self._execute(Command.CLICK_ELEMENT)\n  File \"D:\\sw_install\\python-install\\lib\\site-packages\\selenium\\webdriver\\remote\\webelement.py\", line 395, in _execute\n    return self._parent.execute(command, params)\n  File \"D:\\sw_install\\python-install\\lib\\site-packages\\selenium\\webdriver\\remote\\webdriver.py\", line 348, in execute\n    self.error_handler.check_response(response)\n  File \"D:\\sw_install\\python-install\\lib\\site-packages\\selenium\\webdriver\\remote\\errorhandler.py\", line 229, in check_response\n    raise exception_class(message, screen, stacktrace)\n"}, "start": 1715588604946, "stop": 1715588607118}], "start": 1715588584376, "stop": 1715588607120}], "start": 1715588584376, "stop": 1715588607221}