{"uuid": "426c7179-792d-4a52-aca9-fb0ae0d687af", "children": ["737214ef-4ced-435c-95e6-c33d5bc3751b"], "befores": [{"name": "init_play_bill", "status": "broken", "statusDetails": {"message": "selenium.common.exceptions.ElementNotInteractableException: Message: element not interactable\n  (Session info: chrome=118.0.5993.118)\nStacktrace:\n\tGetHandleVerifier [0x00007FF6403978A2+54818]\n\t(No symbol) [0x00007FF640306AD2]\n\t(No symbol) [0x00007FF6401BD8ED]\n\t(No symbol) [0x00007FF6401FF8E5]\n\t(No symbol) [0x00007FF6401F571F]\n\t(No symbol) [0x00007FF64021EAAA]\n\t(No symbol) [0x00007FF6401F5036]\n\t(No symbol) [0x00007FF64021ECC0]\n\t(No symbol) [0x00007FF6402375A2]\n\t(No symbol) [0x00007FF64021E883]\n\t(No symbol) [0x00007FF6401F3691]\n\t(No symbol) [0x00007FF6401F48D4]\n\tGetHandleVerifier [0x00007FF6406FB9A2+3610402]\n\tGetHandleVerifier [0x00007FF640751870+3962352]\n\tGetHandleVerifier [0x00007FF640749D5F+3930847]\n\tGetHandleVerifier [0x00007FF640433656+693206]\n\t(No symbol) [0x00007FF640311638]\n\t(No symbol) [0x00007FF64030D944]\n\t(No symbol) [0x00007FF64030DA72]\n\t(No symbol) [0x00007FF6402FE123]\n\tBaseThreadInitThunk [0x00007FFEE159257D+29]\n\tRtlUserThreadStart [0x00007FFEE202AA58+40]\n\n", "trace": "  File \"D:\\sw_install\\python-install\\lib\\site-packages\\pluggy\\_callers.py\", line 77, in _multicall\n    res = hook_impl.function(*args)\n  File \"D:\\sw_install\\python-install\\lib\\site-packages\\_pytest\\fixtures.py\", line 1130, in pytest_fixture_setup\n    result = call_fixture_func(fixturefunc, request, kwargs)\n  File \"D:\\sw_install\\python-install\\lib\\site-packages\\_pytest\\fixtures.py\", line 909, in call_fixture_func\n    fixture_result = fixturefunc(**kwargs)\n  File \"D:\\ui\\test_case\\test_play_bill.py\", line 62, in init_play_bill\n    release_page.select_all_terminals()\n  File \"D:\\ui\\pageobject\\release_page.py\", line 264, in select_all_terminals\n    self.click(select_all_locator)\n  File \"D:\\ui\\basepage\\base_page.py\", line 247, in click\n    e1.click()\n  File \"D:\\sw_install\\python-install\\lib\\site-packages\\selenium\\webdriver\\remote\\webelement.py\", line 94, in click\n    self._execute(Command.CLICK_ELEMENT)\n  File \"D:\\sw_install\\python-install\\lib\\site-packages\\selenium\\webdriver\\remote\\webelement.py\", line 395, in _execute\n    return self._parent.execute(command, params)\n  File \"D:\\sw_install\\python-install\\lib\\site-packages\\selenium\\webdriver\\remote\\webdriver.py\", line 348, in execute\n    self.error_handler.check_response(response)\n  File \"D:\\sw_install\\python-install\\lib\\site-packages\\selenium\\webdriver\\remote\\errorhandler.py\", line 229, in check_response\n    raise exception_class(message, screen, stacktrace)\n"}, "steps": [{"name": "点击设备接入", "status": "passed", "start": 1715585880449, "stop": 1715585881542}, {"name": "输入设备sn码", "status": "passed", "start": 1715585882049, "stop": 1715585882653}, {"name": "输入设备名称", "status": "passed", "start": 1715585882653, "stop": 1715585883249}, {"name": "先点击所属机构", "status": "passed", "start": 1715585883249, "stop": 1715585883801}, {"name": "在下拉框展开组织架构", "status": "passed", "start": 1715585883801, "stop": 1715585884872}, {"name": "在下拉框进行选择", "status": "passed", "start": 1715585885379, "stop": 1715585887507}, {"name": "点击保存按钮", "status": "passed", "start": 1715585888017, "stop": 1715585929240}, {"name": "点击创建节目", "status": "passed", "start": 1715585950919, "stop": 1715585951991}, {"name": "输入节目名称（普通节目）", "status": "passed", "start": 1715585951991, "stop": 1715585952579}, {"name": "选择屏幕方向", "status": "passed", "start": 1715585952579, "stop": 1715585953124}, {"name": "选择分辨率", "status": "passed", "start": 1715585953124, "stop": 1715585954546}, {"name": "点击保存按钮", "status": "passed", "start": 1715585954546, "stop": 1715585955107}, {"name": "选择分辨率", "status": "broken", "statusDetails": {"message": "selenium.common.exceptions.NoSuchElementException: Message: no such element: Unable to locate element: {\"method\":\"xpath\",\"selector\":\"//span[text()=\"分辨率\"]/../..//input[@placeholder=\"请选择\"]\"}\n  (Session info: chrome=118.0.5993.118); For documentation on this error, please visit: https://www.selenium.dev/documentation/webdriver/troubleshooting/errors#no-such-element-exception\nStacktrace:\n\tGetHandleVerifier [0x00007FF6403978A2+54818]\n\t(No symbol) [0x00007FF640306AD2]\n\t(No symbol) [0x00007FF6401BDA3B]\n\t(No symbol) [0x00007FF6401FE4FC]\n\t(No symbol) [0x00007FF6401FE67C]\n\t(No symbol) [0x00007FF640239627]\n\t(No symbol) [0x00007FF64021EAEF]\n\t(No symbol) [0x00007FF6402375A2]\n\t(No symbol) [0x00007FF64021E883]\n\t(No symbol) [0x00007FF6401F3691]\n\t(No symbol) [0x00007FF6401F48D4]\n\tGetHandleVerifier [0x00007FF6406FB9A2+3610402]\n\tGetHandleVerifier [0x00007FF640751870+3962352]\n\tGetHandleVerifier [0x00007FF640749D5F+3930847]\n\tGetHandleVerifier [0x00007FF640433656+693206]\n\t(No symbol) [0x00007FF640311638]\n\t(No symbol) [0x00007FF64030D944]\n\t(No symbol) [0x00007FF64030DA72]\n\t(No symbol) [0x00007FF6402FE123]\n\tBaseThreadInitThunk [0x00007FFEE159257D+29]\n\tRtlUserThreadStart [0x00007FFEE202AA58+40]\n\n", "trace": "  File \"D:\\ui\\pageobject\\program_page.py\", line 76, in create_general_program\n    self.click_resolution()\n  File \"D:\\ui\\pageobject\\program_page.py\", line 191, in click_resolution\n    self.click(resolution_locator)\n  File \"D:\\ui\\basepage\\base_page.py\", line 246, in click\n    e1 = self.get_element(args)\n  File \"D:\\ui\\basepage\\base_page.py\", line 133, in get_element\n    w_element = self.driver.find_element(By.XPATH, value=args_value)\n  File \"D:\\sw_install\\python-install\\lib\\site-packages\\selenium\\webdriver\\remote\\webdriver.py\", line 742, in find_element\n    return self.execute(Command.FIND_ELEMENT, {\"using\": by, \"value\": value})[\"value\"]\n  File \"D:\\sw_install\\python-install\\lib\\site-packages\\selenium\\webdriver\\remote\\webdriver.py\", line 348, in execute\n    self.error_handler.check_response(response)\n  File \"D:\\sw_install\\python-install\\lib\\site-packages\\selenium\\webdriver\\remote\\errorhandler.py\", line 229, in check_response\n    raise exception_class(message, screen, stacktrace)\n"}, "start": 1715585955107, "stop": 1715585975127}, {"name": "在编辑器中进行保存", "status": "passed", "start": 1715585975148, "stop": 1715585980436}], "start": 1715585878519, "stop": 1715586017748}], "start": 1715585878519, "stop": 1715586017966}