{"name": "设备设置中，直接点击保存", "status": "broken", "statusDetails": {"message": "selenium.common.exceptions.NoSuchElementException: Message: no such element: Unable to locate element: {\"method\":\"xpath\",\"selector\":\"//img[@title=\"设置\"]\"}\n  (Session info: chrome=118.0.5993.118); For documentation on this error, please visit: https://www.selenium.dev/documentation/webdriver/troubleshooting/errors#no-such-element-exception\nStacktrace:\n\tGetHandleVerifier [0x00007FF6403978A2+54818]\n\t(No symbol) [0x00007FF640306AD2]\n\t(No symbol) [0x00007FF6401BDA3B]\n\t(No symbol) [0x00007FF6401FE4FC]\n\t(No symbol) [0x00007FF6401FE67C]\n\t(No symbol) [0x00007FF640239627]\n\t(No symbol) [0x00007FF64021EAEF]\n\t(No symbol) [0x00007FF6402375A2]\n\t(No symbol) [0x00007FF64021E883]\n\t(No symbol) [0x00007FF6401F3691]\n\t(No symbol) [0x00007FF6401F48D4]\n\tGetHandleVerifier [0x00007FF6406FB9A2+3610402]\n\tGetHandleVerifier [0x00007FF640751870+3962352]\n\tGetHandleVerifier [0x00007FF640749D5F+3930847]\n\tGetHandleVerifier [0x00007FF640433656+693206]\n\t(No symbol) [0x00007FF640311638]\n\t(No symbol) [0x00007FF64030D944]\n\t(No symbol) [0x00007FF64030DA72]\n\t(No symbol) [0x00007FF6402FE123]\n\tBaseThreadInitThunk [0x00007FFEE159257D+29]\n\tRtlUserThreadStart [0x00007FFEE202AA58+40]", "trace": "self = <test_case.test_terminal_center.TestTerminalCenter object at 0x00000248050FF1F0>\n\n    @pytest.mark.usefixtures('clear_terminal_list')\n    @pytest.mark.usefixtures('terminal_set_up')\n    @allure.title(\"设备设置中，直接点击保存\")\n    @pytest.mark.run(order=23)\n    def test_click_terminal_setting(self):\n        terminal_page = self.terminal_page\n        # terminal_page.switch_to_terminal_center()\n        # terminal_page.bind_terminal()\n        # sql_execute()\n        time.sleep(0.5)\n>       terminal_page.click_terminal_setting()\n\ntest_case\\test_terminal_center.py:683: \n_ _ _ _ _ _ _ _ _ _ _ _ _ _ _ _ _ _ _ _ _ _ _ _ _ _ _ _ _ _ _ _ _ _ _ _ _ _ _ _\npageobject\\terminal_page.py:225: in click_terminal_setting\n    self.click(terminal_setting_loca)\nbasepage\\base_page.py:246: in click\n    e1 = self.get_element(args)\nbasepage\\base_page.py:133: in get_element\n    w_element = self.driver.find_element(By.XPATH, value=args_value)\nD:\\sw_install\\python-install\\lib\\site-packages\\selenium\\webdriver\\remote\\webdriver.py:742: in find_element\n    return self.execute(Command.FIND_ELEMENT, {\"using\": by, \"value\": value})[\"value\"]\nD:\\sw_install\\python-install\\lib\\site-packages\\selenium\\webdriver\\remote\\webdriver.py:348: in execute\n    self.error_handler.check_response(response)\n_ _ _ _ _ _ _ _ _ _ _ _ _ _ _ _ _ _ _ _ _ _ _ _ _ _ _ _ _ _ _ _ _ _ _ _ _ _ _ _\n\nself = <selenium.webdriver.remote.errorhandler.ErrorHandler object at 0x000002482DD145B0>\nresponse = {'status': 404, 'value': '{\"value\":{\"error\":\"no such element\",\"message\":\"no such element: Unable to locate element: {\\...07FF6402FE123]\\\\n\\\\tBaseThreadInitThunk [0x00007FFEE159257D+29]\\\\n\\\\tRtlUserThreadStart [0x00007FFEE202AA58+40]\\\\n\"}}'}\n\n    def check_response(self, response: Dict[str, Any]) -> None:\n        \"\"\"Checks that a JSON response from the WebDriver does not have an\n        error.\n    \n        :Args:\n         - response - The JSON response from the WebDriver server as a dictionary\n           object.\n    \n        :Raises: If the response contains an error message.\n        \"\"\"\n        status = response.get(\"status\", None)\n        if not status or status == ErrorCode.SUCCESS:\n            return\n        value = None\n        message = response.get(\"message\", \"\")\n        screen: str = response.get(\"screen\", \"\")\n        stacktrace = None\n        if isinstance(status, int):\n            value_json = response.get(\"value\", None)\n            if value_json and isinstance(value_json, str):\n                import json\n    \n                try:\n                    value = json.loads(value_json)\n                    if len(value) == 1:\n                        value = value[\"value\"]\n                    status = value.get(\"error\", None)\n                    if not status:\n                        status = value.get(\"status\", ErrorCode.UNKNOWN_ERROR)\n                        message = value.get(\"value\") or value.get(\"message\")\n                        if not isinstance(message, str):\n                            value = message\n                            message = message.get(\"message\")\n                    else:\n                        message = value.get(\"message\", None)\n                except ValueError:\n                    pass\n    \n        exception_class: Type[WebDriverException]\n        e = ErrorCode()\n        error_codes = [item for item in dir(e) if not item.startswith(\"__\")]\n        for error_code in error_codes:\n            error_info = getattr(ErrorCode, error_code)\n            if isinstance(error_info, list) and status in error_info:\n                exception_class = getattr(ExceptionMapping, error_code, WebDriverException)\n                break\n        else:\n            exception_class = WebDriverException\n    \n        if not value:\n            value = response[\"value\"]\n        if isinstance(value, str):\n            raise exception_class(value)\n        if message == \"\" and \"message\" in value:\n            message = value[\"message\"]\n    \n        screen = None  # type: ignore[assignment]\n        if \"screen\" in value:\n            screen = value[\"screen\"]\n    \n        stacktrace = None\n        st_value = value.get(\"stackTrace\") or value.get(\"stacktrace\")\n        if st_value:\n            if isinstance(st_value, str):\n                stacktrace = st_value.split(\"\\n\")\n            else:\n                stacktrace = []\n                try:\n                    for frame in st_value:\n                        line = frame.get(\"lineNumber\", \"\")\n                        file = frame.get(\"fileName\", \"<anonymous>\")\n                        if line:\n                            file = f\"{file}:{line}\"\n                        meth = frame.get(\"methodName\", \"<anonymous>\")\n                        if \"className\" in frame:\n                            meth = f\"{frame['className']}.{meth}\"\n                        msg = \"    at %s (%s)\"\n                        msg = msg % (meth, file)\n                        stacktrace.append(msg)\n                except TypeError:\n                    pass\n        if exception_class == UnexpectedAlertPresentException:\n            alert_text = None\n            if \"data\" in value:\n                alert_text = value[\"data\"].get(\"text\")\n            elif \"alert\" in value:\n                alert_text = value[\"alert\"].get(\"text\")\n            raise exception_class(message, screen, stacktrace, alert_text)  # type: ignore[call-arg]  # mypy is not smart enough here\n>       raise exception_class(message, screen, stacktrace)\nE       selenium.common.exceptions.NoSuchElementException: Message: no such element: Unable to locate element: {\"method\":\"xpath\",\"selector\":\"//img[@title=\"设置\"]\"}\nE         (Session info: chrome=118.0.5993.118); For documentation on this error, please visit: https://www.selenium.dev/documentation/webdriver/troubleshooting/errors#no-such-element-exception\nE       Stacktrace:\nE       \tGetHandleVerifier [0x00007FF6403978A2+54818]\nE       \t(No symbol) [0x00007FF640306AD2]\nE       \t(No symbol) [0x00007FF6401BDA3B]\nE       \t(No symbol) [0x00007FF6401FE4FC]\nE       \t(No symbol) [0x00007FF6401FE67C]\nE       \t(No symbol) [0x00007FF640239627]\nE       \t(No symbol) [0x00007FF64021EAEF]\nE       \t(No symbol) [0x00007FF6402375A2]\nE       \t(No symbol) [0x00007FF64021E883]\nE       \t(No symbol) [0x00007FF6401F3691]\nE       \t(No symbol) [0x00007FF6401F48D4]\nE       \tGetHandleVerifier [0x00007FF6406FB9A2+3610402]\nE       \tGetHandleVerifier [0x00007FF640751870+3962352]\nE       \tGetHandleVerifier [0x00007FF640749D5F+3930847]\nE       \tGetHandleVerifier [0x00007FF640433656+693206]\nE       \t(No symbol) [0x00007FF640311638]\nE       \t(No symbol) [0x00007FF64030D944]\nE       \t(No symbol) [0x00007FF64030DA72]\nE       \t(No symbol) [0x00007FF6402FE123]\nE       \tBaseThreadInitThunk [0x00007FFEE159257D+29]\nE       \tRtlUserThreadStart [0x00007FFEE202AA58+40]\n\nD:\\sw_install\\python-install\\lib\\site-packages\\selenium\\webdriver\\remote\\errorhandler.py:229: NoSuchElementException"}, "start": 1715589490756, "stop": 1715589511315, "uuid": "e7039c90-680f-477d-b803-ad9d61c5bff1", "historyId": "331a599bbc0d87de471348e835809594", "testCaseId": "331a599bbc0d87de471348e835809594", "fullName": "test_case.test_terminal_center.TestTerminalCenter#test_click_terminal_setting", "labels": [{"name": "epic", "value": "项目hkc"}, {"name": "feature", "value": "terminal_center"}, {"name": "tag", "value": "run(order=23)"}, {"name": "tag", "value": "@pytest.mark.usefixtures('terminal_set_up')"}, {"name": "parentSuite", "value": "test_case"}, {"name": "suite", "value": "test_terminal_center"}, {"name": "subSuite", "value": "TestTerminalCenter"}, {"name": "host", "value": "hkc0208725"}, {"name": "thread", "value": "8424-MainThread"}, {"name": "framework", "value": "pytest"}, {"name": "language", "value": "cpython3"}, {"name": "package", "value": "test_case.test_terminal_center"}]}