{"uuid": "ad08d467-4359-4067-ae4b-801b13d2037e", "children": ["5d92d9d8-5385-46ff-9a23-c13a04ce5697"], "befores": [{"name": "terminal_set_up", "status": "broken", "statusDetails": {"message": "selenium.common.exceptions.ElementClickInterceptedException: Message: element click intercepted: Element <span data-v-281167bd=\"\" class=\"\">...</span> is not clickable at point (236, 172). Other element would receive the click: <div class=\"el-overlay el-drawer-fade-enter-from el-drawer-fade-enter-active\" style=\"z-index: 2018;\">...</div>\n  (Session info: chrome=118.0.5993.118)\nStacktrace:\n\tGetHandleVerifier [0x00007FF6ED1078A2+54818]\n\t(No symbol) [0x00007FF6ED076AD2]\n\t(No symbol) [0x00007FF6ECF2DA3B]\n\t(No symbol) [0x00007FF6ECF747CB]\n\t(No symbol) [0x00007FF6ECF72B99]\n\t(No symbol) [0x00007FF6ECF70968]\n\t(No symbol) [0x00007FF6ECF6FA23]\n\t(No symbol) [0x00007FF6ECF6571F]\n\t(No symbol) [0x00007FF6ECF8EAAA]\n\t(No symbol) [0x00007FF6ECF65036]\n\t(No symbol) [0x00007FF6ECF8ECC0]\n\t(No symbol) [0x00007FF6ECFA75A2]\n\t(No symbol) [0x00007FF6ECF8E883]\n\t(No symbol) [0x00007FF6ECF63691]\n\t(No symbol) [0x00007FF6ECF648D4]\n\tGetHandleVerifier [0x00007FF6ED46B9A2+3610402]\n\tGetHandleVerifier [0x00007FF6ED4C1870+3962352]\n\tGetHandleVerifier [0x00007FF6ED4B9D5F+3930847]\n\tGetHandleVerifier [0x00007FF6ED1A3656+693206]\n\t(No symbol) [0x00007FF6ED081638]\n\t(No symbol) [0x00007FF6ED07D944]\n\t(No symbol) [0x00007FF6ED07DA72]\n\t(No symbol) [0x00007FF6ED06E123]\n\tBaseThreadInitThunk [0x00007FFEE159257D+29]\n\tRtlUserThreadStart [0x00007FFEE202AA58+40]\n\n", "trace": "  File \"D:\\sw_install\\python-install\\lib\\site-packages\\pluggy\\_callers.py\", line 77, in _multicall\n    res = hook_impl.function(*args)\n  File \"D:\\sw_install\\python-install\\lib\\site-packages\\_pytest\\fixtures.py\", line 1130, in pytest_fixture_setup\n    result = call_fixture_func(fixturefunc, request, kwargs)\n  File \"D:\\sw_install\\python-install\\lib\\site-packages\\_pytest\\fixtures.py\", line 909, in call_fixture_func\n    fixture_result = fixturefunc(**kwargs)\n  File \"D:\\ui\\test_case\\test_terminal_center.py\", line 56, in terminal_set_up\n    terminal_page.click_bind_terminal()\n  File \"D:\\ui\\pageobject\\terminal_page.py\", line 74, in click_bind_terminal\n    self.click(bind_terminal_loca)\n  File \"D:\\ui\\basepage\\base_page.py\", line 240, in click\n    e1.click()\n  File \"D:\\sw_install\\python-install\\lib\\site-packages\\selenium\\webdriver\\remote\\webelement.py\", line 94, in click\n    self._execute(Command.CLICK_ELEMENT)\n  File \"D:\\sw_install\\python-install\\lib\\site-packages\\selenium\\webdriver\\remote\\webelement.py\", line 395, in _execute\n    return self._parent.execute(command, params)\n  File \"D:\\sw_install\\python-install\\lib\\site-packages\\selenium\\webdriver\\remote\\webdriver.py\", line 348, in execute\n    self.error_handler.check_response(response)\n  File \"D:\\sw_install\\python-install\\lib\\site-packages\\selenium\\webdriver\\remote\\errorhandler.py\", line 229, in check_response\n    raise exception_class(message, screen, stacktrace)\n"}, "steps": [{"name": "点击设备接入", "status": "broken", "statusDetails": {"message": "selenium.common.exceptions.ElementClickInterceptedException: Message: element click intercepted: Element <span data-v-281167bd=\"\" class=\"\">...</span> is not clickable at point (236, 172). Other element would receive the click: <div class=\"el-overlay el-drawer-fade-enter-from el-drawer-fade-enter-active\" style=\"z-index: 2018;\">...</div>\n  (Session info: chrome=118.0.5993.118)\nStacktrace:\n\tGetHandleVerifier [0x00007FF6ED1078A2+54818]\n\t(No symbol) [0x00007FF6ED076AD2]\n\t(No symbol) [0x00007FF6ECF2DA3B]\n\t(No symbol) [0x00007FF6ECF747CB]\n\t(No symbol) [0x00007FF6ECF72B99]\n\t(No symbol) [0x00007FF6ECF70968]\n\t(No symbol) [0x00007FF6ECF6FA23]\n\t(No symbol) [0x00007FF6ECF6571F]\n\t(No symbol) [0x00007FF6ECF8EAAA]\n\t(No symbol) [0x00007FF6ECF65036]\n\t(No symbol) [0x00007FF6ECF8ECC0]\n\t(No symbol) [0x00007FF6ECFA75A2]\n\t(No symbol) [0x00007FF6ECF8E883]\n\t(No symbol) [0x00007FF6ECF63691]\n\t(No symbol) [0x00007FF6ECF648D4]\n\tGetHandleVerifier [0x00007FF6ED46B9A2+3610402]\n\tGetHandleVerifier [0x00007FF6ED4C1870+3962352]\n\tGetHandleVerifier [0x00007FF6ED4B9D5F+3930847]\n\tGetHandleVerifier [0x00007FF6ED1A3656+693206]\n\t(No symbol) [0x00007FF6ED081638]\n\t(No symbol) [0x00007FF6ED07D944]\n\t(No symbol) [0x00007FF6ED07DA72]\n\t(No symbol) [0x00007FF6ED06E123]\n\tBaseThreadInitThunk [0x00007FFEE159257D+29]\n\tRtlUserThreadStart [0x00007FFEE202AA58+40]\n\n", "trace": "  File \"D:\\ui\\test_case\\test_terminal_center.py\", line 56, in terminal_set_up\n    terminal_page.click_bind_terminal()\n  File \"D:\\ui\\pageobject\\terminal_page.py\", line 74, in click_bind_terminal\n    self.click(bind_terminal_loca)\n  File \"D:\\ui\\basepage\\base_page.py\", line 240, in click\n    e1.click()\n  File \"D:\\sw_install\\python-install\\lib\\site-packages\\selenium\\webdriver\\remote\\webelement.py\", line 94, in click\n    self._execute(Command.CLICK_ELEMENT)\n  File \"D:\\sw_install\\python-install\\lib\\site-packages\\selenium\\webdriver\\remote\\webelement.py\", line 395, in _execute\n    return self._parent.execute(command, params)\n  File \"D:\\sw_install\\python-install\\lib\\site-packages\\selenium\\webdriver\\remote\\webdriver.py\", line 348, in execute\n    self.error_handler.check_response(response)\n  File \"D:\\sw_install\\python-install\\lib\\site-packages\\selenium\\webdriver\\remote\\errorhandler.py\", line 229, in check_response\n    raise exception_class(message, screen, stacktrace)\n"}, "start": 1715062130996, "stop": 1715062133129}], "start": 1715062110345, "stop": 1715062133132}], "start": 1715062110345, "stop": 1715062133288}