{"uid":"8236e0381e369800","name":"取消节目单失效","fullName":"test_case.test_play_bill.TestPlayBill#test_cancel_expiry_play_bill","historyId":"b88355229981ee225e20f37442cc9ec8","time":{"start":1718932188029,"stop":1718932188029,"duration":0},"status":"broken","statusMessage":"selenium.common.exceptions.NoSuchElementException: Message: no such element: Unable to locate element: {\"method\":\"xpath\",\"selector\":\"//div[@class=\"step-name\" and text()=\"选设备\"]/..\"}\n  (Session info: chrome=118.0.5993.118); For documentation on this error, please visit: https://www.selenium.dev/documentation/webdriver/troubleshooting/errors#no-such-element-exception\nStacktrace:\n\tGetHandleVerifier [0x00007FF6506878A2+54818]\n\t(No symbol) [0x00007FF6505F6AD2]\n\t(No symbol) [0x00007FF6504ADA3B]\n\t(No symbol) [0x00007FF6504EE4FC]\n\t(No symbol) [0x00007FF6504EE67C]\n\t(No symbol) [0x00007FF650529627]\n\t(No symbol) [0x00007FF65050EAEF]\n\t(No symbol) [0x00007FF6505275A2]\n\t(No symbol) [0x00007FF65050E883]\n\t(No symbol) [0x00007FF6504E3691]\n\t(No symbol) [0x00007FF6504E48D4]\n\tGetHandleVerifier [0x00007FF6509EB9A2+3610402]\n\tGetHandleVerifier [0x00007FF650A41870+3962352]\n\tGetHandleVerifier [0x00007FF650A39D5F+3930847]\n\tGetHandleVerifier [0x00007FF650723656+693206]\n\t(No symbol) [0x00007FF650601638]\n\t(No symbol) [0x00007FF6505FD944]\n\t(No symbol) [0x00007FF6505FDA72]\n\t(No symbol) [0x00007FF6505EE123]\n\tBaseThreadInitThunk [0x00007FFF5C2B257D+29]\n\tRtlUserThreadStart [0x00007FFF5CCCAA48+40]","statusTrace":"driver = <selenium.webdriver.chrome.webdriver.WebDriver (session=\"eba8bdca5741ee2849eb7cb0b9aa64ad\")>\nrelease_page = <pageobject.release_page.ReleasePage object at 0x00000263DD911E70>\n\n    @pytest.fixture(scope=\"function\")\n    def generate_one_program(driver,release_page):\n        \"\"\"\n        1、判断素材中心是不是有素材，有就先清空，再上传，再生成节目\n        2、没有就直接上传，再生成节目\n        :return:\n        \"\"\"\n    \n        media_list = MediaList()\n        mediapage = MediaPage(driver)\n        media_ids, folder_ids = media_list.get_media_list()\n        programlist = ProgramList()\n        program_names = programlist.get_program_list_names()\n    \n        if program_names == []:\n            if media_ids == []:\n                # 素材上传\n                time.sleep(0.3)\n                mediapage.refresh()\n                mediapage.switch_to_media_center()\n                mediapage.upload_media()\n                time.sleep(2)\n                # 素材发布\n                # media_ids, folder_ids = media_list.get_media_list()\n                mediapage.hover_to_media()\n                mediapage.choose_media()\n                mediapage.multi_release()\n                #选择设备，然后发布节目\n    \n                with step(\"点击选设备\"):\n                    release_page.choose_terminal()\n    \n                with step(\"选择一个设备\"):\n                    # release_page.choose_one_terminal()\n    \n                    # release_page.choose_terminal()\n                    release_page.select_all_terminals()\n                    # release_page.confirm_terminal_button()\n                    # release_page.click_system_icon()\n    \n                    # time.sleep(6)\n                with step(\"选完设备后，点击确定\"):\n                    # release_page.confirm_release_strategy()\n                    release_page.confirm_terminal_button()\n                    release_page.click_system_icon()\n    \n                with step(\"发布普通节目\"):\n>                   release_page.release_general_program()\n\ntest_case\\test_play_bill.py:161: \n_ _ _ _ _ _ _ _ _ _ _ _ _ _ _ _ _ _ _ _ _ _ _ _ _ _ _ _ _ _ _ _ _ _ _ _ _ _ _ _\npageobject\\release_page.py:80: in release_general_program\n    clickable_ele = self.get_element('by_xpath,//div[@class=\"step-name\" and text()=\"选设备\"]/..')\nbasepage\\base_page.py:245: in get_element\n    element = self.driver.find_element(By.XPATH, value=selector_value)\nD:\\sw_install\\python-install\\lib\\site-packages\\selenium\\webdriver\\remote\\webdriver.py:742: in find_element\n    return self.execute(Command.FIND_ELEMENT, {\"using\": by, \"value\": value})[\"value\"]\nD:\\sw_install\\python-install\\lib\\site-packages\\selenium\\webdriver\\remote\\webdriver.py:348: in execute\n    self.error_handler.check_response(response)\n_ _ _ _ _ _ _ _ _ _ _ _ _ _ _ _ _ _ _ _ _ _ _ _ _ _ _ _ _ _ _ _ _ _ _ _ _ _ _ _\n\nself = <selenium.webdriver.remote.errorhandler.ErrorHandler object at 0x00000263DD92A860>\nresponse = {'status': 404, 'value': '{\"value\":{\"error\":\"no such element\",\"message\":\"no such element: Unable to locate element: {\\...07FF6505EE123]\\\\n\\\\tBaseThreadInitThunk [0x00007FFF5C2B257D+29]\\\\n\\\\tRtlUserThreadStart [0x00007FFF5CCCAA48+40]\\\\n\"}}'}\n\n    def check_response(self, response: Dict[str, Any]) -> None:\n        \"\"\"Checks that a JSON response from the WebDriver does not have an\n        error.\n    \n        :Args:\n         - response - The JSON response from the WebDriver server as a dictionary\n           object.\n    \n        :Raises: If the response contains an error message.\n        \"\"\"\n        status = response.get(\"status\", None)\n        if not status or status == ErrorCode.SUCCESS:\n            return\n        value = None\n        message = response.get(\"message\", \"\")\n        screen: str = response.get(\"screen\", \"\")\n        stacktrace = None\n        if isinstance(status, int):\n            value_json = response.get(\"value\", None)\n            if value_json and isinstance(value_json, str):\n                import json\n    \n                try:\n                    value = json.loads(value_json)\n                    if len(value) == 1:\n                        value = value[\"value\"]\n                    status = value.get(\"error\", None)\n                    if not status:\n                        status = value.get(\"status\", ErrorCode.UNKNOWN_ERROR)\n                        message = value.get(\"value\") or value.get(\"message\")\n                        if not isinstance(message, str):\n                            value = message\n                            message = message.get(\"message\")\n                    else:\n                        message = value.get(\"message\", None)\n                except ValueError:\n                    pass\n    \n        exception_class: Type[WebDriverException]\n        e = ErrorCode()\n        error_codes = [item for item in dir(e) if not item.startswith(\"__\")]\n        for error_code in error_codes:\n            error_info = getattr(ErrorCode, error_code)\n            if isinstance(error_info, list) and status in error_info:\n                exception_class = getattr(ExceptionMapping, error_code, WebDriverException)\n                break\n        else:\n            exception_class = WebDriverException\n    \n        if not value:\n            value = response[\"value\"]\n        if isinstance(value, str):\n            raise exception_class(value)\n        if message == \"\" and \"message\" in value:\n            message = value[\"message\"]\n    \n        screen = None  # type: ignore[assignment]\n        if \"screen\" in value:\n            screen = value[\"screen\"]\n    \n        stacktrace = None\n        st_value = value.get(\"stackTrace\") or value.get(\"stacktrace\")\n        if st_value:\n            if isinstance(st_value, str):\n                stacktrace = st_value.split(\"\\n\")\n            else:\n                stacktrace = []\n                try:\n                    for frame in st_value:\n                        line = frame.get(\"lineNumber\", \"\")\n                        file = frame.get(\"fileName\", \"<anonymous>\")\n                        if line:\n                            file = f\"{file}:{line}\"\n                        meth = frame.get(\"methodName\", \"<anonymous>\")\n                        if \"className\" in frame:\n                            meth = f\"{frame['className']}.{meth}\"\n                        msg = \"    at %s (%s)\"\n                        msg = msg % (meth, file)\n                        stacktrace.append(msg)\n                except TypeError:\n                    pass\n        if exception_class == UnexpectedAlertPresentException:\n            alert_text = None\n            if \"data\" in value:\n                alert_text = value[\"data\"].get(\"text\")\n            elif \"alert\" in value:\n                alert_text = value[\"alert\"].get(\"text\")\n            raise exception_class(message, screen, stacktrace, alert_text)  # type: ignore[call-arg]  # mypy is not smart enough here\n>       raise exception_class(message, screen, stacktrace)\nE       selenium.common.exceptions.NoSuchElementException: Message: no such element: Unable to locate element: {\"method\":\"xpath\",\"selector\":\"//div[@class=\"step-name\" and text()=\"选设备\"]/..\"}\nE         (Session info: chrome=118.0.5993.118); For documentation on this error, please visit: https://www.selenium.dev/documentation/webdriver/troubleshooting/errors#no-such-element-exception\nE       Stacktrace:\nE       \tGetHandleVerifier [0x00007FF6506878A2+54818]\nE       \t(No symbol) [0x00007FF6505F6AD2]\nE       \t(No symbol) [0x00007FF6504ADA3B]\nE       \t(No symbol) [0x00007FF6504EE4FC]\nE       \t(No symbol) [0x00007FF6504EE67C]\nE       \t(No symbol) [0x00007FF650529627]\nE       \t(No symbol) [0x00007FF65050EAEF]\nE       \t(No symbol) [0x00007FF6505275A2]\nE       \t(No symbol) [0x00007FF65050E883]\nE       \t(No symbol) [0x00007FF6504E3691]\nE       \t(No symbol) [0x00007FF6504E48D4]\nE       \tGetHandleVerifier [0x00007FF6509EB9A2+3610402]\nE       \tGetHandleVerifier [0x00007FF650A41870+3962352]\nE       \tGetHandleVerifier [0x00007FF650A39D5F+3930847]\nE       \tGetHandleVerifier [0x00007FF650723656+693206]\nE       \t(No symbol) [0x00007FF650601638]\nE       \t(No symbol) [0x00007FF6505FD944]\nE       \t(No symbol) [0x00007FF6505FDA72]\nE       \t(No symbol) [0x00007FF6505EE123]\nE       \tBaseThreadInitThunk [0x00007FFF5C2B257D+29]\nE       \tRtlUserThreadStart [0x00007FFF5CCCAA48+40]\n\nD:\\sw_install\\python-install\\lib\\site-packages\\selenium\\webdriver\\remote\\errorhandler.py:229: NoSuchElementException","flaky":false,"newFailed":false,"newBroken":false,"newPassed":false,"retriesCount":0,"retriesStatusChange":false,"beforeStages":[{"name":"env","time":{"start":1718931976077,"stop":1718931976079,"duration":2},"status":"passed","steps":[],"attachments":[],"parameters":[],"hasContent":false,"stepsCount":0,"shouldDisplayMessage":false,"attachmentsCount":0},{"name":"driver","time":{"start":1718931976079,"stop":1718932001823,"duration":25744},"status":"passed","steps":[],"attachments":[],"parameters":[],"hasContent":false,"stepsCount":0,"shouldDisplayMessage":false,"attachmentsCount":0},{"name":"init_clear_all_play_bill_list","time":{"start":1718932001823,"stop":1718932003697,"duration":1874},"status":"passed","steps":[],"attachments":[],"parameters":[],"hasContent":false,"stepsCount":0,"shouldDisplayMessage":false,"attachmentsCount":0},{"name":"init_play_bill","time":{"start":1718932003698,"stop":1718932055990,"duration":52292},"status":"passed","steps":[{"name":"点击创建节目","time":{"start":1718932006241,"stop":1718932006763,"duration":522},"status":"passed","steps":[],"attachments":[],"parameters":[],"hasContent":false,"stepsCount":0,"shouldDisplayMessage":false,"attachmentsCount":0},{"name":"输入节目名称（普通节目）","time":{"start":1718932006763,"stop":1718932006839,"duration":76},"status":"passed","steps":[],"attachments":[],"parameters":[],"hasContent":false,"stepsCount":0,"shouldDisplayMessage":false,"attachmentsCount":0},{"name":"选择屏幕方向","time":{"start":1718932006839,"stop":1718932006948,"duration":109},"status":"passed","steps":[],"attachments":[],"parameters":[],"hasContent":false,"stepsCount":0,"shouldDisplayMessage":false,"attachmentsCount":0},{"name":"选择分辨率","time":{"start":1718932006948,"stop":1718932007468,"duration":520},"status":"passed","steps":[],"attachments":[],"parameters":[],"hasContent":false,"stepsCount":0,"shouldDisplayMessage":false,"attachmentsCount":0},{"name":"点击保存按钮","time":{"start":1718932007468,"stop":1718932007524,"duration":56},"status":"passed","steps":[],"attachments":[],"parameters":[],"hasContent":false,"stepsCount":0,"shouldDisplayMessage":false,"attachmentsCount":0},{"name":"选择分辨率","time":{"start":1718932007524,"stop":1718932048963,"duration":41439},"status":"passed","steps":[],"attachments":[],"parameters":[],"hasContent":false,"stepsCount":0,"shouldDisplayMessage":false,"attachmentsCount":0},{"name":"在编辑器中进行保存","time":{"start":1718932048963,"stop":1718932051777,"duration":2814},"status":"passed","steps":[],"attachments":[],"parameters":[],"hasContent":false,"stepsCount":0,"shouldDisplayMessage":false,"attachmentsCount":0},{"name":"选择第一个节目","time":{"start":1718932053127,"stop":1718932053323,"duration":196},"status":"passed","steps":[],"attachments":[],"parameters":[],"hasContent":false,"stepsCount":0,"shouldDisplayMessage":false,"attachmentsCount":0},{"name":"选择设备","time":{"start":1718932053323,"stop":1718932055067,"duration":1744},"status":"passed","steps":[],"attachments":[],"parameters":[],"hasContent":false,"stepsCount":0,"shouldDisplayMessage":false,"attachmentsCount":0}],"attachments":[],"parameters":[],"hasContent":true,"stepsCount":9,"shouldDisplayMessage":false,"attachmentsCount":0},{"name":"play_bill_page","time":{"start":1718932055991,"stop":1718932055991,"duration":0},"status":"passed","steps":[],"attachments":[],"parameters":[],"hasContent":false,"stepsCount":0,"shouldDisplayMessage":false,"attachmentsCount":0},{"name":"release_page","time":{"start":1718932055991,"stop":1718932055991,"duration":0},"status":"passed","steps":[],"attachments":[],"parameters":[],"hasContent":false,"stepsCount":0,"shouldDisplayMessage":false,"attachmentsCount":0},{"name":"generate_one_program","time":{"start":1718932188030,"stop":1718932306964,"duration":118934},"status":"broken","statusMessage":"selenium.common.exceptions.NoSuchElementException: Message: no such element: Unable to locate element: {\"method\":\"xpath\",\"selector\":\"//div[@class=\"step-name\" and text()=\"选设备\"]/..\"}\n  (Session info: chrome=118.0.5993.118); For documentation on this error, please visit: https://www.selenium.dev/documentation/webdriver/troubleshooting/errors#no-such-element-exception\nStacktrace:\n\tGetHandleVerifier [0x00007FF6506878A2+54818]\n\t(No symbol) [0x00007FF6505F6AD2]\n\t(No symbol) [0x00007FF6504ADA3B]\n\t(No symbol) [0x00007FF6504EE4FC]\n\t(No symbol) [0x00007FF6504EE67C]\n\t(No symbol) [0x00007FF650529627]\n\t(No symbol) [0x00007FF65050EAEF]\n\t(No symbol) [0x00007FF6505275A2]\n\t(No symbol) [0x00007FF65050E883]\n\t(No symbol) [0x00007FF6504E3691]\n\t(No symbol) [0x00007FF6504E48D4]\n\tGetHandleVerifier [0x00007FF6509EB9A2+3610402]\n\tGetHandleVerifier [0x00007FF650A41870+3962352]\n\tGetHandleVerifier [0x00007FF650A39D5F+3930847]\n\tGetHandleVerifier [0x00007FF650723656+693206]\n\t(No symbol) [0x00007FF650601638]\n\t(No symbol) [0x00007FF6505FD944]\n\t(No symbol) [0x00007FF6505FDA72]\n\t(No symbol) [0x00007FF6505EE123]\n\tBaseThreadInitThunk [0x00007FFF5C2B257D+29]\n\tRtlUserThreadStart [0x00007FFF5CCCAA48+40]\n\n","statusTrace":"  File \"D:\\sw_install\\python-install\\lib\\site-packages\\pluggy\\_callers.py\", line 77, in _multicall\n    res = hook_impl.function(*args)\n  File \"D:\\sw_install\\python-install\\lib\\site-packages\\_pytest\\fixtures.py\", line 1130, in pytest_fixture_setup\n    result = call_fixture_func(fixturefunc, request, kwargs)\n  File \"D:\\sw_install\\python-install\\lib\\site-packages\\_pytest\\fixtures.py\", line 909, in call_fixture_func\n    fixture_result = fixturefunc(**kwargs)\n  File \"D:\\git\\ui_test\\test_case\\test_play_bill.py\", line 161, in generate_one_program\n    release_page.release_general_program()\n  File \"D:\\git\\ui_test\\pageobject\\release_page.py\", line 80, in release_general_program\n    clickable_ele = self.get_element('by_xpath,//div[@class=\"step-name\" and text()=\"选设备\"]/..')\n  File \"D:\\git\\ui_test\\basepage\\base_page.py\", line 245, in get_element\n    element = self.driver.find_element(By.XPATH, value=selector_value)\n  File \"D:\\sw_install\\python-install\\lib\\site-packages\\selenium\\webdriver\\remote\\webdriver.py\", line 742, in find_element\n    return self.execute(Command.FIND_ELEMENT, {\"using\": by, \"value\": value})[\"value\"]\n  File \"D:\\sw_install\\python-install\\lib\\site-packages\\selenium\\webdriver\\remote\\webdriver.py\", line 348, in execute\n    self.error_handler.check_response(response)\n  File \"D:\\sw_install\\python-install\\lib\\site-packages\\selenium\\webdriver\\remote\\errorhandler.py\", line 229, in check_response\n    raise exception_class(message, screen, stacktrace)\n","steps":[{"name":"点击上传按钮","time":{"start":1718932189512,"stop":1718932190158,"duration":646},"status":"passed","steps":[],"attachments":[],"parameters":[],"hasContent":false,"stepsCount":0,"shouldDisplayMessage":false,"attachmentsCount":0},{"name":"进行文件上传","time":{"start":1718932190158,"stop":1718932197216,"duration":7058},"status":"passed","steps":[],"attachments":[],"parameters":[],"hasContent":false,"stepsCount":0,"shouldDisplayMessage":false,"attachmentsCount":0},{"name":"当进度为100%时，则关闭上传弹框","time":{"start":1718932197216,"stop":1718932199338,"duration":2122},"status":"passed","steps":[],"attachments":[],"parameters":[],"hasContent":false,"stepsCount":0,"shouldDisplayMessage":false,"attachmentsCount":0},{"name":"点击选设备","time":{"start":1718932204689,"stop":1718932225244,"duration":20555},"status":"passed","steps":[],"attachments":[],"parameters":[],"hasContent":false,"stepsCount":0,"shouldDisplayMessage":false,"attachmentsCount":0},{"name":"选择一个设备","time":{"start":1718932225244,"stop":1718932245812,"duration":20568},"status":"passed","steps":[],"attachments":[],"parameters":[],"hasContent":false,"stepsCount":0,"shouldDisplayMessage":false,"attachmentsCount":0},{"name":"选完设备后，点击确定","time":{"start":1718932245812,"stop":1718932266435,"duration":20623},"status":"passed","steps":[],"attachments":[],"parameters":[],"hasContent":false,"stepsCount":0,"shouldDisplayMessage":false,"attachmentsCount":0},{"name":"发布普通节目","time":{"start":1718932266435,"stop":1718932306957,"duration":40522},"status":"broken","statusMessage":"selenium.common.exceptions.NoSuchElementException: Message: no such element: Unable to locate element: {\"method\":\"xpath\",\"selector\":\"//div[@class=\"step-name\" and text()=\"选设备\"]/..\"}\n  (Session info: chrome=118.0.5993.118); For documentation on this error, please visit: https://www.selenium.dev/documentation/webdriver/troubleshooting/errors#no-such-element-exception\nStacktrace:\n\tGetHandleVerifier [0x00007FF6506878A2+54818]\n\t(No symbol) [0x00007FF6505F6AD2]\n\t(No symbol) [0x00007FF6504ADA3B]\n\t(No symbol) [0x00007FF6504EE4FC]\n\t(No symbol) [0x00007FF6504EE67C]\n\t(No symbol) [0x00007FF650529627]\n\t(No symbol) [0x00007FF65050EAEF]\n\t(No symbol) [0x00007FF6505275A2]\n\t(No symbol) [0x00007FF65050E883]\n\t(No symbol) [0x00007FF6504E3691]\n\t(No symbol) [0x00007FF6504E48D4]\n\tGetHandleVerifier [0x00007FF6509EB9A2+3610402]\n\tGetHandleVerifier [0x00007FF650A41870+3962352]\n\tGetHandleVerifier [0x00007FF650A39D5F+3930847]\n\tGetHandleVerifier [0x00007FF650723656+693206]\n\t(No symbol) [0x00007FF650601638]\n\t(No symbol) [0x00007FF6505FD944]\n\t(No symbol) [0x00007FF6505FDA72]\n\t(No symbol) [0x00007FF6505EE123]\n\tBaseThreadInitThunk [0x00007FFF5C2B257D+29]\n\tRtlUserThreadStart [0x00007FFF5CCCAA48+40]\n\n","statusTrace":"  File \"D:\\git\\ui_test\\test_case\\test_play_bill.py\", line 161, in generate_one_program\n    release_page.release_general_program()\n  File \"D:\\git\\ui_test\\pageobject\\release_page.py\", line 80, in release_general_program\n    clickable_ele = self.get_element('by_xpath,//div[@class=\"step-name\" and text()=\"选设备\"]/..')\n  File \"D:\\git\\ui_test\\basepage\\base_page.py\", line 245, in get_element\n    element = self.driver.find_element(By.XPATH, value=selector_value)\n  File \"D:\\sw_install\\python-install\\lib\\site-packages\\selenium\\webdriver\\remote\\webdriver.py\", line 742, in find_element\n    return self.execute(Command.FIND_ELEMENT, {\"using\": by, \"value\": value})[\"value\"]\n  File \"D:\\sw_install\\python-install\\lib\\site-packages\\selenium\\webdriver\\remote\\webdriver.py\", line 348, in execute\n    self.error_handler.check_response(response)\n  File \"D:\\sw_install\\python-install\\lib\\site-packages\\selenium\\webdriver\\remote\\errorhandler.py\", line 229, in check_response\n    raise exception_class(message, screen, stacktrace)\n","steps":[],"attachments":[],"parameters":[],"hasContent":true,"stepsCount":0,"shouldDisplayMessage":true,"attachmentsCount":0}],"attachments":[],"parameters":[],"hasContent":true,"stepsCount":7,"shouldDisplayMessage":false,"attachmentsCount":0}],"afterStages":[{"name":"play_bill_page::0","time":{"start":1718932556063,"stop":1718932556201,"duration":138},"status":"passed","steps":[],"attachments":[],"parameters":[],"hasContent":false,"stepsCount":0,"shouldDisplayMessage":false,"attachmentsCount":0},{"name":"release_page::0","time":{"start":1718932556209,"stop":1718932556209,"duration":0},"status":"passed","steps":[],"attachments":[],"parameters":[],"hasContent":false,"stepsCount":0,"shouldDisplayMessage":false,"attachmentsCount":0},{"name":"driver::0","time":{"start":1718932556231,"stop":1718932560834,"duration":4603},"status":"passed","steps":[],"attachments":[],"parameters":[],"hasContent":false,"stepsCount":0,"shouldDisplayMessage":false,"attachmentsCount":0}],"labels":[{"name":"feature","value":"play bill list"},{"name":"epic","value":"项目hkc"},{"name":"tag","value":"@pytest.mark.usefixtures('generate_one_program')"},{"name":"tag","value":"run(order=7)"},{"name":"parentSuite","value":"test_case"},{"name":"suite","value":"test_play_bill"},{"name":"subSuite","value":"TestPlayBill"},{"name":"host","value":"hkc0208725"},{"name":"thread","value":"26536-MainThread"},{"name":"framework","value":"pytest"},{"name":"language","value":"cpython3"},{"name":"package","value":"test_case.test_play_bill"},{"name":"resultFormat","value":"allure2"}],"parameters":[],"links":[],"hidden":false,"retry":false,"extra":{"severity":"normal","retries":[],"categories":[{"name":"Test defects","matchedStatuses":[],"flaky":false}],"tags":["run(order=7)","@pytest.mark.usefixtures('generate_one_program')"]},"source":"8236e0381e369800.json","parameterValues":[]}