{"uuid": "fda6cddf-6e08-443b-b80f-2177cecd98b0", "children": ["c961e9ca-0c9c-4964-9d14-f2604f523e25"], "befores": [{"name": "generate_one_program", "status": "broken", "statusDetails": {"message": "selenium.common.exceptions.NoSuchElementException: Message: no such element: Unable to locate element: {\"method\":\"xpath\",\"selector\":\"//div[@class=\"step-name\" and text()=\"选设备\"]/..\"}\n  (Session info: chrome=118.0.5993.118); For documentation on this error, please visit: https://www.selenium.dev/documentation/webdriver/troubleshooting/errors#no-such-element-exception\nStacktrace:\n\tGetHandleVerifier [0x00007FF72C4D78A2+54818]\n\t(No symbol) [0x00007FF72C446AD2]\n\t(No symbol) [0x00007FF72C2FDA3B]\n\t(No symbol) [0x00007FF72C33E4FC]\n\t(No symbol) [0x00007FF72C33E67C]\n\t(No symbol) [0x00007FF72C379627]\n\t(No symbol) [0x00007FF72C35EAEF]\n\t(No symbol) [0x00007FF72C3775A2]\n\t(No symbol) [0x00007FF72C35E883]\n\t(No symbol) [0x00007FF72C333691]\n\t(No symbol) [0x00007FF72C3348D4]\n\tGetHandleVerifier [0x00007FF72C83B9A2+3610402]\n\tGetHandleVerifier [0x00007FF72C891870+3962352]\n\tGetHandleVerifier [0x00007FF72C889D5F+3930847]\n\tGetHandleVerifier [0x00007FF72C573656+693206]\n\t(No symbol) [0x00007FF72C451638]\n\t(No symbol) [0x00007FF72C44D944]\n\t(No symbol) [0x00007FF72C44DA72]\n\t(No symbol) [0x00007FF72C43E123]\n\tBaseThreadInitThunk [0x00007FFF5C2B257D+29]\n\tRtlUserThreadStart [0x00007FFF5CCCAA48+40]\n\n", "trace": "  File \"D:\\sw_install\\python-install\\lib\\site-packages\\pluggy\\_callers.py\", line 77, in _multicall\n    res = hook_impl.function(*args)\n  File \"D:\\sw_install\\python-install\\lib\\site-packages\\_pytest\\fixtures.py\", line 1130, in pytest_fixture_setup\n    result = call_fixture_func(fixturefunc, request, kwargs)\n  File \"D:\\sw_install\\python-install\\lib\\site-packages\\_pytest\\fixtures.py\", line 909, in call_fixture_func\n    fixture_result = fixturefunc(**kwargs)\n  File \"D:\\git\\ui_test\\test_case\\test_play_bill.py\", line 156, in generate_one_program\n    release_page.release_general_program()\n  File \"D:\\git\\ui_test\\pageobject\\release_page.py\", line 80, in release_general_program\n    clickable_ele = self.get_element('by_xpath,//div[@class=\"step-name\" and text()=\"选设备\"]/..')\n  File \"D:\\git\\ui_test\\basepage\\base_page.py\", line 245, in get_element\n    element = self.driver.find_element(By.XPATH, value=selector_value)\n  File \"D:\\sw_install\\python-install\\lib\\site-packages\\selenium\\webdriver\\remote\\webdriver.py\", line 742, in find_element\n    return self.execute(Command.FIND_ELEMENT, {\"using\": by, \"value\": value})[\"value\"]\n  File \"D:\\sw_install\\python-install\\lib\\site-packages\\selenium\\webdriver\\remote\\webdriver.py\", line 348, in execute\n    self.error_handler.check_response(response)\n  File \"D:\\sw_install\\python-install\\lib\\site-packages\\selenium\\webdriver\\remote\\errorhandler.py\", line 229, in check_response\n    raise exception_class(message, screen, stacktrace)\n"}, "steps": [{"name": "点击上传按钮", "status": "passed", "start": 1718612496948, "stop": 1718612497674}, {"name": "进行文件上传", "status": "passed", "start": 1718612497674, "stop": 1718612504774}, {"name": "当进度为100%时，则关闭上传弹框", "status": "passed", "start": 1718612504774, "stop": 1718612506901}, {"name": "点击选设备", "status": "passed", "start": 1718612512028, "stop": 1718612532556}, {"name": "选择一个设备", "status": "passed", "start": 1718612532556, "stop": 1718612559118}, {"name": "选完设备后，点击确定", "status": "passed", "start": 1718612559118, "stop": 1718612579788}, {"name": "发布普通节目", "status": "broken", "statusDetails": {"message": "selenium.common.exceptions.NoSuchElementException: Message: no such element: Unable to locate element: {\"method\":\"xpath\",\"selector\":\"//div[@class=\"step-name\" and text()=\"选设备\"]/..\"}\n  (Session info: chrome=118.0.5993.118); For documentation on this error, please visit: https://www.selenium.dev/documentation/webdriver/troubleshooting/errors#no-such-element-exception\nStacktrace:\n\tGetHandleVerifier [0x00007FF72C4D78A2+54818]\n\t(No symbol) [0x00007FF72C446AD2]\n\t(No symbol) [0x00007FF72C2FDA3B]\n\t(No symbol) [0x00007FF72C33E4FC]\n\t(No symbol) [0x00007FF72C33E67C]\n\t(No symbol) [0x00007FF72C379627]\n\t(No symbol) [0x00007FF72C35EAEF]\n\t(No symbol) [0x00007FF72C3775A2]\n\t(No symbol) [0x00007FF72C35E883]\n\t(No symbol) [0x00007FF72C333691]\n\t(No symbol) [0x00007FF72C3348D4]\n\tGetHandleVerifier [0x00007FF72C83B9A2+3610402]\n\tGetHandleVerifier [0x00007FF72C891870+3962352]\n\tGetHandleVerifier [0x00007FF72C889D5F+3930847]\n\tGetHandleVerifier [0x00007FF72C573656+693206]\n\t(No symbol) [0x00007FF72C451638]\n\t(No symbol) [0x00007FF72C44D944]\n\t(No symbol) [0x00007FF72C44DA72]\n\t(No symbol) [0x00007FF72C43E123]\n\tBaseThreadInitThunk [0x00007FFF5C2B257D+29]\n\tRtlUserThreadStart [0x00007FFF5CCCAA48+40]\n\n", "trace": "  File \"D:\\git\\ui_test\\test_case\\test_play_bill.py\", line 156, in generate_one_program\n    release_page.release_general_program()\n  File \"D:\\git\\ui_test\\pageobject\\release_page.py\", line 80, in release_general_program\n    clickable_ele = self.get_element('by_xpath,//div[@class=\"step-name\" and text()=\"选设备\"]/..')\n  File \"D:\\git\\ui_test\\basepage\\base_page.py\", line 245, in get_element\n    element = self.driver.find_element(By.XPATH, value=selector_value)\n  File \"D:\\sw_install\\python-install\\lib\\site-packages\\selenium\\webdriver\\remote\\webdriver.py\", line 742, in find_element\n    return self.execute(Command.FIND_ELEMENT, {\"using\": by, \"value\": value})[\"value\"]\n  File \"D:\\sw_install\\python-install\\lib\\site-packages\\selenium\\webdriver\\remote\\webdriver.py\", line 348, in execute\n    self.error_handler.check_response(response)\n  File \"D:\\sw_install\\python-install\\lib\\site-packages\\selenium\\webdriver\\remote\\errorhandler.py\", line 229, in check_response\n    raise exception_class(message, screen, stacktrace)\n"}, "start": 1718612579788, "stop": 1718612620411}], "start": 1718612495584, "stop": 1718612620411}], "start": 1718612495584, "stop": 1718612620592}