{"name": "添加分支", "status": "broken", "statusDetails": {"message": "selenium.common.exceptions.NoSuchElementException: Message: no such element: Unable to locate element: {\"method\":\"xpath\",\"selector\":\"//div[@class=\"el-overlay\"]//input[@placeholder=\"请选择\"]\"}\n  (Session info: chrome=118.0.5993.118); For documentation on this error, please visit: https://www.selenium.dev/documentation/webdriver/troubleshooting/errors#no-such-element-exception\nStacktrace:\n\tGetHandleVerifier [0x00007FF6CFD778A2+54818]\n\t(No symbol) [0x00007FF6CFCE6AD2]\n\t(No symbol) [0x00007FF6CFB9DA3B]\n\t(No symbol) [0x00007FF6CFBDE4FC]\n\t(No symbol) [0x00007FF6CFBDE67C]\n\t(No symbol) [0x00007FF6CFC19627]\n\t(No symbol) [0x00007FF6CFBFEAEF]\n\t(No symbol) [0x00007FF6CFC175A2]\n\t(No symbol) [0x00007FF6CFBFE883]\n\t(No symbol) [0x00007FF6CFBD3691]\n\t(No symbol) [0x00007FF6CFBD48D4]\n\tGetHandleVerifier [0x00007FF6D00DB9A2+3610402]\n\tGetHandleVerifier [0x00007FF6D0131870+3962352]\n\tGetHandleVerifier [0x00007FF6D0129D5F+3930847]\n\tGetHandleVerifier [0x00007FF6CFE13656+693206]\n\t(No symbol) [0x00007FF6CFCF1638]\n\t(No symbol) [0x00007FF6CFCED944]\n\t(No symbol) [0x00007FF6CFCEDA72]\n\t(No symbol) [0x00007FF6CFCDE123]\n\tBaseThreadInitThunk [0x00007FFEE159257D+29]\n\tRtlUserThreadStart [0x00007FFEE202AA58+40]", "trace": "self = <test_case.test_system_management.TestSystemManagement object at 0x000002761229AF50>\n\n    @allure.title(\"添加分支\")\n    @pytest.mark.run(order=2)\n    def test_add_branch(self):\n        system_page = self.system_page\n        system_page.refresh()\n        with step(\"左侧栏进入系统管理模块\"):\n            system_page.switch_to_system_management()\n        time.sleep(0.5)\n        with step(\"点击系统管理-组织架构-添加机构按钮\"):\n            system_page.add_org_icon()\n        # self.driver.switch_to_alert()\n        with step(\"点击分支名称处\"):\n            system_page.find_branch_name()\n        branch_name = random.randint(1, 1000)\n        with step(\"输入分支名称\"):\n            system_page.input_branch_name(branch_name)\n        with step(\"选择上级机构\"):\n>           system_page.select_perent_org_branch()\n\ntest_case\\test_system_management.py:62: \n_ _ _ _ _ _ _ _ _ _ _ _ _ _ _ _ _ _ _ _ _ _ _ _ _ _ _ _ _ _ _ _ _ _ _ _ _ _ _ _\npageobject\\system_page.py:77: in select_perent_org_branch\n    self.click(org_element_loca)\nbasepage\\base_page.py:234: in click\n    e1 = self.get_element(args)\nbasepage\\base_page.py:121: in get_element\n    w_element = self.driver.find_element(By.XPATH, value=args_value)\nD:\\sw_install\\python-install\\lib\\site-packages\\selenium\\webdriver\\remote\\webdriver.py:742: in find_element\n    return self.execute(Command.FIND_ELEMENT, {\"using\": by, \"value\": value})[\"value\"]\nD:\\sw_install\\python-install\\lib\\site-packages\\selenium\\webdriver\\remote\\webdriver.py:348: in execute\n    self.error_handler.check_response(response)\n_ _ _ _ _ _ _ _ _ _ _ _ _ _ _ _ _ _ _ _ _ _ _ _ _ _ _ _ _ _ _ _ _ _ _ _ _ _ _ _\n\nself = <selenium.webdriver.remote.errorhandler.ErrorHandler object at 0x00000276396A44C0>\nresponse = {'status': 404, 'value': '{\"value\":{\"error\":\"no such element\",\"message\":\"no such element: Unable to locate element: {\\...07FF6CFCDE123]\\\\n\\\\tBaseThreadInitThunk [0x00007FFEE159257D+29]\\\\n\\\\tRtlUserThreadStart [0x00007FFEE202AA58+40]\\\\n\"}}'}\n\n    def check_response(self, response: Dict[str, Any]) -> None:\n        \"\"\"Checks that a JSON response from the WebDriver does not have an\n        error.\n    \n        :Args:\n         - response - The JSON response from the WebDriver server as a dictionary\n           object.\n    \n        :Raises: If the response contains an error message.\n        \"\"\"\n        status = response.get(\"status\", None)\n        if not status or status == ErrorCode.SUCCESS:\n            return\n        value = None\n        message = response.get(\"message\", \"\")\n        screen: str = response.get(\"screen\", \"\")\n        stacktrace = None\n        if isinstance(status, int):\n            value_json = response.get(\"value\", None)\n            if value_json and isinstance(value_json, str):\n                import json\n    \n                try:\n                    value = json.loads(value_json)\n                    if len(value) == 1:\n                        value = value[\"value\"]\n                    status = value.get(\"error\", None)\n                    if not status:\n                        status = value.get(\"status\", ErrorCode.UNKNOWN_ERROR)\n                        message = value.get(\"value\") or value.get(\"message\")\n                        if not isinstance(message, str):\n                            value = message\n                            message = message.get(\"message\")\n                    else:\n                        message = value.get(\"message\", None)\n                except ValueError:\n                    pass\n    \n        exception_class: Type[WebDriverException]\n        e = ErrorCode()\n        error_codes = [item for item in dir(e) if not item.startswith(\"__\")]\n        for error_code in error_codes:\n            error_info = getattr(ErrorCode, error_code)\n            if isinstance(error_info, list) and status in error_info:\n                exception_class = getattr(ExceptionMapping, error_code, WebDriverException)\n                break\n        else:\n            exception_class = WebDriverException\n    \n        if not value:\n            value = response[\"value\"]\n        if isinstance(value, str):\n            raise exception_class(value)\n        if message == \"\" and \"message\" in value:\n            message = value[\"message\"]\n    \n        screen = None  # type: ignore[assignment]\n        if \"screen\" in value:\n            screen = value[\"screen\"]\n    \n        stacktrace = None\n        st_value = value.get(\"stackTrace\") or value.get(\"stacktrace\")\n        if st_value:\n            if isinstance(st_value, str):\n                stacktrace = st_value.split(\"\\n\")\n            else:\n                stacktrace = []\n                try:\n                    for frame in st_value:\n                        line = frame.get(\"lineNumber\", \"\")\n                        file = frame.get(\"fileName\", \"<anonymous>\")\n                        if line:\n                            file = f\"{file}:{line}\"\n                        meth = frame.get(\"methodName\", \"<anonymous>\")\n                        if \"className\" in frame:\n                            meth = f\"{frame['className']}.{meth}\"\n                        msg = \"    at %s (%s)\"\n                        msg = msg % (meth, file)\n                        stacktrace.append(msg)\n                except TypeError:\n                    pass\n        if exception_class == UnexpectedAlertPresentException:\n            alert_text = None\n            if \"data\" in value:\n                alert_text = value[\"data\"].get(\"text\")\n            elif \"alert\" in value:\n                alert_text = value[\"alert\"].get(\"text\")\n            raise exception_class(message, screen, stacktrace, alert_text)  # type: ignore[call-arg]  # mypy is not smart enough here\n>       raise exception_class(message, screen, stacktrace)\nE       selenium.common.exceptions.NoSuchElementException: Message: no such element: Unable to locate element: {\"method\":\"xpath\",\"selector\":\"//div[@class=\"el-overlay\"]//input[@placeholder=\"请选择\"]\"}\nE         (Session info: chrome=118.0.5993.118); For documentation on this error, please visit: https://www.selenium.dev/documentation/webdriver/troubleshooting/errors#no-such-element-exception\nE       Stacktrace:\nE       \tGetHandleVerifier [0x00007FF6CFD778A2+54818]\nE       \t(No symbol) [0x00007FF6CFCE6AD2]\nE       \t(No symbol) [0x00007FF6CFB9DA3B]\nE       \t(No symbol) [0x00007FF6CFBDE4FC]\nE       \t(No symbol) [0x00007FF6CFBDE67C]\nE       \t(No symbol) [0x00007FF6CFC19627]\nE       \t(No symbol) [0x00007FF6CFBFEAEF]\nE       \t(No symbol) [0x00007FF6CFC175A2]\nE       \t(No symbol) [0x00007FF6CFBFE883]\nE       \t(No symbol) [0x00007FF6CFBD3691]\nE       \t(No symbol) [0x00007FF6CFBD48D4]\nE       \tGetHandleVerifier [0x00007FF6D00DB9A2+3610402]\nE       \tGetHandleVerifier [0x00007FF6D0131870+3962352]\nE       \tGetHandleVerifier [0x00007FF6D0129D5F+3930847]\nE       \tGetHandleVerifier [0x00007FF6CFE13656+693206]\nE       \t(No symbol) [0x00007FF6CFCF1638]\nE       \t(No symbol) [0x00007FF6CFCED944]\nE       \t(No symbol) [0x00007FF6CFCEDA72]\nE       \t(No symbol) [0x00007FF6CFCDE123]\nE       \tBaseThreadInitThunk [0x00007FFEE159257D+29]\nE       \tRtlUserThreadStart [0x00007FFEE202AA58+40]\n\nD:\\sw_install\\python-install\\lib\\site-packages\\selenium\\webdriver\\remote\\errorhandler.py:229: NoSuchElementException"}, "steps": [{"name": "左侧栏进入系统管理模块", "status": "passed", "start": 1714464988926, "stop": 1714464990693}, {"name": "点击系统管理-组织架构-添加机构按钮", "status": "passed", "start": 1714464991204, "stop": 1714464991850}, {"name": "点击分支名称处", "status": "passed", "start": 1714464991850, "stop": 1714464991945}, {"name": "输入分支名称", "status": "passed", "start": 1714464991945, "stop": 1714464994194}, {"name": "选择上级机构", "status": "broken", "statusDetails": {"message": "selenium.common.exceptions.NoSuchElementException: Message: no such element: Unable to locate element: {\"method\":\"xpath\",\"selector\":\"//div[@class=\"el-overlay\"]//input[@placeholder=\"请选择\"]\"}\n  (Session info: chrome=118.0.5993.118); For documentation on this error, please visit: https://www.selenium.dev/documentation/webdriver/troubleshooting/errors#no-such-element-exception\nStacktrace:\n\tGetHandleVerifier [0x00007FF6CFD778A2+54818]\n\t(No symbol) [0x00007FF6CFCE6AD2]\n\t(No symbol) [0x00007FF6CFB9DA3B]\n\t(No symbol) [0x00007FF6CFBDE4FC]\n\t(No symbol) [0x00007FF6CFBDE67C]\n\t(No symbol) [0x00007FF6CFC19627]\n\t(No symbol) [0x00007FF6CFBFEAEF]\n\t(No symbol) [0x00007FF6CFC175A2]\n\t(No symbol) [0x00007FF6CFBFE883]\n\t(No symbol) [0x00007FF6CFBD3691]\n\t(No symbol) [0x00007FF6CFBD48D4]\n\tGetHandleVerifier [0x00007FF6D00DB9A2+3610402]\n\tGetHandleVerifier [0x00007FF6D0131870+3962352]\n\tGetHandleVerifier [0x00007FF6D0129D5F+3930847]\n\tGetHandleVerifier [0x00007FF6CFE13656+693206]\n\t(No symbol) [0x00007FF6CFCF1638]\n\t(No symbol) [0x00007FF6CFCED944]\n\t(No symbol) [0x00007FF6CFCEDA72]\n\t(No symbol) [0x00007FF6CFCDE123]\n\tBaseThreadInitThunk [0x00007FFEE159257D+29]\n\tRtlUserThreadStart [0x00007FFEE202AA58+40]\n\n", "trace": "  File \"D:\\ui\\test_case\\test_system_management.py\", line 62, in test_add_branch\n    system_page.select_perent_org_branch()\n  File \"D:\\ui\\pageobject\\system_page.py\", line 77, in select_perent_org_branch\n    self.click(org_element_loca)\n  File \"D:\\ui\\basepage\\base_page.py\", line 234, in click\n    e1 = self.get_element(args)\n  File \"D:\\ui\\basepage\\base_page.py\", line 121, in get_element\n    w_element = self.driver.find_element(By.XPATH, value=args_value)\n  File \"D:\\sw_install\\python-install\\lib\\site-packages\\selenium\\webdriver\\remote\\webdriver.py\", line 742, in find_element\n    return self.execute(Command.FIND_ELEMENT, {\"using\": by, \"value\": value})[\"value\"]\n  File \"D:\\sw_install\\python-install\\lib\\site-packages\\selenium\\webdriver\\remote\\webdriver.py\", line 348, in execute\n    self.error_handler.check_response(response)\n  File \"D:\\sw_install\\python-install\\lib\\site-packages\\selenium\\webdriver\\remote\\errorhandler.py\", line 229, in check_response\n    raise exception_class(message, screen, stacktrace)\n"}, "start": 1714464994194, "stop": 1714465015244}], "start": 1714464988880, "stop": 1714465015244, "uuid": "fb6dbf55-dec2-4faa-a622-a994fe76034d", "historyId": "5351f81af7194d7d9ee9ee87ccea37c8", "testCaseId": "5351f81af7194d7d9ee9ee87ccea37c8", "fullName": "test_case.test_system_management.TestSystemManagement#test_add_branch", "labels": [{"name": "epic", "value": "项目hkc"}, {"name": "feature", "value": "system management"}, {"name": "tag", "value": "run(order=2)"}, {"name": "tag", "value": "@pytest.mark.usefixtures('system_page')"}, {"name": "parentSuite", "value": "test_case"}, {"name": "suite", "value": "test_system_management"}, {"name": "subSuite", "value": "TestSystemManagement"}, {"name": "host", "value": "hkc0208725"}, {"name": "thread", "value": "24664-MainThread"}, {"name": "framework", "value": "pytest"}, {"name": "language", "value": "cpython3"}, {"name": "package", "value": "test_case.test_system_management"}]}