{"uid":"4b4757e66a1912dae1a509f688f20b0f","name":"categories","children":[{"name":"Test defects","children":[{"name":"selenium.common.exceptions.StaleElementReferenceException: Message: stale element reference: stale element not found\n  (Session info: chrome=118.0.5993.118); For documentation on this error, please visit: https://www.selenium.dev/documentation/webdriver/troubleshooting/errors#stale-element-reference-exception\nStacktrace:\n\tGetHandleVerifier [0x00007FF68A8278A2+54818]\n\t(No symbol) [0x00007FF68A796AD2]\n\t(No symbol) [0x00007FF68A64DA3B]\n\t(No symbol) [0x00007FF68A65246D]\n\t(No symbol) [0x00007FF68A653F5F]\n\t(No symbol) [0x00007FF68A654050]\n\t(No symbol) [0x00007FF68A689D2E]\n\t(No symbol) [0x00007FF68A6AEAAA]\n\t(No symbol) [0x00007FF68A685036]\n\t(No symbol) [0x00007FF68A6AECC0]\n\t(No symbol) [0x00007FF68A6C75A2]\n\t(No symbol) [0x00007FF68A6AE883]\n\t(No symbol) [0x00007FF68A683691]\n\t(No symbol) [0x00007FF68A6848D4]\n\tGetHandleVerifier [0x00007FF68AB8B9A2+3610402]\n\tGetHandleVerifier [0x00007FF68ABE1870+3962352]\n\tGetHandleVerifier [0x00007FF68ABD9D5F+3930847]\n\tGetHandleVerifier [0x00007FF68A8C3656+693206]\n\t(No symbol) [0x00007FF68A7A1638]\n\t(No symbol) [0x00007FF68A79D944]\n\t(No symbol) [0x00007FF68A79DA72]\n\t(No symbol) [0x00007FF68A78E123]\n\tBaseThreadInitThunk [0x00007FFA3DBD257D+29]\n\tRtlUserThreadStart [0x00007FFA3E7AAF28+40]","children":[{"name":"搜索设备id","uid":"cf420a64cd945acb","parentUid":"410ec6cb6c8267b107544bf50d328b5f","status":"broken","time":{"start":1720073265800,"stop":1720073334434,"duration":68634},"flaky":false,"newFailed":false,"newPassed":false,"newBroken":false,"retriesCount":0,"retriesStatusChange":false,"parameters":[],"tags":["run(order=1)","@pytest.mark.usefixtures('env')"]}],"uid":"410ec6cb6c8267b107544bf50d328b5f"},{"name":"selenium.common.exceptions.ElementClickInterceptedException: Message: element click intercepted: Element <div data-v-06d105f8=\"\" class=\"step-name\">...</div> is not clickable at point (259, 394). Other element would receive the click: <div class=\"el-scrollbar__wrap el-scrollbar__wrap--hidden-default\" style=\"height: 100%;\">...</div>\n  (Session info: chrome=118.0.5993.118)\nStacktrace:\n\tGetHandleVerifier [0x00007FF68A8278A2+54818]\n\t(No symbol) [0x00007FF68A796AD2]\n\t(No symbol) [0x00007FF68A64DA3B]\n\t(No symbol) [0x00007FF68A6947CB]\n\t(No symbol) [0x00007FF68A692B99]\n\t(No symbol) [0x00007FF68A690968]\n\t(No symbol) [0x00007FF68A68FA23]\n\t(No symbol) [0x00007FF68A68571F]\n\t(No symbol) [0x00007FF68A6AEAAA]\n\t(No symbol) [0x00007FF68A685036]\n\t(No symbol) [0x00007FF68A6AECC0]\n\t(No symbol) [0x00007FF68A6C75A2]\n\t(No symbol) [0x00007FF68A6AE883]\n\t(No symbol) [0x00007FF68A683691]\n\t(No symbol) [0x00007FF68A6848D4]\n\tGetHandleVerifier [0x00007FF68AB8B9A2+3610402]\n\tGetHandleVerifier [0x00007FF68ABE1870+3962352]\n\tGetHandleVerifier [0x00007FF68ABD9D5F+3930847]\n\tGetHandleVerifier [0x00007FF68A8C3656+693206]\n\t(No symbol) [0x00007FF68A7A1638]\n\t(No symbol) [0x00007FF68A79D944]\n\t(No symbol) [0x00007FF68A79DA72]\n\t(No symbol) [0x00007FF68A78E123]\n\tBaseThreadInitThunk [0x00007FFA3DBD257D+29]\n\tRtlUserThreadStart [0x00007FFA3E7AAF28+40]","children":[{"name":"在选设备抽屉，切换到‘设备分组’tab上","uid":"5ad023633bf6b097","parentUid":"ad58ab4aba9c590b1ce04db5a72509d4","status":"broken","time":{"start":1720073284618,"stop":1720073286307,"duration":1689},"flaky":false,"newFailed":false,"newPassed":false,"newBroken":false,"retriesCount":0,"retriesStatusChange":false,"parameters":[],"tags":["@pytest.mark.usefixtures('release_page')","run(order=15)"]}],"uid":"ad58ab4aba9c590b1ce04db5a72509d4"},{"name":"selenium.common.exceptions.NoSuchElementException: Message: no such element: Unable to locate element: {\"method\":\"xpath\",\"selector\":\"//div[@class=\"step-name\" and text()=\"选设备\"]\"}\n  (Session info: chrome=118.0.5993.118); For documentation on this error, please visit: https://www.selenium.dev/documentation/webdriver/troubleshooting/errors#no-such-element-exception\nStacktrace:\n\tGetHandleVerifier [0x00007FF68A8278A2+54818]\n\t(No symbol) [0x00007FF68A796AD2]\n\t(No symbol) [0x00007FF68A64DA3B]\n\t(No symbol) [0x00007FF68A68E4FC]\n\t(No symbol) [0x00007FF68A68E67C]\n\t(No symbol) [0x00007FF68A6C9627]\n\t(No symbol) [0x00007FF68A6AEAEF]\n\t(No symbol) [0x00007FF68A6C75A2]\n\t(No symbol) [0x00007FF68A6AE883]\n\t(No symbol) [0x00007FF68A683691]\n\t(No symbol) [0x00007FF68A6848D4]\n\tGetHandleVerifier [0x00007FF68AB8B9A2+3610402]\n\tGetHandleVerifier [0x00007FF68ABE1870+3962352]\n\tGetHandleVerifier [0x00007FF68ABD9D5F+3930847]\n\tGetHandleVerifier [0x00007FF68A8C3656+693206]\n\t(No symbol) [0x00007FF68A7A1638]\n\t(No symbol) [0x00007FF68A79D944]\n\t(No symbol) [0x00007FF68A79DA72]\n\t(No symbol) [0x00007FF68A78E123]\n\tBaseThreadInitThunk [0x00007FFA3DBD257D+29]\n\tRtlUserThreadStart [0x00007FFA3E7AAF28+40]","children":[{"name":"取消节目单引用","uid":"87f151ff7e980ced","parentUid":"56f7735bd0b506dc704c080ffe5c4b84","status":"broken","time":{"start":1720073342010,"stop":1720073342010,"duration":0},"flaky":false,"newFailed":false,"newPassed":false,"newBroken":false,"retriesCount":0,"retriesStatusChange":false,"parameters":[],"tags":["run(order=2)","@pytest.mark.usefixtures('generate_one_program')"]}],"uid":"56f7735bd0b506dc704c080ffe5c4b84"},{"name":"selenium.common.exceptions.NoSuchElementException: Message: no such element: Unable to locate element: {\"method\":\"xpath\",\"selector\":\"//div[@class=\"dialogImg\"]\"}\n  (Session info: chrome=118.0.5993.118); For documentation on this error, please visit: https://www.selenium.dev/documentation/webdriver/troubleshooting/errors#no-such-element-exception\nStacktrace:\n\tGetHandleVerifier [0x00007FF68A8278A2+54818]\n\t(No symbol) [0x00007FF68A796AD2]\n\t(No symbol) [0x00007FF68A64DA3B]\n\t(No symbol) [0x00007FF68A68E4FC]\n\t(No symbol) [0x00007FF68A68E67C]\n\t(No symbol) [0x00007FF68A6C9627]\n\t(No symbol) [0x00007FF68A6AEAEF]\n\t(No symbol) [0x00007FF68A6C75A2]\n\t(No symbol) [0x00007FF68A6AE883]\n\t(No symbol) [0x00007FF68A683691]\n\t(No symbol) [0x00007FF68A6848D4]\n\tGetHandleVerifier [0x00007FF68AB8B9A2+3610402]\n\tGetHandleVerifier [0x00007FF68ABE1870+3962352]\n\tGetHandleVerifier [0x00007FF68ABD9D5F+3930847]\n\tGetHandleVerifier [0x00007FF68A8C3656+693206]\n\t(No symbol) [0x00007FF68A7A1638]\n\t(No symbol) [0x00007FF68A79D944]\n\t(No symbol) [0x00007FF68A79DA72]\n\t(No symbol) [0x00007FF68A78E123]\n\tBaseThreadInitThunk [0x00007FFA3DBD257D+29]\n\tRtlUserThreadStart [0x00007FFA3E7AAF28+40]","children":[{"name":"预览素材","uid":"c483ff4ed799e45a","parentUid":"4f22526d7a27f8936b085ab84590aa96","status":"broken","time":{"start":1720073359261,"stop":1720073392944,"duration":33683},"flaky":false,"newFailed":false,"newPassed":false,"newBroken":false,"retriesCount":0,"retriesStatusChange":false,"parameters":[],"tags":["@pytest.mark.usefixtures('media_set_up')","run(order=8)"]}],"uid":"4f22526d7a27f8936b085ab84590aa96"},{"name":"selenium.common.exceptions.TimeoutException: Message: \nStacktrace:\n\tGetHandleVerifier [0x00007FF68A8278A2+54818]\n\t(No symbol) [0x00007FF68A796AD2]\n\t(No symbol) [0x00007FF68A64DA3B]\n\t(No symbol) [0x00007FF68A68E4FC]\n\t(No symbol) [0x00007FF68A68E67C]\n\t(No symbol) [0x00007FF68A6C9627]\n\t(No symbol) [0x00007FF68A6AEAEF]\n\t(No symbol) [0x00007FF68A6C75A2]\n\t(No symbol) [0x00007FF68A6AE883]\n\t(No symbol) [0x00007FF68A683691]\n\t(No symbol) [0x00007FF68A6848D4]\n\tGetHandleVerifier [0x00007FF68AB8B9A2+3610402]\n\tGetHandleVerifier [0x00007FF68ABE1870+3962352]\n\tGetHandleVerifier [0x00007FF68ABD9D5F+3930847]\n\tGetHandleVerifier [0x00007FF68A8C3656+693206]\n\t(No symbol) [0x00007FF68A7A1638]\n\t(No symbol) [0x00007FF68A79D944]\n\t(No symbol) [0x00007FF68A79DA72]\n\t(No symbol) [0x00007FF68A78E123]\n\tBaseThreadInitThunk [0x00007FFA3DBD257D+29]\n\tRtlUserThreadStart [0x00007FFA3E7AAF28+40]","children":[{"name":"在节目编排中，选择节目","uid":"17fdc78a89eb527d","parentUid":"05cba23c26285515b67c348d49175d95","status":"broken","time":{"start":1720073386990,"stop":1720073502400,"duration":115410},"flaky":false,"newFailed":false,"newPassed":false,"newBroken":false,"retriesCount":0,"retriesStatusChange":false,"parameters":[],"tags":["@pytest.mark.usefixtures('release_page')","run(order=28)"]}],"uid":"05cba23c26285515b67c348d49175d95"},{"name":"selenium.common.exceptions.ElementClickInterceptedException: Message: element click intercepted: Element <span data-v-9c2770a4=\"\" class=\"\">...</span> is not clickable at point (397, 184). Other element would receive the click: <div role=\"dialog\" aria-modal=\"true\" aria-label=\"设备接入\" aria-describedby=\"el-id-1361-51\" class=\"el-overlay-dialog\" style=\"display: flex;\">...</div>\n  (Session info: chrome=118.0.5993.118)\nStacktrace:\n\tGetHandleVerifier [0x00007FF68A8278A2+54818]\n\t(No symbol) [0x00007FF68A796AD2]\n\t(No symbol) [0x00007FF68A64DA3B]\n\t(No symbol) [0x00007FF68A6947CB]\n\t(No symbol) [0x00007FF68A692B99]\n\t(No symbol) [0x00007FF68A690968]\n\t(No symbol) [0x00007FF68A68FA23]\n\t(No symbol) [0x00007FF68A68571F]\n\t(No symbol) [0x00007FF68A6AEAAA]\n\t(No symbol) [0x00007FF68A685036]\n\t(No symbol) [0x00007FF68A6AECC0]\n\t(No symbol) [0x00007FF68A6C75A2]\n\t(No symbol) [0x00007FF68A6AE883]\n\t(No symbol) [0x00007FF68A683691]\n\t(No symbol) [0x00007FF68A6848D4]\n\tGetHandleVerifier [0x00007FF68AB8B9A2+3610402]\n\tGetHandleVerifier [0x00007FF68ABE1870+3962352]\n\tGetHandleVerifier [0x00007FF68ABD9D5F+3930847]\n\tGetHandleVerifier [0x00007FF68A8C3656+693206]\n\t(No symbol) [0x00007FF68A7A1638]\n\t(No symbol) [0x00007FF68A79D944]\n\t(No symbol) [0x00007FF68A79DA72]\n\t(No symbol) [0x00007FF68A78E123]\n\tBaseThreadInitThunk [0x00007FFA3DBD257D+29]\n\tRtlUserThreadStart [0x00007FFA3E7AAF28+40]","children":[{"name":"批量发送插播字幕","uid":"834d20c2af81acb4","parentUid":"fefbdbbb40c3f431385eb13209ba927e","status":"broken","time":{"start":1720073627234,"stop":1720073801095,"duration":173861},"flaky":false,"newFailed":false,"newPassed":false,"newBroken":false,"retriesCount":0,"retriesStatusChange":false,"parameters":[],"tags":["@pytest.mark.usefixtures('clear_terminal_list')","run(order=12)"]}],"uid":"fefbdbbb40c3f431385eb13209ba927e"},{"name":"selenium.common.exceptions.NoSuchElementException: Message: no such element: Unable to locate element: {\"method\":\"xpath\",\"selector\":\"//img[@title=\"更多\"]\"}\n  (Session info: chrome=118.0.5993.118); For documentation on this error, please visit: https://www.selenium.dev/documentation/webdriver/troubleshooting/errors#no-such-element-exception\nStacktrace:\n\tGetHandleVerifier [0x00007FF68A8278A2+54818]\n\t(No symbol) [0x00007FF68A796AD2]\n\t(No symbol) [0x00007FF68A64DA3B]\n\t(No symbol) [0x00007FF68A68E4FC]\n\t(No symbol) [0x00007FF68A68E67C]\n\t(No symbol) [0x00007FF68A6C9627]\n\t(No symbol) [0x00007FF68A6AEAEF]\n\t(No symbol) [0x00007FF68A6C75A2]\n\t(No symbol) [0x00007FF68A6AE883]\n\t(No symbol) [0x00007FF68A683691]\n\t(No symbol) [0x00007FF68A6848D4]\n\tGetHandleVerifier [0x00007FF68AB8B9A2+3610402]\n\tGetHandleVerifier [0x00007FF68ABE1870+3962352]\n\tGetHandleVerifier [0x00007FF68ABD9D5F+3930847]\n\tGetHandleVerifier [0x00007FF68A8C3656+693206]\n\t(No symbol) [0x00007FF68A7A1638]\n\t(No symbol) [0x00007FF68A79D944]\n\t(No symbol) [0x00007FF68A79DA72]\n\t(No symbol) [0x00007FF68A78E123]\n\tBaseThreadInitThunk [0x00007FFA3DBD257D+29]\n\tRtlUserThreadStart [0x00007FFA3E7AAF28+40]","children":[{"name":"插播字幕，输入随机内容","uid":"20d4fa0daa702bee","parentUid":"035d69bc9eb82ddc5551d1e2dad036d9","status":"broken","time":{"start":1720074199869,"stop":1720074374658,"duration":174789},"flaky":false,"newFailed":false,"newPassed":false,"newBroken":false,"retriesCount":0,"retriesStatusChange":false,"parameters":[],"tags":["run(order=28)","@pytest.mark.usefixtures('clear_terminal_list')"]},{"name":"下发关机指令","uid":"1f9942b70fbf1ab9","parentUid":"035d69bc9eb82ddc5551d1e2dad036d9","status":"broken","time":{"start":1720074377710,"stop":1720074549973,"duration":172263},"flaky":false,"newFailed":false,"newPassed":false,"newBroken":false,"retriesCount":0,"retriesStatusChange":false,"parameters":[],"tags":["run(order=30)","@pytest.mark.usefixtures('clear_terminal_list')"]}],"uid":"035d69bc9eb82ddc5551d1e2dad036d9"},{"name":"selenium.common.exceptions.ElementClickInterceptedException: Message: element click intercepted: Element <span data-v-9c2770a4=\"\" class=\"active\">...</span> is not clickable at point (236, 172). Other element would receive the click: <div role=\"dialog\" aria-modal=\"true\" aria-label=\"设备接入\" aria-describedby=\"el-id-2233-51\" class=\"el-overlay-dialog\" style=\"display: flex;\">...</div>\n  (Session info: chrome=118.0.5993.118)\nStacktrace:\n\tGetHandleVerifier [0x00007FF68A8278A2+54818]\n\t(No symbol) [0x00007FF68A796AD2]\n\t(No symbol) [0x00007FF68A64DA3B]\n\t(No symbol) [0x00007FF68A6947CB]\n\t(No symbol) [0x00007FF68A692B99]\n\t(No symbol) [0x00007FF68A690968]\n\t(No symbol) [0x00007FF68A68FA23]\n\t(No symbol) [0x00007FF68A68571F]\n\t(No symbol) [0x00007FF68A6AEAAA]\n\t(No symbol) [0x00007FF68A685036]\n\t(No symbol) [0x00007FF68A6AECC0]\n\t(No symbol) [0x00007FF68A6C75A2]\n\t(No symbol) [0x00007FF68A6AE883]\n\t(No symbol) [0x00007FF68A683691]\n\t(No symbol) [0x00007FF68A6848D4]\n\tGetHandleVerifier [0x00007FF68AB8B9A2+3610402]\n\tGetHandleVerifier [0x00007FF68ABE1870+3962352]\n\tGetHandleVerifier [0x00007FF68ABD9D5F+3930847]\n\tGetHandleVerifier [0x00007FF68A8C3656+693206]\n\t(No symbol) [0x00007FF68A7A1638]\n\t(No symbol) [0x00007FF68A79D944]\n\t(No symbol) [0x00007FF68A79DA72]\n\t(No symbol) [0x00007FF68A78E123]\n\tBaseThreadInitThunk [0x00007FFA3DBD257D+29]\n\tRtlUserThreadStart [0x00007FFA3E7AAF28+40]","children":[{"name":"在设备中心，点击更多按钮","uid":"632341c59b79ecd5","parentUid":"1e0fe1e65b2c39bddad7136ec95fccca","status":"broken","time":{"start":1720074374690,"stop":1720074376411,"duration":1721},"flaky":false,"newFailed":false,"newPassed":false,"newBroken":false,"retriesCount":0,"retriesStatusChange":false,"parameters":[],"tags":["run(order=29)","@pytest.mark.usefixtures('env')"]}],"uid":"1e0fe1e65b2c39bddad7136ec95fccca"}],"uid":"bdbf199525818fae7a8651db9eafe741"}]}