{"uid":"cb87194126d517b9","name":"设备设置中，直接点击保存","fullName":"test_case.test_terminal_center.TestTerminalCenter#test_click_terminal_setting","historyId":"331a599bbc0d87de471348e835809594","time":{"start":1714468452474,"stop":1714468452474,"duration":0},"status":"broken","statusMessage":"selenium.common.exceptions.ElementClickInterceptedException: Message: element click intercepted: Element <span data-v-281167bd=\"\" class=\"active\">...</span> is not clickable at point (175, 184). Other element would receive the click: <div role=\"dialog\" aria-modal=\"true\" aria-label=\"设备接入\" aria-describedby=\"el-id-7356-51\" class=\"el-overlay-dialog\" style=\"display: flex;\">...</div>\n  (Session info: chrome=118.0.5993.118)\nStacktrace:\n\tGetHandleVerifier [0x00007FF6CFD778A2+54818]\n\t(No symbol) [0x00007FF6CFCE6AD2]\n\t(No symbol) [0x00007FF6CFB9DA3B]\n\t(No symbol) [0x00007FF6CFBE47CB]\n\t(No symbol) [0x00007FF6CFBE2B99]\n\t(No symbol) [0x00007FF6CFBE0968]\n\t(No symbol) [0x00007FF6CFBDFA23]\n\t(No symbol) [0x00007FF6CFBD571F]\n\t(No symbol) [0x00007FF6CFBFEAAA]\n\t(No symbol) [0x00007FF6CFBD5036]\n\t(No symbol) [0x00007FF6CFBFECC0]\n\t(No symbol) [0x00007FF6CFC175A2]\n\t(No symbol) [0x00007FF6CFBFE883]\n\t(No symbol) [0x00007FF6CFBD3691]\n\t(No symbol) [0x00007FF6CFBD48D4]\n\tGetHandleVerifier [0x00007FF6D00DB9A2+3610402]\n\tGetHandleVerifier [0x00007FF6D0131870+3962352]\n\tGetHandleVerifier [0x00007FF6D0129D5F+3930847]\n\tGetHandleVerifier [0x00007FF6CFE13656+693206]\n\t(No symbol) [0x00007FF6CFCF1638]\n\t(No symbol) [0x00007FF6CFCED944]\n\t(No symbol) [0x00007FF6CFCEDA72]\n\t(No symbol) [0x00007FF6CFCDE123]\n\tBaseThreadInitThunk [0x00007FFEE159257D+29]\n\tRtlUserThreadStart [0x00007FFEE202AA58+40]","statusTrace":"terminal_page = <pageobject.terminal_page.TerminalPage object at 0x000002267E02B490>\nsys_page = <pageobject.system_page.SystemPage object at 0x000002267E028940>\n\n    @pytest.fixture(scope=\"function\")\n    def terminal_set_up(terminal_page, sys_page):\n        sn_id = random.randint(1, 100000)\n        sn_name = \"test\" + str(sn_id)\n        terminal_page.switch_to_terminal_center()\n        # terminal_page = self.terminal_page\n        # sys_page = self.sys_page\n        # time.sleep(0.5)\n        # sys_page.add_new_shop(\"test门店\")\n        list_ele = 'by_xpath,//div[@class=\"action-right\"]/img[@title=\"设置\"]'\n        if terminal_page.element_exist(list_ele):\n            pass\n        else:\n            with step(\"点击设备接入\"):\n>               terminal_page.click_bind_terminal()\n\ntest_case\\test_terminal_center.py:56: \n_ _ _ _ _ _ _ _ _ _ _ _ _ _ _ _ _ _ _ _ _ _ _ _ _ _ _ _ _ _ _ _ _ _ _ _ _ _ _ _\npageobject\\terminal_page.py:71: in click_bind_terminal\n    self.click(bind_terminal_loca)\nbasepage\\base_page.py:235: in click\n    e1.click()\nD:\\sw_install\\python-install\\lib\\site-packages\\selenium\\webdriver\\remote\\webelement.py:94: in click\n    self._execute(Command.CLICK_ELEMENT)\nD:\\sw_install\\python-install\\lib\\site-packages\\selenium\\webdriver\\remote\\webelement.py:395: in _execute\n    return self._parent.execute(command, params)\nD:\\sw_install\\python-install\\lib\\site-packages\\selenium\\webdriver\\remote\\webdriver.py:348: in execute\n    self.error_handler.check_response(response)\n_ _ _ _ _ _ _ _ _ _ _ _ _ _ _ _ _ _ _ _ _ _ _ _ _ _ _ _ _ _ _ _ _ _ _ _ _ _ _ _\n\nself = <selenium.webdriver.remote.errorhandler.ErrorHandler object at 0x000002267DCD4A30>\nresponse = {'status': 400, 'value': '{\"value\":{\"error\":\"element click intercepted\",\"message\":\"element click intercepted: Element ...07FF6CFCDE123]\\\\n\\\\tBaseThreadInitThunk [0x00007FFEE159257D+29]\\\\n\\\\tRtlUserThreadStart [0x00007FFEE202AA58+40]\\\\n\"}}'}\n\n    def check_response(self, response: Dict[str, Any]) -> None:\n        \"\"\"Checks that a JSON response from the WebDriver does not have an\n        error.\n    \n        :Args:\n         - response - The JSON response from the WebDriver server as a dictionary\n           object.\n    \n        :Raises: If the response contains an error message.\n        \"\"\"\n        status = response.get(\"status\", None)\n        if not status or status == ErrorCode.SUCCESS:\n            return\n        value = None\n        message = response.get(\"message\", \"\")\n        screen: str = response.get(\"screen\", \"\")\n        stacktrace = None\n        if isinstance(status, int):\n            value_json = response.get(\"value\", None)\n            if value_json and isinstance(value_json, str):\n                import json\n    \n                try:\n                    value = json.loads(value_json)\n                    if len(value) == 1:\n                        value = value[\"value\"]\n                    status = value.get(\"error\", None)\n                    if not status:\n                        status = value.get(\"status\", ErrorCode.UNKNOWN_ERROR)\n                        message = value.get(\"value\") or value.get(\"message\")\n                        if not isinstance(message, str):\n                            value = message\n                            message = message.get(\"message\")\n                    else:\n                        message = value.get(\"message\", None)\n                except ValueError:\n                    pass\n    \n        exception_class: Type[WebDriverException]\n        e = ErrorCode()\n        error_codes = [item for item in dir(e) if not item.startswith(\"__\")]\n        for error_code in error_codes:\n            error_info = getattr(ErrorCode, error_code)\n            if isinstance(error_info, list) and status in error_info:\n                exception_class = getattr(ExceptionMapping, error_code, WebDriverException)\n                break\n        else:\n            exception_class = WebDriverException\n    \n        if not value:\n            value = response[\"value\"]\n        if isinstance(value, str):\n            raise exception_class(value)\n        if message == \"\" and \"message\" in value:\n            message = value[\"message\"]\n    \n        screen = None  # type: ignore[assignment]\n        if \"screen\" in value:\n            screen = value[\"screen\"]\n    \n        stacktrace = None\n        st_value = value.get(\"stackTrace\") or value.get(\"stacktrace\")\n        if st_value:\n            if isinstance(st_value, str):\n                stacktrace = st_value.split(\"\\n\")\n            else:\n                stacktrace = []\n                try:\n                    for frame in st_value:\n                        line = frame.get(\"lineNumber\", \"\")\n                        file = frame.get(\"fileName\", \"<anonymous>\")\n                        if line:\n                            file = f\"{file}:{line}\"\n                        meth = frame.get(\"methodName\", \"<anonymous>\")\n                        if \"className\" in frame:\n                            meth = f\"{frame['className']}.{meth}\"\n                        msg = \"    at %s (%s)\"\n                        msg = msg % (meth, file)\n                        stacktrace.append(msg)\n                except TypeError:\n                    pass\n        if exception_class == UnexpectedAlertPresentException:\n            alert_text = None\n            if \"data\" in value:\n                alert_text = value[\"data\"].get(\"text\")\n            elif \"alert\" in value:\n                alert_text = value[\"alert\"].get(\"text\")\n            raise exception_class(message, screen, stacktrace, alert_text)  # type: ignore[call-arg]  # mypy is not smart enough here\n>       raise exception_class(message, screen, stacktrace)\nE       selenium.common.exceptions.ElementClickInterceptedException: Message: element click intercepted: Element <span data-v-281167bd=\"\" class=\"active\">...</span> is not clickable at point (175, 184). Other element would receive the click: <div role=\"dialog\" aria-modal=\"true\" aria-label=\"设备接入\" aria-describedby=\"el-id-7356-51\" class=\"el-overlay-dialog\" style=\"display: flex;\">...</div>\nE         (Session info: chrome=118.0.5993.118)\nE       Stacktrace:\nE       \tGetHandleVerifier [0x00007FF6CFD778A2+54818]\nE       \t(No symbol) [0x00007FF6CFCE6AD2]\nE       \t(No symbol) [0x00007FF6CFB9DA3B]\nE       \t(No symbol) [0x00007FF6CFBE47CB]\nE       \t(No symbol) [0x00007FF6CFBE2B99]\nE       \t(No symbol) [0x00007FF6CFBE0968]\nE       \t(No symbol) [0x00007FF6CFBDFA23]\nE       \t(No symbol) [0x00007FF6CFBD571F]\nE       \t(No symbol) [0x00007FF6CFBFEAAA]\nE       \t(No symbol) [0x00007FF6CFBD5036]\nE       \t(No symbol) [0x00007FF6CFBFECC0]\nE       \t(No symbol) [0x00007FF6CFC175A2]\nE       \t(No symbol) [0x00007FF6CFBFE883]\nE       \t(No symbol) [0x00007FF6CFBD3691]\nE       \t(No symbol) [0x00007FF6CFBD48D4]\nE       \tGetHandleVerifier [0x00007FF6D00DB9A2+3610402]\nE       \tGetHandleVerifier [0x00007FF6D0131870+3962352]\nE       \tGetHandleVerifier [0x00007FF6D0129D5F+3930847]\nE       \tGetHandleVerifier [0x00007FF6CFE13656+693206]\nE       \t(No symbol) [0x00007FF6CFCF1638]\nE       \t(No symbol) [0x00007FF6CFCED944]\nE       \t(No symbol) [0x00007FF6CFCEDA72]\nE       \t(No symbol) [0x00007FF6CFCDE123]\nE       \tBaseThreadInitThunk [0x00007FFEE159257D+29]\nE       \tRtlUserThreadStart [0x00007FFEE202AA58+40]\n\nD:\\sw_install\\python-install\\lib\\site-packages\\selenium\\webdriver\\remote\\errorhandler.py:229: ElementClickInterceptedException","flaky":false,"newFailed":false,"newBroken":false,"newPassed":false,"retriesCount":0,"retriesStatusChange":false,"beforeStages":[{"name":"env","time":{"start":1714467509792,"stop":1714467509792,"duration":0},"status":"passed","steps":[],"attachments":[],"parameters":[],"hasContent":false,"attachmentsCount":0,"shouldDisplayMessage":false,"stepsCount":0},{"name":"driver","time":{"start":1714467509792,"stop":1714467522683,"duration":12891},"status":"passed","steps":[],"attachments":[],"parameters":[],"hasContent":false,"attachmentsCount":0,"shouldDisplayMessage":false,"stepsCount":0},{"name":"set_up_org","time":{"start":1714468054983,"stop":1714468055811,"duration":828},"status":"passed","steps":[],"attachments":[],"parameters":[],"hasContent":false,"attachmentsCount":0,"shouldDisplayMessage":false,"stepsCount":0},{"name":"terminal_page","time":{"start":1714468055811,"stop":1714468055811,"duration":0},"status":"passed","steps":[],"attachments":[],"parameters":[],"hasContent":false,"attachmentsCount":0,"shouldDisplayMessage":false,"stepsCount":0},{"name":"sys_page","time":{"start":1714468055811,"stop":1714468055811,"duration":0},"status":"passed","steps":[],"attachments":[],"parameters":[],"hasContent":false,"attachmentsCount":0,"shouldDisplayMessage":false,"stepsCount":0},{"name":"terminal_set_up","time":{"start":1714468452474,"stop":1714468475298,"duration":22824},"status":"broken","statusMessage":"selenium.common.exceptions.ElementClickInterceptedException: Message: element click intercepted: Element <span data-v-281167bd=\"\" class=\"active\">...</span> is not clickable at point (175, 184). Other element would receive the click: <div role=\"dialog\" aria-modal=\"true\" aria-label=\"设备接入\" aria-describedby=\"el-id-7356-51\" class=\"el-overlay-dialog\" style=\"display: flex;\">...</div>\n  (Session info: chrome=118.0.5993.118)\nStacktrace:\n\tGetHandleVerifier [0x00007FF6CFD778A2+54818]\n\t(No symbol) [0x00007FF6CFCE6AD2]\n\t(No symbol) [0x00007FF6CFB9DA3B]\n\t(No symbol) [0x00007FF6CFBE47CB]\n\t(No symbol) [0x00007FF6CFBE2B99]\n\t(No symbol) [0x00007FF6CFBE0968]\n\t(No symbol) [0x00007FF6CFBDFA23]\n\t(No symbol) [0x00007FF6CFBD571F]\n\t(No symbol) [0x00007FF6CFBFEAAA]\n\t(No symbol) [0x00007FF6CFBD5036]\n\t(No symbol) [0x00007FF6CFBFECC0]\n\t(No symbol) [0x00007FF6CFC175A2]\n\t(No symbol) [0x00007FF6CFBFE883]\n\t(No symbol) [0x00007FF6CFBD3691]\n\t(No symbol) [0x00007FF6CFBD48D4]\n\tGetHandleVerifier [0x00007FF6D00DB9A2+3610402]\n\tGetHandleVerifier [0x00007FF6D0131870+3962352]\n\tGetHandleVerifier [0x00007FF6D0129D5F+3930847]\n\tGetHandleVerifier [0x00007FF6CFE13656+693206]\n\t(No symbol) [0x00007FF6CFCF1638]\n\t(No symbol) [0x00007FF6CFCED944]\n\t(No symbol) [0x00007FF6CFCEDA72]\n\t(No symbol) [0x00007FF6CFCDE123]\n\tBaseThreadInitThunk [0x00007FFEE159257D+29]\n\tRtlUserThreadStart [0x00007FFEE202AA58+40]\n\n","statusTrace":"  File \"D:\\sw_install\\python-install\\lib\\site-packages\\pluggy\\_callers.py\", line 77, in _multicall\n    res = hook_impl.function(*args)\n  File \"D:\\sw_install\\python-install\\lib\\site-packages\\_pytest\\fixtures.py\", line 1130, in pytest_fixture_setup\n    result = call_fixture_func(fixturefunc, request, kwargs)\n  File \"D:\\sw_install\\python-install\\lib\\site-packages\\_pytest\\fixtures.py\", line 909, in call_fixture_func\n    fixture_result = fixturefunc(**kwargs)\n  File \"D:\\ui\\test_case\\test_terminal_center.py\", line 56, in terminal_set_up\n    terminal_page.click_bind_terminal()\n  File \"D:\\ui\\pageobject\\terminal_page.py\", line 71, in click_bind_terminal\n    self.click(bind_terminal_loca)\n  File \"D:\\ui\\basepage\\base_page.py\", line 235, in click\n    e1.click()\n  File \"D:\\sw_install\\python-install\\lib\\site-packages\\selenium\\webdriver\\remote\\webelement.py\", line 94, in click\n    self._execute(Command.CLICK_ELEMENT)\n  File \"D:\\sw_install\\python-install\\lib\\site-packages\\selenium\\webdriver\\remote\\webelement.py\", line 395, in _execute\n    return self._parent.execute(command, params)\n  File \"D:\\sw_install\\python-install\\lib\\site-packages\\selenium\\webdriver\\remote\\webdriver.py\", line 348, in execute\n    self.error_handler.check_response(response)\n  File \"D:\\sw_install\\python-install\\lib\\site-packages\\selenium\\webdriver\\remote\\errorhandler.py\", line 229, in check_response\n    raise exception_class(message, screen, stacktrace)\n","steps":[{"name":"点击设备接入","time":{"start":1714468473109,"stop":1714468475295,"duration":2186},"status":"broken","statusMessage":"selenium.common.exceptions.ElementClickInterceptedException: Message: element click intercepted: Element <span data-v-281167bd=\"\" class=\"active\">...</span> is not clickable at point (175, 184). Other element would receive the click: <div role=\"dialog\" aria-modal=\"true\" aria-label=\"设备接入\" aria-describedby=\"el-id-7356-51\" class=\"el-overlay-dialog\" style=\"display: flex;\">...</div>\n  (Session info: chrome=118.0.5993.118)\nStacktrace:\n\tGetHandleVerifier [0x00007FF6CFD778A2+54818]\n\t(No symbol) [0x00007FF6CFCE6AD2]\n\t(No symbol) [0x00007FF6CFB9DA3B]\n\t(No symbol) [0x00007FF6CFBE47CB]\n\t(No symbol) [0x00007FF6CFBE2B99]\n\t(No symbol) [0x00007FF6CFBE0968]\n\t(No symbol) [0x00007FF6CFBDFA23]\n\t(No symbol) [0x00007FF6CFBD571F]\n\t(No symbol) [0x00007FF6CFBFEAAA]\n\t(No symbol) [0x00007FF6CFBD5036]\n\t(No symbol) [0x00007FF6CFBFECC0]\n\t(No symbol) [0x00007FF6CFC175A2]\n\t(No symbol) [0x00007FF6CFBFE883]\n\t(No symbol) [0x00007FF6CFBD3691]\n\t(No symbol) [0x00007FF6CFBD48D4]\n\tGetHandleVerifier [0x00007FF6D00DB9A2+3610402]\n\tGetHandleVerifier [0x00007FF6D0131870+3962352]\n\tGetHandleVerifier [0x00007FF6D0129D5F+3930847]\n\tGetHandleVerifier [0x00007FF6CFE13656+693206]\n\t(No symbol) [0x00007FF6CFCF1638]\n\t(No symbol) [0x00007FF6CFCED944]\n\t(No symbol) [0x00007FF6CFCEDA72]\n\t(No symbol) [0x00007FF6CFCDE123]\n\tBaseThreadInitThunk [0x00007FFEE159257D+29]\n\tRtlUserThreadStart [0x00007FFEE202AA58+40]\n\n","statusTrace":"  File \"D:\\ui\\test_case\\test_terminal_center.py\", line 56, in terminal_set_up\n    terminal_page.click_bind_terminal()\n  File \"D:\\ui\\pageobject\\terminal_page.py\", line 71, in click_bind_terminal\n    self.click(bind_terminal_loca)\n  File \"D:\\ui\\basepage\\base_page.py\", line 235, in click\n    e1.click()\n  File \"D:\\sw_install\\python-install\\lib\\site-packages\\selenium\\webdriver\\remote\\webelement.py\", line 94, in click\n    self._execute(Command.CLICK_ELEMENT)\n  File \"D:\\sw_install\\python-install\\lib\\site-packages\\selenium\\webdriver\\remote\\webelement.py\", line 395, in _execute\n    return self._parent.execute(command, params)\n  File \"D:\\sw_install\\python-install\\lib\\site-packages\\selenium\\webdriver\\remote\\webdriver.py\", line 348, in execute\n    self.error_handler.check_response(response)\n  File \"D:\\sw_install\\python-install\\lib\\site-packages\\selenium\\webdriver\\remote\\errorhandler.py\", line 229, in check_response\n    raise exception_class(message, screen, stacktrace)\n","steps":[],"attachments":[],"parameters":[],"hasContent":true,"attachmentsCount":0,"shouldDisplayMessage":true,"stepsCount":0}],"attachments":[],"parameters":[],"hasContent":true,"attachmentsCount":0,"shouldDisplayMessage":false,"stepsCount":1},{"name":"clear_terminal_list","time":{"start":1714468475396,"stop":1714468478017,"duration":2621},"status":"passed","steps":[],"attachments":[],"parameters":[],"hasContent":false,"attachmentsCount":0,"shouldDisplayMessage":false,"stepsCount":0}],"afterStages":[{"name":"terminal_page::0","time":{"start":1714468554662,"stop":1714468554662,"duration":0},"status":"passed","steps":[],"attachments":[],"parameters":[],"hasContent":false,"attachmentsCount":0,"shouldDisplayMessage":false,"stepsCount":0},{"name":"sys_page::0","time":{"start":1714468554666,"stop":1714468554666,"duration":0},"status":"passed","steps":[],"attachments":[],"parameters":[],"hasContent":false,"attachmentsCount":0,"shouldDisplayMessage":false,"stepsCount":0},{"name":"driver::0","time":{"start":1714468599648,"stop":1714468600034,"duration":386},"status":"passed","steps":[],"attachments":[],"parameters":[],"hasContent":false,"attachmentsCount":0,"shouldDisplayMessage":false,"stepsCount":0}],"labels":[{"name":"feature","value":"terminal_center"},{"name":"epic","value":"项目hkc"},{"name":"tag","value":"run(order=23)"},{"name":"tag","value":"@pytest.mark.usefixtures('terminal_set_up')"},{"name":"parentSuite","value":"test_case"},{"name":"suite","value":"test_terminal_center"},{"name":"subSuite","value":"TestTerminalCenter"},{"name":"host","value":"hkc0208725"},{"name":"thread","value":"33580-MainThread"},{"name":"framework","value":"pytest"},{"name":"language","value":"cpython3"},{"name":"package","value":"test_case.test_terminal_center"},{"name":"resultFormat","value":"allure2"}],"parameters":[],"links":[],"hidden":false,"retry":false,"extra":{"severity":"normal","retries":[],"categories":[{"name":"Test defects","matchedStatuses":[],"flaky":false}],"tags":["run(order=23)","@pytest.mark.usefixtures('terminal_set_up')"]},"source":"cb87194126d517b9.json","parameterValues":[]}