{"uid":"df040686db4191e7","name":"引用节目","fullName":"test_case.test_program_management.TestProgramManagement#test_copy_program","historyId":"d1a85bb4ca1b830a30a37ab52c2f0e0b","time":{"start":1718845763010,"stop":1718845859515,"duration":96505},"status":"broken","statusMessage":"selenium.common.exceptions.NoSuchElementException: Message: no such element: Unable to locate element: {\"method\":\"xpath\",\"selector\":\"//input[@placeholder=\"请输入名称\"]\"}\n  (Session info: chrome=118.0.5993.118); For documentation on this error, please visit: https://www.selenium.dev/documentation/webdriver/troubleshooting/errors#no-such-element-exception\nStacktrace:\n\tGetHandleVerifier [0x00007FF7846A78A2+54818]\n\t(No symbol) [0x00007FF784616AD2]\n\t(No symbol) [0x00007FF7844CDA3B]\n\t(No symbol) [0x00007FF78450E4FC]\n\t(No symbol) [0x00007FF78450E67C]\n\t(No symbol) [0x00007FF784549627]\n\t(No symbol) [0x00007FF78452EAEF]\n\t(No symbol) [0x00007FF7845475A2]\n\t(No symbol) [0x00007FF78452E883]\n\t(No symbol) [0x00007FF784503691]\n\t(No symbol) [0x00007FF7845048D4]\n\tGetHandleVerifier [0x00007FF784A0B9A2+3610402]\n\tGetHandleVerifier [0x00007FF784A61870+3962352]\n\tGetHandleVerifier [0x00007FF784A59D5F+3930847]\n\tGetHandleVerifier [0x00007FF784743656+693206]\n\t(No symbol) [0x00007FF784621638]\n\t(No symbol) [0x00007FF78461D944]\n\t(No symbol) [0x00007FF78461DA72]\n\t(No symbol) [0x00007FF78460E123]\n\tBaseThreadInitThunk [0x00007FFF5C2B257D+29]\n\tRtlUserThreadStart [0x00007FFF5CCCAA48+40]","statusTrace":"self = <test_case.test_program_management.TestProgramManagement object at 0x00000222745EFF70>\n\n    @allure.title(\"引用节目\")\n    @pytest.mark.run(order=17)\n    def test_copy_program(self):\n        program_page = self.program_page\n        with step(\"先创建一个节目\"):\n            program_page.switch_to_program_management()\n            program_page.create_general_program()\n        program_page.refresh()\n    \n        with step(\"点击更多按钮\"):\n            program_page.program_more_button()\n    \n        with step(\"点击引用按钮\"):\n            program_page.program_copy_button()\n    \n        with step(\"输入引用名称\"):\n>           program_page.program_copy_name(\"引用后新的名称\")\n\ntest_case\\test_program_management.py:479: \n_ _ _ _ _ _ _ _ _ _ _ _ _ _ _ _ _ _ _ _ _ _ _ _ _ _ _ _ _ _ _ _ _ _ _ _ _ _ _ _\npageobject\\program_page.py:424: in program_copy_name\n    self.input(program_copy_name_locator, copy_name)\nbasepage\\base_page.py:401: in input\n    e1 = self.get_element(args)\nbasepage\\base_page.py:245: in get_element\n    element = self.driver.find_element(By.XPATH, value=selector_value)\nD:\\sw_install\\python-install\\lib\\site-packages\\selenium\\webdriver\\remote\\webdriver.py:742: in find_element\n    return self.execute(Command.FIND_ELEMENT, {\"using\": by, \"value\": value})[\"value\"]\nD:\\sw_install\\python-install\\lib\\site-packages\\selenium\\webdriver\\remote\\webdriver.py:348: in execute\n    self.error_handler.check_response(response)\n_ _ _ _ _ _ _ _ _ _ _ _ _ _ _ _ _ _ _ _ _ _ _ _ _ _ _ _ _ _ _ _ _ _ _ _ _ _ _ _\n\nself = <selenium.webdriver.remote.errorhandler.ErrorHandler object at 0x000002227F1185B0>\nresponse = {'status': 404, 'value': '{\"value\":{\"error\":\"no such element\",\"message\":\"no such element: Unable to locate element: {\\...07FF78460E123]\\\\n\\\\tBaseThreadInitThunk [0x00007FFF5C2B257D+29]\\\\n\\\\tRtlUserThreadStart [0x00007FFF5CCCAA48+40]\\\\n\"}}'}\n\n    def check_response(self, response: Dict[str, Any]) -> None:\n        \"\"\"Checks that a JSON response from the WebDriver does not have an\n        error.\n    \n        :Args:\n         - response - The JSON response from the WebDriver server as a dictionary\n           object.\n    \n        :Raises: If the response contains an error message.\n        \"\"\"\n        status = response.get(\"status\", None)\n        if not status or status == ErrorCode.SUCCESS:\n            return\n        value = None\n        message = response.get(\"message\", \"\")\n        screen: str = response.get(\"screen\", \"\")\n        stacktrace = None\n        if isinstance(status, int):\n            value_json = response.get(\"value\", None)\n            if value_json and isinstance(value_json, str):\n                import json\n    \n                try:\n                    value = json.loads(value_json)\n                    if len(value) == 1:\n                        value = value[\"value\"]\n                    status = value.get(\"error\", None)\n                    if not status:\n                        status = value.get(\"status\", ErrorCode.UNKNOWN_ERROR)\n                        message = value.get(\"value\") or value.get(\"message\")\n                        if not isinstance(message, str):\n                            value = message\n                            message = message.get(\"message\")\n                    else:\n                        message = value.get(\"message\", None)\n                except ValueError:\n                    pass\n    \n        exception_class: Type[WebDriverException]\n        e = ErrorCode()\n        error_codes = [item for item in dir(e) if not item.startswith(\"__\")]\n        for error_code in error_codes:\n            error_info = getattr(ErrorCode, error_code)\n            if isinstance(error_info, list) and status in error_info:\n                exception_class = getattr(ExceptionMapping, error_code, WebDriverException)\n                break\n        else:\n            exception_class = WebDriverException\n    \n        if not value:\n            value = response[\"value\"]\n        if isinstance(value, str):\n            raise exception_class(value)\n        if message == \"\" and \"message\" in value:\n            message = value[\"message\"]\n    \n        screen = None  # type: ignore[assignment]\n        if \"screen\" in value:\n            screen = value[\"screen\"]\n    \n        stacktrace = None\n        st_value = value.get(\"stackTrace\") or value.get(\"stacktrace\")\n        if st_value:\n            if isinstance(st_value, str):\n                stacktrace = st_value.split(\"\\n\")\n            else:\n                stacktrace = []\n                try:\n                    for frame in st_value:\n                        line = frame.get(\"lineNumber\", \"\")\n                        file = frame.get(\"fileName\", \"<anonymous>\")\n                        if line:\n                            file = f\"{file}:{line}\"\n                        meth = frame.get(\"methodName\", \"<anonymous>\")\n                        if \"className\" in frame:\n                            meth = f\"{frame['className']}.{meth}\"\n                        msg = \"    at %s (%s)\"\n                        msg = msg % (meth, file)\n                        stacktrace.append(msg)\n                except TypeError:\n                    pass\n        if exception_class == UnexpectedAlertPresentException:\n            alert_text = None\n            if \"data\" in value:\n                alert_text = value[\"data\"].get(\"text\")\n            elif \"alert\" in value:\n                alert_text = value[\"alert\"].get(\"text\")\n            raise exception_class(message, screen, stacktrace, alert_text)  # type: ignore[call-arg]  # mypy is not smart enough here\n>       raise exception_class(message, screen, stacktrace)\nE       selenium.common.exceptions.NoSuchElementException: Message: no such element: Unable to locate element: {\"method\":\"xpath\",\"selector\":\"//input[@placeholder=\"请输入名称\"]\"}\nE         (Session info: chrome=118.0.5993.118); For documentation on this error, please visit: https://www.selenium.dev/documentation/webdriver/troubleshooting/errors#no-such-element-exception\nE       Stacktrace:\nE       \tGetHandleVerifier [0x00007FF7846A78A2+54818]\nE       \t(No symbol) [0x00007FF784616AD2]\nE       \t(No symbol) [0x00007FF7844CDA3B]\nE       \t(No symbol) [0x00007FF78450E4FC]\nE       \t(No symbol) [0x00007FF78450E67C]\nE       \t(No symbol) [0x00007FF784549627]\nE       \t(No symbol) [0x00007FF78452EAEF]\nE       \t(No symbol) [0x00007FF7845475A2]\nE       \t(No symbol) [0x00007FF78452E883]\nE       \t(No symbol) [0x00007FF784503691]\nE       \t(No symbol) [0x00007FF7845048D4]\nE       \tGetHandleVerifier [0x00007FF784A0B9A2+3610402]\nE       \tGetHandleVerifier [0x00007FF784A61870+3962352]\nE       \tGetHandleVerifier [0x00007FF784A59D5F+3930847]\nE       \tGetHandleVerifier [0x00007FF784743656+693206]\nE       \t(No symbol) [0x00007FF784621638]\nE       \t(No symbol) [0x00007FF78461D944]\nE       \t(No symbol) [0x00007FF78461DA72]\nE       \t(No symbol) [0x00007FF78460E123]\nE       \tBaseThreadInitThunk [0x00007FFF5C2B257D+29]\nE       \tRtlUserThreadStart [0x00007FFF5CCCAA48+40]\n\nD:\\sw_install\\python-install\\lib\\site-packages\\selenium\\webdriver\\remote\\errorhandler.py:229: NoSuchElementException","flaky":false,"newFailed":false,"newBroken":false,"newPassed":false,"retriesCount":0,"retriesStatusChange":false,"beforeStages":[{"name":"env","time":{"start":1718845551102,"stop":1718845551104,"duration":2},"status":"passed","steps":[],"attachments":[],"parameters":[],"hasContent":false,"attachmentsCount":0,"shouldDisplayMessage":false,"stepsCount":0},{"name":"driver","time":{"start":1718845551104,"stop":1718845568094,"duration":16990},"status":"passed","steps":[],"attachments":[],"parameters":[],"hasContent":false,"attachmentsCount":0,"shouldDisplayMessage":false,"stepsCount":0},{"name":"program_page","time":{"start":1718845568094,"stop":1718845568094,"duration":0},"status":"passed","steps":[],"attachments":[],"parameters":[],"hasContent":false,"attachmentsCount":0,"shouldDisplayMessage":false,"stepsCount":0},{"name":"program_management_set_up","time":{"start":1718845760862,"stop":1718845763009,"duration":2147},"status":"passed","steps":[],"attachments":[],"parameters":[],"hasContent":false,"attachmentsCount":0,"shouldDisplayMessage":false,"stepsCount":0}],"testStage":{"status":"broken","statusMessage":"selenium.common.exceptions.NoSuchElementException: Message: no such element: Unable to locate element: {\"method\":\"xpath\",\"selector\":\"//input[@placeholder=\"请输入名称\"]\"}\n  (Session info: chrome=118.0.5993.118); For documentation on this error, please visit: https://www.selenium.dev/documentation/webdriver/troubleshooting/errors#no-such-element-exception\nStacktrace:\n\tGetHandleVerifier [0x00007FF7846A78A2+54818]\n\t(No symbol) [0x00007FF784616AD2]\n\t(No symbol) [0x00007FF7844CDA3B]\n\t(No symbol) [0x00007FF78450E4FC]\n\t(No symbol) [0x00007FF78450E67C]\n\t(No symbol) [0x00007FF784549627]\n\t(No symbol) [0x00007FF78452EAEF]\n\t(No symbol) [0x00007FF7845475A2]\n\t(No symbol) [0x00007FF78452E883]\n\t(No symbol) [0x00007FF784503691]\n\t(No symbol) [0x00007FF7845048D4]\n\tGetHandleVerifier [0x00007FF784A0B9A2+3610402]\n\tGetHandleVerifier [0x00007FF784A61870+3962352]\n\tGetHandleVerifier [0x00007FF784A59D5F+3930847]\n\tGetHandleVerifier [0x00007FF784743656+693206]\n\t(No symbol) [0x00007FF784621638]\n\t(No symbol) [0x00007FF78461D944]\n\t(No symbol) [0x00007FF78461DA72]\n\t(No symbol) [0x00007FF78460E123]\n\tBaseThreadInitThunk [0x00007FFF5C2B257D+29]\n\tRtlUserThreadStart [0x00007FFF5CCCAA48+40]","statusTrace":"self = <test_case.test_program_management.TestProgramManagement object at 0x00000222745EFF70>\n\n    @allure.title(\"引用节目\")\n    @pytest.mark.run(order=17)\n    def test_copy_program(self):\n        program_page = self.program_page\n        with step(\"先创建一个节目\"):\n            program_page.switch_to_program_management()\n            program_page.create_general_program()\n        program_page.refresh()\n    \n        with step(\"点击更多按钮\"):\n            program_page.program_more_button()\n    \n        with step(\"点击引用按钮\"):\n            program_page.program_copy_button()\n    \n        with step(\"输入引用名称\"):\n>           program_page.program_copy_name(\"引用后新的名称\")\n\ntest_case\\test_program_management.py:479: \n_ _ _ _ _ _ _ _ _ _ _ _ _ _ _ _ _ _ _ _ _ _ _ _ _ _ _ _ _ _ _ _ _ _ _ _ _ _ _ _\npageobject\\program_page.py:424: in program_copy_name\n    self.input(program_copy_name_locator, copy_name)\nbasepage\\base_page.py:401: in input\n    e1 = self.get_element(args)\nbasepage\\base_page.py:245: in get_element\n    element = self.driver.find_element(By.XPATH, value=selector_value)\nD:\\sw_install\\python-install\\lib\\site-packages\\selenium\\webdriver\\remote\\webdriver.py:742: in find_element\n    return self.execute(Command.FIND_ELEMENT, {\"using\": by, \"value\": value})[\"value\"]\nD:\\sw_install\\python-install\\lib\\site-packages\\selenium\\webdriver\\remote\\webdriver.py:348: in execute\n    self.error_handler.check_response(response)\n_ _ _ _ _ _ _ _ _ _ _ _ _ _ _ _ _ _ _ _ _ _ _ _ _ _ _ _ _ _ _ _ _ _ _ _ _ _ _ _\n\nself = <selenium.webdriver.remote.errorhandler.ErrorHandler object at 0x000002227F1185B0>\nresponse = {'status': 404, 'value': '{\"value\":{\"error\":\"no such element\",\"message\":\"no such element: Unable to locate element: {\\...07FF78460E123]\\\\n\\\\tBaseThreadInitThunk [0x00007FFF5C2B257D+29]\\\\n\\\\tRtlUserThreadStart [0x00007FFF5CCCAA48+40]\\\\n\"}}'}\n\n    def check_response(self, response: Dict[str, Any]) -> None:\n        \"\"\"Checks that a JSON response from the WebDriver does not have an\n        error.\n    \n        :Args:\n         - response - The JSON response from the WebDriver server as a dictionary\n           object.\n    \n        :Raises: If the response contains an error message.\n        \"\"\"\n        status = response.get(\"status\", None)\n        if not status or status == ErrorCode.SUCCESS:\n            return\n        value = None\n        message = response.get(\"message\", \"\")\n        screen: str = response.get(\"screen\", \"\")\n        stacktrace = None\n        if isinstance(status, int):\n            value_json = response.get(\"value\", None)\n            if value_json and isinstance(value_json, str):\n                import json\n    \n                try:\n                    value = json.loads(value_json)\n                    if len(value) == 1:\n                        value = value[\"value\"]\n                    status = value.get(\"error\", None)\n                    if not status:\n                        status = value.get(\"status\", ErrorCode.UNKNOWN_ERROR)\n                        message = value.get(\"value\") or value.get(\"message\")\n                        if not isinstance(message, str):\n                            value = message\n                            message = message.get(\"message\")\n                    else:\n                        message = value.get(\"message\", None)\n                except ValueError:\n                    pass\n    \n        exception_class: Type[WebDriverException]\n        e = ErrorCode()\n        error_codes = [item for item in dir(e) if not item.startswith(\"__\")]\n        for error_code in error_codes:\n            error_info = getattr(ErrorCode, error_code)\n            if isinstance(error_info, list) and status in error_info:\n                exception_class = getattr(ExceptionMapping, error_code, WebDriverException)\n                break\n        else:\n            exception_class = WebDriverException\n    \n        if not value:\n            value = response[\"value\"]\n        if isinstance(value, str):\n            raise exception_class(value)\n        if message == \"\" and \"message\" in value:\n            message = value[\"message\"]\n    \n        screen = None  # type: ignore[assignment]\n        if \"screen\" in value:\n            screen = value[\"screen\"]\n    \n        stacktrace = None\n        st_value = value.get(\"stackTrace\") or value.get(\"stacktrace\")\n        if st_value:\n            if isinstance(st_value, str):\n                stacktrace = st_value.split(\"\\n\")\n            else:\n                stacktrace = []\n                try:\n                    for frame in st_value:\n                        line = frame.get(\"lineNumber\", \"\")\n                        file = frame.get(\"fileName\", \"<anonymous>\")\n                        if line:\n                            file = f\"{file}:{line}\"\n                        meth = frame.get(\"methodName\", \"<anonymous>\")\n                        if \"className\" in frame:\n                            meth = f\"{frame['className']}.{meth}\"\n                        msg = \"    at %s (%s)\"\n                        msg = msg % (meth, file)\n                        stacktrace.append(msg)\n                except TypeError:\n                    pass\n        if exception_class == UnexpectedAlertPresentException:\n            alert_text = None\n            if \"data\" in value:\n                alert_text = value[\"data\"].get(\"text\")\n            elif \"alert\" in value:\n                alert_text = value[\"alert\"].get(\"text\")\n            raise exception_class(message, screen, stacktrace, alert_text)  # type: ignore[call-arg]  # mypy is not smart enough here\n>       raise exception_class(message, screen, stacktrace)\nE       selenium.common.exceptions.NoSuchElementException: Message: no such element: Unable to locate element: {\"method\":\"xpath\",\"selector\":\"//input[@placeholder=\"请输入名称\"]\"}\nE         (Session info: chrome=118.0.5993.118); For documentation on this error, please visit: https://www.selenium.dev/documentation/webdriver/troubleshooting/errors#no-such-element-exception\nE       Stacktrace:\nE       \tGetHandleVerifier [0x00007FF7846A78A2+54818]\nE       \t(No symbol) [0x00007FF784616AD2]\nE       \t(No symbol) [0x00007FF7844CDA3B]\nE       \t(No symbol) [0x00007FF78450E4FC]\nE       \t(No symbol) [0x00007FF78450E67C]\nE       \t(No symbol) [0x00007FF784549627]\nE       \t(No symbol) [0x00007FF78452EAEF]\nE       \t(No symbol) [0x00007FF7845475A2]\nE       \t(No symbol) [0x00007FF78452E883]\nE       \t(No symbol) [0x00007FF784503691]\nE       \t(No symbol) [0x00007FF7845048D4]\nE       \tGetHandleVerifier [0x00007FF784A0B9A2+3610402]\nE       \tGetHandleVerifier [0x00007FF784A61870+3962352]\nE       \tGetHandleVerifier [0x00007FF784A59D5F+3930847]\nE       \tGetHandleVerifier [0x00007FF784743656+693206]\nE       \t(No symbol) [0x00007FF784621638]\nE       \t(No symbol) [0x00007FF78461D944]\nE       \t(No symbol) [0x00007FF78461DA72]\nE       \t(No symbol) [0x00007FF78460E123]\nE       \tBaseThreadInitThunk [0x00007FFF5C2B257D+29]\nE       \tRtlUserThreadStart [0x00007FFF5CCCAA48+40]\n\nD:\\sw_install\\python-install\\lib\\site-packages\\selenium\\webdriver\\remote\\errorhandler.py:229: NoSuchElementException","steps":[{"name":"先创建一个节目","time":{"start":1718845763010,"stop":1718845828437,"duration":65427},"status":"passed","steps":[{"name":"点击创建节目","time":{"start":1718845763055,"stop":1718845763180,"duration":125},"status":"passed","steps":[],"attachments":[],"parameters":[],"hasContent":false,"attachmentsCount":0,"shouldDisplayMessage":false,"stepsCount":0},{"name":"输入节目名称（普通节目）","time":{"start":1718845763180,"stop":1718845763324,"duration":144},"status":"passed","steps":[],"attachments":[],"parameters":[],"hasContent":false,"attachmentsCount":0,"shouldDisplayMessage":false,"stepsCount":0},{"name":"选择屏幕方向","time":{"start":1718845763324,"stop":1718845763405,"duration":81},"status":"passed","steps":[],"attachments":[],"parameters":[],"hasContent":false,"attachmentsCount":0,"shouldDisplayMessage":false,"stepsCount":0},{"name":"选择分辨率","time":{"start":1718845763405,"stop":1718845774006,"duration":10601},"status":"passed","steps":[],"attachments":[],"parameters":[],"hasContent":false,"attachmentsCount":0,"shouldDisplayMessage":false,"stepsCount":0},{"name":"点击保存按钮","time":{"start":1718845774006,"stop":1718845774149,"duration":143},"status":"passed","steps":[],"attachments":[],"parameters":[],"hasContent":false,"attachmentsCount":0,"shouldDisplayMessage":false,"stepsCount":0},{"name":"选择分辨率","time":{"start":1718845774149,"stop":1718845784775,"duration":10626},"status":"passed","steps":[],"attachments":[],"parameters":[],"hasContent":false,"attachmentsCount":0,"shouldDisplayMessage":false,"stepsCount":0},{"name":"在编辑器中进行保存","time":{"start":1718845784775,"stop":1718845828437,"duration":43662},"status":"passed","steps":[],"attachments":[],"parameters":[],"hasContent":false,"attachmentsCount":0,"shouldDisplayMessage":false,"stepsCount":0}],"attachments":[],"parameters":[],"hasContent":true,"attachmentsCount":0,"shouldDisplayMessage":false,"stepsCount":7},{"name":"点击更多按钮","time":{"start":1718845828874,"stop":1718845829298,"duration":424},"status":"passed","steps":[],"attachments":[],"parameters":[],"hasContent":false,"attachmentsCount":0,"shouldDisplayMessage":false,"stepsCount":0},{"name":"点击引用按钮","time":{"start":1718845829298,"stop":1718845839469,"duration":10171},"status":"passed","steps":[],"attachments":[],"parameters":[],"hasContent":false,"attachmentsCount":0,"shouldDisplayMessage":false,"stepsCount":0},{"name":"输入引用名称","time":{"start":1718845839469,"stop":1718845859514,"duration":20045},"status":"broken","statusMessage":"selenium.common.exceptions.NoSuchElementException: Message: no such element: Unable to locate element: {\"method\":\"xpath\",\"selector\":\"//input[@placeholder=\"请输入名称\"]\"}\n  (Session info: chrome=118.0.5993.118); For documentation on this error, please visit: https://www.selenium.dev/documentation/webdriver/troubleshooting/errors#no-such-element-exception\nStacktrace:\n\tGetHandleVerifier [0x00007FF7846A78A2+54818]\n\t(No symbol) [0x00007FF784616AD2]\n\t(No symbol) [0x00007FF7844CDA3B]\n\t(No symbol) [0x00007FF78450E4FC]\n\t(No symbol) [0x00007FF78450E67C]\n\t(No symbol) [0x00007FF784549627]\n\t(No symbol) [0x00007FF78452EAEF]\n\t(No symbol) [0x00007FF7845475A2]\n\t(No symbol) [0x00007FF78452E883]\n\t(No symbol) [0x00007FF784503691]\n\t(No symbol) [0x00007FF7845048D4]\n\tGetHandleVerifier [0x00007FF784A0B9A2+3610402]\n\tGetHandleVerifier [0x00007FF784A61870+3962352]\n\tGetHandleVerifier [0x00007FF784A59D5F+3930847]\n\tGetHandleVerifier [0x00007FF784743656+693206]\n\t(No symbol) [0x00007FF784621638]\n\t(No symbol) [0x00007FF78461D944]\n\t(No symbol) [0x00007FF78461DA72]\n\t(No symbol) [0x00007FF78460E123]\n\tBaseThreadInitThunk [0x00007FFF5C2B257D+29]\n\tRtlUserThreadStart [0x00007FFF5CCCAA48+40]\n\n","statusTrace":"  File \"D:\\git\\ui_test\\test_case\\test_program_management.py\", line 479, in test_copy_program\n    program_page.program_copy_name(\"引用后新的名称\")\n  File \"D:\\git\\ui_test\\pageobject\\program_page.py\", line 424, in program_copy_name\n    self.input(program_copy_name_locator, copy_name)\n  File \"D:\\git\\ui_test\\basepage\\base_page.py\", line 401, in input\n    e1 = self.get_element(args)\n  File \"D:\\git\\ui_test\\basepage\\base_page.py\", line 245, in get_element\n    element = self.driver.find_element(By.XPATH, value=selector_value)\n  File \"D:\\sw_install\\python-install\\lib\\site-packages\\selenium\\webdriver\\remote\\webdriver.py\", line 742, in find_element\n    return self.execute(Command.FIND_ELEMENT, {\"using\": by, \"value\": value})[\"value\"]\n  File \"D:\\sw_install\\python-install\\lib\\site-packages\\selenium\\webdriver\\remote\\webdriver.py\", line 348, in execute\n    self.error_handler.check_response(response)\n  File \"D:\\sw_install\\python-install\\lib\\site-packages\\selenium\\webdriver\\remote\\errorhandler.py\", line 229, in check_response\n    raise exception_class(message, screen, stacktrace)\n","steps":[],"attachments":[],"parameters":[],"hasContent":true,"attachmentsCount":0,"shouldDisplayMessage":true,"stepsCount":0}],"attachments":[],"parameters":[],"hasContent":true,"attachmentsCount":0,"shouldDisplayMessage":true,"stepsCount":11},"afterStages":[{"name":"program_page::0","time":{"start":1718846345631,"stop":1718846345632,"duration":1},"status":"passed","steps":[],"attachments":[],"parameters":[],"hasContent":false,"attachmentsCount":0,"shouldDisplayMessage":false,"stepsCount":0},{"name":"driver::0","time":{"start":1718846345637,"stop":1718846349767,"duration":4130},"status":"passed","steps":[],"attachments":[],"parameters":[],"hasContent":false,"attachmentsCount":0,"shouldDisplayMessage":false,"stepsCount":0}],"labels":[{"name":"epic","value":"项目hkc"},{"name":"feature","value":"program management"},{"name":"tag","value":"run(order=17)"},{"name":"tag","value":"@pytest.mark.usefixtures('program_management_set_up')"},{"name":"parentSuite","value":"test_case"},{"name":"suite","value":"test_program_management"},{"name":"subSuite","value":"TestProgramManagement"},{"name":"host","value":"hkc0208725"},{"name":"thread","value":"15792-MainThread"},{"name":"framework","value":"pytest"},{"name":"language","value":"cpython3"},{"name":"package","value":"test_case.test_program_management"},{"name":"resultFormat","value":"allure2"}],"parameters":[],"links":[],"hidden":false,"retry":false,"extra":{"severity":"normal","retries":[],"categories":[{"name":"Test defects","matchedStatuses":[],"flaky":false}],"tags":["run(order=17)","@pytest.mark.usefixtures('program_management_set_up')"]},"source":"df040686db4191e7.json","parameterValues":[]}