{"uuid": "a1cd4e39-ad96-4a6a-96bf-103c7309a559", "children": ["8eae3751-9547-488f-91ed-a01431695ce3"], "befores": [{"name": "generate_one_program", "status": "broken", "statusDetails": {"message": "selenium.common.exceptions.ElementClickInterceptedException: Message: element click intercepted: Element <div data-v-d121ed1c=\"\" class=\"icon-box\">...</div> is not clickable at point (68, 35). Other element would receive the click: <div class=\"el-overlay el-drawer-fade-enter-from el-drawer-fade-enter-active\" style=\"z-index: 2021;\">...</div>\n  (Session info: chrome=118.0.5993.118)\nStacktrace:\n\tGetHandleVerifier [0x00007FF7545378A2+54818]\n\t(No symbol) [0x00007FF7544A6AD2]\n\t(No symbol) [0x00007FF75435DA3B]\n\t(No symbol) [0x00007FF7543A47CB]\n\t(No symbol) [0x00007FF7543A2B99]\n\t(No symbol) [0x00007FF7543A0968]\n\t(No symbol) [0x00007FF75439FA23]\n\t(No symbol) [0x00007FF75439571F]\n\t(No symbol) [0x00007FF7543BEAAA]\n\t(No symbol) [0x00007FF754395036]\n\t(No symbol) [0x00007FF7543BECC0]\n\t(No symbol) [0x00007FF7543D75A2]\n\t(No symbol) [0x00007FF7543BE883]\n\t(No symbol) [0x00007FF754393691]\n\t(No symbol) [0x00007FF7543948D4]\n\tGetHandleVerifier [0x00007FF75489B9A2+3610402]\n\tGetHandleVerifier [0x00007FF7548F1870+3962352]\n\tGetHandleVerifier [0x00007FF7548E9D5F+3930847]\n\tGetHandleVerifier [0x00007FF7545D3656+693206]\n\t(No symbol) [0x00007FF7544B1638]\n\t(No symbol) [0x00007FF7544AD944]\n\t(No symbol) [0x00007FF7544ADA72]\n\t(No symbol) [0x00007FF75449E123]\n\tBaseThreadInitThunk [0x00007FFA3DBD257D+29]\n\tRtlUserThreadStart [0x00007FFA3E7AAF28+40]\n\n", "trace": "  File \"D:\\sw_install\\python-install\\lib\\site-packages\\pluggy\\_callers.py\", line 77, in _multicall\n    res = hook_impl.function(*args)\n  File \"D:\\sw_install\\python-install\\lib\\site-packages\\_pytest\\fixtures.py\", line 1130, in pytest_fixture_setup\n    result = call_fixture_func(fixturefunc, request, kwargs)\n  File \"D:\\sw_install\\python-install\\lib\\site-packages\\_pytest\\fixtures.py\", line 909, in call_fixture_func\n    fixture_result = fixturefunc(**kwargs)\n  File \"D:\\git\\ui_test\\test_case\\test_play_bill.py\", line 158, in generate_one_program\n    release_page.click_system_icon()\n  File \"D:\\git\\ui_test\\pageobject\\release_page.py\", line 326, in click_system_icon\n    self.click(system_icon)\n  File \"D:\\git\\ui_test\\basepage\\base_page.py\", line 391, in click\n    element_to_click.click()\n  File \"D:\\sw_install\\python-install\\lib\\site-packages\\selenium\\webdriver\\remote\\webelement.py\", line 94, in click\n    self._execute(Command.CLICK_ELEMENT)\n  File \"D:\\sw_install\\python-install\\lib\\site-packages\\selenium\\webdriver\\remote\\webelement.py\", line 395, in _execute\n    return self._parent.execute(command, params)\n  File \"D:\\sw_install\\python-install\\lib\\site-packages\\selenium\\webdriver\\remote\\webdriver.py\", line 348, in execute\n    self.error_handler.check_response(response)\n  File \"D:\\sw_install\\python-install\\lib\\site-packages\\selenium\\webdriver\\remote\\errorhandler.py\", line 229, in check_response\n    raise exception_class(message, screen, stacktrace)\n"}, "steps": [{"name": "点击上传按钮", "status": "passed", "start": 1719882863358, "stop": 1719882863990}, {"name": "进行文件上传", "status": "passed", "start": 1719882863990, "stop": 1719882871083}, {"name": "当进度为100%时，则关闭上传弹框", "status": "passed", "start": 1719882871083, "stop": 1719882873264}, {"name": "点击选设备", "status": "passed", "start": 1719882893610, "stop": 1719882894243}, {"name": "选择一个设备", "status": "passed", "start": 1719882894243, "stop": 1719882904559}, {"name": "选完设备后，点击确定", "status": "broken", "statusDetails": {"message": "selenium.common.exceptions.ElementClickInterceptedException: Message: element click intercepted: Element <div data-v-d121ed1c=\"\" class=\"icon-box\">...</div> is not clickable at point (68, 35). Other element would receive the click: <div class=\"el-overlay el-drawer-fade-enter-from el-drawer-fade-enter-active\" style=\"z-index: 2021;\">...</div>\n  (Session info: chrome=118.0.5993.118)\nStacktrace:\n\tGetHandleVerifier [0x00007FF7545378A2+54818]\n\t(No symbol) [0x00007FF7544A6AD2]\n\t(No symbol) [0x00007FF75435DA3B]\n\t(No symbol) [0x00007FF7543A47CB]\n\t(No symbol) [0x00007FF7543A2B99]\n\t(No symbol) [0x00007FF7543A0968]\n\t(No symbol) [0x00007FF75439FA23]\n\t(No symbol) [0x00007FF75439571F]\n\t(No symbol) [0x00007FF7543BEAAA]\n\t(No symbol) [0x00007FF754395036]\n\t(No symbol) [0x00007FF7543BECC0]\n\t(No symbol) [0x00007FF7543D75A2]\n\t(No symbol) [0x00007FF7543BE883]\n\t(No symbol) [0x00007FF754393691]\n\t(No symbol) [0x00007FF7543948D4]\n\tGetHandleVerifier [0x00007FF75489B9A2+3610402]\n\tGetHandleVerifier [0x00007FF7548F1870+3962352]\n\tGetHandleVerifier [0x00007FF7548E9D5F+3930847]\n\tGetHandleVerifier [0x00007FF7545D3656+693206]\n\t(No symbol) [0x00007FF7544B1638]\n\t(No symbol) [0x00007FF7544AD944]\n\t(No symbol) [0x00007FF7544ADA72]\n\t(No symbol) [0x00007FF75449E123]\n\tBaseThreadInitThunk [0x00007FFA3DBD257D+29]\n\tRtlUserThreadStart [0x00007FFA3E7AAF28+40]\n\n", "trace": "  File \"D:\\git\\ui_test\\test_case\\test_play_bill.py\", line 158, in generate_one_program\n    release_page.click_system_icon()\n  File \"D:\\git\\ui_test\\pageobject\\release_page.py\", line 326, in click_system_icon\n    self.click(system_icon)\n  File \"D:\\git\\ui_test\\basepage\\base_page.py\", line 391, in click\n    element_to_click.click()\n  File \"D:\\sw_install\\python-install\\lib\\site-packages\\selenium\\webdriver\\remote\\webelement.py\", line 94, in click\n    self._execute(Command.CLICK_ELEMENT)\n  File \"D:\\sw_install\\python-install\\lib\\site-packages\\selenium\\webdriver\\remote\\webelement.py\", line 395, in _execute\n    return self._parent.execute(command, params)\n  File \"D:\\sw_install\\python-install\\lib\\site-packages\\selenium\\webdriver\\remote\\webdriver.py\", line 348, in execute\n    self.error_handler.check_response(response)\n  File \"D:\\sw_install\\python-install\\lib\\site-packages\\selenium\\webdriver\\remote\\errorhandler.py\", line 229, in check_response\n    raise exception_class(message, screen, stacktrace)\n"}, "start": 1719882904559, "stop": 1719882915997}], "start": 1719882860663, "stop": 1719882916016}], "start": 1719882860663, "stop": 1719882916921}