{"uid":"623a866bd40339","name":"发送插播字幕，位置：中","fullName":"test_case.test_terminal_center.TestTerminalCenter#test_insert_subtitle_median","historyId":"71cd25da1c270ab31fc16121c17baebc","time":{"start":1719483004287,"stop":1719483176844,"duration":172557},"status":"broken","statusMessage":"selenium.common.exceptions.NoSuchElementException: Message: no such element: Unable to locate element: {\"method\":\"xpath\",\"selector\":\"//img[@title=\"更多\"]\"}\n  (Session info: chrome=118.0.5993.118); For documentation on this error, please visit: https://www.selenium.dev/documentation/webdriver/troubleshooting/errors#no-such-element-exception\nStacktrace:\n\tGetHandleVerifier [0x00007FF6A49C78A2+54818]\n\t(No symbol) [0x00007FF6A4936AD2]\n\t(No symbol) [0x00007FF6A47EDA3B]\n\t(No symbol) [0x00007FF6A482E4FC]\n\t(No symbol) [0x00007FF6A482E67C]\n\t(No symbol) [0x00007FF6A4869627]\n\t(No symbol) [0x00007FF6A484EAEF]\n\t(No symbol) [0x00007FF6A48675A2]\n\t(No symbol) [0x00007FF6A484E883]\n\t(No symbol) [0x00007FF6A4823691]\n\t(No symbol) [0x00007FF6A48248D4]\n\tGetHandleVerifier [0x00007FF6A4D2B9A2+3610402]\n\tGetHandleVerifier [0x00007FF6A4D81870+3962352]\n\tGetHandleVerifier [0x00007FF6A4D79D5F+3930847]\n\tGetHandleVerifier [0x00007FF6A4A63656+693206]\n\t(No symbol) [0x00007FF6A4941638]\n\t(No symbol) [0x00007FF6A493D944]\n\t(No symbol) [0x00007FF6A493DA72]\n\t(No symbol) [0x00007FF6A492E123]\n\tBaseThreadInitThunk [0x00007FFBB2E1257D+29]\n\tRtlUserThreadStart [0x00007FFBB502AA48+40]","statusTrace":"self = <test_case.test_terminal_center.TestTerminalCenter object at 0x000001D29B6A1180>\n\n    @pytest.mark.usefixtures('clear_terminal_list')\n    @allure.title(\"发送插播字幕，位置：中\")\n    @pytest.mark.run(order=7)\n    def test_insert_subtitle_median(self):\n        terminal_page = self.terminal_page\n        terminal_page.refresh()\n        text = random.randint(999, 9999999999)\n        # sql_execute()\n        with step(\"各种前提：\"):\n            terminal_page.switch_to_terminal_center()\n            terminal_page.add_real_terminal()\n>           terminal_page.click_more_button()\n\ntest_case\\test_terminal_center.py:156: \n_ _ _ _ _ _ _ _ _ _ _ _ _ _ _ _ _ _ _ _ _ _ _ _ _ _ _ _ _ _ _ _ _ _ _ _ _ _ _ _\npageobject\\terminal_page.py:378: in click_more_button\n    self.click_button(more_button_loca)\nbasepage\\base_page.py:412: in click_button\n    self.get_element(args).click()\nbasepage\\base_page.py:245: in get_element\n    element = self.driver.find_element(By.XPATH, value=selector_value)\nD:\\sw_install\\python-install\\lib\\site-packages\\selenium\\webdriver\\remote\\webdriver.py:742: in find_element\n    return self.execute(Command.FIND_ELEMENT, {\"using\": by, \"value\": value})[\"value\"]\nD:\\sw_install\\python-install\\lib\\site-packages\\selenium\\webdriver\\remote\\webdriver.py:348: in execute\n    self.error_handler.check_response(response)\n_ _ _ _ _ _ _ _ _ _ _ _ _ _ _ _ _ _ _ _ _ _ _ _ _ _ _ _ _ _ _ _ _ _ _ _ _ _ _ _\n\nself = <selenium.webdriver.remote.errorhandler.ErrorHandler object at 0x000001D2C325D690>\nresponse = {'status': 404, 'value': '{\"value\":{\"error\":\"no such element\",\"message\":\"no such element: Unable to locate element: {\\...07FF6A492E123]\\\\n\\\\tBaseThreadInitThunk [0x00007FFBB2E1257D+29]\\\\n\\\\tRtlUserThreadStart [0x00007FFBB502AA48+40]\\\\n\"}}'}\n\n    def check_response(self, response: Dict[str, Any]) -> None:\n        \"\"\"Checks that a JSON response from the WebDriver does not have an\n        error.\n    \n        :Args:\n         - response - The JSON response from the WebDriver server as a dictionary\n           object.\n    \n        :Raises: If the response contains an error message.\n        \"\"\"\n        status = response.get(\"status\", None)\n        if not status or status == ErrorCode.SUCCESS:\n            return\n        value = None\n        message = response.get(\"message\", \"\")\n        screen: str = response.get(\"screen\", \"\")\n        stacktrace = None\n        if isinstance(status, int):\n            value_json = response.get(\"value\", None)\n            if value_json and isinstance(value_json, str):\n                import json\n    \n                try:\n                    value = json.loads(value_json)\n                    if len(value) == 1:\n                        value = value[\"value\"]\n                    status = value.get(\"error\", None)\n                    if not status:\n                        status = value.get(\"status\", ErrorCode.UNKNOWN_ERROR)\n                        message = value.get(\"value\") or value.get(\"message\")\n                        if not isinstance(message, str):\n                            value = message\n                            message = message.get(\"message\")\n                    else:\n                        message = value.get(\"message\", None)\n                except ValueError:\n                    pass\n    \n        exception_class: Type[WebDriverException]\n        e = ErrorCode()\n        error_codes = [item for item in dir(e) if not item.startswith(\"__\")]\n        for error_code in error_codes:\n            error_info = getattr(ErrorCode, error_code)\n            if isinstance(error_info, list) and status in error_info:\n                exception_class = getattr(ExceptionMapping, error_code, WebDriverException)\n                break\n        else:\n            exception_class = WebDriverException\n    \n        if not value:\n            value = response[\"value\"]\n        if isinstance(value, str):\n            raise exception_class(value)\n        if message == \"\" and \"message\" in value:\n            message = value[\"message\"]\n    \n        screen = None  # type: ignore[assignment]\n        if \"screen\" in value:\n            screen = value[\"screen\"]\n    \n        stacktrace = None\n        st_value = value.get(\"stackTrace\") or value.get(\"stacktrace\")\n        if st_value:\n            if isinstance(st_value, str):\n                stacktrace = st_value.split(\"\\n\")\n            else:\n                stacktrace = []\n                try:\n                    for frame in st_value:\n                        line = frame.get(\"lineNumber\", \"\")\n                        file = frame.get(\"fileName\", \"<anonymous>\")\n                        if line:\n                            file = f\"{file}:{line}\"\n                        meth = frame.get(\"methodName\", \"<anonymous>\")\n                        if \"className\" in frame:\n                            meth = f\"{frame['className']}.{meth}\"\n                        msg = \"    at %s (%s)\"\n                        msg = msg % (meth, file)\n                        stacktrace.append(msg)\n                except TypeError:\n                    pass\n        if exception_class == UnexpectedAlertPresentException:\n            alert_text = None\n            if \"data\" in value:\n                alert_text = value[\"data\"].get(\"text\")\n            elif \"alert\" in value:\n                alert_text = value[\"alert\"].get(\"text\")\n            raise exception_class(message, screen, stacktrace, alert_text)  # type: ignore[call-arg]  # mypy is not smart enough here\n>       raise exception_class(message, screen, stacktrace)\nE       selenium.common.exceptions.NoSuchElementException: Message: no such element: Unable to locate element: {\"method\":\"xpath\",\"selector\":\"//img[@title=\"更多\"]\"}\nE         (Session info: chrome=118.0.5993.118); For documentation on this error, please visit: https://www.selenium.dev/documentation/webdriver/troubleshooting/errors#no-such-element-exception\nE       Stacktrace:\nE       \tGetHandleVerifier [0x00007FF6A49C78A2+54818]\nE       \t(No symbol) [0x00007FF6A4936AD2]\nE       \t(No symbol) [0x00007FF6A47EDA3B]\nE       \t(No symbol) [0x00007FF6A482E4FC]\nE       \t(No symbol) [0x00007FF6A482E67C]\nE       \t(No symbol) [0x00007FF6A4869627]\nE       \t(No symbol) [0x00007FF6A484EAEF]\nE       \t(No symbol) [0x00007FF6A48675A2]\nE       \t(No symbol) [0x00007FF6A484E883]\nE       \t(No symbol) [0x00007FF6A4823691]\nE       \t(No symbol) [0x00007FF6A48248D4]\nE       \tGetHandleVerifier [0x00007FF6A4D2B9A2+3610402]\nE       \tGetHandleVerifier [0x00007FF6A4D81870+3962352]\nE       \tGetHandleVerifier [0x00007FF6A4D79D5F+3930847]\nE       \tGetHandleVerifier [0x00007FF6A4A63656+693206]\nE       \t(No symbol) [0x00007FF6A4941638]\nE       \t(No symbol) [0x00007FF6A493D944]\nE       \t(No symbol) [0x00007FF6A493DA72]\nE       \t(No symbol) [0x00007FF6A492E123]\nE       \tBaseThreadInitThunk [0x00007FFBB2E1257D+29]\nE       \tRtlUserThreadStart [0x00007FFBB502AA48+40]\n\nD:\\sw_install\\python-install\\lib\\site-packages\\selenium\\webdriver\\remote\\errorhandler.py:229: NoSuchElementException","flaky":false,"newFailed":false,"newBroken":false,"newPassed":false,"retriesCount":0,"retriesStatusChange":false,"beforeStages":[{"name":"_session_faker","time":{"start":1719482884522,"stop":1719482884771,"duration":249},"status":"passed","steps":[],"attachments":[],"parameters":[],"shouldDisplayMessage":false,"attachmentsCount":0,"hasContent":false,"stepsCount":0},{"name":"env","time":{"start":1719482884771,"stop":1719482884773,"duration":2},"status":"passed","steps":[],"attachments":[],"parameters":[],"shouldDisplayMessage":false,"attachmentsCount":0,"hasContent":false,"stepsCount":0},{"name":"driver","time":{"start":1719482884773,"stop":1719482900908,"duration":16135},"status":"passed","steps":[],"attachments":[],"parameters":[],"shouldDisplayMessage":false,"attachmentsCount":0,"hasContent":false,"stepsCount":0},{"name":"set_up_org","time":{"start":1719482900909,"stop":1719482902203,"duration":1294},"status":"passed","steps":[],"attachments":[],"parameters":[],"shouldDisplayMessage":false,"attachmentsCount":0,"hasContent":false,"stepsCount":0},{"name":"sys_page","time":{"start":1719482902203,"stop":1719482902203,"duration":0},"status":"passed","steps":[],"attachments":[],"parameters":[],"shouldDisplayMessage":false,"attachmentsCount":0,"hasContent":false,"stepsCount":0},{"name":"terminal_page","time":{"start":1719482902204,"stop":1719482902204,"duration":0},"status":"passed","steps":[],"attachments":[],"parameters":[],"shouldDisplayMessage":false,"attachmentsCount":0,"hasContent":false,"stepsCount":0},{"name":"clear_terminal_list","time":{"start":1719483002794,"stop":1719483004286,"duration":1492},"status":"passed","steps":[],"attachments":[],"parameters":[],"shouldDisplayMessage":false,"attachmentsCount":0,"hasContent":false,"stepsCount":0}],"testStage":{"status":"broken","statusMessage":"selenium.common.exceptions.NoSuchElementException: Message: no such element: Unable to locate element: {\"method\":\"xpath\",\"selector\":\"//img[@title=\"更多\"]\"}\n  (Session info: chrome=118.0.5993.118); For documentation on this error, please visit: https://www.selenium.dev/documentation/webdriver/troubleshooting/errors#no-such-element-exception\nStacktrace:\n\tGetHandleVerifier [0x00007FF6A49C78A2+54818]\n\t(No symbol) [0x00007FF6A4936AD2]\n\t(No symbol) [0x00007FF6A47EDA3B]\n\t(No symbol) [0x00007FF6A482E4FC]\n\t(No symbol) [0x00007FF6A482E67C]\n\t(No symbol) [0x00007FF6A4869627]\n\t(No symbol) [0x00007FF6A484EAEF]\n\t(No symbol) [0x00007FF6A48675A2]\n\t(No symbol) [0x00007FF6A484E883]\n\t(No symbol) [0x00007FF6A4823691]\n\t(No symbol) [0x00007FF6A48248D4]\n\tGetHandleVerifier [0x00007FF6A4D2B9A2+3610402]\n\tGetHandleVerifier [0x00007FF6A4D81870+3962352]\n\tGetHandleVerifier [0x00007FF6A4D79D5F+3930847]\n\tGetHandleVerifier [0x00007FF6A4A63656+693206]\n\t(No symbol) [0x00007FF6A4941638]\n\t(No symbol) [0x00007FF6A493D944]\n\t(No symbol) [0x00007FF6A493DA72]\n\t(No symbol) [0x00007FF6A492E123]\n\tBaseThreadInitThunk [0x00007FFBB2E1257D+29]\n\tRtlUserThreadStart [0x00007FFBB502AA48+40]","statusTrace":"self = <test_case.test_terminal_center.TestTerminalCenter object at 0x000001D29B6A1180>\n\n    @pytest.mark.usefixtures('clear_terminal_list')\n    @allure.title(\"发送插播字幕，位置：中\")\n    @pytest.mark.run(order=7)\n    def test_insert_subtitle_median(self):\n        terminal_page = self.terminal_page\n        terminal_page.refresh()\n        text = random.randint(999, 9999999999)\n        # sql_execute()\n        with step(\"各种前提：\"):\n            terminal_page.switch_to_terminal_center()\n            terminal_page.add_real_terminal()\n>           terminal_page.click_more_button()\n\ntest_case\\test_terminal_center.py:156: \n_ _ _ _ _ _ _ _ _ _ _ _ _ _ _ _ _ _ _ _ _ _ _ _ _ _ _ _ _ _ _ _ _ _ _ _ _ _ _ _\npageobject\\terminal_page.py:378: in click_more_button\n    self.click_button(more_button_loca)\nbasepage\\base_page.py:412: in click_button\n    self.get_element(args).click()\nbasepage\\base_page.py:245: in get_element\n    element = self.driver.find_element(By.XPATH, value=selector_value)\nD:\\sw_install\\python-install\\lib\\site-packages\\selenium\\webdriver\\remote\\webdriver.py:742: in find_element\n    return self.execute(Command.FIND_ELEMENT, {\"using\": by, \"value\": value})[\"value\"]\nD:\\sw_install\\python-install\\lib\\site-packages\\selenium\\webdriver\\remote\\webdriver.py:348: in execute\n    self.error_handler.check_response(response)\n_ _ _ _ _ _ _ _ _ _ _ _ _ _ _ _ _ _ _ _ _ _ _ _ _ _ _ _ _ _ _ _ _ _ _ _ _ _ _ _\n\nself = <selenium.webdriver.remote.errorhandler.ErrorHandler object at 0x000001D2C325D690>\nresponse = {'status': 404, 'value': '{\"value\":{\"error\":\"no such element\",\"message\":\"no such element: Unable to locate element: {\\...07FF6A492E123]\\\\n\\\\tBaseThreadInitThunk [0x00007FFBB2E1257D+29]\\\\n\\\\tRtlUserThreadStart [0x00007FFBB502AA48+40]\\\\n\"}}'}\n\n    def check_response(self, response: Dict[str, Any]) -> None:\n        \"\"\"Checks that a JSON response from the WebDriver does not have an\n        error.\n    \n        :Args:\n         - response - The JSON response from the WebDriver server as a dictionary\n           object.\n    \n        :Raises: If the response contains an error message.\n        \"\"\"\n        status = response.get(\"status\", None)\n        if not status or status == ErrorCode.SUCCESS:\n            return\n        value = None\n        message = response.get(\"message\", \"\")\n        screen: str = response.get(\"screen\", \"\")\n        stacktrace = None\n        if isinstance(status, int):\n            value_json = response.get(\"value\", None)\n            if value_json and isinstance(value_json, str):\n                import json\n    \n                try:\n                    value = json.loads(value_json)\n                    if len(value) == 1:\n                        value = value[\"value\"]\n                    status = value.get(\"error\", None)\n                    if not status:\n                        status = value.get(\"status\", ErrorCode.UNKNOWN_ERROR)\n                        message = value.get(\"value\") or value.get(\"message\")\n                        if not isinstance(message, str):\n                            value = message\n                            message = message.get(\"message\")\n                    else:\n                        message = value.get(\"message\", None)\n                except ValueError:\n                    pass\n    \n        exception_class: Type[WebDriverException]\n        e = ErrorCode()\n        error_codes = [item for item in dir(e) if not item.startswith(\"__\")]\n        for error_code in error_codes:\n            error_info = getattr(ErrorCode, error_code)\n            if isinstance(error_info, list) and status in error_info:\n                exception_class = getattr(ExceptionMapping, error_code, WebDriverException)\n                break\n        else:\n            exception_class = WebDriverException\n    \n        if not value:\n            value = response[\"value\"]\n        if isinstance(value, str):\n            raise exception_class(value)\n        if message == \"\" and \"message\" in value:\n            message = value[\"message\"]\n    \n        screen = None  # type: ignore[assignment]\n        if \"screen\" in value:\n            screen = value[\"screen\"]\n    \n        stacktrace = None\n        st_value = value.get(\"stackTrace\") or value.get(\"stacktrace\")\n        if st_value:\n            if isinstance(st_value, str):\n                stacktrace = st_value.split(\"\\n\")\n            else:\n                stacktrace = []\n                try:\n                    for frame in st_value:\n                        line = frame.get(\"lineNumber\", \"\")\n                        file = frame.get(\"fileName\", \"<anonymous>\")\n                        if line:\n                            file = f\"{file}:{line}\"\n                        meth = frame.get(\"methodName\", \"<anonymous>\")\n                        if \"className\" in frame:\n                            meth = f\"{frame['className']}.{meth}\"\n                        msg = \"    at %s (%s)\"\n                        msg = msg % (meth, file)\n                        stacktrace.append(msg)\n                except TypeError:\n                    pass\n        if exception_class == UnexpectedAlertPresentException:\n            alert_text = None\n            if \"data\" in value:\n                alert_text = value[\"data\"].get(\"text\")\n            elif \"alert\" in value:\n                alert_text = value[\"alert\"].get(\"text\")\n            raise exception_class(message, screen, stacktrace, alert_text)  # type: ignore[call-arg]  # mypy is not smart enough here\n>       raise exception_class(message, screen, stacktrace)\nE       selenium.common.exceptions.NoSuchElementException: Message: no such element: Unable to locate element: {\"method\":\"xpath\",\"selector\":\"//img[@title=\"更多\"]\"}\nE         (Session info: chrome=118.0.5993.118); For documentation on this error, please visit: https://www.selenium.dev/documentation/webdriver/troubleshooting/errors#no-such-element-exception\nE       Stacktrace:\nE       \tGetHandleVerifier [0x00007FF6A49C78A2+54818]\nE       \t(No symbol) [0x00007FF6A4936AD2]\nE       \t(No symbol) [0x00007FF6A47EDA3B]\nE       \t(No symbol) [0x00007FF6A482E4FC]\nE       \t(No symbol) [0x00007FF6A482E67C]\nE       \t(No symbol) [0x00007FF6A4869627]\nE       \t(No symbol) [0x00007FF6A484EAEF]\nE       \t(No symbol) [0x00007FF6A48675A2]\nE       \t(No symbol) [0x00007FF6A484E883]\nE       \t(No symbol) [0x00007FF6A4823691]\nE       \t(No symbol) [0x00007FF6A48248D4]\nE       \tGetHandleVerifier [0x00007FF6A4D2B9A2+3610402]\nE       \tGetHandleVerifier [0x00007FF6A4D81870+3962352]\nE       \tGetHandleVerifier [0x00007FF6A4D79D5F+3930847]\nE       \tGetHandleVerifier [0x00007FF6A4A63656+693206]\nE       \t(No symbol) [0x00007FF6A4941638]\nE       \t(No symbol) [0x00007FF6A493D944]\nE       \t(No symbol) [0x00007FF6A493DA72]\nE       \t(No symbol) [0x00007FF6A492E123]\nE       \tBaseThreadInitThunk [0x00007FFBB2E1257D+29]\nE       \tRtlUserThreadStart [0x00007FFBB502AA48+40]\n\nD:\\sw_install\\python-install\\lib\\site-packages\\selenium\\webdriver\\remote\\errorhandler.py:229: NoSuchElementException","steps":[{"name":"各种前提：","time":{"start":1719483004329,"stop":1719483176827,"duration":172498},"status":"broken","statusMessage":"selenium.common.exceptions.NoSuchElementException: Message: no such element: Unable to locate element: {\"method\":\"xpath\",\"selector\":\"//img[@title=\"更多\"]\"}\n  (Session info: chrome=118.0.5993.118); For documentation on this error, please visit: https://www.selenium.dev/documentation/webdriver/troubleshooting/errors#no-such-element-exception\nStacktrace:\n\tGetHandleVerifier [0x00007FF6A49C78A2+54818]\n\t(No symbol) [0x00007FF6A4936AD2]\n\t(No symbol) [0x00007FF6A47EDA3B]\n\t(No symbol) [0x00007FF6A482E4FC]\n\t(No symbol) [0x00007FF6A482E67C]\n\t(No symbol) [0x00007FF6A4869627]\n\t(No symbol) [0x00007FF6A484EAEF]\n\t(No symbol) [0x00007FF6A48675A2]\n\t(No symbol) [0x00007FF6A484E883]\n\t(No symbol) [0x00007FF6A4823691]\n\t(No symbol) [0x00007FF6A48248D4]\n\tGetHandleVerifier [0x00007FF6A4D2B9A2+3610402]\n\tGetHandleVerifier [0x00007FF6A4D81870+3962352]\n\tGetHandleVerifier [0x00007FF6A4D79D5F+3930847]\n\tGetHandleVerifier [0x00007FF6A4A63656+693206]\n\t(No symbol) [0x00007FF6A4941638]\n\t(No symbol) [0x00007FF6A493D944]\n\t(No symbol) [0x00007FF6A493DA72]\n\t(No symbol) [0x00007FF6A492E123]\n\tBaseThreadInitThunk [0x00007FFBB2E1257D+29]\n\tRtlUserThreadStart [0x00007FFBB502AA48+40]\n\n","statusTrace":"  File \"D:\\git\\ui_test\\test_case\\test_terminal_center.py\", line 156, in test_insert_subtitle_median\n    terminal_page.click_more_button()\n  File \"D:\\git\\ui_test\\pageobject\\terminal_page.py\", line 378, in click_more_button\n    self.click_button(more_button_loca)\n  File \"D:\\git\\ui_test\\basepage\\base_page.py\", line 412, in click_button\n    self.get_element(args).click()\n  File \"D:\\git\\ui_test\\basepage\\base_page.py\", line 245, in get_element\n    element = self.driver.find_element(By.XPATH, value=selector_value)\n  File \"D:\\sw_install\\python-install\\lib\\site-packages\\selenium\\webdriver\\remote\\webdriver.py\", line 742, in find_element\n    return self.execute(Command.FIND_ELEMENT, {\"using\": by, \"value\": value})[\"value\"]\n  File \"D:\\sw_install\\python-install\\lib\\site-packages\\selenium\\webdriver\\remote\\webdriver.py\", line 348, in execute\n    self.error_handler.check_response(response)\n  File \"D:\\sw_install\\python-install\\lib\\site-packages\\selenium\\webdriver\\remote\\errorhandler.py\", line 229, in check_response\n    raise exception_class(message, screen, stacktrace)\n","steps":[{"name":"进入设备中心","time":{"start":1719483005067,"stop":1719483006199,"duration":1132},"status":"passed","steps":[],"attachments":[],"parameters":[],"shouldDisplayMessage":false,"attachmentsCount":0,"hasContent":false,"stepsCount":0},{"name":"点击设备接入","time":{"start":1719483006199,"stop":1719483007505,"duration":1306},"status":"passed","steps":[],"attachments":[],"parameters":[],"shouldDisplayMessage":false,"attachmentsCount":0,"hasContent":false,"stepsCount":0},{"name":"输入设备sn码","time":{"start":1719483007505,"stop":1719483008311,"duration":806},"status":"passed","steps":[],"attachments":[],"parameters":[],"shouldDisplayMessage":false,"attachmentsCount":0,"hasContent":false,"stepsCount":0},{"name":"输入设备名称","time":{"start":1719483008311,"stop":1719483009031,"duration":720},"status":"passed","steps":[],"attachments":[],"parameters":[],"shouldDisplayMessage":false,"attachmentsCount":0,"hasContent":false,"stepsCount":0},{"name":"先点击所属机构","time":{"start":1719483009031,"stop":1719483009735,"duration":704},"status":"passed","steps":[],"attachments":[],"parameters":[],"shouldDisplayMessage":false,"attachmentsCount":0,"hasContent":false,"stepsCount":0},{"name":"在下拉框展开组织架构","time":{"start":1719483009735,"stop":1719483018556,"duration":8821},"status":"passed","steps":[],"attachments":[],"parameters":[],"shouldDisplayMessage":false,"attachmentsCount":0,"hasContent":false,"stepsCount":0},{"name":"在下拉框进行选择","time":{"start":1719483018556,"stop":1719483040619,"duration":22063},"status":"passed","steps":[],"attachments":[],"parameters":[],"shouldDisplayMessage":false,"attachmentsCount":0,"hasContent":false,"stepsCount":0},{"name":"点击保存按钮","time":{"start":1719483040619,"stop":1719483081012,"duration":40393},"status":"passed","steps":[],"attachments":[],"parameters":[],"shouldDisplayMessage":false,"attachmentsCount":0,"hasContent":false,"stepsCount":0},{"name":"点击设备接入","time":{"start":1719483081687,"stop":1719483083304,"duration":1617},"status":"passed","steps":[],"attachments":[],"parameters":[],"shouldDisplayMessage":false,"attachmentsCount":0,"hasContent":false,"stepsCount":0},{"name":"输入设备sn码","time":{"start":1719483083304,"stop":1719483084049,"duration":745},"status":"passed","steps":[],"attachments":[],"parameters":[],"shouldDisplayMessage":false,"attachmentsCount":0,"hasContent":false,"stepsCount":0},{"name":"输入设备名称","time":{"start":1719483084049,"stop":1719483084745,"duration":696},"status":"passed","steps":[],"attachments":[],"parameters":[],"shouldDisplayMessage":false,"attachmentsCount":0,"hasContent":false,"stepsCount":0},{"name":"先点击所属机构","time":{"start":1719483084746,"stop":1719483085434,"duration":688},"status":"passed","steps":[],"attachments":[],"parameters":[],"shouldDisplayMessage":false,"attachmentsCount":0,"hasContent":false,"stepsCount":0},{"name":"在下拉框展开组织架构","time":{"start":1719483085434,"stop":1719483094299,"duration":8865},"status":"passed","steps":[],"attachments":[],"parameters":[],"shouldDisplayMessage":false,"attachmentsCount":0,"hasContent":false,"stepsCount":0},{"name":"在下拉框进行选择","time":{"start":1719483094299,"stop":1719483116364,"duration":22065},"status":"passed","steps":[],"attachments":[],"parameters":[],"shouldDisplayMessage":false,"attachmentsCount":0,"hasContent":false,"stepsCount":0},{"name":"点击保存按钮","time":{"start":1719483116364,"stop":1719483156800,"duration":40436},"status":"passed","steps":[],"attachments":[],"parameters":[],"shouldDisplayMessage":false,"attachmentsCount":0,"hasContent":false,"stepsCount":0}],"attachments":[],"parameters":[],"shouldDisplayMessage":true,"attachmentsCount":0,"hasContent":true,"stepsCount":15}],"attachments":[],"parameters":[],"shouldDisplayMessage":true,"attachmentsCount":0,"hasContent":true,"stepsCount":16},"afterStages":[{"name":"terminal_page::0","time":{"start":1719484889187,"stop":1719484889187,"duration":0},"status":"passed","steps":[],"attachments":[],"parameters":[],"shouldDisplayMessage":false,"attachmentsCount":0,"hasContent":false,"stepsCount":0},{"name":"sys_page::0","time":{"start":1719484889189,"stop":1719484889189,"duration":0},"status":"passed","steps":[],"attachments":[],"parameters":[],"shouldDisplayMessage":false,"attachmentsCount":0,"hasContent":false,"stepsCount":0},{"name":"driver::0","time":{"start":1719484889197,"stop":1719484896194,"duration":6997},"status":"passed","steps":[],"attachments":[],"parameters":[],"shouldDisplayMessage":false,"attachmentsCount":0,"hasContent":false,"stepsCount":0}],"labels":[{"name":"feature","value":"terminal_center"},{"name":"epic","value":"项目hkc"},{"name":"tag","value":"run(order=7)"},{"name":"tag","value":"@pytest.mark.usefixtures('clear_terminal_list')"},{"name":"parentSuite","value":"test_case"},{"name":"suite","value":"test_terminal_center"},{"name":"subSuite","value":"TestTerminalCenter"},{"name":"host","value":"hkc0208725"},{"name":"thread","value":"43164-MainThread"},{"name":"framework","value":"pytest"},{"name":"language","value":"cpython3"},{"name":"package","value":"test_case.test_terminal_center"},{"name":"resultFormat","value":"allure2"}],"parameters":[],"links":[],"hidden":false,"retry":false,"extra":{"severity":"normal","retries":[],"categories":[{"name":"Test defects","matchedStatuses":[],"flaky":false}],"tags":["@pytest.mark.usefixtures('clear_terminal_list')","run(order=7)"]},"source":"623a866bd40339.json","parameterValues":[]}