{"uid":"fb8254d020f6f5b6","name":"取消绑定设备","fullName":"test_case.test_terminal_center.TestTerminalCenter#test_cancel_bind_terminal","historyId":"bc825f4296fabdd4a9f849fdd4ec0131","time":{"start":1719484025838,"stop":1719484025838,"duration":0},"status":"broken","statusMessage":"selenium.common.exceptions.ElementClickInterceptedException: Message: element click intercepted: Element <span data-v-9c2770a4=\"\" class=\"active\">...</span> is not clickable at point (175, 184). Other element would receive the click: <div role=\"dialog\" aria-modal=\"true\" aria-label=\"设备接入\" aria-describedby=\"el-id-4366-51\" class=\"el-overlay-dialog\" style=\"display: flex;\">...</div>\n  (Session info: chrome=118.0.5993.118)\nStacktrace:\n\tGetHandleVerifier [0x00007FF6A49C78A2+54818]\n\t(No symbol) [0x00007FF6A4936AD2]\n\t(No symbol) [0x00007FF6A47EDA3B]\n\t(No symbol) [0x00007FF6A48347CB]\n\t(No symbol) [0x00007FF6A4832B99]\n\t(No symbol) [0x00007FF6A4830968]\n\t(No symbol) [0x00007FF6A482FA23]\n\t(No symbol) [0x00007FF6A482571F]\n\t(No symbol) [0x00007FF6A484EAAA]\n\t(No symbol) [0x00007FF6A4825036]\n\t(No symbol) [0x00007FF6A484ECC0]\n\t(No symbol) [0x00007FF6A48675A2]\n\t(No symbol) [0x00007FF6A484E883]\n\t(No symbol) [0x00007FF6A4823691]\n\t(No symbol) [0x00007FF6A48248D4]\n\tGetHandleVerifier [0x00007FF6A4D2B9A2+3610402]\n\tGetHandleVerifier [0x00007FF6A4D81870+3962352]\n\tGetHandleVerifier [0x00007FF6A4D79D5F+3930847]\n\tGetHandleVerifier [0x00007FF6A4A63656+693206]\n\t(No symbol) [0x00007FF6A4941638]\n\t(No symbol) [0x00007FF6A493D944]\n\t(No symbol) [0x00007FF6A493DA72]\n\t(No symbol) [0x00007FF6A492E123]\n\tBaseThreadInitThunk [0x00007FFBB2E1257D+29]\n\tRtlUserThreadStart [0x00007FFBB502AA48+40]","statusTrace":"terminal_page = <pageobject.terminal_page.TerminalPage object at 0x000001D2C325D060>\nsys_page = <pageobject.system_page.SystemPage object at 0x000001D2C325D6F0>\n\n    @pytest.fixture(scope=\"function\")\n    def terminal_set_up(terminal_page, sys_page):\n        sn_id = random.randint(1, 100000)\n        sn_name = \"test\" + str(sn_id)\n        terminal_page.switch_to_terminal_center()\n        # terminal_page = self.terminal_page\n        # sys_page = self.sys_page\n        # time.sleep(0.5)\n        # sys_page.add_new_shop(\"test门店\")\n        list_ele = 'by_xpath,//div[@class=\"action-right\"]/img[@title=\"设置\"]'\n        if terminal_page.element_exist(list_ele):\n            pass\n        else:\n            with step(\"点击设备接入\"):\n>               terminal_page.click_bind_terminal()\n\ntest_case\\test_terminal_center.py:58: \n_ _ _ _ _ _ _ _ _ _ _ _ _ _ _ _ _ _ _ _ _ _ _ _ _ _ _ _ _ _ _ _ _ _ _ _ _ _ _ _\npageobject\\terminal_page.py:111: in click_bind_terminal\n    self.click(bind_terminal_loca)\nbasepage\\base_page.py:391: in click\n    element_to_click.click()\nD:\\sw_install\\python-install\\lib\\site-packages\\selenium\\webdriver\\remote\\webelement.py:94: in click\n    self._execute(Command.CLICK_ELEMENT)\nD:\\sw_install\\python-install\\lib\\site-packages\\selenium\\webdriver\\remote\\webelement.py:395: in _execute\n    return self._parent.execute(command, params)\nD:\\sw_install\\python-install\\lib\\site-packages\\selenium\\webdriver\\remote\\webdriver.py:348: in execute\n    self.error_handler.check_response(response)\n_ _ _ _ _ _ _ _ _ _ _ _ _ _ _ _ _ _ _ _ _ _ _ _ _ _ _ _ _ _ _ _ _ _ _ _ _ _ _ _\n\nself = <selenium.webdriver.remote.errorhandler.ErrorHandler object at 0x000001D2C325D690>\nresponse = {'status': 400, 'value': '{\"value\":{\"error\":\"element click intercepted\",\"message\":\"element click intercepted: Element ...07FF6A492E123]\\\\n\\\\tBaseThreadInitThunk [0x00007FFBB2E1257D+29]\\\\n\\\\tRtlUserThreadStart [0x00007FFBB502AA48+40]\\\\n\"}}'}\n\n    def check_response(self, response: Dict[str, Any]) -> None:\n        \"\"\"Checks that a JSON response from the WebDriver does not have an\n        error.\n    \n        :Args:\n         - response - The JSON response from the WebDriver server as a dictionary\n           object.\n    \n        :Raises: If the response contains an error message.\n        \"\"\"\n        status = response.get(\"status\", None)\n        if not status or status == ErrorCode.SUCCESS:\n            return\n        value = None\n        message = response.get(\"message\", \"\")\n        screen: str = response.get(\"screen\", \"\")\n        stacktrace = None\n        if isinstance(status, int):\n            value_json = response.get(\"value\", None)\n            if value_json and isinstance(value_json, str):\n                import json\n    \n                try:\n                    value = json.loads(value_json)\n                    if len(value) == 1:\n                        value = value[\"value\"]\n                    status = value.get(\"error\", None)\n                    if not status:\n                        status = value.get(\"status\", ErrorCode.UNKNOWN_ERROR)\n                        message = value.get(\"value\") or value.get(\"message\")\n                        if not isinstance(message, str):\n                            value = message\n                            message = message.get(\"message\")\n                    else:\n                        message = value.get(\"message\", None)\n                except ValueError:\n                    pass\n    \n        exception_class: Type[WebDriverException]\n        e = ErrorCode()\n        error_codes = [item for item in dir(e) if not item.startswith(\"__\")]\n        for error_code in error_codes:\n            error_info = getattr(ErrorCode, error_code)\n            if isinstance(error_info, list) and status in error_info:\n                exception_class = getattr(ExceptionMapping, error_code, WebDriverException)\n                break\n        else:\n            exception_class = WebDriverException\n    \n        if not value:\n            value = response[\"value\"]\n        if isinstance(value, str):\n            raise exception_class(value)\n        if message == \"\" and \"message\" in value:\n            message = value[\"message\"]\n    \n        screen = None  # type: ignore[assignment]\n        if \"screen\" in value:\n            screen = value[\"screen\"]\n    \n        stacktrace = None\n        st_value = value.get(\"stackTrace\") or value.get(\"stacktrace\")\n        if st_value:\n            if isinstance(st_value, str):\n                stacktrace = st_value.split(\"\\n\")\n            else:\n                stacktrace = []\n                try:\n                    for frame in st_value:\n                        line = frame.get(\"lineNumber\", \"\")\n                        file = frame.get(\"fileName\", \"<anonymous>\")\n                        if line:\n                            file = f\"{file}:{line}\"\n                        meth = frame.get(\"methodName\", \"<anonymous>\")\n                        if \"className\" in frame:\n                            meth = f\"{frame['className']}.{meth}\"\n                        msg = \"    at %s (%s)\"\n                        msg = msg % (meth, file)\n                        stacktrace.append(msg)\n                except TypeError:\n                    pass\n        if exception_class == UnexpectedAlertPresentException:\n            alert_text = None\n            if \"data\" in value:\n                alert_text = value[\"data\"].get(\"text\")\n            elif \"alert\" in value:\n                alert_text = value[\"alert\"].get(\"text\")\n            raise exception_class(message, screen, stacktrace, alert_text)  # type: ignore[call-arg]  # mypy is not smart enough here\n>       raise exception_class(message, screen, stacktrace)\nE       selenium.common.exceptions.ElementClickInterceptedException: Message: element click intercepted: Element <span data-v-9c2770a4=\"\" class=\"active\">...</span> is not clickable at point (175, 184). Other element would receive the click: <div role=\"dialog\" aria-modal=\"true\" aria-label=\"设备接入\" aria-describedby=\"el-id-4366-51\" class=\"el-overlay-dialog\" style=\"display: flex;\">...</div>\nE         (Session info: chrome=118.0.5993.118)\nE       Stacktrace:\nE       \tGetHandleVerifier [0x00007FF6A49C78A2+54818]\nE       \t(No symbol) [0x00007FF6A4936AD2]\nE       \t(No symbol) [0x00007FF6A47EDA3B]\nE       \t(No symbol) [0x00007FF6A48347CB]\nE       \t(No symbol) [0x00007FF6A4832B99]\nE       \t(No symbol) [0x00007FF6A4830968]\nE       \t(No symbol) [0x00007FF6A482FA23]\nE       \t(No symbol) [0x00007FF6A482571F]\nE       \t(No symbol) [0x00007FF6A484EAAA]\nE       \t(No symbol) [0x00007FF6A4825036]\nE       \t(No symbol) [0x00007FF6A484ECC0]\nE       \t(No symbol) [0x00007FF6A48675A2]\nE       \t(No symbol) [0x00007FF6A484E883]\nE       \t(No symbol) [0x00007FF6A4823691]\nE       \t(No symbol) [0x00007FF6A48248D4]\nE       \tGetHandleVerifier [0x00007FF6A4D2B9A2+3610402]\nE       \tGetHandleVerifier [0x00007FF6A4D81870+3962352]\nE       \tGetHandleVerifier [0x00007FF6A4D79D5F+3930847]\nE       \tGetHandleVerifier [0x00007FF6A4A63656+693206]\nE       \t(No symbol) [0x00007FF6A4941638]\nE       \t(No symbol) [0x00007FF6A493D944]\nE       \t(No symbol) [0x00007FF6A493DA72]\nE       \t(No symbol) [0x00007FF6A492E123]\nE       \tBaseThreadInitThunk [0x00007FFBB2E1257D+29]\nE       \tRtlUserThreadStart [0x00007FFBB502AA48+40]\n\nD:\\sw_install\\python-install\\lib\\site-packages\\selenium\\webdriver\\remote\\errorhandler.py:229: ElementClickInterceptedException","flaky":false,"newFailed":false,"newBroken":false,"newPassed":false,"retriesCount":0,"retriesStatusChange":false,"beforeStages":[{"name":"_session_faker","time":{"start":1719482884522,"stop":1719482884771,"duration":249},"status":"passed","steps":[],"attachments":[],"parameters":[],"shouldDisplayMessage":false,"attachmentsCount":0,"hasContent":false,"stepsCount":0},{"name":"env","time":{"start":1719482884771,"stop":1719482884773,"duration":2},"status":"passed","steps":[],"attachments":[],"parameters":[],"shouldDisplayMessage":false,"attachmentsCount":0,"hasContent":false,"stepsCount":0},{"name":"driver","time":{"start":1719482884773,"stop":1719482900908,"duration":16135},"status":"passed","steps":[],"attachments":[],"parameters":[],"shouldDisplayMessage":false,"attachmentsCount":0,"hasContent":false,"stepsCount":0},{"name":"set_up_org","time":{"start":1719482900909,"stop":1719482902203,"duration":1294},"status":"passed","steps":[],"attachments":[],"parameters":[],"shouldDisplayMessage":false,"attachmentsCount":0,"hasContent":false,"stepsCount":0},{"name":"sys_page","time":{"start":1719482902203,"stop":1719482902203,"duration":0},"status":"passed","steps":[],"attachments":[],"parameters":[],"shouldDisplayMessage":false,"attachmentsCount":0,"hasContent":false,"stepsCount":0},{"name":"terminal_page","time":{"start":1719482902204,"stop":1719482902204,"duration":0},"status":"passed","steps":[],"attachments":[],"parameters":[],"shouldDisplayMessage":false,"attachmentsCount":0,"hasContent":false,"stepsCount":0},{"name":"terminal_set_up","time":{"start":1719484025839,"stop":1719484047598,"duration":21759},"status":"broken","statusMessage":"selenium.common.exceptions.ElementClickInterceptedException: Message: element click intercepted: Element <span data-v-9c2770a4=\"\" class=\"active\">...</span> is not clickable at point (175, 184). Other element would receive the click: <div role=\"dialog\" aria-modal=\"true\" aria-label=\"设备接入\" aria-describedby=\"el-id-4366-51\" class=\"el-overlay-dialog\" style=\"display: flex;\">...</div>\n  (Session info: chrome=118.0.5993.118)\nStacktrace:\n\tGetHandleVerifier [0x00007FF6A49C78A2+54818]\n\t(No symbol) [0x00007FF6A4936AD2]\n\t(No symbol) [0x00007FF6A47EDA3B]\n\t(No symbol) [0x00007FF6A48347CB]\n\t(No symbol) [0x00007FF6A4832B99]\n\t(No symbol) [0x00007FF6A4830968]\n\t(No symbol) [0x00007FF6A482FA23]\n\t(No symbol) [0x00007FF6A482571F]\n\t(No symbol) [0x00007FF6A484EAAA]\n\t(No symbol) [0x00007FF6A4825036]\n\t(No symbol) [0x00007FF6A484ECC0]\n\t(No symbol) [0x00007FF6A48675A2]\n\t(No symbol) [0x00007FF6A484E883]\n\t(No symbol) [0x00007FF6A4823691]\n\t(No symbol) [0x00007FF6A48248D4]\n\tGetHandleVerifier [0x00007FF6A4D2B9A2+3610402]\n\tGetHandleVerifier [0x00007FF6A4D81870+3962352]\n\tGetHandleVerifier [0x00007FF6A4D79D5F+3930847]\n\tGetHandleVerifier [0x00007FF6A4A63656+693206]\n\t(No symbol) [0x00007FF6A4941638]\n\t(No symbol) [0x00007FF6A493D944]\n\t(No symbol) [0x00007FF6A493DA72]\n\t(No symbol) [0x00007FF6A492E123]\n\tBaseThreadInitThunk [0x00007FFBB2E1257D+29]\n\tRtlUserThreadStart [0x00007FFBB502AA48+40]\n\n","statusTrace":"  File \"D:\\sw_install\\python-install\\lib\\site-packages\\pluggy\\_callers.py\", line 77, in _multicall\n    res = hook_impl.function(*args)\n  File \"D:\\sw_install\\python-install\\lib\\site-packages\\_pytest\\fixtures.py\", line 1130, in pytest_fixture_setup\n    result = call_fixture_func(fixturefunc, request, kwargs)\n  File \"D:\\sw_install\\python-install\\lib\\site-packages\\_pytest\\fixtures.py\", line 909, in call_fixture_func\n    fixture_result = fixturefunc(**kwargs)\n  File \"D:\\git\\ui_test\\test_case\\test_terminal_center.py\", line 58, in terminal_set_up\n    terminal_page.click_bind_terminal()\n  File \"D:\\git\\ui_test\\pageobject\\terminal_page.py\", line 111, in click_bind_terminal\n    self.click(bind_terminal_loca)\n  File \"D:\\git\\ui_test\\basepage\\base_page.py\", line 391, in click\n    element_to_click.click()\n  File \"D:\\sw_install\\python-install\\lib\\site-packages\\selenium\\webdriver\\remote\\webelement.py\", line 94, in click\n    self._execute(Command.CLICK_ELEMENT)\n  File \"D:\\sw_install\\python-install\\lib\\site-packages\\selenium\\webdriver\\remote\\webelement.py\", line 395, in _execute\n    return self._parent.execute(command, params)\n  File \"D:\\sw_install\\python-install\\lib\\site-packages\\selenium\\webdriver\\remote\\webdriver.py\", line 348, in execute\n    self.error_handler.check_response(response)\n  File \"D:\\sw_install\\python-install\\lib\\site-packages\\selenium\\webdriver\\remote\\errorhandler.py\", line 229, in check_response\n    raise exception_class(message, screen, stacktrace)\n","steps":[{"name":"点击设备接入","time":{"start":1719484045934,"stop":1719484047595,"duration":1661},"status":"broken","statusMessage":"selenium.common.exceptions.ElementClickInterceptedException: Message: element click intercepted: Element <span data-v-9c2770a4=\"\" class=\"active\">...</span> is not clickable at point (175, 184). Other element would receive the click: <div role=\"dialog\" aria-modal=\"true\" aria-label=\"设备接入\" aria-describedby=\"el-id-4366-51\" class=\"el-overlay-dialog\" style=\"display: flex;\">...</div>\n  (Session info: chrome=118.0.5993.118)\nStacktrace:\n\tGetHandleVerifier [0x00007FF6A49C78A2+54818]\n\t(No symbol) [0x00007FF6A4936AD2]\n\t(No symbol) [0x00007FF6A47EDA3B]\n\t(No symbol) [0x00007FF6A48347CB]\n\t(No symbol) [0x00007FF6A4832B99]\n\t(No symbol) [0x00007FF6A4830968]\n\t(No symbol) [0x00007FF6A482FA23]\n\t(No symbol) [0x00007FF6A482571F]\n\t(No symbol) [0x00007FF6A484EAAA]\n\t(No symbol) [0x00007FF6A4825036]\n\t(No symbol) [0x00007FF6A484ECC0]\n\t(No symbol) [0x00007FF6A48675A2]\n\t(No symbol) [0x00007FF6A484E883]\n\t(No symbol) [0x00007FF6A4823691]\n\t(No symbol) [0x00007FF6A48248D4]\n\tGetHandleVerifier [0x00007FF6A4D2B9A2+3610402]\n\tGetHandleVerifier [0x00007FF6A4D81870+3962352]\n\tGetHandleVerifier [0x00007FF6A4D79D5F+3930847]\n\tGetHandleVerifier [0x00007FF6A4A63656+693206]\n\t(No symbol) [0x00007FF6A4941638]\n\t(No symbol) [0x00007FF6A493D944]\n\t(No symbol) [0x00007FF6A493DA72]\n\t(No symbol) [0x00007FF6A492E123]\n\tBaseThreadInitThunk [0x00007FFBB2E1257D+29]\n\tRtlUserThreadStart [0x00007FFBB502AA48+40]\n\n","statusTrace":"  File \"D:\\git\\ui_test\\test_case\\test_terminal_center.py\", line 58, in terminal_set_up\n    terminal_page.click_bind_terminal()\n  File \"D:\\git\\ui_test\\pageobject\\terminal_page.py\", line 111, in click_bind_terminal\n    self.click(bind_terminal_loca)\n  File \"D:\\git\\ui_test\\basepage\\base_page.py\", line 391, in click\n    element_to_click.click()\n  File \"D:\\sw_install\\python-install\\lib\\site-packages\\selenium\\webdriver\\remote\\webelement.py\", line 94, in click\n    self._execute(Command.CLICK_ELEMENT)\n  File \"D:\\sw_install\\python-install\\lib\\site-packages\\selenium\\webdriver\\remote\\webelement.py\", line 395, in _execute\n    return self._parent.execute(command, params)\n  File \"D:\\sw_install\\python-install\\lib\\site-packages\\selenium\\webdriver\\remote\\webdriver.py\", line 348, in execute\n    self.error_handler.check_response(response)\n  File \"D:\\sw_install\\python-install\\lib\\site-packages\\selenium\\webdriver\\remote\\errorhandler.py\", line 229, in check_response\n    raise exception_class(message, screen, stacktrace)\n","steps":[],"attachments":[],"parameters":[],"shouldDisplayMessage":true,"attachmentsCount":0,"hasContent":true,"stepsCount":0}],"attachments":[],"parameters":[],"shouldDisplayMessage":false,"attachmentsCount":0,"hasContent":true,"stepsCount":1}],"afterStages":[{"name":"terminal_page::0","time":{"start":1719484889187,"stop":1719484889187,"duration":0},"status":"passed","steps":[],"attachments":[],"parameters":[],"shouldDisplayMessage":false,"attachmentsCount":0,"hasContent":false,"stepsCount":0},{"name":"sys_page::0","time":{"start":1719484889189,"stop":1719484889189,"duration":0},"status":"passed","steps":[],"attachments":[],"parameters":[],"shouldDisplayMessage":false,"attachmentsCount":0,"hasContent":false,"stepsCount":0},{"name":"driver::0","time":{"start":1719484889197,"stop":1719484896194,"duration":6997},"status":"passed","steps":[],"attachments":[],"parameters":[],"shouldDisplayMessage":false,"attachmentsCount":0,"hasContent":false,"stepsCount":0}],"labels":[{"name":"feature","value":"terminal_center"},{"name":"epic","value":"项目hkc"},{"name":"tag","value":"run(order=20)"},{"name":"tag","value":"@pytest.mark.usefixtures('terminal_set_up')"},{"name":"parentSuite","value":"test_case"},{"name":"suite","value":"test_terminal_center"},{"name":"subSuite","value":"TestTerminalCenter"},{"name":"host","value":"hkc0208725"},{"name":"thread","value":"43164-MainThread"},{"name":"framework","value":"pytest"},{"name":"language","value":"cpython3"},{"name":"package","value":"test_case.test_terminal_center"},{"name":"resultFormat","value":"allure2"}],"parameters":[],"links":[],"hidden":false,"retry":false,"extra":{"severity":"normal","retries":[],"categories":[{"name":"Test defects","matchedStatuses":[],"flaky":false}],"tags":["@pytest.mark.usefixtures('terminal_set_up')","run(order=20)"]},"source":"fb8254d020f6f5b6.json","parameterValues":[]}