{"uuid": "e5ddb81c-bc7d-4fbd-b2ef-6aa2b28d7fde", "children": ["d49bc243-55a4-4341-8888-94094c6064d1"], "befores": [{"name": "terminal_set_up", "status": "broken", "statusDetails": {"message": "selenium.common.exceptions.ElementClickInterceptedException: Message: element click intercepted: Element <span data-v-281167bd=\"\" class=\"active\">...</span> is not clickable at point (175, 184). Other element would receive the click: <div role=\"dialog\" aria-modal=\"true\" aria-label=\"设备接入\" aria-describedby=\"el-id-9127-51\" class=\"el-overlay-dialog\" style=\"display: flex;\">...</div>\n  (Session info: chrome=118.0.5993.118)\nStacktrace:\n\tGetHandleVerifier [0x00007FF70D2C78A2+54818]\n\t(No symbol) [0x00007FF70D236AD2]\n\t(No symbol) [0x00007FF70D0EDA3B]\n\t(No symbol) [0x00007FF70D1347CB]\n\t(No symbol) [0x00007FF70D132B99]\n\t(No symbol) [0x00007FF70D130968]\n\t(No symbol) [0x00007FF70D12FA23]\n\t(No symbol) [0x00007FF70D12571F]\n\t(No symbol) [0x00007FF70D14EAAA]\n\t(No symbol) [0x00007FF70D125036]\n\t(No symbol) [0x00007FF70D14ECC0]\n\t(No symbol) [0x00007FF70D1675A2]\n\t(No symbol) [0x00007FF70D14E883]\n\t(No symbol) [0x00007FF70D123691]\n\t(No symbol) [0x00007FF70D1248D4]\n\tGetHandleVerifier [0x00007FF70D62B9A2+3610402]\n\tGetHandleVerifier [0x00007FF70D681870+3962352]\n\tGetHandleVerifier [0x00007FF70D679D5F+3930847]\n\tGetHandleVerifier [0x00007FF70D363656+693206]\n\t(No symbol) [0x00007FF70D241638]\n\t(No symbol) [0x00007FF70D23D944]\n\t(No symbol) [0x00007FF70D23DA72]\n\t(No symbol) [0x00007FF70D22E123]\n\tBaseThreadInitThunk [0x00007FFEE159257D+29]\n\tRtlUserThreadStart [0x00007FFEE202AA58+40]\n\n", "trace": "  File \"D:\\sw_install\\python-install\\lib\\site-packages\\pluggy\\_callers.py\", line 77, in _multicall\n    res = hook_impl.function(*args)\n  File \"D:\\sw_install\\python-install\\lib\\site-packages\\_pytest\\fixtures.py\", line 1130, in pytest_fixture_setup\n    result = call_fixture_func(fixturefunc, request, kwargs)\n  File \"D:\\sw_install\\python-install\\lib\\site-packages\\_pytest\\fixtures.py\", line 909, in call_fixture_func\n    fixture_result = fixturefunc(**kwargs)\n  File \"D:\\ui\\test_case\\test_terminal_center.py\", line 56, in terminal_set_up\n    terminal_page.click_bind_terminal()\n  File \"D:\\ui\\pageobject\\terminal_page.py\", line 71, in click_bind_terminal\n    self.click(bind_terminal_loca)\n  File \"D:\\ui\\basepage\\base_page.py\", line 240, in click\n    e1.click()\n  File \"D:\\sw_install\\python-install\\lib\\site-packages\\selenium\\webdriver\\remote\\webelement.py\", line 94, in click\n    self._execute(Command.CLICK_ELEMENT)\n  File \"D:\\sw_install\\python-install\\lib\\site-packages\\selenium\\webdriver\\remote\\webelement.py\", line 395, in _execute\n    return self._parent.execute(command, params)\n  File \"D:\\sw_install\\python-install\\lib\\site-packages\\selenium\\webdriver\\remote\\webdriver.py\", line 348, in execute\n    self.error_handler.check_response(response)\n  File \"D:\\sw_install\\python-install\\lib\\site-packages\\selenium\\webdriver\\remote\\errorhandler.py\", line 229, in check_response\n    raise exception_class(message, screen, stacktrace)\n"}, "steps": [{"name": "点击设备接入", "status": "broken", "statusDetails": {"message": "selenium.common.exceptions.ElementClickInterceptedException: Message: element click intercepted: Element <span data-v-281167bd=\"\" class=\"active\">...</span> is not clickable at point (175, 184). Other element would receive the click: <div role=\"dialog\" aria-modal=\"true\" aria-label=\"设备接入\" aria-describedby=\"el-id-9127-51\" class=\"el-overlay-dialog\" style=\"display: flex;\">...</div>\n  (Session info: chrome=118.0.5993.118)\nStacktrace:\n\tGetHandleVerifier [0x00007FF70D2C78A2+54818]\n\t(No symbol) [0x00007FF70D236AD2]\n\t(No symbol) [0x00007FF70D0EDA3B]\n\t(No symbol) [0x00007FF70D1347CB]\n\t(No symbol) [0x00007FF70D132B99]\n\t(No symbol) [0x00007FF70D130968]\n\t(No symbol) [0x00007FF70D12FA23]\n\t(No symbol) [0x00007FF70D12571F]\n\t(No symbol) [0x00007FF70D14EAAA]\n\t(No symbol) [0x00007FF70D125036]\n\t(No symbol) [0x00007FF70D14ECC0]\n\t(No symbol) [0x00007FF70D1675A2]\n\t(No symbol) [0x00007FF70D14E883]\n\t(No symbol) [0x00007FF70D123691]\n\t(No symbol) [0x00007FF70D1248D4]\n\tGetHandleVerifier [0x00007FF70D62B9A2+3610402]\n\tGetHandleVerifier [0x00007FF70D681870+3962352]\n\tGetHandleVerifier [0x00007FF70D679D5F+3930847]\n\tGetHandleVerifier [0x00007FF70D363656+693206]\n\t(No symbol) [0x00007FF70D241638]\n\t(No symbol) [0x00007FF70D23D944]\n\t(No symbol) [0x00007FF70D23DA72]\n\t(No symbol) [0x00007FF70D22E123]\n\tBaseThreadInitThunk [0x00007FFEE159257D+29]\n\tRtlUserThreadStart [0x00007FFEE202AA58+40]\n\n", "trace": "  File \"D:\\ui\\test_case\\test_terminal_center.py\", line 56, in terminal_set_up\n    terminal_page.click_bind_terminal()\n  File \"D:\\ui\\pageobject\\terminal_page.py\", line 71, in click_bind_terminal\n    self.click(bind_terminal_loca)\n  File \"D:\\ui\\basepage\\base_page.py\", line 240, in click\n    e1.click()\n  File \"D:\\sw_install\\python-install\\lib\\site-packages\\selenium\\webdriver\\remote\\webelement.py\", line 94, in click\n    self._execute(Command.CLICK_ELEMENT)\n  File \"D:\\sw_install\\python-install\\lib\\site-packages\\selenium\\webdriver\\remote\\webelement.py\", line 395, in _execute\n    return self._parent.execute(command, params)\n  File \"D:\\sw_install\\python-install\\lib\\site-packages\\selenium\\webdriver\\remote\\webdriver.py\", line 348, in execute\n    self.error_handler.check_response(response)\n  File \"D:\\sw_install\\python-install\\lib\\site-packages\\selenium\\webdriver\\remote\\errorhandler.py\", line 229, in check_response\n    raise exception_class(message, screen, stacktrace)\n"}, "start": 1714959592096, "stop": 1714959594221}], "start": 1714959571485, "stop": 1714959594221}], "start": 1714959571485, "stop": 1714959594231}