{"name": "登录成功", "status": "broken", "statusDetails": {"message": "selenium.common.exceptions.NoSuchElementException: Message: no such element: Unable to locate element: {\"method\":\"xpath\",\"selector\":\"//input[@placeholder=\"请输入账号或手机号\"]\"}\n  (Session info: chrome=118.0.5993.118); For documentation on this error, please visit: https://www.selenium.dev/documentation/webdriver/troubleshooting/errors#no-such-element-exception\nStacktrace:\n\tGetHandleVerifier [0x00007FF70D2C78A2+54818]\n\t(No symbol) [0x00007FF70D236AD2]\n\t(No symbol) [0x00007FF70D0EDA3B]\n\t(No symbol) [0x00007FF70D12E4FC]\n\t(No symbol) [0x00007FF70D12E67C]\n\t(No symbol) [0x00007FF70D169627]\n\t(No symbol) [0x00007FF70D14EAEF]\n\t(No symbol) [0x00007FF70D1675A2]\n\t(No symbol) [0x00007FF70D14E883]\n\t(No symbol) [0x00007FF70D123691]\n\t(No symbol) [0x00007FF70D1248D4]\n\tGetHandleVerifier [0x00007FF70D62B9A2+3610402]\n\tGetHandleVerifier [0x00007FF70D681870+3962352]\n\tGetHandleVerifier [0x00007FF70D679D5F+3930847]\n\tGetHandleVerifier [0x00007FF70D363656+693206]\n\t(No symbol) [0x00007FF70D241638]\n\t(No symbol) [0x00007FF70D23D944]\n\t(No symbol) [0x00007FF70D23DA72]\n\t(No symbol) [0x00007FF70D22E123]\n\tBaseThreadInitThunk [0x00007FFEE159257D+29]\n\tRtlUserThreadStart [0x00007FFEE202AA58+40]", "trace": "self = <test_case.test_testin_login.TestLogin object at 0x00000238DFA08670>\ncase = [4, '正确的账号、密码，登录成功', 'uitest', 'Aa12345678', 'y', None, ...]\n\n    @pytest.mark.run(order=1)\n    @pytest.mark.parametrize('case', read_excel(r'D:\\ui\\data\\data.xlsx', 'login'))\n    @allure.title(\"登录成功\")\n    def test_login_ddt(self, case):\n        \"\"\"测试登录模块\"\"\"\n        xh, case_name, username, password, is_exc, result, bz = case\n        login_page = self.login_page\n>       login_page.login_ddt(username, password, env)\n\ntest_case\\test_testin_login.py:29: \n_ _ _ _ _ _ _ _ _ _ _ _ _ _ _ _ _ _ _ _ _ _ _ _ _ _ _ _ _ _ _ _ _ _ _ _ _ _ _ _\npageobject\\login_page.py:69: in login_ddt\n    self.click(self.username_loc)\nbasepage\\base_page.py:239: in click\n    e1 = self.get_element(args)\nbasepage\\base_page.py:126: in get_element\n    w_element = self.driver.find_element(By.XPATH, value=args_value)\nD:\\sw_install\\python-install\\lib\\site-packages\\selenium\\webdriver\\remote\\webdriver.py:742: in find_element\n    return self.execute(Command.FIND_ELEMENT, {\"using\": by, \"value\": value})[\"value\"]\nD:\\sw_install\\python-install\\lib\\site-packages\\selenium\\webdriver\\remote\\webdriver.py:348: in execute\n    self.error_handler.check_response(response)\n_ _ _ _ _ _ _ _ _ _ _ _ _ _ _ _ _ _ _ _ _ _ _ _ _ _ _ _ _ _ _ _ _ _ _ _ _ _ _ _\n\nself = <selenium.webdriver.remote.errorhandler.ErrorHandler object at 0x00000238DF9F40D0>\nresponse = {'status': 404, 'value': '{\"value\":{\"error\":\"no such element\",\"message\":\"no such element: Unable to locate element: {\\...07FF70D22E123]\\\\n\\\\tBaseThreadInitThunk [0x00007FFEE159257D+29]\\\\n\\\\tRtlUserThreadStart [0x00007FFEE202AA58+40]\\\\n\"}}'}\n\n    def check_response(self, response: Dict[str, Any]) -> None:\n        \"\"\"Checks that a JSON response from the WebDriver does not have an\n        error.\n    \n        :Args:\n         - response - The JSON response from the WebDriver server as a dictionary\n           object.\n    \n        :Raises: If the response contains an error message.\n        \"\"\"\n        status = response.get(\"status\", None)\n        if not status or status == ErrorCode.SUCCESS:\n            return\n        value = None\n        message = response.get(\"message\", \"\")\n        screen: str = response.get(\"screen\", \"\")\n        stacktrace = None\n        if isinstance(status, int):\n            value_json = response.get(\"value\", None)\n            if value_json and isinstance(value_json, str):\n                import json\n    \n                try:\n                    value = json.loads(value_json)\n                    if len(value) == 1:\n                        value = value[\"value\"]\n                    status = value.get(\"error\", None)\n                    if not status:\n                        status = value.get(\"status\", ErrorCode.UNKNOWN_ERROR)\n                        message = value.get(\"value\") or value.get(\"message\")\n                        if not isinstance(message, str):\n                            value = message\n                            message = message.get(\"message\")\n                    else:\n                        message = value.get(\"message\", None)\n                except ValueError:\n                    pass\n    \n        exception_class: Type[WebDriverException]\n        e = ErrorCode()\n        error_codes = [item for item in dir(e) if not item.startswith(\"__\")]\n        for error_code in error_codes:\n            error_info = getattr(ErrorCode, error_code)\n            if isinstance(error_info, list) and status in error_info:\n                exception_class = getattr(ExceptionMapping, error_code, WebDriverException)\n                break\n        else:\n            exception_class = WebDriverException\n    \n        if not value:\n            value = response[\"value\"]\n        if isinstance(value, str):\n            raise exception_class(value)\n        if message == \"\" and \"message\" in value:\n            message = value[\"message\"]\n    \n        screen = None  # type: ignore[assignment]\n        if \"screen\" in value:\n            screen = value[\"screen\"]\n    \n        stacktrace = None\n        st_value = value.get(\"stackTrace\") or value.get(\"stacktrace\")\n        if st_value:\n            if isinstance(st_value, str):\n                stacktrace = st_value.split(\"\\n\")\n            else:\n                stacktrace = []\n                try:\n                    for frame in st_value:\n                        line = frame.get(\"lineNumber\", \"\")\n                        file = frame.get(\"fileName\", \"<anonymous>\")\n                        if line:\n                            file = f\"{file}:{line}\"\n                        meth = frame.get(\"methodName\", \"<anonymous>\")\n                        if \"className\" in frame:\n                            meth = f\"{frame['className']}.{meth}\"\n                        msg = \"    at %s (%s)\"\n                        msg = msg % (meth, file)\n                        stacktrace.append(msg)\n                except TypeError:\n                    pass\n        if exception_class == UnexpectedAlertPresentException:\n            alert_text = None\n            if \"data\" in value:\n                alert_text = value[\"data\"].get(\"text\")\n            elif \"alert\" in value:\n                alert_text = value[\"alert\"].get(\"text\")\n            raise exception_class(message, screen, stacktrace, alert_text)  # type: ignore[call-arg]  # mypy is not smart enough here\n>       raise exception_class(message, screen, stacktrace)\nE       selenium.common.exceptions.NoSuchElementException: Message: no such element: Unable to locate element: {\"method\":\"xpath\",\"selector\":\"//input[@placeholder=\"请输入账号或手机号\"]\"}\nE         (Session info: chrome=118.0.5993.118); For documentation on this error, please visit: https://www.selenium.dev/documentation/webdriver/troubleshooting/errors#no-such-element-exception\nE       Stacktrace:\nE       \tGetHandleVerifier [0x00007FF70D2C78A2+54818]\nE       \t(No symbol) [0x00007FF70D236AD2]\nE       \t(No symbol) [0x00007FF70D0EDA3B]\nE       \t(No symbol) [0x00007FF70D12E4FC]\nE       \t(No symbol) [0x00007FF70D12E67C]\nE       \t(No symbol) [0x00007FF70D169627]\nE       \t(No symbol) [0x00007FF70D14EAEF]\nE       \t(No symbol) [0x00007FF70D1675A2]\nE       \t(No symbol) [0x00007FF70D14E883]\nE       \t(No symbol) [0x00007FF70D123691]\nE       \t(No symbol) [0x00007FF70D1248D4]\nE       \tGetHandleVerifier [0x00007FF70D62B9A2+3610402]\nE       \tGetHandleVerifier [0x00007FF70D681870+3962352]\nE       \tGetHandleVerifier [0x00007FF70D679D5F+3930847]\nE       \tGetHandleVerifier [0x00007FF70D363656+693206]\nE       \t(No symbol) [0x00007FF70D241638]\nE       \t(No symbol) [0x00007FF70D23D944]\nE       \t(No symbol) [0x00007FF70D23DA72]\nE       \t(No symbol) [0x00007FF70D22E123]\nE       \tBaseThreadInitThunk [0x00007FFEE159257D+29]\nE       \tRtlUserThreadStart [0x00007FFEE202AA58+40]\n\nD:\\sw_install\\python-install\\lib\\site-packages\\selenium\\webdriver\\remote\\errorhandler.py:229: NoSuchElementException"}, "description": "测试登录模块", "parameters": [{"name": "case", "value": "[4, '正确的账号、密码，登录成功', 'uitest', 'Aa12345678', 'y', None, '登录成功']"}], "start": 1714959038890, "stop": 1714959059985, "uuid": "8eb9b08c-93ce-4372-afe4-66d2114455a0", "historyId": "b39065f70dd6e8e68d4fdfbee6c4c090", "testCaseId": "ca3777cc8a7dff9e1a878161527364cd", "fullName": "test_case.test_testin_login.TestLogin#test_login_ddt", "labels": [{"name": "feature", "value": "login-test"}, {"name": "epic", "value": "项目hkc"}, {"name": "tag", "value": "run(order=1)"}, {"name": "tag", "value": "@pytest.mark.usefixtures('env')"}, {"name": "parentSuite", "value": "test_case"}, {"name": "suite", "value": "test_testin_login"}, {"name": "subSuite", "value": "TestLogin"}, {"name": "host", "value": "hkc0208725"}, {"name": "thread", "value": "11692-MainThread"}, {"name": "framework", "value": "pytest"}, {"name": "language", "value": "cpython3"}, {"name": "package", "value": "test_case.test_testin_login"}]}