{"uuid": "31a268f2-976e-4a73-b9d0-e8f0a0ed9386", "children": ["bf18dda3-75f0-403e-ac74-cb4dfc7a95cd"], "befores": [{"name": "terminal_set_up", "status": "broken", "statusDetails": {"message": "selenium.common.exceptions.ElementClickInterceptedException: Message: element click intercepted: Element <span data-v-9c2770a4=\"\" class=\"active\">...</span> is not clickable at point (175, 184). Other element would receive the click: <div role=\"dialog\" aria-modal=\"true\" aria-label=\"设备接入\" aria-describedby=\"el-id-1956-51\" class=\"el-overlay-dialog\" style=\"display: flex;\">...</div>\n  (Session info: chrome=118.0.5993.118)\nStacktrace:\n\tGetHandleVerifier [0x00007FF6487778A2+54818]\n\t(No symbol) [0x00007FF6486E6AD2]\n\t(No symbol) [0x00007FF64859DA3B]\n\t(No symbol) [0x00007FF6485E47CB]\n\t(No symbol) [0x00007FF6485E2B99]\n\t(No symbol) [0x00007FF6485E0968]\n\t(No symbol) [0x00007FF6485DFA23]\n\t(No symbol) [0x00007FF6485D571F]\n\t(No symbol) [0x00007FF6485FEAAA]\n\t(No symbol) [0x00007FF6485D5036]\n\t(No symbol) [0x00007FF6485FECC0]\n\t(No symbol) [0x00007FF6486175A2]\n\t(No symbol) [0x00007FF6485FE883]\n\t(No symbol) [0x00007FF6485D3691]\n\t(No symbol) [0x00007FF6485D48D4]\n\tGetHandleVerifier [0x00007FF648ADB9A2+3610402]\n\tGetHandleVerifier [0x00007FF648B31870+3962352]\n\tGetHandleVerifier [0x00007FF648B29D5F+3930847]\n\tGetHandleVerifier [0x00007FF648813656+693206]\n\t(No symbol) [0x00007FF6486F1638]\n\t(No symbol) [0x00007FF6486ED944]\n\t(No symbol) [0x00007FF6486EDA72]\n\t(No symbol) [0x00007FF6486DE123]\n\tBaseThreadInitThunk [0x00007FF949A7257D+29]\n\tRtlUserThreadStart [0x00007FF949BCAF28+40]\n\n", "trace": "  File \"D:\\sw_install\\python-install\\lib\\site-packages\\pluggy\\_callers.py\", line 77, in _multicall\n    res = hook_impl.function(*args)\n  File \"D:\\sw_install\\python-install\\lib\\site-packages\\_pytest\\fixtures.py\", line 1130, in pytest_fixture_setup\n    result = call_fixture_func(fixturefunc, request, kwargs)\n  File \"D:\\sw_install\\python-install\\lib\\site-packages\\_pytest\\fixtures.py\", line 909, in call_fixture_func\n    fixture_result = fixturefunc(**kwargs)\n  File \"D:\\git\\ui_test\\test_case\\test_terminal_center.py\", line 58, in terminal_set_up\n    terminal_page.click_bind_terminal()\n  File \"D:\\git\\ui_test\\pageobject\\terminal_page.py\", line 111, in click_bind_terminal\n    self.click(bind_terminal_loca)\n  File \"D:\\git\\ui_test\\basepage\\base_page.py\", line 391, in click\n    element_to_click.click()\n  File \"D:\\sw_install\\python-install\\lib\\site-packages\\selenium\\webdriver\\remote\\webelement.py\", line 94, in click\n    self._execute(Command.CLICK_ELEMENT)\n  File \"D:\\sw_install\\python-install\\lib\\site-packages\\selenium\\webdriver\\remote\\webelement.py\", line 395, in _execute\n    return self._parent.execute(command, params)\n  File \"D:\\sw_install\\python-install\\lib\\site-packages\\selenium\\webdriver\\remote\\webdriver.py\", line 348, in execute\n    self.error_handler.check_response(response)\n  File \"D:\\sw_install\\python-install\\lib\\site-packages\\selenium\\webdriver\\remote\\errorhandler.py\", line 229, in check_response\n    raise exception_class(message, screen, stacktrace)\n"}, "steps": [{"name": "点击设备接入", "status": "broken", "statusDetails": {"message": "selenium.common.exceptions.ElementClickInterceptedException: Message: element click intercepted: Element <span data-v-9c2770a4=\"\" class=\"active\">...</span> is not clickable at point (175, 184). Other element would receive the click: <div role=\"dialog\" aria-modal=\"true\" aria-label=\"设备接入\" aria-describedby=\"el-id-1956-51\" class=\"el-overlay-dialog\" style=\"display: flex;\">...</div>\n  (Session info: chrome=118.0.5993.118)\nStacktrace:\n\tGetHandleVerifier [0x00007FF6487778A2+54818]\n\t(No symbol) [0x00007FF6486E6AD2]\n\t(No symbol) [0x00007FF64859DA3B]\n\t(No symbol) [0x00007FF6485E47CB]\n\t(No symbol) [0x00007FF6485E2B99]\n\t(No symbol) [0x00007FF6485E0968]\n\t(No symbol) [0x00007FF6485DFA23]\n\t(No symbol) [0x00007FF6485D571F]\n\t(No symbol) [0x00007FF6485FEAAA]\n\t(No symbol) [0x00007FF6485D5036]\n\t(No symbol) [0x00007FF6485FECC0]\n\t(No symbol) [0x00007FF6486175A2]\n\t(No symbol) [0x00007FF6485FE883]\n\t(No symbol) [0x00007FF6485D3691]\n\t(No symbol) [0x00007FF6485D48D4]\n\tGetHandleVerifier [0x00007FF648ADB9A2+3610402]\n\tGetHandleVerifier [0x00007FF648B31870+3962352]\n\tGetHandleVerifier [0x00007FF648B29D5F+3930847]\n\tGetHandleVerifier [0x00007FF648813656+693206]\n\t(No symbol) [0x00007FF6486F1638]\n\t(No symbol) [0x00007FF6486ED944]\n\t(No symbol) [0x00007FF6486EDA72]\n\t(No symbol) [0x00007FF6486DE123]\n\tBaseThreadInitThunk [0x00007FF949A7257D+29]\n\tRtlUserThreadStart [0x00007FF949BCAF28+40]\n\n", "trace": "  File \"D:\\git\\ui_test\\test_case\\test_terminal_center.py\", line 58, in terminal_set_up\n    terminal_page.click_bind_terminal()\n  File \"D:\\git\\ui_test\\pageobject\\terminal_page.py\", line 111, in click_bind_terminal\n    self.click(bind_terminal_loca)\n  File \"D:\\git\\ui_test\\basepage\\base_page.py\", line 391, in click\n    element_to_click.click()\n  File \"D:\\sw_install\\python-install\\lib\\site-packages\\selenium\\webdriver\\remote\\webelement.py\", line 94, in click\n    self._execute(Command.CLICK_ELEMENT)\n  File \"D:\\sw_install\\python-install\\lib\\site-packages\\selenium\\webdriver\\remote\\webelement.py\", line 395, in _execute\n    return self._parent.execute(command, params)\n  File \"D:\\sw_install\\python-install\\lib\\site-packages\\selenium\\webdriver\\remote\\webdriver.py\", line 348, in execute\n    self.error_handler.check_response(response)\n  File \"D:\\sw_install\\python-install\\lib\\site-packages\\selenium\\webdriver\\remote\\errorhandler.py\", line 229, in check_response\n    raise exception_class(message, screen, stacktrace)\n"}, "start": 1721721498787, "stop": 1721721500464}], "start": 1721721478698, "stop": 1721721500466}], "start": 1721721478698, "stop": 1721721500512}