{"uuid": "2ece54cc-c422-41ae-beb4-5520ae0085dc", "children": ["3bd89bc3-1ad6-4167-8a86-057091143864"], "befores": [{"name": "init_play_bill", "status": "broken", "statusDetails": {"message": "selenium.common.exceptions.ElementClickInterceptedException: Message: element click intercepted: Element <img data-v-279d084d=\"\" src=\"/images/program/pedit1.png\" alt=\"\"> is not clickable at point (232, 125). Other element would receive the click: <div role=\"dialog\" aria-modal=\"true\" aria-label=\"创建节目\" aria-describedby=\"el-id-4914-108\" class=\"el-overlay-dialog\" style=\"display: flex;\">...</div>\n  (Session info: chrome=118.0.5993.118)\nStacktrace:\n\tGetHandleVerifier [0x00007FF78E7678A2+54818]\n\t(No symbol) [0x00007FF78E6D6AD2]\n\t(No symbol) [0x00007FF78E58DA3B]\n\t(No symbol) [0x00007FF78E5D47CB]\n\t(No symbol) [0x00007FF78E5D2B99]\n\t(No symbol) [0x00007FF78E5D0968]\n\t(No symbol) [0x00007FF78E5CFA23]\n\t(No symbol) [0x00007FF78E5C571F]\n\t(No symbol) [0x00007FF78E5EEAAA]\n\t(No symbol) [0x00007FF78E5C5036]\n\t(No symbol) [0x00007FF78E5EECC0]\n\t(No symbol) [0x00007FF78E6075A2]\n\t(No symbol) [0x00007FF78E5EE883]\n\t(No symbol) [0x00007FF78E5C3691]\n\t(No symbol) [0x00007FF78E5C48D4]\n\tGetHandleVerifier [0x00007FF78EACB9A2+3610402]\n\tGetHandleVerifier [0x00007FF78EB21870+3962352]\n\tGetHandleVerifier [0x00007FF78EB19D5F+3930847]\n\tGetHandleVerifier [0x00007FF78E803656+693206]\n\t(No symbol) [0x00007FF78E6E1638]\n\t(No symbol) [0x00007FF78E6DD944]\n\t(No symbol) [0x00007FF78E6DDA72]\n\t(No symbol) [0x00007FF78E6CE123]\n\tBaseThreadInitThunk [0x00007FFEE159257D+29]\n\tRtlUserThreadStart [0x00007FFEE202AA58+40]\n\n", "trace": "  File \"D:\\sw_install\\python-install\\lib\\site-packages\\pluggy\\_callers.py\", line 77, in _multicall\n    res = hook_impl.function(*args)\n  File \"D:\\sw_install\\python-install\\lib\\site-packages\\_pytest\\fixtures.py\", line 1130, in pytest_fixture_setup\n    result = call_fixture_func(fixturefunc, request, kwargs)\n  File \"D:\\sw_install\\python-install\\lib\\site-packages\\_pytest\\fixtures.py\", line 909, in call_fixture_func\n    fixture_result = fixturefunc(**kwargs)\n  File \"D:\\ui\\test_case\\test_play_bill.py\", line 56, in init_play_bill\n    program_page.create_general_program()\n  File \"D:\\ui\\pageobject\\program_page.py\", line 47, in create_general_program\n    self.click_create_program()\n  File \"D:\\ui\\pageobject\\program_page.py\", line 157, in click_create_program\n    self.click(create_program_locator)\n  File \"D:\\ui\\basepage\\base_page.py\", line 307, in click\n    element_to_click.click()\n  File \"D:\\sw_install\\python-install\\lib\\site-packages\\selenium\\webdriver\\remote\\webelement.py\", line 94, in click\n    self._execute(Command.CLICK_ELEMENT)\n  File \"D:\\sw_install\\python-install\\lib\\site-packages\\selenium\\webdriver\\remote\\webelement.py\", line 395, in _execute\n    return self._parent.execute(command, params)\n  File \"D:\\sw_install\\python-install\\lib\\site-packages\\selenium\\webdriver\\remote\\webdriver.py\", line 348, in execute\n    self.error_handler.check_response(response)\n  File \"D:\\sw_install\\python-install\\lib\\site-packages\\selenium\\webdriver\\remote\\errorhandler.py\", line 229, in check_response\n    raise exception_class(message, screen, stacktrace)\n"}, "steps": [{"name": "点击创建节目", "status": "broken", "statusDetails": {"message": "selenium.common.exceptions.ElementClickInterceptedException: Message: element click intercepted: Element <img data-v-279d084d=\"\" src=\"/images/program/pedit1.png\" alt=\"\"> is not clickable at point (232, 125). Other element would receive the click: <div role=\"dialog\" aria-modal=\"true\" aria-label=\"创建节目\" aria-describedby=\"el-id-4914-108\" class=\"el-overlay-dialog\" style=\"display: flex;\">...</div>\n  (Session info: chrome=118.0.5993.118)\nStacktrace:\n\tGetHandleVerifier [0x00007FF78E7678A2+54818]\n\t(No symbol) [0x00007FF78E6D6AD2]\n\t(No symbol) [0x00007FF78E58DA3B]\n\t(No symbol) [0x00007FF78E5D47CB]\n\t(No symbol) [0x00007FF78E5D2B99]\n\t(No symbol) [0x00007FF78E5D0968]\n\t(No symbol) [0x00007FF78E5CFA23]\n\t(No symbol) [0x00007FF78E5C571F]\n\t(No symbol) [0x00007FF78E5EEAAA]\n\t(No symbol) [0x00007FF78E5C5036]\n\t(No symbol) [0x00007FF78E5EECC0]\n\t(No symbol) [0x00007FF78E6075A2]\n\t(No symbol) [0x00007FF78E5EE883]\n\t(No symbol) [0x00007FF78E5C3691]\n\t(No symbol) [0x00007FF78E5C48D4]\n\tGetHandleVerifier [0x00007FF78EACB9A2+3610402]\n\tGetHandleVerifier [0x00007FF78EB21870+3962352]\n\tGetHandleVerifier [0x00007FF78EB19D5F+3930847]\n\tGetHandleVerifier [0x00007FF78E803656+693206]\n\t(No symbol) [0x00007FF78E6E1638]\n\t(No symbol) [0x00007FF78E6DD944]\n\t(No symbol) [0x00007FF78E6DDA72]\n\t(No symbol) [0x00007FF78E6CE123]\n\tBaseThreadInitThunk [0x00007FFEE159257D+29]\n\tRtlUserThreadStart [0x00007FFEE202AA58+40]\n\n", "trace": "  File \"D:\\ui\\pageobject\\program_page.py\", line 47, in create_general_program\n    self.click_create_program()\n  File \"D:\\ui\\pageobject\\program_page.py\", line 157, in click_create_program\n    self.click(create_program_locator)\n  File \"D:\\ui\\basepage\\base_page.py\", line 307, in click\n    element_to_click.click()\n  File \"D:\\sw_install\\python-install\\lib\\site-packages\\selenium\\webdriver\\remote\\webelement.py\", line 94, in click\n    self._execute(Command.CLICK_ELEMENT)\n  File \"D:\\sw_install\\python-install\\lib\\site-packages\\selenium\\webdriver\\remote\\webelement.py\", line 395, in _execute\n    return self._parent.execute(command, params)\n  File \"D:\\sw_install\\python-install\\lib\\site-packages\\selenium\\webdriver\\remote\\webdriver.py\", line 348, in execute\n    self.error_handler.check_response(response)\n  File \"D:\\sw_install\\python-install\\lib\\site-packages\\selenium\\webdriver\\remote\\errorhandler.py\", line 229, in check_response\n    raise exception_class(message, screen, stacktrace)\n"}, "start": 1715759447218, "stop": 1715759448350}], "start": 1715759446869, "stop": 1715759448351}], "start": 1715759446869, "stop": 1715759448412}