{"name": "打开节目列表", "status": "broken", "statusDetails": {"message": "selenium.common.exceptions.NoSuchElementException: Message: no such element: Unable to locate element: {\"method\":\"xpath\",\"selector\":\"//img[@title=\"节目\"]\"}\n  (Session info: chrome=118.0.5993.118); For documentation on this error, please visit: https://www.selenium.dev/documentation/webdriver/troubleshooting/errors#no-such-element-exception\nStacktrace:\n\tGetHandleVerifier [0x00007FF7EDF378A2+54818]\n\t(No symbol) [0x00007FF7EDEA6AD2]\n\t(No symbol) [0x00007FF7EDD5DA3B]\n\t(No symbol) [0x00007FF7EDD9E4FC]\n\t(No symbol) [0x00007FF7EDD9E67C]\n\t(No symbol) [0x00007FF7EDDD9627]\n\t(No symbol) [0x00007FF7EDDBEAEF]\n\t(No symbol) [0x00007FF7EDDD75A2]\n\t(No symbol) [0x00007FF7EDDBE883]\n\t(No symbol) [0x00007FF7EDD93691]\n\t(No symbol) [0x00007FF7EDD948D4]\n\tGetHandleVerifier [0x00007FF7EE29B9A2+3610402]\n\tGetHandleVerifier [0x00007FF7EE2F1870+3962352]\n\tGetHandleVerifier [0x00007FF7EE2E9D5F+3930847]\n\tGetHandleVerifier [0x00007FF7EDFD3656+693206]\n\t(No symbol) [0x00007FF7EDEB1638]\n\t(No symbol) [0x00007FF7EDEAD944]\n\t(No symbol) [0x00007FF7EDEADA72]\n\t(No symbol) [0x00007FF7EDE9E123]\n\tBaseThreadInitThunk [0x00007FFEE159257D+29]\n\tRtlUserThreadStart [0x00007FFEE202AA58+40]", "trace": "self = <test_case.test_terminal_center.TestTerminalCenter object at 0x0000022FDB5EE080>\n\n    @pytest.mark.usefixtures(\"terminal_set_up\")\n    @allure.title(\"打开节目列表\")\n    @pytest.mark.run(order=18)\n    def test_display_program_list(self):\n        terminal_page = self.terminal_page\n        terminal_page.refresh()\n        terminal_page.switch_to_terminal_center()\n        # terminal_page.add_new_terminal()\n        time.sleep(0.5)\n        with step(\"打开节目列表\"):\n>           terminal_page.click_play_bill()\n\ntest_case\\test_terminal_center.py:557: \n_ _ _ _ _ _ _ _ _ _ _ _ _ _ _ _ _ _ _ _ _ _ _ _ _ _ _ _ _ _ _ _ _ _ _ _ _ _ _ _\npageobject\\terminal_page.py:492: in click_play_bill\n    self.click('by_xpath,//img[@title=\"节目\"]')\nbasepage\\base_page.py:246: in click\n    e1 = self.get_element(args)\nbasepage\\base_page.py:133: in get_element\n    w_element = self.driver.find_element(By.XPATH, value=args_value)\nD:\\sw_install\\python-install\\lib\\site-packages\\selenium\\webdriver\\remote\\webdriver.py:742: in find_element\n    return self.execute(Command.FIND_ELEMENT, {\"using\": by, \"value\": value})[\"value\"]\nD:\\sw_install\\python-install\\lib\\site-packages\\selenium\\webdriver\\remote\\webdriver.py:348: in execute\n    self.error_handler.check_response(response)\n_ _ _ _ _ _ _ _ _ _ _ _ _ _ _ _ _ _ _ _ _ _ _ _ _ _ _ _ _ _ _ _ _ _ _ _ _ _ _ _\n\nself = <selenium.webdriver.remote.errorhandler.ErrorHandler object at 0x0000022F8419C640>\nresponse = {'status': 404, 'value': '{\"value\":{\"error\":\"no such element\",\"message\":\"no such element: Unable to locate element: {\\...07FF7EDE9E123]\\\\n\\\\tBaseThreadInitThunk [0x00007FFEE159257D+29]\\\\n\\\\tRtlUserThreadStart [0x00007FFEE202AA58+40]\\\\n\"}}'}\n\n    def check_response(self, response: Dict[str, Any]) -> None:\n        \"\"\"Checks that a JSON response from the WebDriver does not have an\n        error.\n    \n        :Args:\n         - response - The JSON response from the WebDriver server as a dictionary\n           object.\n    \n        :Raises: If the response contains an error message.\n        \"\"\"\n        status = response.get(\"status\", None)\n        if not status or status == ErrorCode.SUCCESS:\n            return\n        value = None\n        message = response.get(\"message\", \"\")\n        screen: str = response.get(\"screen\", \"\")\n        stacktrace = None\n        if isinstance(status, int):\n            value_json = response.get(\"value\", None)\n            if value_json and isinstance(value_json, str):\n                import json\n    \n                try:\n                    value = json.loads(value_json)\n                    if len(value) == 1:\n                        value = value[\"value\"]\n                    status = value.get(\"error\", None)\n                    if not status:\n                        status = value.get(\"status\", ErrorCode.UNKNOWN_ERROR)\n                        message = value.get(\"value\") or value.get(\"message\")\n                        if not isinstance(message, str):\n                            value = message\n                            message = message.get(\"message\")\n                    else:\n                        message = value.get(\"message\", None)\n                except ValueError:\n                    pass\n    \n        exception_class: Type[WebDriverException]\n        e = ErrorCode()\n        error_codes = [item for item in dir(e) if not item.startswith(\"__\")]\n        for error_code in error_codes:\n            error_info = getattr(ErrorCode, error_code)\n            if isinstance(error_info, list) and status in error_info:\n                exception_class = getattr(ExceptionMapping, error_code, WebDriverException)\n                break\n        else:\n            exception_class = WebDriverException\n    \n        if not value:\n            value = response[\"value\"]\n        if isinstance(value, str):\n            raise exception_class(value)\n        if message == \"\" and \"message\" in value:\n            message = value[\"message\"]\n    \n        screen = None  # type: ignore[assignment]\n        if \"screen\" in value:\n            screen = value[\"screen\"]\n    \n        stacktrace = None\n        st_value = value.get(\"stackTrace\") or value.get(\"stacktrace\")\n        if st_value:\n            if isinstance(st_value, str):\n                stacktrace = st_value.split(\"\\n\")\n            else:\n                stacktrace = []\n                try:\n                    for frame in st_value:\n                        line = frame.get(\"lineNumber\", \"\")\n                        file = frame.get(\"fileName\", \"<anonymous>\")\n                        if line:\n                            file = f\"{file}:{line}\"\n                        meth = frame.get(\"methodName\", \"<anonymous>\")\n                        if \"className\" in frame:\n                            meth = f\"{frame['className']}.{meth}\"\n                        msg = \"    at %s (%s)\"\n                        msg = msg % (meth, file)\n                        stacktrace.append(msg)\n                except TypeError:\n                    pass\n        if exception_class == UnexpectedAlertPresentException:\n            alert_text = None\n            if \"data\" in value:\n                alert_text = value[\"data\"].get(\"text\")\n            elif \"alert\" in value:\n                alert_text = value[\"alert\"].get(\"text\")\n            raise exception_class(message, screen, stacktrace, alert_text)  # type: ignore[call-arg]  # mypy is not smart enough here\n>       raise exception_class(message, screen, stacktrace)\nE       selenium.common.exceptions.NoSuchElementException: Message: no such element: Unable to locate element: {\"method\":\"xpath\",\"selector\":\"//img[@title=\"节目\"]\"}\nE         (Session info: chrome=118.0.5993.118); For documentation on this error, please visit: https://www.selenium.dev/documentation/webdriver/troubleshooting/errors#no-such-element-exception\nE       Stacktrace:\nE       \tGetHandleVerifier [0x00007FF7EDF378A2+54818]\nE       \t(No symbol) [0x00007FF7EDEA6AD2]\nE       \t(No symbol) [0x00007FF7EDD5DA3B]\nE       \t(No symbol) [0x00007FF7EDD9E4FC]\nE       \t(No symbol) [0x00007FF7EDD9E67C]\nE       \t(No symbol) [0x00007FF7EDDD9627]\nE       \t(No symbol) [0x00007FF7EDDBEAEF]\nE       \t(No symbol) [0x00007FF7EDDD75A2]\nE       \t(No symbol) [0x00007FF7EDDBE883]\nE       \t(No symbol) [0x00007FF7EDD93691]\nE       \t(No symbol) [0x00007FF7EDD948D4]\nE       \tGetHandleVerifier [0x00007FF7EE29B9A2+3610402]\nE       \tGetHandleVerifier [0x00007FF7EE2F1870+3962352]\nE       \tGetHandleVerifier [0x00007FF7EE2E9D5F+3930847]\nE       \tGetHandleVerifier [0x00007FF7EDFD3656+693206]\nE       \t(No symbol) [0x00007FF7EDEB1638]\nE       \t(No symbol) [0x00007FF7EDEAD944]\nE       \t(No symbol) [0x00007FF7EDEADA72]\nE       \t(No symbol) [0x00007FF7EDE9E123]\nE       \tBaseThreadInitThunk [0x00007FFEE159257D+29]\nE       \tRtlUserThreadStart [0x00007FFEE202AA58+40]\n\nD:\\sw_install\\python-install\\lib\\site-packages\\selenium\\webdriver\\remote\\errorhandler.py:229: NoSuchElementException"}, "steps": [{"name": "打开节目列表", "status": "broken", "statusDetails": {"message": "selenium.common.exceptions.NoSuchElementException: Message: no such element: Unable to locate element: {\"method\":\"xpath\",\"selector\":\"//img[@title=\"节目\"]\"}\n  (Session info: chrome=118.0.5993.118); For documentation on this error, please visit: https://www.selenium.dev/documentation/webdriver/troubleshooting/errors#no-such-element-exception\nStacktrace:\n\tGetHandleVerifier [0x00007FF7EDF378A2+54818]\n\t(No symbol) [0x00007FF7EDEA6AD2]\n\t(No symbol) [0x00007FF7EDD5DA3B]\n\t(No symbol) [0x00007FF7EDD9E4FC]\n\t(No symbol) [0x00007FF7EDD9E67C]\n\t(No symbol) [0x00007FF7EDDD9627]\n\t(No symbol) [0x00007FF7EDDBEAEF]\n\t(No symbol) [0x00007FF7EDDD75A2]\n\t(No symbol) [0x00007FF7EDDBE883]\n\t(No symbol) [0x00007FF7EDD93691]\n\t(No symbol) [0x00007FF7EDD948D4]\n\tGetHandleVerifier [0x00007FF7EE29B9A2+3610402]\n\tGetHandleVerifier [0x00007FF7EE2F1870+3962352]\n\tGetHandleVerifier [0x00007FF7EE2E9D5F+3930847]\n\tGetHandleVerifier [0x00007FF7EDFD3656+693206]\n\t(No symbol) [0x00007FF7EDEB1638]\n\t(No symbol) [0x00007FF7EDEAD944]\n\t(No symbol) [0x00007FF7EDEADA72]\n\t(No symbol) [0x00007FF7EDE9E123]\n\tBaseThreadInitThunk [0x00007FFEE159257D+29]\n\tRtlUserThreadStart [0x00007FFEE202AA58+40]\n\n", "trace": "  File \"D:\\ui\\test_case\\test_terminal_center.py\", line 557, in test_display_program_list\n    terminal_page.click_play_bill()\n  File \"D:\\ui\\pageobject\\terminal_page.py\", line 492, in click_play_bill\n    self.click('by_xpath,//img[@title=\"节目\"]')\n  File \"D:\\ui\\basepage\\base_page.py\", line 246, in click\n    e1 = self.get_element(args)\n  File \"D:\\ui\\basepage\\base_page.py\", line 133, in get_element\n    w_element = self.driver.find_element(By.XPATH, value=args_value)\n  File \"D:\\sw_install\\python-install\\lib\\site-packages\\selenium\\webdriver\\remote\\webdriver.py\", line 742, in find_element\n    return self.execute(Command.FIND_ELEMENT, {\"using\": by, \"value\": value})[\"value\"]\n  File \"D:\\sw_install\\python-install\\lib\\site-packages\\selenium\\webdriver\\remote\\webdriver.py\", line 348, in execute\n    self.error_handler.check_response(response)\n  File \"D:\\sw_install\\python-install\\lib\\site-packages\\selenium\\webdriver\\remote\\errorhandler.py\", line 229, in check_response\n    raise exception_class(message, screen, stacktrace)\n"}, "start": 1715395592737, "stop": 1715395612772}], "start": 1715395590976, "stop": 1715395612772, "uuid": "b4bef544-9bab-40b0-b555-f7f0e803e890", "historyId": "32414eefcb07f26266b84f20ba358ce6", "testCaseId": "32414eefcb07f26266b84f20ba358ce6", "fullName": "test_case.test_terminal_center.TestTerminalCenter#test_display_program_list", "labels": [{"name": "epic", "value": "项目hkc"}, {"name": "feature", "value": "terminal_center"}, {"name": "tag", "value": "run(order=18)"}, {"name": "tag", "value": "@pytest.mark.usefixtures('terminal_set_up')"}, {"name": "parentSuite", "value": "test_case"}, {"name": "suite", "value": "test_terminal_center"}, {"name": "subSuite", "value": "TestTerminalCenter"}, {"name": "host", "value": "hkc0208725"}, {"name": "thread", "value": "2156-MainThread"}, {"name": "framework", "value": "pytest"}, {"name": "language", "value": "cpython3"}, {"name": "package", "value": "test_case.test_terminal_center"}]}