{"uuid": "17e62279-ea98-4046-9f6d-f6e66cfce99d", "children": ["fa8d9127-d368-43ee-b386-99cebab53502"], "befores": [{"name": "generate_one_program", "status": "broken", "statusDetails": {"message": "selenium.common.exceptions.NoSuchElementException: Message: no such element: Unable to locate element: {\"method\":\"xpath\",\"selector\":\"//div[@class=\"step-name\" and text()=\"选设备\"]\"}\n  (Session info: chrome=118.0.5993.118); For documentation on this error, please visit: https://www.selenium.dev/documentation/webdriver/troubleshooting/errors#no-such-element-exception\nStacktrace:\n\tGetHandleVerifier [0x00007FF68A8278A2+54818]\n\t(No symbol) [0x00007FF68A796AD2]\n\t(No symbol) [0x00007FF68A64DA3B]\n\t(No symbol) [0x00007FF68A68E4FC]\n\t(No symbol) [0x00007FF68A68E67C]\n\t(No symbol) [0x00007FF68A6C9627]\n\t(No symbol) [0x00007FF68A6AEAEF]\n\t(No symbol) [0x00007FF68A6C75A2]\n\t(No symbol) [0x00007FF68A6AE883]\n\t(No symbol) [0x00007FF68A683691]\n\t(No symbol) [0x00007FF68A6848D4]\n\tGetHandleVerifier [0x00007FF68AB8B9A2+3610402]\n\tGetHandleVerifier [0x00007FF68ABE1870+3962352]\n\tGetHandleVerifier [0x00007FF68ABD9D5F+3930847]\n\tGetHandleVerifier [0x00007FF68A8C3656+693206]\n\t(No symbol) [0x00007FF68A7A1638]\n\t(No symbol) [0x00007FF68A79D944]\n\t(No symbol) [0x00007FF68A79DA72]\n\t(No symbol) [0x00007FF68A78E123]\n\tBaseThreadInitThunk [0x00007FFA3DBD257D+29]\n\tRtlUserThreadStart [0x00007FFA3E7AAF28+40]\n\n", "trace": "  File \"D:\\sw_install\\python-install\\lib\\site-packages\\pluggy\\_callers.py\", line 77, in _multicall\n    res = hook_impl.function(*args)\n  File \"D:\\sw_install\\python-install\\lib\\site-packages\\_pytest\\fixtures.py\", line 1130, in pytest_fixture_setup\n    result = call_fixture_func(fixturefunc, request, kwargs)\n  File \"D:\\sw_install\\python-install\\lib\\site-packages\\_pytest\\fixtures.py\", line 909, in call_fixture_func\n    fixture_result = fixturefunc(**kwargs)\n  File \"D:\\git\\ui_test\\test_case\\test_play_bill.py\", line 188, in generate_one_program\n    release_page.release_general_program()\n  File \"D:\\git\\ui_test\\pageobject\\release_page.py\", line 80, in release_general_program\n    clickable_ele = self.get_element('by_xpath,//div[@class=\"step-name\" and text()=\"选设备\"]')\n  File \"D:\\git\\ui_test\\basepage\\base_page.py\", line 245, in get_element\n    element = self.driver.find_element(By.XPATH, value=selector_value)\n  File \"D:\\sw_install\\python-install\\lib\\site-packages\\selenium\\webdriver\\remote\\webdriver.py\", line 742, in find_element\n    return self.execute(Command.FIND_ELEMENT, {\"using\": by, \"value\": value})[\"value\"]\n  File \"D:\\sw_install\\python-install\\lib\\site-packages\\selenium\\webdriver\\remote\\webdriver.py\", line 348, in execute\n    self.error_handler.check_response(response)\n  File \"D:\\sw_install\\python-install\\lib\\site-packages\\selenium\\webdriver\\remote\\errorhandler.py\", line 229, in check_response\n    raise exception_class(message, screen, stacktrace)\n"}, "steps": [{"name": "点击上传按钮", "status": "passed", "start": 1720073344543, "stop": 1720073345160}, {"name": "进行文件上传", "status": "passed", "start": 1720073345160, "stop": 1720073352240}, {"name": "当进度为100%时，则关闭上传弹框", "status": "passed", "start": 1720073352240, "stop": 1720073354366}, {"name": "点击上传按钮", "status": "passed", "start": 1720073375402, "stop": 1720073376097}, {"name": "进行文件上传", "status": "passed", "start": 1720073376097, "stop": 1720073383173}, {"name": "当进度为100%时，则关闭上传弹框", "status": "passed", "start": 1720073383174, "stop": 1720073385305}, {"name": "点击选设备", "status": "passed", "start": 1720073388447, "stop": 1720073408959}, {"name": "选择一个设备", "status": "passed", "start": 1720073408959, "stop": 1720073429543}, {"name": "选完设备后，点击确定", "status": "passed", "start": 1720073429543, "stop": 1720073450162}, {"name": "发布普通节目", "status": "broken", "statusDetails": {"message": "selenium.common.exceptions.NoSuchElementException: Message: no such element: Unable to locate element: {\"method\":\"xpath\",\"selector\":\"//div[@class=\"step-name\" and text()=\"选设备\"]\"}\n  (Session info: chrome=118.0.5993.118); For documentation on this error, please visit: https://www.selenium.dev/documentation/webdriver/troubleshooting/errors#no-such-element-exception\nStacktrace:\n\tGetHandleVerifier [0x00007FF68A8278A2+54818]\n\t(No symbol) [0x00007FF68A796AD2]\n\t(No symbol) [0x00007FF68A64DA3B]\n\t(No symbol) [0x00007FF68A68E4FC]\n\t(No symbol) [0x00007FF68A68E67C]\n\t(No symbol) [0x00007FF68A6C9627]\n\t(No symbol) [0x00007FF68A6AEAEF]\n\t(No symbol) [0x00007FF68A6C75A2]\n\t(No symbol) [0x00007FF68A6AE883]\n\t(No symbol) [0x00007FF68A683691]\n\t(No symbol) [0x00007FF68A6848D4]\n\tGetHandleVerifier [0x00007FF68AB8B9A2+3610402]\n\tGetHandleVerifier [0x00007FF68ABE1870+3962352]\n\tGetHandleVerifier [0x00007FF68ABD9D5F+3930847]\n\tGetHandleVerifier [0x00007FF68A8C3656+693206]\n\t(No symbol) [0x00007FF68A7A1638]\n\t(No symbol) [0x00007FF68A79D944]\n\t(No symbol) [0x00007FF68A79DA72]\n\t(No symbol) [0x00007FF68A78E123]\n\tBaseThreadInitThunk [0x00007FFA3DBD257D+29]\n\tRtlUserThreadStart [0x00007FFA3E7AAF28+40]\n\n", "trace": "  File \"D:\\git\\ui_test\\test_case\\test_play_bill.py\", line 188, in generate_one_program\n    release_page.release_general_program()\n  File \"D:\\git\\ui_test\\pageobject\\release_page.py\", line 80, in release_general_program\n    clickable_ele = self.get_element('by_xpath,//div[@class=\"step-name\" and text()=\"选设备\"]')\n  File \"D:\\git\\ui_test\\basepage\\base_page.py\", line 245, in get_element\n    element = self.driver.find_element(By.XPATH, value=selector_value)\n  File \"D:\\sw_install\\python-install\\lib\\site-packages\\selenium\\webdriver\\remote\\webdriver.py\", line 742, in find_element\n    return self.execute(Command.FIND_ELEMENT, {\"using\": by, \"value\": value})[\"value\"]\n  File \"D:\\sw_install\\python-install\\lib\\site-packages\\selenium\\webdriver\\remote\\webdriver.py\", line 348, in execute\n    self.error_handler.check_response(response)\n  File \"D:\\sw_install\\python-install\\lib\\site-packages\\selenium\\webdriver\\remote\\errorhandler.py\", line 229, in check_response\n    raise exception_class(message, screen, stacktrace)\n"}, "start": 1720073450162, "stop": 1720073490796}], "start": 1720073342011, "stop": 1720073490804}], "start": 1720073342011, "stop": 1720073491010}