{"uid":"c438774ab141eedf","name":"在选设备抽屉，切换到‘设备分组’tab上","fullName":"test_case.test_release_management.TestReleaseStrategy#test_switch_terminal_group","historyId":"5eb0fc6ef29723c3fbec6ce72cea512a","time":{"start":1718677968849,"stop":1718677970544,"duration":1695},"status":"broken","statusMessage":"selenium.common.exceptions.ElementClickInterceptedException: Message: element click intercepted: Element <img data-v-06d105f8=\"\" src=\"/images/publish/step1.png\" alt=\"\"> is not clickable at point (259, 371). Other element would receive the click: <div class=\"el-scrollbar__wrap el-scrollbar__wrap--hidden-default\" style=\"height: 100%;\">...</div>\n  (Session info: chrome=118.0.5993.118)\nStacktrace:\n\tGetHandleVerifier [0x00007FF7005978A2+54818]\n\t(No symbol) [0x00007FF700506AD2]\n\t(No symbol) [0x00007FF7003BDA3B]\n\t(No symbol) [0x00007FF7004047CB]\n\t(No symbol) [0x00007FF700402B99]\n\t(No symbol) [0x00007FF700400968]\n\t(No symbol) [0x00007FF7003FFA23]\n\t(No symbol) [0x00007FF7003F571F]\n\t(No symbol) [0x00007FF70041EAAA]\n\t(No symbol) [0x00007FF7003F5036]\n\t(No symbol) [0x00007FF70041ECC0]\n\t(No symbol) [0x00007FF7004375A2]\n\t(No symbol) [0x00007FF70041E883]\n\t(No symbol) [0x00007FF7003F3691]\n\t(No symbol) [0x00007FF7003F48D4]\n\tGetHandleVerifier [0x00007FF7008FB9A2+3610402]\n\tGetHandleVerifier [0x00007FF700951870+3962352]\n\tGetHandleVerifier [0x00007FF700949D5F+3930847]\n\tGetHandleVerifier [0x00007FF700633656+693206]\n\t(No symbol) [0x00007FF700511638]\n\t(No symbol) [0x00007FF70050D944]\n\t(No symbol) [0x00007FF70050DA72]\n\t(No symbol) [0x00007FF7004FE123]\n\tBaseThreadInitThunk [0x00007FFF5C2B257D+29]\n\tRtlUserThreadStart [0x00007FFF5CCCAA48+40]","statusTrace":"self = <test_case.test_release_management.TestReleaseStrategy object at 0x0000020A30BB29B0>\n\n    @allure.title(\"在选设备抽屉，切换到‘设备分组’tab上\")\n    @pytest.mark.run(order=15)\n    def test_switch_terminal_group(self):\n        release_page = self.release_page\n    \n        with step(\"切换到发布管理tab上\"):\n            release_page.switch_to_release_management()\n    \n        time.sleep(0.5)\n        with step(\"点击选设备\"):\n>           release_page.choose_terminal()\n\ntest_case\\test_release_management.py:416: \n_ _ _ _ _ _ _ _ _ _ _ _ _ _ _ _ _ _ _ _ _ _ _ _ _ _ _ _ _ _ _ _ _ _ _ _ _ _ _ _\npageobject\\release_page.py:36: in choose_terminal\n    self.click(choose_terminal_locator)\nbasepage\\base_page.py:391: in click\n    element_to_click.click()\nD:\\sw_install\\python-install\\lib\\site-packages\\selenium\\webdriver\\remote\\webelement.py:94: in click\n    self._execute(Command.CLICK_ELEMENT)\nD:\\sw_install\\python-install\\lib\\site-packages\\selenium\\webdriver\\remote\\webelement.py:395: in _execute\n    return self._parent.execute(command, params)\nD:\\sw_install\\python-install\\lib\\site-packages\\selenium\\webdriver\\remote\\webdriver.py:348: in execute\n    self.error_handler.check_response(response)\n_ _ _ _ _ _ _ _ _ _ _ _ _ _ _ _ _ _ _ _ _ _ _ _ _ _ _ _ _ _ _ _ _ _ _ _ _ _ _ _\n\nself = <selenium.webdriver.remote.errorhandler.ErrorHandler object at 0x0000020A5805A260>\nresponse = {'status': 400, 'value': '{\"value\":{\"error\":\"element click intercepted\",\"message\":\"element click intercepted: Element ...07FF7004FE123]\\\\n\\\\tBaseThreadInitThunk [0x00007FFF5C2B257D+29]\\\\n\\\\tRtlUserThreadStart [0x00007FFF5CCCAA48+40]\\\\n\"}}'}\n\n    def check_response(self, response: Dict[str, Any]) -> None:\n        \"\"\"Checks that a JSON response from the WebDriver does not have an\n        error.\n    \n        :Args:\n         - response - The JSON response from the WebDriver server as a dictionary\n           object.\n    \n        :Raises: If the response contains an error message.\n        \"\"\"\n        status = response.get(\"status\", None)\n        if not status or status == ErrorCode.SUCCESS:\n            return\n        value = None\n        message = response.get(\"message\", \"\")\n        screen: str = response.get(\"screen\", \"\")\n        stacktrace = None\n        if isinstance(status, int):\n            value_json = response.get(\"value\", None)\n            if value_json and isinstance(value_json, str):\n                import json\n    \n                try:\n                    value = json.loads(value_json)\n                    if len(value) == 1:\n                        value = value[\"value\"]\n                    status = value.get(\"error\", None)\n                    if not status:\n                        status = value.get(\"status\", ErrorCode.UNKNOWN_ERROR)\n                        message = value.get(\"value\") or value.get(\"message\")\n                        if not isinstance(message, str):\n                            value = message\n                            message = message.get(\"message\")\n                    else:\n                        message = value.get(\"message\", None)\n                except ValueError:\n                    pass\n    \n        exception_class: Type[WebDriverException]\n        e = ErrorCode()\n        error_codes = [item for item in dir(e) if not item.startswith(\"__\")]\n        for error_code in error_codes:\n            error_info = getattr(ErrorCode, error_code)\n            if isinstance(error_info, list) and status in error_info:\n                exception_class = getattr(ExceptionMapping, error_code, WebDriverException)\n                break\n        else:\n            exception_class = WebDriverException\n    \n        if not value:\n            value = response[\"value\"]\n        if isinstance(value, str):\n            raise exception_class(value)\n        if message == \"\" and \"message\" in value:\n            message = value[\"message\"]\n    \n        screen = None  # type: ignore[assignment]\n        if \"screen\" in value:\n            screen = value[\"screen\"]\n    \n        stacktrace = None\n        st_value = value.get(\"stackTrace\") or value.get(\"stacktrace\")\n        if st_value:\n            if isinstance(st_value, str):\n                stacktrace = st_value.split(\"\\n\")\n            else:\n                stacktrace = []\n                try:\n                    for frame in st_value:\n                        line = frame.get(\"lineNumber\", \"\")\n                        file = frame.get(\"fileName\", \"<anonymous>\")\n                        if line:\n                            file = f\"{file}:{line}\"\n                        meth = frame.get(\"methodName\", \"<anonymous>\")\n                        if \"className\" in frame:\n                            meth = f\"{frame['className']}.{meth}\"\n                        msg = \"    at %s (%s)\"\n                        msg = msg % (meth, file)\n                        stacktrace.append(msg)\n                except TypeError:\n                    pass\n        if exception_class == UnexpectedAlertPresentException:\n            alert_text = None\n            if \"data\" in value:\n                alert_text = value[\"data\"].get(\"text\")\n            elif \"alert\" in value:\n                alert_text = value[\"alert\"].get(\"text\")\n            raise exception_class(message, screen, stacktrace, alert_text)  # type: ignore[call-arg]  # mypy is not smart enough here\n>       raise exception_class(message, screen, stacktrace)\nE       selenium.common.exceptions.ElementClickInterceptedException: Message: element click intercepted: Element <img data-v-06d105f8=\"\" src=\"/images/publish/step1.png\" alt=\"\"> is not clickable at point (259, 371). Other element would receive the click: <div class=\"el-scrollbar__wrap el-scrollbar__wrap--hidden-default\" style=\"height: 100%;\">...</div>\nE         (Session info: chrome=118.0.5993.118)\nE       Stacktrace:\nE       \tGetHandleVerifier [0x00007FF7005978A2+54818]\nE       \t(No symbol) [0x00007FF700506AD2]\nE       \t(No symbol) [0x00007FF7003BDA3B]\nE       \t(No symbol) [0x00007FF7004047CB]\nE       \t(No symbol) [0x00007FF700402B99]\nE       \t(No symbol) [0x00007FF700400968]\nE       \t(No symbol) [0x00007FF7003FFA23]\nE       \t(No symbol) [0x00007FF7003F571F]\nE       \t(No symbol) [0x00007FF70041EAAA]\nE       \t(No symbol) [0x00007FF7003F5036]\nE       \t(No symbol) [0x00007FF70041ECC0]\nE       \t(No symbol) [0x00007FF7004375A2]\nE       \t(No symbol) [0x00007FF70041E883]\nE       \t(No symbol) [0x00007FF7003F3691]\nE       \t(No symbol) [0x00007FF7003F48D4]\nE       \tGetHandleVerifier [0x00007FF7008FB9A2+3610402]\nE       \tGetHandleVerifier [0x00007FF700951870+3962352]\nE       \tGetHandleVerifier [0x00007FF700949D5F+3930847]\nE       \tGetHandleVerifier [0x00007FF700633656+693206]\nE       \t(No symbol) [0x00007FF700511638]\nE       \t(No symbol) [0x00007FF70050D944]\nE       \t(No symbol) [0x00007FF70050DA72]\nE       \t(No symbol) [0x00007FF7004FE123]\nE       \tBaseThreadInitThunk [0x00007FFF5C2B257D+29]\nE       \tRtlUserThreadStart [0x00007FFF5CCCAA48+40]\n\nD:\\sw_install\\python-install\\lib\\site-packages\\selenium\\webdriver\\remote\\errorhandler.py:229: ElementClickInterceptedException","flaky":false,"newFailed":false,"newBroken":false,"newPassed":false,"retriesCount":0,"retriesStatusChange":false,"beforeStages":[{"name":"env","time":{"start":1718677944061,"stop":1718677944063,"duration":2},"status":"passed","steps":[],"attachments":[],"parameters":[],"hasContent":false,"shouldDisplayMessage":false,"attachmentsCount":0,"stepsCount":0},{"name":"driver","time":{"start":1718677944063,"stop":1718677954499,"duration":10436},"status":"passed","steps":[],"attachments":[],"parameters":[],"hasContent":false,"shouldDisplayMessage":false,"attachmentsCount":0,"stepsCount":0},{"name":"release_page","time":{"start":1718677954501,"stop":1718677954502,"duration":1},"status":"passed","steps":[],"attachments":[],"parameters":[],"hasContent":false,"shouldDisplayMessage":false,"attachmentsCount":0,"stepsCount":0}],"testStage":{"status":"broken","statusMessage":"selenium.common.exceptions.ElementClickInterceptedException: Message: element click intercepted: Element <img data-v-06d105f8=\"\" src=\"/images/publish/step1.png\" alt=\"\"> is not clickable at point (259, 371). Other element would receive the click: <div class=\"el-scrollbar__wrap el-scrollbar__wrap--hidden-default\" style=\"height: 100%;\">...</div>\n  (Session info: chrome=118.0.5993.118)\nStacktrace:\n\tGetHandleVerifier [0x00007FF7005978A2+54818]\n\t(No symbol) [0x00007FF700506AD2]\n\t(No symbol) [0x00007FF7003BDA3B]\n\t(No symbol) [0x00007FF7004047CB]\n\t(No symbol) [0x00007FF700402B99]\n\t(No symbol) [0x00007FF700400968]\n\t(No symbol) [0x00007FF7003FFA23]\n\t(No symbol) [0x00007FF7003F571F]\n\t(No symbol) [0x00007FF70041EAAA]\n\t(No symbol) [0x00007FF7003F5036]\n\t(No symbol) [0x00007FF70041ECC0]\n\t(No symbol) [0x00007FF7004375A2]\n\t(No symbol) [0x00007FF70041E883]\n\t(No symbol) [0x00007FF7003F3691]\n\t(No symbol) [0x00007FF7003F48D4]\n\tGetHandleVerifier [0x00007FF7008FB9A2+3610402]\n\tGetHandleVerifier [0x00007FF700951870+3962352]\n\tGetHandleVerifier [0x00007FF700949D5F+3930847]\n\tGetHandleVerifier [0x00007FF700633656+693206]\n\t(No symbol) [0x00007FF700511638]\n\t(No symbol) [0x00007FF70050D944]\n\t(No symbol) [0x00007FF70050DA72]\n\t(No symbol) [0x00007FF7004FE123]\n\tBaseThreadInitThunk [0x00007FFF5C2B257D+29]\n\tRtlUserThreadStart [0x00007FFF5CCCAA48+40]","statusTrace":"self = <test_case.test_release_management.TestReleaseStrategy object at 0x0000020A30BB29B0>\n\n    @allure.title(\"在选设备抽屉，切换到‘设备分组’tab上\")\n    @pytest.mark.run(order=15)\n    def test_switch_terminal_group(self):\n        release_page = self.release_page\n    \n        with step(\"切换到发布管理tab上\"):\n            release_page.switch_to_release_management()\n    \n        time.sleep(0.5)\n        with step(\"点击选设备\"):\n>           release_page.choose_terminal()\n\ntest_case\\test_release_management.py:416: \n_ _ _ _ _ _ _ _ _ _ _ _ _ _ _ _ _ _ _ _ _ _ _ _ _ _ _ _ _ _ _ _ _ _ _ _ _ _ _ _\npageobject\\release_page.py:36: in choose_terminal\n    self.click(choose_terminal_locator)\nbasepage\\base_page.py:391: in click\n    element_to_click.click()\nD:\\sw_install\\python-install\\lib\\site-packages\\selenium\\webdriver\\remote\\webelement.py:94: in click\n    self._execute(Command.CLICK_ELEMENT)\nD:\\sw_install\\python-install\\lib\\site-packages\\selenium\\webdriver\\remote\\webelement.py:395: in _execute\n    return self._parent.execute(command, params)\nD:\\sw_install\\python-install\\lib\\site-packages\\selenium\\webdriver\\remote\\webdriver.py:348: in execute\n    self.error_handler.check_response(response)\n_ _ _ _ _ _ _ _ _ _ _ _ _ _ _ _ _ _ _ _ _ _ _ _ _ _ _ _ _ _ _ _ _ _ _ _ _ _ _ _\n\nself = <selenium.webdriver.remote.errorhandler.ErrorHandler object at 0x0000020A5805A260>\nresponse = {'status': 400, 'value': '{\"value\":{\"error\":\"element click intercepted\",\"message\":\"element click intercepted: Element ...07FF7004FE123]\\\\n\\\\tBaseThreadInitThunk [0x00007FFF5C2B257D+29]\\\\n\\\\tRtlUserThreadStart [0x00007FFF5CCCAA48+40]\\\\n\"}}'}\n\n    def check_response(self, response: Dict[str, Any]) -> None:\n        \"\"\"Checks that a JSON response from the WebDriver does not have an\n        error.\n    \n        :Args:\n         - response - The JSON response from the WebDriver server as a dictionary\n           object.\n    \n        :Raises: If the response contains an error message.\n        \"\"\"\n        status = response.get(\"status\", None)\n        if not status or status == ErrorCode.SUCCESS:\n            return\n        value = None\n        message = response.get(\"message\", \"\")\n        screen: str = response.get(\"screen\", \"\")\n        stacktrace = None\n        if isinstance(status, int):\n            value_json = response.get(\"value\", None)\n            if value_json and isinstance(value_json, str):\n                import json\n    \n                try:\n                    value = json.loads(value_json)\n                    if len(value) == 1:\n                        value = value[\"value\"]\n                    status = value.get(\"error\", None)\n                    if not status:\n                        status = value.get(\"status\", ErrorCode.UNKNOWN_ERROR)\n                        message = value.get(\"value\") or value.get(\"message\")\n                        if not isinstance(message, str):\n                            value = message\n                            message = message.get(\"message\")\n                    else:\n                        message = value.get(\"message\", None)\n                except ValueError:\n                    pass\n    \n        exception_class: Type[WebDriverException]\n        e = ErrorCode()\n        error_codes = [item for item in dir(e) if not item.startswith(\"__\")]\n        for error_code in error_codes:\n            error_info = getattr(ErrorCode, error_code)\n            if isinstance(error_info, list) and status in error_info:\n                exception_class = getattr(ExceptionMapping, error_code, WebDriverException)\n                break\n        else:\n            exception_class = WebDriverException\n    \n        if not value:\n            value = response[\"value\"]\n        if isinstance(value, str):\n            raise exception_class(value)\n        if message == \"\" and \"message\" in value:\n            message = value[\"message\"]\n    \n        screen = None  # type: ignore[assignment]\n        if \"screen\" in value:\n            screen = value[\"screen\"]\n    \n        stacktrace = None\n        st_value = value.get(\"stackTrace\") or value.get(\"stacktrace\")\n        if st_value:\n            if isinstance(st_value, str):\n                stacktrace = st_value.split(\"\\n\")\n            else:\n                stacktrace = []\n                try:\n                    for frame in st_value:\n                        line = frame.get(\"lineNumber\", \"\")\n                        file = frame.get(\"fileName\", \"<anonymous>\")\n                        if line:\n                            file = f\"{file}:{line}\"\n                        meth = frame.get(\"methodName\", \"<anonymous>\")\n                        if \"className\" in frame:\n                            meth = f\"{frame['className']}.{meth}\"\n                        msg = \"    at %s (%s)\"\n                        msg = msg % (meth, file)\n                        stacktrace.append(msg)\n                except TypeError:\n                    pass\n        if exception_class == UnexpectedAlertPresentException:\n            alert_text = None\n            if \"data\" in value:\n                alert_text = value[\"data\"].get(\"text\")\n            elif \"alert\" in value:\n                alert_text = value[\"alert\"].get(\"text\")\n            raise exception_class(message, screen, stacktrace, alert_text)  # type: ignore[call-arg]  # mypy is not smart enough here\n>       raise exception_class(message, screen, stacktrace)\nE       selenium.common.exceptions.ElementClickInterceptedException: Message: element click intercepted: Element <img data-v-06d105f8=\"\" src=\"/images/publish/step1.png\" alt=\"\"> is not clickable at point (259, 371). Other element would receive the click: <div class=\"el-scrollbar__wrap el-scrollbar__wrap--hidden-default\" style=\"height: 100%;\">...</div>\nE         (Session info: chrome=118.0.5993.118)\nE       Stacktrace:\nE       \tGetHandleVerifier [0x00007FF7005978A2+54818]\nE       \t(No symbol) [0x00007FF700506AD2]\nE       \t(No symbol) [0x00007FF7003BDA3B]\nE       \t(No symbol) [0x00007FF7004047CB]\nE       \t(No symbol) [0x00007FF700402B99]\nE       \t(No symbol) [0x00007FF700400968]\nE       \t(No symbol) [0x00007FF7003FFA23]\nE       \t(No symbol) [0x00007FF7003F571F]\nE       \t(No symbol) [0x00007FF70041EAAA]\nE       \t(No symbol) [0x00007FF7003F5036]\nE       \t(No symbol) [0x00007FF70041ECC0]\nE       \t(No symbol) [0x00007FF7004375A2]\nE       \t(No symbol) [0x00007FF70041E883]\nE       \t(No symbol) [0x00007FF7003F3691]\nE       \t(No symbol) [0x00007FF7003F48D4]\nE       \tGetHandleVerifier [0x00007FF7008FB9A2+3610402]\nE       \tGetHandleVerifier [0x00007FF700951870+3962352]\nE       \tGetHandleVerifier [0x00007FF700949D5F+3930847]\nE       \tGetHandleVerifier [0x00007FF700633656+693206]\nE       \t(No symbol) [0x00007FF700511638]\nE       \t(No symbol) [0x00007FF70050D944]\nE       \t(No symbol) [0x00007FF70050DA72]\nE       \t(No symbol) [0x00007FF7004FE123]\nE       \tBaseThreadInitThunk [0x00007FFF5C2B257D+29]\nE       \tRtlUserThreadStart [0x00007FFF5CCCAA48+40]\n\nD:\\sw_install\\python-install\\lib\\site-packages\\selenium\\webdriver\\remote\\errorhandler.py:229: ElementClickInterceptedException","steps":[{"name":"切换到发布管理tab上","time":{"start":1718677968850,"stop":1718677968882,"duration":32},"status":"passed","steps":[],"attachments":[],"parameters":[],"hasContent":false,"shouldDisplayMessage":false,"attachmentsCount":0,"stepsCount":0},{"name":"点击选设备","time":{"start":1718677969383,"stop":1718677970501,"duration":1118},"status":"broken","statusMessage":"selenium.common.exceptions.ElementClickInterceptedException: Message: element click intercepted: Element <img data-v-06d105f8=\"\" src=\"/images/publish/step1.png\" alt=\"\"> is not clickable at point (259, 371). Other element would receive the click: <div class=\"el-scrollbar__wrap el-scrollbar__wrap--hidden-default\" style=\"height: 100%;\">...</div>\n  (Session info: chrome=118.0.5993.118)\nStacktrace:\n\tGetHandleVerifier [0x00007FF7005978A2+54818]\n\t(No symbol) [0x00007FF700506AD2]\n\t(No symbol) [0x00007FF7003BDA3B]\n\t(No symbol) [0x00007FF7004047CB]\n\t(No symbol) [0x00007FF700402B99]\n\t(No symbol) [0x00007FF700400968]\n\t(No symbol) [0x00007FF7003FFA23]\n\t(No symbol) [0x00007FF7003F571F]\n\t(No symbol) [0x00007FF70041EAAA]\n\t(No symbol) [0x00007FF7003F5036]\n\t(No symbol) [0x00007FF70041ECC0]\n\t(No symbol) [0x00007FF7004375A2]\n\t(No symbol) [0x00007FF70041E883]\n\t(No symbol) [0x00007FF7003F3691]\n\t(No symbol) [0x00007FF7003F48D4]\n\tGetHandleVerifier [0x00007FF7008FB9A2+3610402]\n\tGetHandleVerifier [0x00007FF700951870+3962352]\n\tGetHandleVerifier [0x00007FF700949D5F+3930847]\n\tGetHandleVerifier [0x00007FF700633656+693206]\n\t(No symbol) [0x00007FF700511638]\n\t(No symbol) [0x00007FF70050D944]\n\t(No symbol) [0x00007FF70050DA72]\n\t(No symbol) [0x00007FF7004FE123]\n\tBaseThreadInitThunk [0x00007FFF5C2B257D+29]\n\tRtlUserThreadStart [0x00007FFF5CCCAA48+40]\n\n","statusTrace":"  File \"D:\\git\\ui_test\\test_case\\test_release_management.py\", line 416, in test_switch_terminal_group\n    release_page.choose_terminal()\n  File \"D:\\git\\ui_test\\pageobject\\release_page.py\", line 36, in choose_terminal\n    self.click(choose_terminal_locator)\n  File \"D:\\git\\ui_test\\basepage\\base_page.py\", line 391, in click\n    element_to_click.click()\n  File \"D:\\sw_install\\python-install\\lib\\site-packages\\selenium\\webdriver\\remote\\webelement.py\", line 94, in click\n    self._execute(Command.CLICK_ELEMENT)\n  File \"D:\\sw_install\\python-install\\lib\\site-packages\\selenium\\webdriver\\remote\\webelement.py\", line 395, in _execute\n    return self._parent.execute(command, params)\n  File \"D:\\sw_install\\python-install\\lib\\site-packages\\selenium\\webdriver\\remote\\webdriver.py\", line 348, in execute\n    self.error_handler.check_response(response)\n  File \"D:\\sw_install\\python-install\\lib\\site-packages\\selenium\\webdriver\\remote\\errorhandler.py\", line 229, in check_response\n    raise exception_class(message, screen, stacktrace)\n","steps":[],"attachments":[],"parameters":[],"hasContent":true,"shouldDisplayMessage":true,"attachmentsCount":0,"stepsCount":0}],"attachments":[],"parameters":[],"hasContent":true,"shouldDisplayMessage":true,"attachmentsCount":0,"stepsCount":2},"afterStages":[{"name":"release_page::0","time":{"start":1718678497836,"stop":1718678497836,"duration":0},"status":"passed","steps":[],"attachments":[],"parameters":[],"hasContent":false,"shouldDisplayMessage":false,"attachmentsCount":0,"stepsCount":0},{"name":"driver::0","time":{"start":1718678497847,"stop":1718678505351,"duration":7504},"status":"passed","steps":[],"attachments":[],"parameters":[],"hasContent":false,"shouldDisplayMessage":false,"attachmentsCount":0,"stepsCount":0}],"labels":[{"name":"epic","value":"项目hkc"},{"name":"feature","value":"release management"},{"name":"tag","value":"run(order=15)"},{"name":"tag","value":"@pytest.mark.usefixtures('release_page')"},{"name":"parentSuite","value":"test_case"},{"name":"suite","value":"test_release_management"},{"name":"subSuite","value":"TestReleaseStrategy"},{"name":"host","value":"hkc0208725"},{"name":"thread","value":"7664-MainThread"},{"name":"framework","value":"pytest"},{"name":"language","value":"cpython3"},{"name":"package","value":"test_case.test_release_management"},{"name":"resultFormat","value":"allure2"}],"parameters":[],"links":[],"hidden":false,"retry":false,"extra":{"severity":"normal","retries":[],"categories":[{"name":"Test defects","matchedStatuses":[],"flaky":false}],"tags":["@pytest.mark.usefixtures('release_page')","run(order=15)"]},"source":"c438774ab141eedf.json","parameterValues":[]}