{"name": "选择所有的机构", "status": "broken", "statusDetails": {"message": "selenium.common.exceptions.ElementNotInteractableException: Message: element not interactable\n  (Session info: chrome=118.0.5993.118)\nStacktrace:\n\tGetHandleVerifier [0x00007FF7313178A2+54818]\n\t(No symbol) [0x00007FF731286AD2]\n\t(No symbol) [0x00007FF73113D8ED]\n\t(No symbol) [0x00007FF73117F8E5]\n\t(No symbol) [0x00007FF73117571F]\n\t(No symbol) [0x00007FF73119EAAA]\n\t(No symbol) [0x00007FF731175036]\n\t(No symbol) [0x00007FF73119ECC0]\n\t(No symbol) [0x00007FF7311B75A2]\n\t(No symbol) [0x00007FF73119E883]\n\t(No symbol) [0x00007FF731173691]\n\t(No symbol) [0x00007FF7311748D4]\n\tGetHandleVerifier [0x00007FF73167B9A2+3610402]\n\tGetHandleVerifier [0x00007FF7316D1870+3962352]\n\tGetHandleVerifier [0x00007FF7316C9D5F+3930847]\n\tGetHandleVerifier [0x00007FF7313B3656+693206]\n\t(No symbol) [0x00007FF731291638]\n\t(No symbol) [0x00007FF73128D944]\n\t(No symbol) [0x00007FF73128DA72]\n\t(No symbol) [0x00007FF73127E123]\n\tBaseThreadInitThunk [0x00007FFF5C2B257D+29]\n\tRtlUserThreadStart [0x00007FFF5CCCAA48+40]", "trace": "self = <test_case.test_release_management.TestReleaseStrategy object at 0x0000026B826CF580>\ndriver = <selenium.webdriver.chrome.webdriver.WebDriver (session=\"000cdf0ec46a20dfb090881eaefd9aea\")>\n\n    @allure.title(\"选择所有的机构\")\n    @pytest.mark.run(order=21)\n    def test_select_all_org(self, driver):\n        release_page = self.release_page\n        release_page.refresh()\n        release_page.maxsize_window()\n    \n        with step(\"切换到发布管理tab上\"):\n            release_page.switch_to_release_management()\n    \n        with step(\"点击选设备\"):\n            release_page.choose_terminal()\n    \n        with step(\"在组织架构中，点击全选按钮\"):\n            release_page.select_all_org()\n            time.sleep(3)\n>           release_page.select_all_org()\n\ntest_case\\test_release_management.py:531: \n_ _ _ _ _ _ _ _ _ _ _ _ _ _ _ _ _ _ _ _ _ _ _ _ _ _ _ _ _ _ _ _ _ _ _ _ _ _ _ _\npageobject\\release_page.py:357: in select_all_org\n    select_first_org.click()\nD:\\sw_install\\python-install\\lib\\site-packages\\selenium\\webdriver\\remote\\webelement.py:94: in click\n    self._execute(Command.CLICK_ELEMENT)\nD:\\sw_install\\python-install\\lib\\site-packages\\selenium\\webdriver\\remote\\webelement.py:395: in _execute\n    return self._parent.execute(command, params)\nD:\\sw_install\\python-install\\lib\\site-packages\\selenium\\webdriver\\remote\\webdriver.py:348: in execute\n    self.error_handler.check_response(response)\n_ _ _ _ _ _ _ _ _ _ _ _ _ _ _ _ _ _ _ _ _ _ _ _ _ _ _ _ _ _ _ _ _ _ _ _ _ _ _ _\n\nself = <selenium.webdriver.remote.errorhandler.ErrorHandler object at 0x0000026BA91D45E0>\nresponse = {'status': 400, 'value': '{\"value\":{\"error\":\"element not interactable\",\"message\":\"element not interactable\\\\n  (Sessio...07FF73127E123]\\\\n\\\\tBaseThreadInitThunk [0x00007FFF5C2B257D+29]\\\\n\\\\tRtlUserThreadStart [0x00007FFF5CCCAA48+40]\\\\n\"}}'}\n\n    def check_response(self, response: Dict[str, Any]) -> None:\n        \"\"\"Checks that a JSON response from the WebDriver does not have an\n        error.\n    \n        :Args:\n         - response - The JSON response from the WebDriver server as a dictionary\n           object.\n    \n        :Raises: If the response contains an error message.\n        \"\"\"\n        status = response.get(\"status\", None)\n        if not status or status == ErrorCode.SUCCESS:\n            return\n        value = None\n        message = response.get(\"message\", \"\")\n        screen: str = response.get(\"screen\", \"\")\n        stacktrace = None\n        if isinstance(status, int):\n            value_json = response.get(\"value\", None)\n            if value_json and isinstance(value_json, str):\n                import json\n    \n                try:\n                    value = json.loads(value_json)\n                    if len(value) == 1:\n                        value = value[\"value\"]\n                    status = value.get(\"error\", None)\n                    if not status:\n                        status = value.get(\"status\", ErrorCode.UNKNOWN_ERROR)\n                        message = value.get(\"value\") or value.get(\"message\")\n                        if not isinstance(message, str):\n                            value = message\n                            message = message.get(\"message\")\n                    else:\n                        message = value.get(\"message\", None)\n                except ValueError:\n                    pass\n    \n        exception_class: Type[WebDriverException]\n        e = ErrorCode()\n        error_codes = [item for item in dir(e) if not item.startswith(\"__\")]\n        for error_code in error_codes:\n            error_info = getattr(ErrorCode, error_code)\n            if isinstance(error_info, list) and status in error_info:\n                exception_class = getattr(ExceptionMapping, error_code, WebDriverException)\n                break\n        else:\n            exception_class = WebDriverException\n    \n        if not value:\n            value = response[\"value\"]\n        if isinstance(value, str):\n            raise exception_class(value)\n        if message == \"\" and \"message\" in value:\n            message = value[\"message\"]\n    \n        screen = None  # type: ignore[assignment]\n        if \"screen\" in value:\n            screen = value[\"screen\"]\n    \n        stacktrace = None\n        st_value = value.get(\"stackTrace\") or value.get(\"stacktrace\")\n        if st_value:\n            if isinstance(st_value, str):\n                stacktrace = st_value.split(\"\\n\")\n            else:\n                stacktrace = []\n                try:\n                    for frame in st_value:\n                        line = frame.get(\"lineNumber\", \"\")\n                        file = frame.get(\"fileName\", \"<anonymous>\")\n                        if line:\n                            file = f\"{file}:{line}\"\n                        meth = frame.get(\"methodName\", \"<anonymous>\")\n                        if \"className\" in frame:\n                            meth = f\"{frame['className']}.{meth}\"\n                        msg = \"    at %s (%s)\"\n                        msg = msg % (meth, file)\n                        stacktrace.append(msg)\n                except TypeError:\n                    pass\n        if exception_class == UnexpectedAlertPresentException:\n            alert_text = None\n            if \"data\" in value:\n                alert_text = value[\"data\"].get(\"text\")\n            elif \"alert\" in value:\n                alert_text = value[\"alert\"].get(\"text\")\n            raise exception_class(message, screen, stacktrace, alert_text)  # type: ignore[call-arg]  # mypy is not smart enough here\n>       raise exception_class(message, screen, stacktrace)\nE       selenium.common.exceptions.ElementNotInteractableException: Message: element not interactable\nE         (Session info: chrome=118.0.5993.118)\nE       Stacktrace:\nE       \tGetHandleVerifier [0x00007FF7313178A2+54818]\nE       \t(No symbol) [0x00007FF731286AD2]\nE       \t(No symbol) [0x00007FF73113D8ED]\nE       \t(No symbol) [0x00007FF73117F8E5]\nE       \t(No symbol) [0x00007FF73117571F]\nE       \t(No symbol) [0x00007FF73119EAAA]\nE       \t(No symbol) [0x00007FF731175036]\nE       \t(No symbol) [0x00007FF73119ECC0]\nE       \t(No symbol) [0x00007FF7311B75A2]\nE       \t(No symbol) [0x00007FF73119E883]\nE       \t(No symbol) [0x00007FF731173691]\nE       \t(No symbol) [0x00007FF7311748D4]\nE       \tGetHandleVerifier [0x00007FF73167B9A2+3610402]\nE       \tGetHandleVerifier [0x00007FF7316D1870+3962352]\nE       \tGetHandleVerifier [0x00007FF7316C9D5F+3930847]\nE       \tGetHandleVerifier [0x00007FF7313B3656+693206]\nE       \t(No symbol) [0x00007FF731291638]\nE       \t(No symbol) [0x00007FF73128D944]\nE       \t(No symbol) [0x00007FF73128DA72]\nE       \t(No symbol) [0x00007FF73127E123]\nE       \tBaseThreadInitThunk [0x00007FFF5C2B257D+29]\nE       \tRtlUserThreadStart [0x00007FFF5CCCAA48+40]\n\nD:\\sw_install\\python-install\\lib\\site-packages\\selenium\\webdriver\\remote\\errorhandler.py:229: ElementNotInteractableException"}, "steps": [{"name": "切换到发布管理tab上", "status": "passed", "start": 1718439777908, "stop": 1718439777918}, {"name": "点击选设备", "status": "passed", "start": 1718439777918, "stop": 1718439777981}, {"name": "在组织架构中，点击全选按钮", "status": "broken", "statusDetails": {"message": "selenium.common.exceptions.ElementNotInteractableException: Message: element not interactable\n  (Session info: chrome=118.0.5993.118)\nStacktrace:\n\tGetHandleVerifier [0x00007FF7313178A2+54818]\n\t(No symbol) [0x00007FF731286AD2]\n\t(No symbol) [0x00007FF73113D8ED]\n\t(No symbol) [0x00007FF73117F8E5]\n\t(No symbol) [0x00007FF73117571F]\n\t(No symbol) [0x00007FF73119EAAA]\n\t(No symbol) [0x00007FF731175036]\n\t(No symbol) [0x00007FF73119ECC0]\n\t(No symbol) [0x00007FF7311B75A2]\n\t(No symbol) [0x00007FF73119E883]\n\t(No symbol) [0x00007FF731173691]\n\t(No symbol) [0x00007FF7311748D4]\n\tGetHandleVerifier [0x00007FF73167B9A2+3610402]\n\tGetHandleVerifier [0x00007FF7316D1870+3962352]\n\tGetHandleVerifier [0x00007FF7316C9D5F+3930847]\n\tGetHandleVerifier [0x00007FF7313B3656+693206]\n\t(No symbol) [0x00007FF731291638]\n\t(No symbol) [0x00007FF73128D944]\n\t(No symbol) [0x00007FF73128DA72]\n\t(No symbol) [0x00007FF73127E123]\n\tBaseThreadInitThunk [0x00007FFF5C2B257D+29]\n\tRtlUserThreadStart [0x00007FFF5CCCAA48+40]\n\n", "trace": "  File \"D:\\git\\ui_test\\test_case\\test_release_management.py\", line 531, in test_select_all_org\n    release_page.select_all_org()\n  File \"D:\\git\\ui_test\\pageobject\\release_page.py\", line 357, in select_all_org\n    select_first_org.click()\n  File \"D:\\sw_install\\python-install\\lib\\site-packages\\selenium\\webdriver\\remote\\webelement.py\", line 94, in click\n    self._execute(Command.CLICK_ELEMENT)\n  File \"D:\\sw_install\\python-install\\lib\\site-packages\\selenium\\webdriver\\remote\\webelement.py\", line 395, in _execute\n    return self._parent.execute(command, params)\n  File \"D:\\sw_install\\python-install\\lib\\site-packages\\selenium\\webdriver\\remote\\webdriver.py\", line 348, in execute\n    self.error_handler.check_response(response)\n  File \"D:\\sw_install\\python-install\\lib\\site-packages\\selenium\\webdriver\\remote\\errorhandler.py\", line 229, in check_response\n    raise exception_class(message, screen, stacktrace)\n"}, "start": 1718439777981, "stop": 1718439802080}], "start": 1718439777684, "stop": 1718439802081, "uuid": "34f5dc7f-e8f9-410e-80ec-9779d2befbda", "historyId": "c6962dd0c2706b292509f53d2d3658b7", "testCaseId": "c6962dd0c2706b292509f53d2d3658b7", "fullName": "test_case.test_release_management.TestReleaseStrategy#test_select_all_org", "labels": [{"name": "feature", "value": "release management"}, {"name": "epic", "value": "项目hkc"}, {"name": "tag", "value": "run(order=21)"}, {"name": "tag", "value": "@pytest.mark.usefixtures('release_page')"}, {"name": "parentSuite", "value": "test_case"}, {"name": "suite", "value": "test_release_management"}, {"name": "subSuite", "value": "TestReleaseStrategy"}, {"name": "host", "value": "hkc0208725"}, {"name": "thread", "value": "37384-MainThread"}, {"name": "framework", "value": "pytest"}, {"name": "language", "value": "cpython3"}, {"name": "package", "value": "test_case.test_release_management"}]}