{"uuid": "6eeb9fc7-80f7-40ca-86b2-403aae97dee3", "children": ["c8db4163-d8ec-4789-a584-6942c6dc3d82"], "befores": [{"name": "terminal_set_up", "status": "broken", "statusDetails": {"message": "selenium.common.exceptions.ElementClickInterceptedException: Message: element click intercepted: Element <span data-v-281167bd=\"\" class=\"active\">...</span> is not clickable at point (236, 172). Other element would receive the click: <div role=\"dialog\" aria-modal=\"true\" aria-label=\"设备接入\" aria-describedby=\"el-id-8335-51\" class=\"el-overlay-dialog\" style=\"display: flex;\">...</div>\n  (Session info: chrome=118.0.5993.118)\nStacktrace:\n\tGetHandleVerifier [0x00007FF7EDF378A2+54818]\n\t(No symbol) [0x00007FF7EDEA6AD2]\n\t(No symbol) [0x00007FF7EDD5DA3B]\n\t(No symbol) [0x00007FF7EDDA47CB]\n\t(No symbol) [0x00007FF7EDDA2B99]\n\t(No symbol) [0x00007FF7EDDA0968]\n\t(No symbol) [0x00007FF7EDD9FA23]\n\t(No symbol) [0x00007FF7EDD9571F]\n\t(No symbol) [0x00007FF7EDDBEAAA]\n\t(No symbol) [0x00007FF7EDD95036]\n\t(No symbol) [0x00007FF7EDDBECC0]\n\t(No symbol) [0x00007FF7EDDD75A2]\n\t(No symbol) [0x00007FF7EDDBE883]\n\t(No symbol) [0x00007FF7EDD93691]\n\t(No symbol) [0x00007FF7EDD948D4]\n\tGetHandleVerifier [0x00007FF7EE29B9A2+3610402]\n\tGetHandleVerifier [0x00007FF7EE2F1870+3962352]\n\tGetHandleVerifier [0x00007FF7EE2E9D5F+3930847]\n\tGetHandleVerifier [0x00007FF7EDFD3656+693206]\n\t(No symbol) [0x00007FF7EDEB1638]\n\t(No symbol) [0x00007FF7EDEAD944]\n\t(No symbol) [0x00007FF7EDEADA72]\n\t(No symbol) [0x00007FF7EDE9E123]\n\tBaseThreadInitThunk [0x00007FFEE159257D+29]\n\tRtlUserThreadStart [0x00007FFEE202AA58+40]\n\n", "trace": "  File \"D:\\sw_install\\python-install\\lib\\site-packages\\pluggy\\_callers.py\", line 77, in _multicall\n    res = hook_impl.function(*args)\n  File \"D:\\sw_install\\python-install\\lib\\site-packages\\_pytest\\fixtures.py\", line 1130, in pytest_fixture_setup\n    result = call_fixture_func(fixturefunc, request, kwargs)\n  File \"D:\\sw_install\\python-install\\lib\\site-packages\\_pytest\\fixtures.py\", line 909, in call_fixture_func\n    fixture_result = fixturefunc(**kwargs)\n  File \"D:\\ui\\test_case\\test_terminal_center.py\", line 56, in terminal_set_up\n    terminal_page.click_bind_terminal()\n  File \"D:\\ui\\pageobject\\terminal_page.py\", line 74, in click_bind_terminal\n    self.click(bind_terminal_loca)\n  File \"D:\\ui\\basepage\\base_page.py\", line 240, in click\n    e1.click()\n  File \"D:\\sw_install\\python-install\\lib\\site-packages\\selenium\\webdriver\\remote\\webelement.py\", line 94, in click\n    self._execute(Command.CLICK_ELEMENT)\n  File \"D:\\sw_install\\python-install\\lib\\site-packages\\selenium\\webdriver\\remote\\webelement.py\", line 395, in _execute\n    return self._parent.execute(command, params)\n  File \"D:\\sw_install\\python-install\\lib\\site-packages\\selenium\\webdriver\\remote\\webdriver.py\", line 348, in execute\n    self.error_handler.check_response(response)\n  File \"D:\\sw_install\\python-install\\lib\\site-packages\\selenium\\webdriver\\remote\\errorhandler.py\", line 229, in check_response\n    raise exception_class(message, screen, stacktrace)\n"}, "steps": [{"name": "点击设备接入", "status": "broken", "statusDetails": {"message": "selenium.common.exceptions.ElementClickInterceptedException: Message: element click intercepted: Element <span data-v-281167bd=\"\" class=\"active\">...</span> is not clickable at point (236, 172). Other element would receive the click: <div role=\"dialog\" aria-modal=\"true\" aria-label=\"设备接入\" aria-describedby=\"el-id-8335-51\" class=\"el-overlay-dialog\" style=\"display: flex;\">...</div>\n  (Session info: chrome=118.0.5993.118)\nStacktrace:\n\tGetHandleVerifier [0x00007FF7EDF378A2+54818]\n\t(No symbol) [0x00007FF7EDEA6AD2]\n\t(No symbol) [0x00007FF7EDD5DA3B]\n\t(No symbol) [0x00007FF7EDDA47CB]\n\t(No symbol) [0x00007FF7EDDA2B99]\n\t(No symbol) [0x00007FF7EDDA0968]\n\t(No symbol) [0x00007FF7EDD9FA23]\n\t(No symbol) [0x00007FF7EDD9571F]\n\t(No symbol) [0x00007FF7EDDBEAAA]\n\t(No symbol) [0x00007FF7EDD95036]\n\t(No symbol) [0x00007FF7EDDBECC0]\n\t(No symbol) [0x00007FF7EDDD75A2]\n\t(No symbol) [0x00007FF7EDDBE883]\n\t(No symbol) [0x00007FF7EDD93691]\n\t(No symbol) [0x00007FF7EDD948D4]\n\tGetHandleVerifier [0x00007FF7EE29B9A2+3610402]\n\tGetHandleVerifier [0x00007FF7EE2F1870+3962352]\n\tGetHandleVerifier [0x00007FF7EE2E9D5F+3930847]\n\tGetHandleVerifier [0x00007FF7EDFD3656+693206]\n\t(No symbol) [0x00007FF7EDEB1638]\n\t(No symbol) [0x00007FF7EDEAD944]\n\t(No symbol) [0x00007FF7EDEADA72]\n\t(No symbol) [0x00007FF7EDE9E123]\n\tBaseThreadInitThunk [0x00007FFEE159257D+29]\n\tRtlUserThreadStart [0x00007FFEE202AA58+40]\n\n", "trace": "  File \"D:\\ui\\test_case\\test_terminal_center.py\", line 56, in terminal_set_up\n    terminal_page.click_bind_terminal()\n  File \"D:\\ui\\pageobject\\terminal_page.py\", line 74, in click_bind_terminal\n    self.click(bind_terminal_loca)\n  File \"D:\\ui\\basepage\\base_page.py\", line 240, in click\n    e1.click()\n  File \"D:\\sw_install\\python-install\\lib\\site-packages\\selenium\\webdriver\\remote\\webelement.py\", line 94, in click\n    self._execute(Command.CLICK_ELEMENT)\n  File \"D:\\sw_install\\python-install\\lib\\site-packages\\selenium\\webdriver\\remote\\webelement.py\", line 395, in _execute\n    return self._parent.execute(command, params)\n  File \"D:\\sw_install\\python-install\\lib\\site-packages\\selenium\\webdriver\\remote\\webdriver.py\", line 348, in execute\n    self.error_handler.check_response(response)\n  File \"D:\\sw_install\\python-install\\lib\\site-packages\\selenium\\webdriver\\remote\\errorhandler.py\", line 229, in check_response\n    raise exception_class(message, screen, stacktrace)\n"}, "start": 1715069986066, "stop": 1715069988229}], "start": 1715069965469, "stop": 1715069988229}], "start": 1715069965469, "stop": 1715069988298}