{"uuid": "70b77d02-6afe-48c5-a4fa-1c3e02fb07e9", "children": ["554e762d-a8a9-408d-9fc0-32bb5fcd5054"], "befores": [{"name": "init_play_bill", "status": "broken", "statusDetails": {"message": "selenium.common.exceptions.ElementNotInteractableException: Message: element not interactable\n  (Session info: chrome=118.0.5993.118)\nStacktrace:\n\tGetHandleVerifier [0x00007FF70D2C78A2+54818]\n\t(No symbol) [0x00007FF70D236AD2]\n\t(No symbol) [0x00007FF70D0ED8ED]\n\t(No symbol) [0x00007FF70D12F8E5]\n\t(No symbol) [0x00007FF70D12571F]\n\t(No symbol) [0x00007FF70D14EAAA]\n\t(No symbol) [0x00007FF70D125036]\n\t(No symbol) [0x00007FF70D14ECC0]\n\t(No symbol) [0x00007FF70D1675A2]\n\t(No symbol) [0x00007FF70D14E883]\n\t(No symbol) [0x00007FF70D123691]\n\t(No symbol) [0x00007FF70D1248D4]\n\tGetHandleVerifier [0x00007FF70D62B9A2+3610402]\n\tGetHandleVerifier [0x00007FF70D681870+3962352]\n\tGetHandleVerifier [0x00007FF70D679D5F+3930847]\n\tGetHandleVerifier [0x00007FF70D363656+693206]\n\t(No symbol) [0x00007FF70D241638]\n\t(No symbol) [0x00007FF70D23D944]\n\t(No symbol) [0x00007FF70D23DA72]\n\t(No symbol) [0x00007FF70D22E123]\n\tBaseThreadInitThunk [0x00007FFEE159257D+29]\n\tRtlUserThreadStart [0x00007FFEE202AA58+40]\n\n", "trace": "  File \"D:\\sw_install\\python-install\\lib\\site-packages\\pluggy\\_callers.py\", line 77, in _multicall\n    res = hook_impl.function(*args)\n  File \"D:\\sw_install\\python-install\\lib\\site-packages\\_pytest\\fixtures.py\", line 1130, in pytest_fixture_setup\n    result = call_fixture_func(fixturefunc, request, kwargs)\n  File \"D:\\sw_install\\python-install\\lib\\site-packages\\_pytest\\fixtures.py\", line 909, in call_fixture_func\n    fixture_result = fixturefunc(**kwargs)\n  File \"D:\\ui\\test_case\\test_play_bill.py\", line 52, in init_play_bill\n    program_page.create_general_program()\n  File \"D:\\ui\\pageobject\\program_page.py\", line 65, in create_general_program\n    raise e\n  File \"D:\\ui\\pageobject\\program_page.py\", line 53, in create_general_program\n    self.choose_screen(\"1920x1080\")\n  File \"D:\\ui\\pageobject\\program_page.py\", line 176, in choose_screen\n    self.click('by_xpath,//span[text()=\"1920x1080\"]')\n  File \"D:\\ui\\basepage\\base_page.py\", line 240, in click\n    e1.click()\n  File \"D:\\sw_install\\python-install\\lib\\site-packages\\selenium\\webdriver\\remote\\webelement.py\", line 94, in click\n    self._execute(Command.CLICK_ELEMENT)\n  File \"D:\\sw_install\\python-install\\lib\\site-packages\\selenium\\webdriver\\remote\\webelement.py\", line 395, in _execute\n    return self._parent.execute(command, params)\n  File \"D:\\sw_install\\python-install\\lib\\site-packages\\selenium\\webdriver\\remote\\webdriver.py\", line 348, in execute\n    self.error_handler.check_response(response)\n  File \"D:\\sw_install\\python-install\\lib\\site-packages\\selenium\\webdriver\\remote\\errorhandler.py\", line 229, in check_response\n    raise exception_class(message, screen, stacktrace)\n"}, "steps": [{"name": "点击创建节目", "status": "passed", "start": 1714961456744, "stop": 1714961458088}, {"name": "输入节目名称（普通节目）", "status": "passed", "start": 1714961458088, "stop": 1714961458800}, {"name": "选择屏幕方向", "status": "passed", "start": 1714961458800, "stop": 1714961459382}, {"name": "选择分辨率", "status": "broken", "statusDetails": {"message": "selenium.common.exceptions.ElementNotInteractableException: Message: element not interactable\n  (Session info: chrome=118.0.5993.118)\nStacktrace:\n\tGetHandleVerifier [0x00007FF70D2C78A2+54818]\n\t(No symbol) [0x00007FF70D236AD2]\n\t(No symbol) [0x00007FF70D0ED8ED]\n\t(No symbol) [0x00007FF70D12F8E5]\n\t(No symbol) [0x00007FF70D12571F]\n\t(No symbol) [0x00007FF70D14EAAA]\n\t(No symbol) [0x00007FF70D125036]\n\t(No symbol) [0x00007FF70D14ECC0]\n\t(No symbol) [0x00007FF70D1675A2]\n\t(No symbol) [0x00007FF70D14E883]\n\t(No symbol) [0x00007FF70D123691]\n\t(No symbol) [0x00007FF70D1248D4]\n\tGetHandleVerifier [0x00007FF70D62B9A2+3610402]\n\tGetHandleVerifier [0x00007FF70D681870+3962352]\n\tGetHandleVerifier [0x00007FF70D679D5F+3930847]\n\tGetHandleVerifier [0x00007FF70D363656+693206]\n\t(No symbol) [0x00007FF70D241638]\n\t(No symbol) [0x00007FF70D23D944]\n\t(No symbol) [0x00007FF70D23DA72]\n\t(No symbol) [0x00007FF70D22E123]\n\tBaseThreadInitThunk [0x00007FFEE159257D+29]\n\tRtlUserThreadStart [0x00007FFEE202AA58+40]\n\n", "trace": "  File \"D:\\ui\\pageobject\\program_page.py\", line 53, in create_general_program\n    self.choose_screen(\"1920x1080\")\n  File \"D:\\ui\\pageobject\\program_page.py\", line 176, in choose_screen\n    self.click('by_xpath,//span[text()=\"1920x1080\"]')\n  File \"D:\\ui\\basepage\\base_page.py\", line 240, in click\n    e1.click()\n  File \"D:\\sw_install\\python-install\\lib\\site-packages\\selenium\\webdriver\\remote\\webelement.py\", line 94, in click\n    self._execute(Command.CLICK_ELEMENT)\n  File \"D:\\sw_install\\python-install\\lib\\site-packages\\selenium\\webdriver\\remote\\webelement.py\", line 395, in _execute\n    return self._parent.execute(command, params)\n  File \"D:\\sw_install\\python-install\\lib\\site-packages\\selenium\\webdriver\\remote\\webdriver.py\", line 348, in execute\n    self.error_handler.check_response(response)\n  File \"D:\\sw_install\\python-install\\lib\\site-packages\\selenium\\webdriver\\remote\\errorhandler.py\", line 229, in check_response\n    raise exception_class(message, screen, stacktrace)\n"}, "start": 1714961459382, "stop": 1714961480884}], "start": 1714961404181, "stop": 1714961480900}], "start": 1714961404181, "stop": 1714961481651}