{"uid":"ac8de4eb02307f93","name":"重命名设备名称","fullName":"test_case.test_terminal_center.TestTerminalCenter#test_rename_terminal_name","historyId":"0a14c3654e3a807484a9d7528fb760d0","time":{"start":1715047416834,"stop":1715047472013,"duration":55179},"status":"broken","statusMessage":"selenium.common.exceptions.NoSuchElementException: Message: no such element: Unable to locate element: {\"method\":\"xpath\",\"selector\":\"//img[@title=\"设置\"]\"}\n  (Session info: chrome=118.0.5993.118); For documentation on this error, please visit: https://www.selenium.dev/documentation/webdriver/troubleshooting/errors#no-such-element-exception\nStacktrace:\n\tGetHandleVerifier [0x00007FF6ED1078A2+54818]\n\t(No symbol) [0x00007FF6ED076AD2]\n\t(No symbol) [0x00007FF6ECF2DA3B]\n\t(No symbol) [0x00007FF6ECF6E4FC]\n\t(No symbol) [0x00007FF6ECF6E67C]\n\t(No symbol) [0x00007FF6ECFA9627]\n\t(No symbol) [0x00007FF6ECF8EAEF]\n\t(No symbol) [0x00007FF6ECFA75A2]\n\t(No symbol) [0x00007FF6ECF8E883]\n\t(No symbol) [0x00007FF6ECF63691]\n\t(No symbol) [0x00007FF6ECF648D4]\n\tGetHandleVerifier [0x00007FF6ED46B9A2+3610402]\n\tGetHandleVerifier [0x00007FF6ED4C1870+3962352]\n\tGetHandleVerifier [0x00007FF6ED4B9D5F+3930847]\n\tGetHandleVerifier [0x00007FF6ED1A3656+693206]\n\t(No symbol) [0x00007FF6ED081638]\n\t(No symbol) [0x00007FF6ED07D944]\n\t(No symbol) [0x00007FF6ED07DA72]\n\t(No symbol) [0x00007FF6ED06E123]\n\tBaseThreadInitThunk [0x00007FFEE159257D+29]\n\tRtlUserThreadStart [0x00007FFEE202AA58+40]","statusTrace":"self = <test_case.test_terminal_center.TestTerminalCenter object at 0x000001970705A6E0>\n\n    @pytest.mark.usefixtures('clear_terminal_list')\n    @allure.title(\"重命名设备名称\")\n    @pytest.mark.run(order=24)\n    def test_rename_terminal_name(self):\n        terminal_page = self.terminal_page\n        terminal_page.refresh()\n        # sql_execute()\n        terminal_page.switch_to_terminal_center()\n        # terminal_page.bind_terminal()\n        time.sleep(0.3)\n        terminal_page.add_new_terminal()\n        terminal_name = random.randint(1000, 99999)\n        try:\n            time.sleep(0.5)\n            with step(\"点击设备设置：\"):\n                #//div[text()=\"设备00799\"]/../../td[11]//img[@title=\"设置\"]\n>               terminal_page.click_terminal_setting()\n\ntest_case\\test_terminal_center.py:701: \n_ _ _ _ _ _ _ _ _ _ _ _ _ _ _ _ _ _ _ _ _ _ _ _ _ _ _ _ _ _ _ _ _ _ _ _ _ _ _ _\npageobject\\terminal_page.py:174: in click_terminal_setting\n    self.click(terminal_setting_loca)\nbasepage\\base_page.py:239: in click\n    e1 = self.get_element(args)\nbasepage\\base_page.py:126: in get_element\n    w_element = self.driver.find_element(By.XPATH, value=args_value)\nD:\\sw_install\\python-install\\lib\\site-packages\\selenium\\webdriver\\remote\\webdriver.py:742: in find_element\n    return self.execute(Command.FIND_ELEMENT, {\"using\": by, \"value\": value})[\"value\"]\nD:\\sw_install\\python-install\\lib\\site-packages\\selenium\\webdriver\\remote\\webdriver.py:348: in execute\n    self.error_handler.check_response(response)\n_ _ _ _ _ _ _ _ _ _ _ _ _ _ _ _ _ _ _ _ _ _ _ _ _ _ _ _ _ _ _ _ _ _ _ _ _ _ _ _\n\nself = <selenium.webdriver.remote.errorhandler.ErrorHandler object at 0x000001972DA664D0>\nresponse = {'status': 404, 'value': '{\"value\":{\"error\":\"no such element\",\"message\":\"no such element: Unable to locate element: {\\...07FF6ED06E123]\\\\n\\\\tBaseThreadInitThunk [0x00007FFEE159257D+29]\\\\n\\\\tRtlUserThreadStart [0x00007FFEE202AA58+40]\\\\n\"}}'}\n\n    def check_response(self, response: Dict[str, Any]) -> None:\n        \"\"\"Checks that a JSON response from the WebDriver does not have an\n        error.\n    \n        :Args:\n         - response - The JSON response from the WebDriver server as a dictionary\n           object.\n    \n        :Raises: If the response contains an error message.\n        \"\"\"\n        status = response.get(\"status\", None)\n        if not status or status == ErrorCode.SUCCESS:\n            return\n        value = None\n        message = response.get(\"message\", \"\")\n        screen: str = response.get(\"screen\", \"\")\n        stacktrace = None\n        if isinstance(status, int):\n            value_json = response.get(\"value\", None)\n            if value_json and isinstance(value_json, str):\n                import json\n    \n                try:\n                    value = json.loads(value_json)\n                    if len(value) == 1:\n                        value = value[\"value\"]\n                    status = value.get(\"error\", None)\n                    if not status:\n                        status = value.get(\"status\", ErrorCode.UNKNOWN_ERROR)\n                        message = value.get(\"value\") or value.get(\"message\")\n                        if not isinstance(message, str):\n                            value = message\n                            message = message.get(\"message\")\n                    else:\n                        message = value.get(\"message\", None)\n                except ValueError:\n                    pass\n    \n        exception_class: Type[WebDriverException]\n        e = ErrorCode()\n        error_codes = [item for item in dir(e) if not item.startswith(\"__\")]\n        for error_code in error_codes:\n            error_info = getattr(ErrorCode, error_code)\n            if isinstance(error_info, list) and status in error_info:\n                exception_class = getattr(ExceptionMapping, error_code, WebDriverException)\n                break\n        else:\n            exception_class = WebDriverException\n    \n        if not value:\n            value = response[\"value\"]\n        if isinstance(value, str):\n            raise exception_class(value)\n        if message == \"\" and \"message\" in value:\n            message = value[\"message\"]\n    \n        screen = None  # type: ignore[assignment]\n        if \"screen\" in value:\n            screen = value[\"screen\"]\n    \n        stacktrace = None\n        st_value = value.get(\"stackTrace\") or value.get(\"stacktrace\")\n        if st_value:\n            if isinstance(st_value, str):\n                stacktrace = st_value.split(\"\\n\")\n            else:\n                stacktrace = []\n                try:\n                    for frame in st_value:\n                        line = frame.get(\"lineNumber\", \"\")\n                        file = frame.get(\"fileName\", \"<anonymous>\")\n                        if line:\n                            file = f\"{file}:{line}\"\n                        meth = frame.get(\"methodName\", \"<anonymous>\")\n                        if \"className\" in frame:\n                            meth = f\"{frame['className']}.{meth}\"\n                        msg = \"    at %s (%s)\"\n                        msg = msg % (meth, file)\n                        stacktrace.append(msg)\n                except TypeError:\n                    pass\n        if exception_class == UnexpectedAlertPresentException:\n            alert_text = None\n            if \"data\" in value:\n                alert_text = value[\"data\"].get(\"text\")\n            elif \"alert\" in value:\n                alert_text = value[\"alert\"].get(\"text\")\n            raise exception_class(message, screen, stacktrace, alert_text)  # type: ignore[call-arg]  # mypy is not smart enough here\n>       raise exception_class(message, screen, stacktrace)\nE       selenium.common.exceptions.NoSuchElementException: Message: no such element: Unable to locate element: {\"method\":\"xpath\",\"selector\":\"//img[@title=\"设置\"]\"}\nE         (Session info: chrome=118.0.5993.118); For documentation on this error, please visit: https://www.selenium.dev/documentation/webdriver/troubleshooting/errors#no-such-element-exception\nE       Stacktrace:\nE       \tGetHandleVerifier [0x00007FF6ED1078A2+54818]\nE       \t(No symbol) [0x00007FF6ED076AD2]\nE       \t(No symbol) [0x00007FF6ECF2DA3B]\nE       \t(No symbol) [0x00007FF6ECF6E4FC]\nE       \t(No symbol) [0x00007FF6ECF6E67C]\nE       \t(No symbol) [0x00007FF6ECFA9627]\nE       \t(No symbol) [0x00007FF6ECF8EAEF]\nE       \t(No symbol) [0x00007FF6ECFA75A2]\nE       \t(No symbol) [0x00007FF6ECF8E883]\nE       \t(No symbol) [0x00007FF6ECF63691]\nE       \t(No symbol) [0x00007FF6ECF648D4]\nE       \tGetHandleVerifier [0x00007FF6ED46B9A2+3610402]\nE       \tGetHandleVerifier [0x00007FF6ED4C1870+3962352]\nE       \tGetHandleVerifier [0x00007FF6ED4B9D5F+3930847]\nE       \tGetHandleVerifier [0x00007FF6ED1A3656+693206]\nE       \t(No symbol) [0x00007FF6ED081638]\nE       \t(No symbol) [0x00007FF6ED07D944]\nE       \t(No symbol) [0x00007FF6ED07DA72]\nE       \t(No symbol) [0x00007FF6ED06E123]\nE       \tBaseThreadInitThunk [0x00007FFEE159257D+29]\nE       \tRtlUserThreadStart [0x00007FFEE202AA58+40]\n\nD:\\sw_install\\python-install\\lib\\site-packages\\selenium\\webdriver\\remote\\errorhandler.py:229: NoSuchElementException","flaky":false,"newFailed":false,"newBroken":false,"newPassed":false,"retriesCount":0,"retriesStatusChange":false,"beforeStages":[{"name":"driver","time":{"start":1715045594140,"stop":1715045603718,"duration":9578},"status":"passed","steps":[],"attachments":[],"parameters":[],"hasContent":false,"attachmentsCount":0,"shouldDisplayMessage":false,"stepsCount":0},{"name":"env","time":{"start":1715045594140,"stop":1715045594140,"duration":0},"status":"passed","steps":[],"attachments":[],"parameters":[],"hasContent":false,"attachmentsCount":0,"shouldDisplayMessage":false,"stepsCount":0},{"name":"set_up_org","time":{"start":1715047414739,"stop":1715047415991,"duration":1252},"status":"passed","steps":[],"attachments":[],"parameters":[],"hasContent":false,"attachmentsCount":0,"shouldDisplayMessage":false,"stepsCount":0},{"name":"sys_page","time":{"start":1715047415991,"stop":1715047415991,"duration":0},"status":"passed","steps":[],"attachments":[],"parameters":[],"hasContent":false,"attachmentsCount":0,"shouldDisplayMessage":false,"stepsCount":0},{"name":"terminal_page","time":{"start":1715047415991,"stop":1715047415991,"duration":0},"status":"passed","steps":[],"attachments":[],"parameters":[],"hasContent":false,"attachmentsCount":0,"shouldDisplayMessage":false,"stepsCount":0},{"name":"clear_terminal_list","time":{"start":1715047415992,"stop":1715047416833,"duration":841},"status":"passed","steps":[],"attachments":[],"parameters":[],"hasContent":false,"attachmentsCount":0,"shouldDisplayMessage":false,"stepsCount":0}],"testStage":{"status":"broken","statusMessage":"selenium.common.exceptions.NoSuchElementException: Message: no such element: Unable to locate element: {\"method\":\"xpath\",\"selector\":\"//img[@title=\"设置\"]\"}\n  (Session info: chrome=118.0.5993.118); For documentation on this error, please visit: https://www.selenium.dev/documentation/webdriver/troubleshooting/errors#no-such-element-exception\nStacktrace:\n\tGetHandleVerifier [0x00007FF6ED1078A2+54818]\n\t(No symbol) [0x00007FF6ED076AD2]\n\t(No symbol) [0x00007FF6ECF2DA3B]\n\t(No symbol) [0x00007FF6ECF6E4FC]\n\t(No symbol) [0x00007FF6ECF6E67C]\n\t(No symbol) [0x00007FF6ECFA9627]\n\t(No symbol) [0x00007FF6ECF8EAEF]\n\t(No symbol) [0x00007FF6ECFA75A2]\n\t(No symbol) [0x00007FF6ECF8E883]\n\t(No symbol) [0x00007FF6ECF63691]\n\t(No symbol) [0x00007FF6ECF648D4]\n\tGetHandleVerifier [0x00007FF6ED46B9A2+3610402]\n\tGetHandleVerifier [0x00007FF6ED4C1870+3962352]\n\tGetHandleVerifier [0x00007FF6ED4B9D5F+3930847]\n\tGetHandleVerifier [0x00007FF6ED1A3656+693206]\n\t(No symbol) [0x00007FF6ED081638]\n\t(No symbol) [0x00007FF6ED07D944]\n\t(No symbol) [0x00007FF6ED07DA72]\n\t(No symbol) [0x00007FF6ED06E123]\n\tBaseThreadInitThunk [0x00007FFEE159257D+29]\n\tRtlUserThreadStart [0x00007FFEE202AA58+40]","statusTrace":"self = <test_case.test_terminal_center.TestTerminalCenter object at 0x000001970705A6E0>\n\n    @pytest.mark.usefixtures('clear_terminal_list')\n    @allure.title(\"重命名设备名称\")\n    @pytest.mark.run(order=24)\n    def test_rename_terminal_name(self):\n        terminal_page = self.terminal_page\n        terminal_page.refresh()\n        # sql_execute()\n        terminal_page.switch_to_terminal_center()\n        # terminal_page.bind_terminal()\n        time.sleep(0.3)\n        terminal_page.add_new_terminal()\n        terminal_name = random.randint(1000, 99999)\n        try:\n            time.sleep(0.5)\n            with step(\"点击设备设置：\"):\n                #//div[text()=\"设备00799\"]/../../td[11]//img[@title=\"设置\"]\n>               terminal_page.click_terminal_setting()\n\ntest_case\\test_terminal_center.py:701: \n_ _ _ _ _ _ _ _ _ _ _ _ _ _ _ _ _ _ _ _ _ _ _ _ _ _ _ _ _ _ _ _ _ _ _ _ _ _ _ _\npageobject\\terminal_page.py:174: in click_terminal_setting\n    self.click(terminal_setting_loca)\nbasepage\\base_page.py:239: in click\n    e1 = self.get_element(args)\nbasepage\\base_page.py:126: in get_element\n    w_element = self.driver.find_element(By.XPATH, value=args_value)\nD:\\sw_install\\python-install\\lib\\site-packages\\selenium\\webdriver\\remote\\webdriver.py:742: in find_element\n    return self.execute(Command.FIND_ELEMENT, {\"using\": by, \"value\": value})[\"value\"]\nD:\\sw_install\\python-install\\lib\\site-packages\\selenium\\webdriver\\remote\\webdriver.py:348: in execute\n    self.error_handler.check_response(response)\n_ _ _ _ _ _ _ _ _ _ _ _ _ _ _ _ _ _ _ _ _ _ _ _ _ _ _ _ _ _ _ _ _ _ _ _ _ _ _ _\n\nself = <selenium.webdriver.remote.errorhandler.ErrorHandler object at 0x000001972DA664D0>\nresponse = {'status': 404, 'value': '{\"value\":{\"error\":\"no such element\",\"message\":\"no such element: Unable to locate element: {\\...07FF6ED06E123]\\\\n\\\\tBaseThreadInitThunk [0x00007FFEE159257D+29]\\\\n\\\\tRtlUserThreadStart [0x00007FFEE202AA58+40]\\\\n\"}}'}\n\n    def check_response(self, response: Dict[str, Any]) -> None:\n        \"\"\"Checks that a JSON response from the WebDriver does not have an\n        error.\n    \n        :Args:\n         - response - The JSON response from the WebDriver server as a dictionary\n           object.\n    \n        :Raises: If the response contains an error message.\n        \"\"\"\n        status = response.get(\"status\", None)\n        if not status or status == ErrorCode.SUCCESS:\n            return\n        value = None\n        message = response.get(\"message\", \"\")\n        screen: str = response.get(\"screen\", \"\")\n        stacktrace = None\n        if isinstance(status, int):\n            value_json = response.get(\"value\", None)\n            if value_json and isinstance(value_json, str):\n                import json\n    \n                try:\n                    value = json.loads(value_json)\n                    if len(value) == 1:\n                        value = value[\"value\"]\n                    status = value.get(\"error\", None)\n                    if not status:\n                        status = value.get(\"status\", ErrorCode.UNKNOWN_ERROR)\n                        message = value.get(\"value\") or value.get(\"message\")\n                        if not isinstance(message, str):\n                            value = message\n                            message = message.get(\"message\")\n                    else:\n                        message = value.get(\"message\", None)\n                except ValueError:\n                    pass\n    \n        exception_class: Type[WebDriverException]\n        e = ErrorCode()\n        error_codes = [item for item in dir(e) if not item.startswith(\"__\")]\n        for error_code in error_codes:\n            error_info = getattr(ErrorCode, error_code)\n            if isinstance(error_info, list) and status in error_info:\n                exception_class = getattr(ExceptionMapping, error_code, WebDriverException)\n                break\n        else:\n            exception_class = WebDriverException\n    \n        if not value:\n            value = response[\"value\"]\n        if isinstance(value, str):\n            raise exception_class(value)\n        if message == \"\" and \"message\" in value:\n            message = value[\"message\"]\n    \n        screen = None  # type: ignore[assignment]\n        if \"screen\" in value:\n            screen = value[\"screen\"]\n    \n        stacktrace = None\n        st_value = value.get(\"stackTrace\") or value.get(\"stacktrace\")\n        if st_value:\n            if isinstance(st_value, str):\n                stacktrace = st_value.split(\"\\n\")\n            else:\n                stacktrace = []\n                try:\n                    for frame in st_value:\n                        line = frame.get(\"lineNumber\", \"\")\n                        file = frame.get(\"fileName\", \"<anonymous>\")\n                        if line:\n                            file = f\"{file}:{line}\"\n                        meth = frame.get(\"methodName\", \"<anonymous>\")\n                        if \"className\" in frame:\n                            meth = f\"{frame['className']}.{meth}\"\n                        msg = \"    at %s (%s)\"\n                        msg = msg % (meth, file)\n                        stacktrace.append(msg)\n                except TypeError:\n                    pass\n        if exception_class == UnexpectedAlertPresentException:\n            alert_text = None\n            if \"data\" in value:\n                alert_text = value[\"data\"].get(\"text\")\n            elif \"alert\" in value:\n                alert_text = value[\"alert\"].get(\"text\")\n            raise exception_class(message, screen, stacktrace, alert_text)  # type: ignore[call-arg]  # mypy is not smart enough here\n>       raise exception_class(message, screen, stacktrace)\nE       selenium.common.exceptions.NoSuchElementException: Message: no such element: Unable to locate element: {\"method\":\"xpath\",\"selector\":\"//img[@title=\"设置\"]\"}\nE         (Session info: chrome=118.0.5993.118); For documentation on this error, please visit: https://www.selenium.dev/documentation/webdriver/troubleshooting/errors#no-such-element-exception\nE       Stacktrace:\nE       \tGetHandleVerifier [0x00007FF6ED1078A2+54818]\nE       \t(No symbol) [0x00007FF6ED076AD2]\nE       \t(No symbol) [0x00007FF6ECF2DA3B]\nE       \t(No symbol) [0x00007FF6ECF6E4FC]\nE       \t(No symbol) [0x00007FF6ECF6E67C]\nE       \t(No symbol) [0x00007FF6ECFA9627]\nE       \t(No symbol) [0x00007FF6ECF8EAEF]\nE       \t(No symbol) [0x00007FF6ECFA75A2]\nE       \t(No symbol) [0x00007FF6ECF8E883]\nE       \t(No symbol) [0x00007FF6ECF63691]\nE       \t(No symbol) [0x00007FF6ECF648D4]\nE       \tGetHandleVerifier [0x00007FF6ED46B9A2+3610402]\nE       \tGetHandleVerifier [0x00007FF6ED4C1870+3962352]\nE       \tGetHandleVerifier [0x00007FF6ED4B9D5F+3930847]\nE       \tGetHandleVerifier [0x00007FF6ED1A3656+693206]\nE       \t(No symbol) [0x00007FF6ED081638]\nE       \t(No symbol) [0x00007FF6ED07D944]\nE       \t(No symbol) [0x00007FF6ED07DA72]\nE       \t(No symbol) [0x00007FF6ED06E123]\nE       \tBaseThreadInitThunk [0x00007FFEE159257D+29]\nE       \tRtlUserThreadStart [0x00007FFEE202AA58+40]\n\nD:\\sw_install\\python-install\\lib\\site-packages\\selenium\\webdriver\\remote\\errorhandler.py:229: NoSuchElementException","steps":[{"name":"点击设备设置：","time":{"start":1715047451696,"stop":1715047471708,"duration":20012},"status":"broken","statusMessage":"selenium.common.exceptions.NoSuchElementException: Message: no such element: Unable to locate element: {\"method\":\"xpath\",\"selector\":\"//img[@title=\"设置\"]\"}\n  (Session info: chrome=118.0.5993.118); For documentation on this error, please visit: https://www.selenium.dev/documentation/webdriver/troubleshooting/errors#no-such-element-exception\nStacktrace:\n\tGetHandleVerifier [0x00007FF6ED1078A2+54818]\n\t(No symbol) [0x00007FF6ED076AD2]\n\t(No symbol) [0x00007FF6ECF2DA3B]\n\t(No symbol) [0x00007FF6ECF6E4FC]\n\t(No symbol) [0x00007FF6ECF6E67C]\n\t(No symbol) [0x00007FF6ECFA9627]\n\t(No symbol) [0x00007FF6ECF8EAEF]\n\t(No symbol) [0x00007FF6ECFA75A2]\n\t(No symbol) [0x00007FF6ECF8E883]\n\t(No symbol) [0x00007FF6ECF63691]\n\t(No symbol) [0x00007FF6ECF648D4]\n\tGetHandleVerifier [0x00007FF6ED46B9A2+3610402]\n\tGetHandleVerifier [0x00007FF6ED4C1870+3962352]\n\tGetHandleVerifier [0x00007FF6ED4B9D5F+3930847]\n\tGetHandleVerifier [0x00007FF6ED1A3656+693206]\n\t(No symbol) [0x00007FF6ED081638]\n\t(No symbol) [0x00007FF6ED07D944]\n\t(No symbol) [0x00007FF6ED07DA72]\n\t(No symbol) [0x00007FF6ED06E123]\n\tBaseThreadInitThunk [0x00007FFEE159257D+29]\n\tRtlUserThreadStart [0x00007FFEE202AA58+40]\n\n","statusTrace":"  File \"D:\\ui\\test_case\\test_terminal_center.py\", line 701, in test_rename_terminal_name\n    terminal_page.click_terminal_setting()\n  File \"D:\\ui\\pageobject\\terminal_page.py\", line 174, in click_terminal_setting\n    self.click(terminal_setting_loca)\n  File \"D:\\ui\\basepage\\base_page.py\", line 239, in click\n    e1 = self.get_element(args)\n  File \"D:\\ui\\basepage\\base_page.py\", line 126, in get_element\n    w_element = self.driver.find_element(By.XPATH, value=args_value)\n  File \"D:\\sw_install\\python-install\\lib\\site-packages\\selenium\\webdriver\\remote\\webdriver.py\", line 742, in find_element\n    return self.execute(Command.FIND_ELEMENT, {\"using\": by, \"value\": value})[\"value\"]\n  File \"D:\\sw_install\\python-install\\lib\\site-packages\\selenium\\webdriver\\remote\\webdriver.py\", line 348, in execute\n    self.error_handler.check_response(response)\n  File \"D:\\sw_install\\python-install\\lib\\site-packages\\selenium\\webdriver\\remote\\errorhandler.py\", line 229, in check_response\n    raise exception_class(message, screen, stacktrace)\n","steps":[],"attachments":[],"parameters":[],"hasContent":true,"attachmentsCount":0,"shouldDisplayMessage":true,"stepsCount":0}],"attachments":[],"parameters":[],"hasContent":true,"attachmentsCount":0,"shouldDisplayMessage":true,"stepsCount":1},"afterStages":[{"name":"terminal_page::0","time":{"start":1715047472112,"stop":1715047472112,"duration":0},"status":"passed","steps":[],"attachments":[],"parameters":[],"hasContent":false,"attachmentsCount":0,"shouldDisplayMessage":false,"stepsCount":0},{"name":"sys_page::0","time":{"start":1715047472119,"stop":1715047472119,"duration":0},"status":"passed","steps":[],"attachments":[],"parameters":[],"hasContent":false,"attachmentsCount":0,"shouldDisplayMessage":false,"stepsCount":0},{"name":"driver::0","time":{"start":1715047700477,"stop":1715047703516,"duration":3039},"status":"passed","steps":[],"attachments":[],"parameters":[],"hasContent":false,"attachmentsCount":0,"shouldDisplayMessage":false,"stepsCount":0}],"labels":[{"name":"feature","value":"terminal_center"},{"name":"epic","value":"项目hkc"},{"name":"tag","value":"run(order=24)"},{"name":"tag","value":"@pytest.mark.usefixtures('clear_terminal_list')"},{"name":"parentSuite","value":"test_case"},{"name":"suite","value":"test_terminal_center"},{"name":"subSuite","value":"TestTerminalCenter"},{"name":"host","value":"hkc0208725"},{"name":"thread","value":"43120-MainThread"},{"name":"framework","value":"pytest"},{"name":"language","value":"cpython3"},{"name":"package","value":"test_case.test_terminal_center"},{"name":"resultFormat","value":"allure2"}],"parameters":[],"links":[],"hidden":false,"retry":false,"extra":{"severity":"normal","retries":[],"categories":[{"name":"Test defects","matchedStatuses":[],"flaky":false}],"tags":["@pytest.mark.usefixtures('clear_terminal_list')","run(order=24)"]},"source":"ac8de4eb02307f93.json","parameterValues":[]}