{"uuid": "6ac69114-e8fa-4777-9c14-37f7302f6d93", "children": ["e645ca84-9068-42f1-873e-fee937d6356e"], "befores": [{"name": "terminal_set_up", "status": "broken", "statusDetails": {"message": "selenium.common.exceptions.ElementClickInterceptedException: Message: element click intercepted: Element <span data-v-9c2770a4=\"\" class=\"\">...</span> is not clickable at point (236, 169). Other element would receive the click: <div class=\"el-overlay el-drawer-fade-enter-from el-drawer-fade-enter-active\" style=\"z-index: 2015;\">...</div>\n  (Session info: chrome=118.0.5993.118)\nStacktrace:\n\tGetHandleVerifier [0x00007FF74D6178A2+54818]\n\t(No symbol) [0x00007FF74D586AD2]\n\t(No symbol) [0x00007FF74D43DA3B]\n\t(No symbol) [0x00007FF74D4847CB]\n\t(No symbol) [0x00007FF74D482B99]\n\t(No symbol) [0x00007FF74D480968]\n\t(No symbol) [0x00007FF74D47FA23]\n\t(No symbol) [0x00007FF74D47571F]\n\t(No symbol) [0x00007FF74D49EAAA]\n\t(No symbol) [0x00007FF74D475036]\n\t(No symbol) [0x00007FF74D49ECC0]\n\t(No symbol) [0x00007FF74D4B75A2]\n\t(No symbol) [0x00007FF74D49E883]\n\t(No symbol) [0x00007FF74D473691]\n\t(No symbol) [0x00007FF74D4748D4]\n\tGetHandleVerifier [0x00007FF74D97B9A2+3610402]\n\tGetHandleVerifier [0x00007FF74D9D1870+3962352]\n\tGetHandleVerifier [0x00007FF74D9C9D5F+3930847]\n\tGetHandleVerifier [0x00007FF74D6B3656+693206]\n\t(No symbol) [0x00007FF74D591638]\n\t(No symbol) [0x00007FF74D58D944]\n\t(No symbol) [0x00007FF74D58DA72]\n\t(No symbol) [0x00007FF74D57E123]\n\tBaseThreadInitThunk [0x00007FFEE159257D+29]\n\tRtlUserThreadStart [0x00007FFEE202AA58+40]\n\n", "trace": "  File \"D:\\sw_install\\python-install\\lib\\site-packages\\pluggy\\_callers.py\", line 77, in _multicall\n    res = hook_impl.function(*args)\n  File \"D:\\sw_install\\python-install\\lib\\site-packages\\_pytest\\fixtures.py\", line 1130, in pytest_fixture_setup\n    result = call_fixture_func(fixturefunc, request, kwargs)\n  File \"D:\\sw_install\\python-install\\lib\\site-packages\\_pytest\\fixtures.py\", line 909, in call_fixture_func\n    fixture_result = fixturefunc(**kwargs)\n  File \"D:\\ui\\test_case\\test_terminal_center.py\", line 56, in terminal_set_up\n    terminal_page.click_bind_terminal()\n  File \"D:\\ui\\pageobject\\terminal_page.py\", line 107, in click_bind_terminal\n    self.click(bind_terminal_loca)\n  File \"D:\\ui\\basepage\\base_page.py\", line 247, in click\n    e1.click()\n  File \"D:\\sw_install\\python-install\\lib\\site-packages\\selenium\\webdriver\\remote\\webelement.py\", line 94, in click\n    self._execute(Command.CLICK_ELEMENT)\n  File \"D:\\sw_install\\python-install\\lib\\site-packages\\selenium\\webdriver\\remote\\webelement.py\", line 395, in _execute\n    return self._parent.execute(command, params)\n  File \"D:\\sw_install\\python-install\\lib\\site-packages\\selenium\\webdriver\\remote\\webdriver.py\", line 348, in execute\n    self.error_handler.check_response(response)\n  File \"D:\\sw_install\\python-install\\lib\\site-packages\\selenium\\webdriver\\remote\\errorhandler.py\", line 229, in check_response\n    raise exception_class(message, screen, stacktrace)\n"}, "steps": [{"name": "点击设备接入", "status": "broken", "statusDetails": {"message": "selenium.common.exceptions.ElementClickInterceptedException: Message: element click intercepted: Element <span data-v-9c2770a4=\"\" class=\"\">...</span> is not clickable at point (236, 169). Other element would receive the click: <div class=\"el-overlay el-drawer-fade-enter-from el-drawer-fade-enter-active\" style=\"z-index: 2015;\">...</div>\n  (Session info: chrome=118.0.5993.118)\nStacktrace:\n\tGetHandleVerifier [0x00007FF74D6178A2+54818]\n\t(No symbol) [0x00007FF74D586AD2]\n\t(No symbol) [0x00007FF74D43DA3B]\n\t(No symbol) [0x00007FF74D4847CB]\n\t(No symbol) [0x00007FF74D482B99]\n\t(No symbol) [0x00007FF74D480968]\n\t(No symbol) [0x00007FF74D47FA23]\n\t(No symbol) [0x00007FF74D47571F]\n\t(No symbol) [0x00007FF74D49EAAA]\n\t(No symbol) [0x00007FF74D475036]\n\t(No symbol) [0x00007FF74D49ECC0]\n\t(No symbol) [0x00007FF74D4B75A2]\n\t(No symbol) [0x00007FF74D49E883]\n\t(No symbol) [0x00007FF74D473691]\n\t(No symbol) [0x00007FF74D4748D4]\n\tGetHandleVerifier [0x00007FF74D97B9A2+3610402]\n\tGetHandleVerifier [0x00007FF74D9D1870+3962352]\n\tGetHandleVerifier [0x00007FF74D9C9D5F+3930847]\n\tGetHandleVerifier [0x00007FF74D6B3656+693206]\n\t(No symbol) [0x00007FF74D591638]\n\t(No symbol) [0x00007FF74D58D944]\n\t(No symbol) [0x00007FF74D58DA72]\n\t(No symbol) [0x00007FF74D57E123]\n\tBaseThreadInitThunk [0x00007FFEE159257D+29]\n\tRtlUserThreadStart [0x00007FFEE202AA58+40]\n\n", "trace": "  File \"D:\\ui\\test_case\\test_terminal_center.py\", line 56, in terminal_set_up\n    terminal_page.click_bind_terminal()\n  File \"D:\\ui\\pageobject\\terminal_page.py\", line 107, in click_bind_terminal\n    self.click(bind_terminal_loca)\n  File \"D:\\ui\\basepage\\base_page.py\", line 247, in click\n    e1.click()\n  File \"D:\\sw_install\\python-install\\lib\\site-packages\\selenium\\webdriver\\remote\\webelement.py\", line 94, in click\n    self._execute(Command.CLICK_ELEMENT)\n  File \"D:\\sw_install\\python-install\\lib\\site-packages\\selenium\\webdriver\\remote\\webelement.py\", line 395, in _execute\n    return self._parent.execute(command, params)\n  File \"D:\\sw_install\\python-install\\lib\\site-packages\\selenium\\webdriver\\remote\\webdriver.py\", line 348, in execute\n    self.error_handler.check_response(response)\n  File \"D:\\sw_install\\python-install\\lib\\site-packages\\selenium\\webdriver\\remote\\errorhandler.py\", line 229, in check_response\n    raise exception_class(message, screen, stacktrace)\n"}, "start": 1715653033445, "stop": 1715653035571}], "start": 1715653012839, "stop": 1715653035571}], "start": 1715653012839, "stop": 1715653035603}