{"uuid": "ad534227-1b36-4dcf-9aa2-cfbbb8bac627", "children": ["e5d62d84-3066-4911-abc8-0c0e04aee28c"], "befores": [{"name": "init_play_bill", "status": "broken", "statusDetails": {"message": "selenium.common.exceptions.ElementClickInterceptedException: Message: element click intercepted: Element <img data-v-1b769ff6=\"\" src=\"/images/program/pedit1.png\" alt=\"\"> is not clickable at point (182, 125). Other element would receive the click: <div role=\"dialog\" aria-modal=\"true\" aria-label=\"创建节目\" aria-describedby=\"el-id-2795-174\" class=\"el-overlay-dialog\" style=\"display: flex;\">...</div>\n  (Session info: chrome=118.0.5993.118)\nStacktrace:\n\tGetHandleVerifier [0x00007FF74D6178A2+54818]\n\t(No symbol) [0x00007FF74D586AD2]\n\t(No symbol) [0x00007FF74D43DA3B]\n\t(No symbol) [0x00007FF74D4847CB]\n\t(No symbol) [0x00007FF74D482B99]\n\t(No symbol) [0x00007FF74D480968]\n\t(No symbol) [0x00007FF74D47FA23]\n\t(No symbol) [0x00007FF74D47571F]\n\t(No symbol) [0x00007FF74D49EAAA]\n\t(No symbol) [0x00007FF74D475036]\n\t(No symbol) [0x00007FF74D49ECC0]\n\t(No symbol) [0x00007FF74D4B75A2]\n\t(No symbol) [0x00007FF74D49E883]\n\t(No symbol) [0x00007FF74D473691]\n\t(No symbol) [0x00007FF74D4748D4]\n\tGetHandleVerifier [0x00007FF74D97B9A2+3610402]\n\tGetHandleVerifier [0x00007FF74D9D1870+3962352]\n\tGetHandleVerifier [0x00007FF74D9C9D5F+3930847]\n\tGetHandleVerifier [0x00007FF74D6B3656+693206]\n\t(No symbol) [0x00007FF74D591638]\n\t(No symbol) [0x00007FF74D58D944]\n\t(No symbol) [0x00007FF74D58DA72]\n\t(No symbol) [0x00007FF74D57E123]\n\tBaseThreadInitThunk [0x00007FFEE159257D+29]\n\tRtlUserThreadStart [0x00007FFEE202AA58+40]\n\n", "trace": "  File \"D:\\sw_install\\python-install\\lib\\site-packages\\pluggy\\_callers.py\", line 77, in _multicall\n    res = hook_impl.function(*args)\n  File \"D:\\sw_install\\python-install\\lib\\site-packages\\_pytest\\fixtures.py\", line 1130, in pytest_fixture_setup\n    result = call_fixture_func(fixturefunc, request, kwargs)\n  File \"D:\\sw_install\\python-install\\lib\\site-packages\\_pytest\\fixtures.py\", line 909, in call_fixture_func\n    fixture_result = fixturefunc(**kwargs)\n  File \"D:\\ui\\test_case\\test_play_bill.py\", line 56, in init_play_bill\n    program_page.create_general_program()\n  File \"D:\\ui\\pageobject\\program_page.py\", line 47, in create_general_program\n    self.click_create_program()\n  File \"D:\\ui\\pageobject\\program_page.py\", line 157, in click_create_program\n    self.click(create_program_locator)\n  File \"D:\\ui\\basepage\\base_page.py\", line 247, in click\n    e1.click()\n  File \"D:\\sw_install\\python-install\\lib\\site-packages\\selenium\\webdriver\\remote\\webelement.py\", line 94, in click\n    self._execute(Command.CLICK_ELEMENT)\n  File \"D:\\sw_install\\python-install\\lib\\site-packages\\selenium\\webdriver\\remote\\webelement.py\", line 395, in _execute\n    return self._parent.execute(command, params)\n  File \"D:\\sw_install\\python-install\\lib\\site-packages\\selenium\\webdriver\\remote\\webdriver.py\", line 348, in execute\n    self.error_handler.check_response(response)\n  File \"D:\\sw_install\\python-install\\lib\\site-packages\\selenium\\webdriver\\remote\\errorhandler.py\", line 229, in check_response\n    raise exception_class(message, screen, stacktrace)\n"}, "steps": [{"name": "点击创建节目", "status": "broken", "statusDetails": {"message": "selenium.common.exceptions.ElementClickInterceptedException: Message: element click intercepted: Element <img data-v-1b769ff6=\"\" src=\"/images/program/pedit1.png\" alt=\"\"> is not clickable at point (182, 125). Other element would receive the click: <div role=\"dialog\" aria-modal=\"true\" aria-label=\"创建节目\" aria-describedby=\"el-id-2795-174\" class=\"el-overlay-dialog\" style=\"display: flex;\">...</div>\n  (Session info: chrome=118.0.5993.118)\nStacktrace:\n\tGetHandleVerifier [0x00007FF74D6178A2+54818]\n\t(No symbol) [0x00007FF74D586AD2]\n\t(No symbol) [0x00007FF74D43DA3B]\n\t(No symbol) [0x00007FF74D4847CB]\n\t(No symbol) [0x00007FF74D482B99]\n\t(No symbol) [0x00007FF74D480968]\n\t(No symbol) [0x00007FF74D47FA23]\n\t(No symbol) [0x00007FF74D47571F]\n\t(No symbol) [0x00007FF74D49EAAA]\n\t(No symbol) [0x00007FF74D475036]\n\t(No symbol) [0x00007FF74D49ECC0]\n\t(No symbol) [0x00007FF74D4B75A2]\n\t(No symbol) [0x00007FF74D49E883]\n\t(No symbol) [0x00007FF74D473691]\n\t(No symbol) [0x00007FF74D4748D4]\n\tGetHandleVerifier [0x00007FF74D97B9A2+3610402]\n\tGetHandleVerifier [0x00007FF74D9D1870+3962352]\n\tGetHandleVerifier [0x00007FF74D9C9D5F+3930847]\n\tGetHandleVerifier [0x00007FF74D6B3656+693206]\n\t(No symbol) [0x00007FF74D591638]\n\t(No symbol) [0x00007FF74D58D944]\n\t(No symbol) [0x00007FF74D58DA72]\n\t(No symbol) [0x00007FF74D57E123]\n\tBaseThreadInitThunk [0x00007FFEE159257D+29]\n\tRtlUserThreadStart [0x00007FFEE202AA58+40]\n\n", "trace": "  File \"D:\\ui\\pageobject\\program_page.py\", line 47, in create_general_program\n    self.click_create_program()\n  File \"D:\\ui\\pageobject\\program_page.py\", line 157, in click_create_program\n    self.click(create_program_locator)\n  File \"D:\\ui\\basepage\\base_page.py\", line 247, in click\n    e1.click()\n  File \"D:\\sw_install\\python-install\\lib\\site-packages\\selenium\\webdriver\\remote\\webelement.py\", line 94, in click\n    self._execute(Command.CLICK_ELEMENT)\n  File \"D:\\sw_install\\python-install\\lib\\site-packages\\selenium\\webdriver\\remote\\webelement.py\", line 395, in _execute\n    return self._parent.execute(command, params)\n  File \"D:\\sw_install\\python-install\\lib\\site-packages\\selenium\\webdriver\\remote\\webdriver.py\", line 348, in execute\n    self.error_handler.check_response(response)\n  File \"D:\\sw_install\\python-install\\lib\\site-packages\\selenium\\webdriver\\remote\\errorhandler.py\", line 229, in check_response\n    raise exception_class(message, screen, stacktrace)\n"}, "start": 1715651470399, "stop": 1715651472571}], "start": 1715651468742, "stop": 1715651472571}], "start": 1715651468742, "stop": 1715651472665}