{"uid":"758c8561491a00b4","name":"取消删除节目","fullName":"test_case.test_program_management.TestProgramManagement#test_cancel_delete_program","historyId":"adef4c6d02701629df67e23086bfd27d","time":{"start":1714980434092,"stop":1714980437398,"duration":3306},"status":"broken","statusMessage":"selenium.common.exceptions.ElementClickInterceptedException: Message: element click intercepted: Element <img data-v-d72ee139=\"\" src=\"/images/program/pedit1.png\" alt=\"\"> is not clickable at point (182, 123). Other element would receive the click: <div role=\"dialog\" aria-modal=\"true\" aria-label=\"创建节目\" aria-describedby=\"el-id-4285-100\" class=\"el-overlay-dialog\" style=\"display: flex;\">...</div>\n  (Session info: chrome=118.0.5993.118)\nStacktrace:\n\tGetHandleVerifier [0x00007FF6ED1078A2+54818]\n\t(No symbol) [0x00007FF6ED076AD2]\n\t(No symbol) [0x00007FF6ECF2DA3B]\n\t(No symbol) [0x00007FF6ECF747CB]\n\t(No symbol) [0x00007FF6ECF72B99]\n\t(No symbol) [0x00007FF6ECF70968]\n\t(No symbol) [0x00007FF6ECF6FA23]\n\t(No symbol) [0x00007FF6ECF6571F]\n\t(No symbol) [0x00007FF6ECF8EAAA]\n\t(No symbol) [0x00007FF6ECF65036]\n\t(No symbol) [0x00007FF6ECF8ECC0]\n\t(No symbol) [0x00007FF6ECFA75A2]\n\t(No symbol) [0x00007FF6ECF8E883]\n\t(No symbol) [0x00007FF6ECF63691]\n\t(No symbol) [0x00007FF6ECF648D4]\n\tGetHandleVerifier [0x00007FF6ED46B9A2+3610402]\n\tGetHandleVerifier [0x00007FF6ED4C1870+3962352]\n\tGetHandleVerifier [0x00007FF6ED4B9D5F+3930847]\n\tGetHandleVerifier [0x00007FF6ED1A3656+693206]\n\t(No symbol) [0x00007FF6ED081638]\n\t(No symbol) [0x00007FF6ED07D944]\n\t(No symbol) [0x00007FF6ED07DA72]\n\t(No symbol) [0x00007FF6ED06E123]\n\tBaseThreadInitThunk [0x00007FFEE159257D+29]\n\tRtlUserThreadStart [0x00007FFEE202AA58+40]","statusTrace":"self = <test_case.test_program_management.TestProgramManagement object at 0x0000018D52B0B3D0>\n\n    @allure.title(\"取消删除节目\")\n    @pytest.mark.run(order=19)\n    def test_cancel_delete_program(self):\n        program_page = self.program_page\n        with step(\"先创建一个节目\"):\n            program_page.switch_to_program_management()\n>           program_page.create_general_program()\n\ntest_case\\test_program_management.py:510: \n_ _ _ _ _ _ _ _ _ _ _ _ _ _ _ _ _ _ _ _ _ _ _ _ _ _ _ _ _ _ _ _ _ _ _ _ _ _ _ _\npageobject\\program_page.py:43: in create_general_program\n    self.click_create_program()\npageobject\\program_page.py:133: in click_create_program\n    self.click(create_program_locator)\nbasepage\\base_page.py:240: in click\n    e1.click()\nD:\\sw_install\\python-install\\lib\\site-packages\\selenium\\webdriver\\remote\\webelement.py:94: in click\n    self._execute(Command.CLICK_ELEMENT)\nD:\\sw_install\\python-install\\lib\\site-packages\\selenium\\webdriver\\remote\\webelement.py:395: in _execute\n    return self._parent.execute(command, params)\nD:\\sw_install\\python-install\\lib\\site-packages\\selenium\\webdriver\\remote\\webdriver.py:348: in execute\n    self.error_handler.check_response(response)\n_ _ _ _ _ _ _ _ _ _ _ _ _ _ _ _ _ _ _ _ _ _ _ _ _ _ _ _ _ _ _ _ _ _ _ _ _ _ _ _\n\nself = <selenium.webdriver.remote.errorhandler.ErrorHandler object at 0x0000018D79EA5510>\nresponse = {'status': 400, 'value': '{\"value\":{\"error\":\"element click intercepted\",\"message\":\"element click intercepted: Element ...07FF6ED06E123]\\\\n\\\\tBaseThreadInitThunk [0x00007FFEE159257D+29]\\\\n\\\\tRtlUserThreadStart [0x00007FFEE202AA58+40]\\\\n\"}}'}\n\n    def check_response(self, response: Dict[str, Any]) -> None:\n        \"\"\"Checks that a JSON response from the WebDriver does not have an\n        error.\n    \n        :Args:\n         - response - The JSON response from the WebDriver server as a dictionary\n           object.\n    \n        :Raises: If the response contains an error message.\n        \"\"\"\n        status = response.get(\"status\", None)\n        if not status or status == ErrorCode.SUCCESS:\n            return\n        value = None\n        message = response.get(\"message\", \"\")\n        screen: str = response.get(\"screen\", \"\")\n        stacktrace = None\n        if isinstance(status, int):\n            value_json = response.get(\"value\", None)\n            if value_json and isinstance(value_json, str):\n                import json\n    \n                try:\n                    value = json.loads(value_json)\n                    if len(value) == 1:\n                        value = value[\"value\"]\n                    status = value.get(\"error\", None)\n                    if not status:\n                        status = value.get(\"status\", ErrorCode.UNKNOWN_ERROR)\n                        message = value.get(\"value\") or value.get(\"message\")\n                        if not isinstance(message, str):\n                            value = message\n                            message = message.get(\"message\")\n                    else:\n                        message = value.get(\"message\", None)\n                except ValueError:\n                    pass\n    \n        exception_class: Type[WebDriverException]\n        e = ErrorCode()\n        error_codes = [item for item in dir(e) if not item.startswith(\"__\")]\n        for error_code in error_codes:\n            error_info = getattr(ErrorCode, error_code)\n            if isinstance(error_info, list) and status in error_info:\n                exception_class = getattr(ExceptionMapping, error_code, WebDriverException)\n                break\n        else:\n            exception_class = WebDriverException\n    \n        if not value:\n            value = response[\"value\"]\n        if isinstance(value, str):\n            raise exception_class(value)\n        if message == \"\" and \"message\" in value:\n            message = value[\"message\"]\n    \n        screen = None  # type: ignore[assignment]\n        if \"screen\" in value:\n            screen = value[\"screen\"]\n    \n        stacktrace = None\n        st_value = value.get(\"stackTrace\") or value.get(\"stacktrace\")\n        if st_value:\n            if isinstance(st_value, str):\n                stacktrace = st_value.split(\"\\n\")\n            else:\n                stacktrace = []\n                try:\n                    for frame in st_value:\n                        line = frame.get(\"lineNumber\", \"\")\n                        file = frame.get(\"fileName\", \"<anonymous>\")\n                        if line:\n                            file = f\"{file}:{line}\"\n                        meth = frame.get(\"methodName\", \"<anonymous>\")\n                        if \"className\" in frame:\n                            meth = f\"{frame['className']}.{meth}\"\n                        msg = \"    at %s (%s)\"\n                        msg = msg % (meth, file)\n                        stacktrace.append(msg)\n                except TypeError:\n                    pass\n        if exception_class == UnexpectedAlertPresentException:\n            alert_text = None\n            if \"data\" in value:\n                alert_text = value[\"data\"].get(\"text\")\n            elif \"alert\" in value:\n                alert_text = value[\"alert\"].get(\"text\")\n            raise exception_class(message, screen, stacktrace, alert_text)  # type: ignore[call-arg]  # mypy is not smart enough here\n>       raise exception_class(message, screen, stacktrace)\nE       selenium.common.exceptions.ElementClickInterceptedException: Message: element click intercepted: Element <img data-v-d72ee139=\"\" src=\"/images/program/pedit1.png\" alt=\"\"> is not clickable at point (182, 123). Other element would receive the click: <div role=\"dialog\" aria-modal=\"true\" aria-label=\"创建节目\" aria-describedby=\"el-id-4285-100\" class=\"el-overlay-dialog\" style=\"display: flex;\">...</div>\nE         (Session info: chrome=118.0.5993.118)\nE       Stacktrace:\nE       \tGetHandleVerifier [0x00007FF6ED1078A2+54818]\nE       \t(No symbol) [0x00007FF6ED076AD2]\nE       \t(No symbol) [0x00007FF6ECF2DA3B]\nE       \t(No symbol) [0x00007FF6ECF747CB]\nE       \t(No symbol) [0x00007FF6ECF72B99]\nE       \t(No symbol) [0x00007FF6ECF70968]\nE       \t(No symbol) [0x00007FF6ECF6FA23]\nE       \t(No symbol) [0x00007FF6ECF6571F]\nE       \t(No symbol) [0x00007FF6ECF8EAAA]\nE       \t(No symbol) [0x00007FF6ECF65036]\nE       \t(No symbol) [0x00007FF6ECF8ECC0]\nE       \t(No symbol) [0x00007FF6ECFA75A2]\nE       \t(No symbol) [0x00007FF6ECF8E883]\nE       \t(No symbol) [0x00007FF6ECF63691]\nE       \t(No symbol) [0x00007FF6ECF648D4]\nE       \tGetHandleVerifier [0x00007FF6ED46B9A2+3610402]\nE       \tGetHandleVerifier [0x00007FF6ED4C1870+3962352]\nE       \tGetHandleVerifier [0x00007FF6ED4B9D5F+3930847]\nE       \tGetHandleVerifier [0x00007FF6ED1A3656+693206]\nE       \t(No symbol) [0x00007FF6ED081638]\nE       \t(No symbol) [0x00007FF6ED07D944]\nE       \t(No symbol) [0x00007FF6ED07DA72]\nE       \t(No symbol) [0x00007FF6ED06E123]\nE       \tBaseThreadInitThunk [0x00007FFEE159257D+29]\nE       \tRtlUserThreadStart [0x00007FFEE202AA58+40]\n\nD:\\sw_install\\python-install\\lib\\site-packages\\selenium\\webdriver\\remote\\errorhandler.py:229: ElementClickInterceptedException","flaky":false,"newFailed":false,"newBroken":false,"newPassed":false,"retriesCount":0,"retriesStatusChange":false,"beforeStages":[{"name":"env","time":{"start":1714979310151,"stop":1714979310152,"duration":1},"status":"passed","steps":[],"attachments":[],"parameters":[],"hasContent":false,"stepsCount":0,"shouldDisplayMessage":false,"attachmentsCount":0},{"name":"driver","time":{"start":1714979310152,"stop":1714979319109,"duration":8957},"status":"passed","steps":[],"attachments":[],"parameters":[],"hasContent":false,"stepsCount":0,"shouldDisplayMessage":false,"attachmentsCount":0},{"name":"program_page","time":{"start":1714980433159,"stop":1714980433159,"duration":0},"status":"passed","steps":[],"attachments":[],"parameters":[],"hasContent":false,"stepsCount":0,"shouldDisplayMessage":false,"attachmentsCount":0},{"name":"program_management_set_up","time":{"start":1714980433160,"stop":1714980434091,"duration":931},"status":"passed","steps":[],"attachments":[],"parameters":[],"hasContent":false,"stepsCount":0,"shouldDisplayMessage":false,"attachmentsCount":0}],"testStage":{"status":"broken","statusMessage":"selenium.common.exceptions.ElementClickInterceptedException: Message: element click intercepted: Element <img data-v-d72ee139=\"\" src=\"/images/program/pedit1.png\" alt=\"\"> is not clickable at point (182, 123). Other element would receive the click: <div role=\"dialog\" aria-modal=\"true\" aria-label=\"创建节目\" aria-describedby=\"el-id-4285-100\" class=\"el-overlay-dialog\" style=\"display: flex;\">...</div>\n  (Session info: chrome=118.0.5993.118)\nStacktrace:\n\tGetHandleVerifier [0x00007FF6ED1078A2+54818]\n\t(No symbol) [0x00007FF6ED076AD2]\n\t(No symbol) [0x00007FF6ECF2DA3B]\n\t(No symbol) [0x00007FF6ECF747CB]\n\t(No symbol) [0x00007FF6ECF72B99]\n\t(No symbol) [0x00007FF6ECF70968]\n\t(No symbol) [0x00007FF6ECF6FA23]\n\t(No symbol) [0x00007FF6ECF6571F]\n\t(No symbol) [0x00007FF6ECF8EAAA]\n\t(No symbol) [0x00007FF6ECF65036]\n\t(No symbol) [0x00007FF6ECF8ECC0]\n\t(No symbol) [0x00007FF6ECFA75A2]\n\t(No symbol) [0x00007FF6ECF8E883]\n\t(No symbol) [0x00007FF6ECF63691]\n\t(No symbol) [0x00007FF6ECF648D4]\n\tGetHandleVerifier [0x00007FF6ED46B9A2+3610402]\n\tGetHandleVerifier [0x00007FF6ED4C1870+3962352]\n\tGetHandleVerifier [0x00007FF6ED4B9D5F+3930847]\n\tGetHandleVerifier [0x00007FF6ED1A3656+693206]\n\t(No symbol) [0x00007FF6ED081638]\n\t(No symbol) [0x00007FF6ED07D944]\n\t(No symbol) [0x00007FF6ED07DA72]\n\t(No symbol) [0x00007FF6ED06E123]\n\tBaseThreadInitThunk [0x00007FFEE159257D+29]\n\tRtlUserThreadStart [0x00007FFEE202AA58+40]","statusTrace":"self = <test_case.test_program_management.TestProgramManagement object at 0x0000018D52B0B3D0>\n\n    @allure.title(\"取消删除节目\")\n    @pytest.mark.run(order=19)\n    def test_cancel_delete_program(self):\n        program_page = self.program_page\n        with step(\"先创建一个节目\"):\n            program_page.switch_to_program_management()\n>           program_page.create_general_program()\n\ntest_case\\test_program_management.py:510: \n_ _ _ _ _ _ _ _ _ _ _ _ _ _ _ _ _ _ _ _ _ _ _ _ _ _ _ _ _ _ _ _ _ _ _ _ _ _ _ _\npageobject\\program_page.py:43: in create_general_program\n    self.click_create_program()\npageobject\\program_page.py:133: in click_create_program\n    self.click(create_program_locator)\nbasepage\\base_page.py:240: in click\n    e1.click()\nD:\\sw_install\\python-install\\lib\\site-packages\\selenium\\webdriver\\remote\\webelement.py:94: in click\n    self._execute(Command.CLICK_ELEMENT)\nD:\\sw_install\\python-install\\lib\\site-packages\\selenium\\webdriver\\remote\\webelement.py:395: in _execute\n    return self._parent.execute(command, params)\nD:\\sw_install\\python-install\\lib\\site-packages\\selenium\\webdriver\\remote\\webdriver.py:348: in execute\n    self.error_handler.check_response(response)\n_ _ _ _ _ _ _ _ _ _ _ _ _ _ _ _ _ _ _ _ _ _ _ _ _ _ _ _ _ _ _ _ _ _ _ _ _ _ _ _\n\nself = <selenium.webdriver.remote.errorhandler.ErrorHandler object at 0x0000018D79EA5510>\nresponse = {'status': 400, 'value': '{\"value\":{\"error\":\"element click intercepted\",\"message\":\"element click intercepted: Element ...07FF6ED06E123]\\\\n\\\\tBaseThreadInitThunk [0x00007FFEE159257D+29]\\\\n\\\\tRtlUserThreadStart [0x00007FFEE202AA58+40]\\\\n\"}}'}\n\n    def check_response(self, response: Dict[str, Any]) -> None:\n        \"\"\"Checks that a JSON response from the WebDriver does not have an\n        error.\n    \n        :Args:\n         - response - The JSON response from the WebDriver server as a dictionary\n           object.\n    \n        :Raises: If the response contains an error message.\n        \"\"\"\n        status = response.get(\"status\", None)\n        if not status or status == ErrorCode.SUCCESS:\n            return\n        value = None\n        message = response.get(\"message\", \"\")\n        screen: str = response.get(\"screen\", \"\")\n        stacktrace = None\n        if isinstance(status, int):\n            value_json = response.get(\"value\", None)\n            if value_json and isinstance(value_json, str):\n                import json\n    \n                try:\n                    value = json.loads(value_json)\n                    if len(value) == 1:\n                        value = value[\"value\"]\n                    status = value.get(\"error\", None)\n                    if not status:\n                        status = value.get(\"status\", ErrorCode.UNKNOWN_ERROR)\n                        message = value.get(\"value\") or value.get(\"message\")\n                        if not isinstance(message, str):\n                            value = message\n                            message = message.get(\"message\")\n                    else:\n                        message = value.get(\"message\", None)\n                except ValueError:\n                    pass\n    \n        exception_class: Type[WebDriverException]\n        e = ErrorCode()\n        error_codes = [item for item in dir(e) if not item.startswith(\"__\")]\n        for error_code in error_codes:\n            error_info = getattr(ErrorCode, error_code)\n            if isinstance(error_info, list) and status in error_info:\n                exception_class = getattr(ExceptionMapping, error_code, WebDriverException)\n                break\n        else:\n            exception_class = WebDriverException\n    \n        if not value:\n            value = response[\"value\"]\n        if isinstance(value, str):\n            raise exception_class(value)\n        if message == \"\" and \"message\" in value:\n            message = value[\"message\"]\n    \n        screen = None  # type: ignore[assignment]\n        if \"screen\" in value:\n            screen = value[\"screen\"]\n    \n        stacktrace = None\n        st_value = value.get(\"stackTrace\") or value.get(\"stacktrace\")\n        if st_value:\n            if isinstance(st_value, str):\n                stacktrace = st_value.split(\"\\n\")\n            else:\n                stacktrace = []\n                try:\n                    for frame in st_value:\n                        line = frame.get(\"lineNumber\", \"\")\n                        file = frame.get(\"fileName\", \"<anonymous>\")\n                        if line:\n                            file = f\"{file}:{line}\"\n                        meth = frame.get(\"methodName\", \"<anonymous>\")\n                        if \"className\" in frame:\n                            meth = f\"{frame['className']}.{meth}\"\n                        msg = \"    at %s (%s)\"\n                        msg = msg % (meth, file)\n                        stacktrace.append(msg)\n                except TypeError:\n                    pass\n        if exception_class == UnexpectedAlertPresentException:\n            alert_text = None\n            if \"data\" in value:\n                alert_text = value[\"data\"].get(\"text\")\n            elif \"alert\" in value:\n                alert_text = value[\"alert\"].get(\"text\")\n            raise exception_class(message, screen, stacktrace, alert_text)  # type: ignore[call-arg]  # mypy is not smart enough here\n>       raise exception_class(message, screen, stacktrace)\nE       selenium.common.exceptions.ElementClickInterceptedException: Message: element click intercepted: Element <img data-v-d72ee139=\"\" src=\"/images/program/pedit1.png\" alt=\"\"> is not clickable at point (182, 123). Other element would receive the click: <div role=\"dialog\" aria-modal=\"true\" aria-label=\"创建节目\" aria-describedby=\"el-id-4285-100\" class=\"el-overlay-dialog\" style=\"display: flex;\">...</div>\nE         (Session info: chrome=118.0.5993.118)\nE       Stacktrace:\nE       \tGetHandleVerifier [0x00007FF6ED1078A2+54818]\nE       \t(No symbol) [0x00007FF6ED076AD2]\nE       \t(No symbol) [0x00007FF6ECF2DA3B]\nE       \t(No symbol) [0x00007FF6ECF747CB]\nE       \t(No symbol) [0x00007FF6ECF72B99]\nE       \t(No symbol) [0x00007FF6ECF70968]\nE       \t(No symbol) [0x00007FF6ECF6FA23]\nE       \t(No symbol) [0x00007FF6ECF6571F]\nE       \t(No symbol) [0x00007FF6ECF8EAAA]\nE       \t(No symbol) [0x00007FF6ECF65036]\nE       \t(No symbol) [0x00007FF6ECF8ECC0]\nE       \t(No symbol) [0x00007FF6ECFA75A2]\nE       \t(No symbol) [0x00007FF6ECF8E883]\nE       \t(No symbol) [0x00007FF6ECF63691]\nE       \t(No symbol) [0x00007FF6ECF648D4]\nE       \tGetHandleVerifier [0x00007FF6ED46B9A2+3610402]\nE       \tGetHandleVerifier [0x00007FF6ED4C1870+3962352]\nE       \tGetHandleVerifier [0x00007FF6ED4B9D5F+3930847]\nE       \tGetHandleVerifier [0x00007FF6ED1A3656+693206]\nE       \t(No symbol) [0x00007FF6ED081638]\nE       \t(No symbol) [0x00007FF6ED07D944]\nE       \t(No symbol) [0x00007FF6ED07DA72]\nE       \t(No symbol) [0x00007FF6ED06E123]\nE       \tBaseThreadInitThunk [0x00007FFEE159257D+29]\nE       \tRtlUserThreadStart [0x00007FFEE202AA58+40]\n\nD:\\sw_install\\python-install\\lib\\site-packages\\selenium\\webdriver\\remote\\errorhandler.py:229: ElementClickInterceptedException","steps":[{"name":"先创建一个节目","time":{"start":1714980434092,"stop":1714980437397,"duration":3305},"status":"broken","statusMessage":"selenium.common.exceptions.ElementClickInterceptedException: Message: element click intercepted: Element <img data-v-d72ee139=\"\" src=\"/images/program/pedit1.png\" alt=\"\"> is not clickable at point (182, 123). Other element would receive the click: <div role=\"dialog\" aria-modal=\"true\" aria-label=\"创建节目\" aria-describedby=\"el-id-4285-100\" class=\"el-overlay-dialog\" style=\"display: flex;\">...</div>\n  (Session info: chrome=118.0.5993.118)\nStacktrace:\n\tGetHandleVerifier [0x00007FF6ED1078A2+54818]\n\t(No symbol) [0x00007FF6ED076AD2]\n\t(No symbol) [0x00007FF6ECF2DA3B]\n\t(No symbol) [0x00007FF6ECF747CB]\n\t(No symbol) [0x00007FF6ECF72B99]\n\t(No symbol) [0x00007FF6ECF70968]\n\t(No symbol) [0x00007FF6ECF6FA23]\n\t(No symbol) [0x00007FF6ECF6571F]\n\t(No symbol) [0x00007FF6ECF8EAAA]\n\t(No symbol) [0x00007FF6ECF65036]\n\t(No symbol) [0x00007FF6ECF8ECC0]\n\t(No symbol) [0x00007FF6ECFA75A2]\n\t(No symbol) [0x00007FF6ECF8E883]\n\t(No symbol) [0x00007FF6ECF63691]\n\t(No symbol) [0x00007FF6ECF648D4]\n\tGetHandleVerifier [0x00007FF6ED46B9A2+3610402]\n\tGetHandleVerifier [0x00007FF6ED4C1870+3962352]\n\tGetHandleVerifier [0x00007FF6ED4B9D5F+3930847]\n\tGetHandleVerifier [0x00007FF6ED1A3656+693206]\n\t(No symbol) [0x00007FF6ED081638]\n\t(No symbol) [0x00007FF6ED07D944]\n\t(No symbol) [0x00007FF6ED07DA72]\n\t(No symbol) [0x00007FF6ED06E123]\n\tBaseThreadInitThunk [0x00007FFEE159257D+29]\n\tRtlUserThreadStart [0x00007FFEE202AA58+40]\n\n","statusTrace":"  File \"D:\\ui\\test_case\\test_program_management.py\", line 510, in test_cancel_delete_program\n    program_page.create_general_program()\n  File \"D:\\ui\\pageobject\\program_page.py\", line 43, in create_general_program\n    self.click_create_program()\n  File \"D:\\ui\\pageobject\\program_page.py\", line 133, in click_create_program\n    self.click(create_program_locator)\n  File \"D:\\ui\\basepage\\base_page.py\", line 240, in click\n    e1.click()\n  File \"D:\\sw_install\\python-install\\lib\\site-packages\\selenium\\webdriver\\remote\\webelement.py\", line 94, in click\n    self._execute(Command.CLICK_ELEMENT)\n  File \"D:\\sw_install\\python-install\\lib\\site-packages\\selenium\\webdriver\\remote\\webelement.py\", line 395, in _execute\n    return self._parent.execute(command, params)\n  File \"D:\\sw_install\\python-install\\lib\\site-packages\\selenium\\webdriver\\remote\\webdriver.py\", line 348, in execute\n    self.error_handler.check_response(response)\n  File \"D:\\sw_install\\python-install\\lib\\site-packages\\selenium\\webdriver\\remote\\errorhandler.py\", line 229, in check_response\n    raise exception_class(message, screen, stacktrace)\n","steps":[{"name":"点击创建节目","time":{"start":1714980435165,"stop":1714980437395,"duration":2230},"status":"broken","statusMessage":"selenium.common.exceptions.ElementClickInterceptedException: Message: element click intercepted: Element <img data-v-d72ee139=\"\" src=\"/images/program/pedit1.png\" alt=\"\"> is not clickable at point (182, 123). Other element would receive the click: <div role=\"dialog\" aria-modal=\"true\" aria-label=\"创建节目\" aria-describedby=\"el-id-4285-100\" class=\"el-overlay-dialog\" style=\"display: flex;\">...</div>\n  (Session info: chrome=118.0.5993.118)\nStacktrace:\n\tGetHandleVerifier [0x00007FF6ED1078A2+54818]\n\t(No symbol) [0x00007FF6ED076AD2]\n\t(No symbol) [0x00007FF6ECF2DA3B]\n\t(No symbol) [0x00007FF6ECF747CB]\n\t(No symbol) [0x00007FF6ECF72B99]\n\t(No symbol) [0x00007FF6ECF70968]\n\t(No symbol) [0x00007FF6ECF6FA23]\n\t(No symbol) [0x00007FF6ECF6571F]\n\t(No symbol) [0x00007FF6ECF8EAAA]\n\t(No symbol) [0x00007FF6ECF65036]\n\t(No symbol) [0x00007FF6ECF8ECC0]\n\t(No symbol) [0x00007FF6ECFA75A2]\n\t(No symbol) [0x00007FF6ECF8E883]\n\t(No symbol) [0x00007FF6ECF63691]\n\t(No symbol) [0x00007FF6ECF648D4]\n\tGetHandleVerifier [0x00007FF6ED46B9A2+3610402]\n\tGetHandleVerifier [0x00007FF6ED4C1870+3962352]\n\tGetHandleVerifier [0x00007FF6ED4B9D5F+3930847]\n\tGetHandleVerifier [0x00007FF6ED1A3656+693206]\n\t(No symbol) [0x00007FF6ED081638]\n\t(No symbol) [0x00007FF6ED07D944]\n\t(No symbol) [0x00007FF6ED07DA72]\n\t(No symbol) [0x00007FF6ED06E123]\n\tBaseThreadInitThunk [0x00007FFEE159257D+29]\n\tRtlUserThreadStart [0x00007FFEE202AA58+40]\n\n","statusTrace":"  File \"D:\\ui\\pageobject\\program_page.py\", line 43, in create_general_program\n    self.click_create_program()\n  File \"D:\\ui\\pageobject\\program_page.py\", line 133, in click_create_program\n    self.click(create_program_locator)\n  File \"D:\\ui\\basepage\\base_page.py\", line 240, in click\n    e1.click()\n  File \"D:\\sw_install\\python-install\\lib\\site-packages\\selenium\\webdriver\\remote\\webelement.py\", line 94, in click\n    self._execute(Command.CLICK_ELEMENT)\n  File \"D:\\sw_install\\python-install\\lib\\site-packages\\selenium\\webdriver\\remote\\webelement.py\", line 395, in _execute\n    return self._parent.execute(command, params)\n  File \"D:\\sw_install\\python-install\\lib\\site-packages\\selenium\\webdriver\\remote\\webdriver.py\", line 348, in execute\n    self.error_handler.check_response(response)\n  File \"D:\\sw_install\\python-install\\lib\\site-packages\\selenium\\webdriver\\remote\\errorhandler.py\", line 229, in check_response\n    raise exception_class(message, screen, stacktrace)\n","steps":[],"attachments":[],"parameters":[],"hasContent":true,"stepsCount":0,"shouldDisplayMessage":true,"attachmentsCount":0}],"attachments":[],"parameters":[],"hasContent":true,"stepsCount":1,"shouldDisplayMessage":false,"attachmentsCount":0}],"attachments":[],"parameters":[],"hasContent":true,"stepsCount":2,"shouldDisplayMessage":true,"attachmentsCount":0},"afterStages":[{"name":"program_page::0","time":{"start":1714980437493,"stop":1714980437493,"duration":0},"status":"passed","steps":[],"attachments":[],"parameters":[],"hasContent":false,"stepsCount":0,"shouldDisplayMessage":false,"attachmentsCount":0},{"name":"driver::0","time":{"start":1714980698700,"stop":1714980702521,"duration":3821},"status":"passed","steps":[],"attachments":[],"parameters":[],"hasContent":false,"stepsCount":0,"shouldDisplayMessage":false,"attachmentsCount":0}],"labels":[{"name":"epic","value":"项目hkc"},{"name":"feature","value":"program management"},{"name":"tag","value":"run(order=19)"},{"name":"tag","value":"@pytest.mark.usefixtures('program_management_set_up')"},{"name":"parentSuite","value":"test_case"},{"name":"suite","value":"test_program_management"},{"name":"subSuite","value":"TestProgramManagement"},{"name":"host","value":"hkc0208725"},{"name":"thread","value":"35244-MainThread"},{"name":"framework","value":"pytest"},{"name":"language","value":"cpython3"},{"name":"package","value":"test_case.test_program_management"},{"name":"resultFormat","value":"allure2"}],"parameters":[],"links":[],"hidden":false,"retry":false,"extra":{"severity":"normal","retries":[],"categories":[{"name":"Test defects","matchedStatuses":[],"flaky":false}],"tags":["run(order=19)","@pytest.mark.usefixtures('program_management_set_up')"]},"source":"758c8561491a00b4.json","parameterValues":[]}