{"uid":"46b666de93741049","name":"节目编排-选节目-删除单个节目","fullName":"test_case.test_release_management.TestReleaseStrategy#test_program_edit_delete_one","historyId":"7a17e3e4f4a1f5edf26c55486f46ad97","time":{"start":1721641664202,"stop":1721641664202,"duration":0},"status":"broken","statusMessage":"selenium.common.exceptions.TimeoutException: Message: \nStacktrace:\n\tGetHandleVerifier [0x00007FF6B14E78A2+54818]\n\t(No symbol) [0x00007FF6B1456AD2]\n\t(No symbol) [0x00007FF6B130DA3B]\n\t(No symbol) [0x00007FF6B134E4FC]\n\t(No symbol) [0x00007FF6B134E67C]\n\t(No symbol) [0x00007FF6B1389627]\n\t(No symbol) [0x00007FF6B136EAEF]\n\t(No symbol) [0x00007FF6B13875A2]\n\t(No symbol) [0x00007FF6B136E883]\n\t(No symbol) [0x00007FF6B1343691]\n\t(No symbol) [0x00007FF6B13448D4]\n\tGetHandleVerifier [0x00007FF6B184B9A2+3610402]\n\tGetHandleVerifier [0x00007FF6B18A1870+3962352]\n\tGetHandleVerifier [0x00007FF6B1899D5F+3930847]\n\tGetHandleVerifier [0x00007FF6B1583656+693206]\n\t(No symbol) [0x00007FF6B1461638]\n\t(No symbol) [0x00007FF6B145D944]\n\t(No symbol) [0x00007FF6B145DA72]\n\t(No symbol) [0x00007FF6B144E123]\n\tBaseThreadInitThunk [0x00007FF949A7257D+29]\n\tRtlUserThreadStart [0x00007FF949BCAF28+40]","statusTrace":"driver = <selenium.webdriver.chrome.webdriver.WebDriver (session=\"87845fbcf27053aa55d04f0c95dea8b2\")>\n\n    @pytest.fixture()\n    def generate_program(driver):\n        \"\"\"\n        1、判断素材中心是不是有素材，有就先清空，再上传，再生成节目\n        2、没有就直接上传，再生成节目\n        :return:\n        \"\"\"\n    \n        media_list = MediaList()\n        mediapage = MediaPage(driver)\n        media_ids, folder_ids = media_list.get_media_list()\n        programlist = ProgramList()\n        program_names = programlist.get_program_list_names()\n    \n        if program_names == []:\n            if media_ids == []:\n                # 素材上传\n                mediapage.switch_to_media_center()\n>               mediapage.upload_media()\n\ntest_case\\test_release_management.py:83: \n_ _ _ _ _ _ _ _ _ _ _ _ _ _ _ _ _ _ _ _ _ _ _ _ _ _ _ _ _ _ _ _ _ _ _ _ _ _ _ _\npageobject\\media_page.py:47: in upload_media\n    self.click_up_load()\npageobject\\media_page.py:106: in click_up_load\n    element = wait.until(EC.element_to_be_clickable((By.XPATH, my_element)))\n_ _ _ _ _ _ _ _ _ _ _ _ _ _ _ _ _ _ _ _ _ _ _ _ _ _ _ _ _ _ _ _ _ _ _ _ _ _ _ _\n\nself = <selenium.webdriver.support.wait.WebDriverWait (session=\"87845fbcf27053aa55d04f0c95dea8b2\")>\nmethod = <function element_to_be_clickable.<locals>._predicate at 0x00000172971B9900>\nmessage = ''\n\n    def until(self, method: Callable[[D], Union[Literal[False], T]], message: str = \"\") -> T:\n        \"\"\"Calls the method provided with the driver as an argument until the \\\n        return value does not evaluate to ``False``.\n    \n        :param method: callable(WebDriver)\n        :param message: optional message for :exc:`TimeoutException`\n        :returns: the result of the last call to `method`\n        :raises: :exc:`selenium.common.exceptions.TimeoutException` if timeout occurs\n        \"\"\"\n        screen = None\n        stacktrace = None\n    \n        end_time = time.monotonic() + self._timeout\n        while True:\n            try:\n                value = method(self._driver)\n                if value:\n                    return value\n            except self._ignored_exceptions as exc:\n                screen = getattr(exc, \"screen\", None)\n                stacktrace = getattr(exc, \"stacktrace\", None)\n            time.sleep(self._poll)\n            if time.monotonic() > end_time:\n                break\n>       raise TimeoutException(message, screen, stacktrace)\nE       selenium.common.exceptions.TimeoutException: Message: \nE       Stacktrace:\nE       \tGetHandleVerifier [0x00007FF6B14E78A2+54818]\nE       \t(No symbol) [0x00007FF6B1456AD2]\nE       \t(No symbol) [0x00007FF6B130DA3B]\nE       \t(No symbol) [0x00007FF6B134E4FC]\nE       \t(No symbol) [0x00007FF6B134E67C]\nE       \t(No symbol) [0x00007FF6B1389627]\nE       \t(No symbol) [0x00007FF6B136EAEF]\nE       \t(No symbol) [0x00007FF6B13875A2]\nE       \t(No symbol) [0x00007FF6B136E883]\nE       \t(No symbol) [0x00007FF6B1343691]\nE       \t(No symbol) [0x00007FF6B13448D4]\nE       \tGetHandleVerifier [0x00007FF6B184B9A2+3610402]\nE       \tGetHandleVerifier [0x00007FF6B18A1870+3962352]\nE       \tGetHandleVerifier [0x00007FF6B1899D5F+3930847]\nE       \tGetHandleVerifier [0x00007FF6B1583656+693206]\nE       \t(No symbol) [0x00007FF6B1461638]\nE       \t(No symbol) [0x00007FF6B145D944]\nE       \t(No symbol) [0x00007FF6B145DA72]\nE       \t(No symbol) [0x00007FF6B144E123]\nE       \tBaseThreadInitThunk [0x00007FF949A7257D+29]\nE       \tRtlUserThreadStart [0x00007FF949BCAF28+40]\n\nD:\\sw_install\\python-install\\lib\\site-packages\\selenium\\webdriver\\support\\wait.py:105: TimeoutException","flaky":false,"newFailed":false,"newBroken":false,"newPassed":false,"retriesCount":0,"retriesStatusChange":false,"beforeStages":[{"name":"_session_faker","time":{"start":1721641154429,"stop":1721641154601,"duration":172},"status":"passed","steps":[],"attachments":[],"parameters":[],"shouldDisplayMessage":false,"attachmentsCount":0,"stepsCount":0,"hasContent":false},{"name":"env","time":{"start":1721641154601,"stop":1721641154602,"duration":1},"status":"passed","steps":[],"attachments":[],"parameters":[],"shouldDisplayMessage":false,"attachmentsCount":0,"stepsCount":0,"hasContent":false},{"name":"driver","time":{"start":1721641154602,"stop":1721641167045,"duration":12443},"status":"passed","steps":[],"attachments":[],"parameters":[],"shouldDisplayMessage":false,"attachmentsCount":0,"stepsCount":0,"hasContent":false},{"name":"release_page","time":{"start":1721641167047,"stop":1721641167047,"duration":0},"status":"passed","steps":[],"attachments":[],"parameters":[],"shouldDisplayMessage":false,"attachmentsCount":0,"stepsCount":0,"hasContent":false},{"name":"generate_program","time":{"start":1721641664205,"stop":1721641708666,"duration":44461},"status":"broken","statusMessage":"selenium.common.exceptions.TimeoutException: Message: \nStacktrace:\n\tGetHandleVerifier [0x00007FF6B14E78A2+54818]\n\t(No symbol) [0x00007FF6B1456AD2]\n\t(No symbol) [0x00007FF6B130DA3B]\n\t(No symbol) [0x00007FF6B134E4FC]\n\t(No symbol) [0x00007FF6B134E67C]\n\t(No symbol) [0x00007FF6B1389627]\n\t(No symbol) [0x00007FF6B136EAEF]\n\t(No symbol) [0x00007FF6B13875A2]\n\t(No symbol) [0x00007FF6B136E883]\n\t(No symbol) [0x00007FF6B1343691]\n\t(No symbol) [0x00007FF6B13448D4]\n\tGetHandleVerifier [0x00007FF6B184B9A2+3610402]\n\tGetHandleVerifier [0x00007FF6B18A1870+3962352]\n\tGetHandleVerifier [0x00007FF6B1899D5F+3930847]\n\tGetHandleVerifier [0x00007FF6B1583656+693206]\n\t(No symbol) [0x00007FF6B1461638]\n\t(No symbol) [0x00007FF6B145D944]\n\t(No symbol) [0x00007FF6B145DA72]\n\t(No symbol) [0x00007FF6B144E123]\n\tBaseThreadInitThunk [0x00007FF949A7257D+29]\n\tRtlUserThreadStart [0x00007FF949BCAF28+40]\n\n","statusTrace":"  File \"D:\\sw_install\\python-install\\lib\\site-packages\\pluggy\\_callers.py\", line 77, in _multicall\n    res = hook_impl.function(*args)\n  File \"D:\\sw_install\\python-install\\lib\\site-packages\\_pytest\\fixtures.py\", line 1130, in pytest_fixture_setup\n    result = call_fixture_func(fixturefunc, request, kwargs)\n  File \"D:\\sw_install\\python-install\\lib\\site-packages\\_pytest\\fixtures.py\", line 909, in call_fixture_func\n    fixture_result = fixturefunc(**kwargs)\n  File \"D:\\git\\ui_test\\test_case\\test_release_management.py\", line 83, in generate_program\n    mediapage.upload_media()\n  File \"D:\\git\\ui_test\\pageobject\\media_page.py\", line 47, in upload_media\n    self.click_up_load()\n  File \"D:\\git\\ui_test\\pageobject\\media_page.py\", line 106, in click_up_load\n    element = wait.until(EC.element_to_be_clickable((By.XPATH, my_element)))\n  File \"D:\\sw_install\\python-install\\lib\\site-packages\\selenium\\webdriver\\support\\wait.py\", line 105, in until\n    raise TimeoutException(message, screen, stacktrace)\n","steps":[{"name":"点击上传按钮","time":{"start":1721641667215,"stop":1721641708550,"duration":41335},"status":"broken","statusMessage":"selenium.common.exceptions.TimeoutException: Message: \nStacktrace:\n\tGetHandleVerifier [0x00007FF6B14E78A2+54818]\n\t(No symbol) [0x00007FF6B1456AD2]\n\t(No symbol) [0x00007FF6B130DA3B]\n\t(No symbol) [0x00007FF6B134E4FC]\n\t(No symbol) [0x00007FF6B134E67C]\n\t(No symbol) [0x00007FF6B1389627]\n\t(No symbol) [0x00007FF6B136EAEF]\n\t(No symbol) [0x00007FF6B13875A2]\n\t(No symbol) [0x00007FF6B136E883]\n\t(No symbol) [0x00007FF6B1343691]\n\t(No symbol) [0x00007FF6B13448D4]\n\tGetHandleVerifier [0x00007FF6B184B9A2+3610402]\n\tGetHandleVerifier [0x00007FF6B18A1870+3962352]\n\tGetHandleVerifier [0x00007FF6B1899D5F+3930847]\n\tGetHandleVerifier [0x00007FF6B1583656+693206]\n\t(No symbol) [0x00007FF6B1461638]\n\t(No symbol) [0x00007FF6B145D944]\n\t(No symbol) [0x00007FF6B145DA72]\n\t(No symbol) [0x00007FF6B144E123]\n\tBaseThreadInitThunk [0x00007FF949A7257D+29]\n\tRtlUserThreadStart [0x00007FF949BCAF28+40]\n\n","statusTrace":"  File \"D:\\git\\ui_test\\pageobject\\media_page.py\", line 47, in upload_media\n    self.click_up_load()\n  File \"D:\\git\\ui_test\\pageobject\\media_page.py\", line 106, in click_up_load\n    element = wait.until(EC.element_to_be_clickable((By.XPATH, my_element)))\n  File \"D:\\sw_install\\python-install\\lib\\site-packages\\selenium\\webdriver\\support\\wait.py\", line 105, in until\n    raise TimeoutException(message, screen, stacktrace)\n","steps":[],"attachments":[],"parameters":[],"shouldDisplayMessage":true,"attachmentsCount":0,"stepsCount":0,"hasContent":true}],"attachments":[],"parameters":[],"shouldDisplayMessage":false,"attachmentsCount":0,"stepsCount":1,"hasContent":true}],"afterStages":[{"name":"release_page::0","time":{"start":1721641722346,"stop":1721641722346,"duration":0},"status":"passed","steps":[],"attachments":[],"parameters":[],"shouldDisplayMessage":false,"attachmentsCount":0,"stepsCount":0,"hasContent":false},{"name":"driver::0","time":{"start":1721641722354,"stop":1721641731368,"duration":9014},"status":"passed","steps":[],"attachments":[],"parameters":[],"shouldDisplayMessage":false,"attachmentsCount":0,"stepsCount":0,"hasContent":false}],"labels":[{"name":"feature","value":"release management"},{"name":"epic","value":"项目hkc"},{"name":"tag","value":"run(order=37)"},{"name":"tag","value":"@pytest.mark.usefixtures('generate_program')"},{"name":"parentSuite","value":"test_case"},{"name":"suite","value":"test_release_management"},{"name":"subSuite","value":"TestReleaseStrategy"},{"name":"host","value":"hkc0208725"},{"name":"thread","value":"17304-MainThread"},{"name":"framework","value":"pytest"},{"name":"language","value":"cpython3"},{"name":"package","value":"test_case.test_release_management"},{"name":"resultFormat","value":"allure2"}],"parameters":[],"links":[],"hidden":false,"retry":false,"extra":{"severity":"normal","retries":[],"categories":[{"name":"Test defects","matchedStatuses":[],"flaky":false}],"tags":["@pytest.mark.usefixtures('generate_program')","run(order=37)"]},"source":"46b666de93741049.json","parameterValues":[]}