{"name": "取消删除节目", "status": "broken", "statusDetails": {"message": "selenium.common.exceptions.NoSuchElementException: Message: no such element: Unable to locate element: {\"method\":\"xpath\",\"selector\":\"//input[@placeholder=\"请输入节目名称\"]\"}\n  (Session info: chrome=118.0.5993.118); For documentation on this error, please visit: https://www.selenium.dev/documentation/webdriver/troubleshooting/errors#no-such-element-exception\nStacktrace:\n\tGetHandleVerifier [0x00007FF60C0578A2+54818]\n\t(No symbol) [0x00007FF60BFC6AD2]\n\t(No symbol) [0x00007FF60BE7DA3B]\n\t(No symbol) [0x00007FF60BEBE4FC]\n\t(No symbol) [0x00007FF60BEBE67C]\n\t(No symbol) [0x00007FF60BEF9627]\n\t(No symbol) [0x00007FF60BEDEAEF]\n\t(No symbol) [0x00007FF60BEF75A2]\n\t(No symbol) [0x00007FF60BEDE883]\n\t(No symbol) [0x00007FF60BEB3691]\n\t(No symbol) [0x00007FF60BEB48D4]\n\tGetHandleVerifier [0x00007FF60C3BB9A2+3610402]\n\tGetHandleVerifier [0x00007FF60C411870+3962352]\n\tGetHandleVerifier [0x00007FF60C409D5F+3930847]\n\tGetHandleVerifier [0x00007FF60C0F3656+693206]\n\t(No symbol) [0x00007FF60BFD1638]\n\t(No symbol) [0x00007FF60BFCD944]\n\t(No symbol) [0x00007FF60BFCDA72]\n\t(No symbol) [0x00007FF60BFBE123]\n\tBaseThreadInitThunk [0x00007FFA3DBD257D+29]\n\tRtlUserThreadStart [0x00007FFA3E7AAF28+40]", "trace": "self = <test_case.test_program_management.TestProgramManagement object at 0x000002647D4DB910>\n\n    @allure.title(\"取消删除节目\")\n    @pytest.mark.run(order=19)\n    def test_cancel_delete_program(self):\n        program_page = self.program_page\n        with step(\"先创建一个节目\"):\n            program_page.switch_to_program_management()\n>           program_page.create_general_program()\n\ntest_case\\test_program_management.py:517: \n_ _ _ _ _ _ _ _ _ _ _ _ _ _ _ _ _ _ _ _ _ _ _ _ _ _ _ _ _ _ _ _ _ _ _ _ _ _ _ _\npageobject\\program_page.py:49: in create_general_program\n    self.input_program_name(random_program_name)\npageobject\\program_page.py:165: in input_program_name\n    self.input(program_name_locator, pragram_name)\nbasepage\\base_page.py:401: in input\n    e1 = self.get_element(args)\nbasepage\\base_page.py:245: in get_element\n    element = self.driver.find_element(By.XPATH, value=selector_value)\nD:\\sw_install\\python-install\\lib\\site-packages\\selenium\\webdriver\\remote\\webdriver.py:742: in find_element\n    return self.execute(Command.FIND_ELEMENT, {\"using\": by, \"value\": value})[\"value\"]\nD:\\sw_install\\python-install\\lib\\site-packages\\selenium\\webdriver\\remote\\webdriver.py:348: in execute\n    self.error_handler.check_response(response)\n_ _ _ _ _ _ _ _ _ _ _ _ _ _ _ _ _ _ _ _ _ _ _ _ _ _ _ _ _ _ _ _ _ _ _ _ _ _ _ _\n\nself = <selenium.webdriver.remote.errorhandler.ErrorHandler object at 0x0000026425109630>\nresponse = {'status': 404, 'value': '{\"value\":{\"error\":\"no such element\",\"message\":\"no such element: Unable to locate element: {\\...07FF60BFBE123]\\\\n\\\\tBaseThreadInitThunk [0x00007FFA3DBD257D+29]\\\\n\\\\tRtlUserThreadStart [0x00007FFA3E7AAF28+40]\\\\n\"}}'}\n\n    def check_response(self, response: Dict[str, Any]) -> None:\n        \"\"\"Checks that a JSON response from the WebDriver does not have an\n        error.\n    \n        :Args:\n         - response - The JSON response from the WebDriver server as a dictionary\n           object.\n    \n        :Raises: If the response contains an error message.\n        \"\"\"\n        status = response.get(\"status\", None)\n        if not status or status == ErrorCode.SUCCESS:\n            return\n        value = None\n        message = response.get(\"message\", \"\")\n        screen: str = response.get(\"screen\", \"\")\n        stacktrace = None\n        if isinstance(status, int):\n            value_json = response.get(\"value\", None)\n            if value_json and isinstance(value_json, str):\n                import json\n    \n                try:\n                    value = json.loads(value_json)\n                    if len(value) == 1:\n                        value = value[\"value\"]\n                    status = value.get(\"error\", None)\n                    if not status:\n                        status = value.get(\"status\", ErrorCode.UNKNOWN_ERROR)\n                        message = value.get(\"value\") or value.get(\"message\")\n                        if not isinstance(message, str):\n                            value = message\n                            message = message.get(\"message\")\n                    else:\n                        message = value.get(\"message\", None)\n                except ValueError:\n                    pass\n    \n        exception_class: Type[WebDriverException]\n        e = ErrorCode()\n        error_codes = [item for item in dir(e) if not item.startswith(\"__\")]\n        for error_code in error_codes:\n            error_info = getattr(ErrorCode, error_code)\n            if isinstance(error_info, list) and status in error_info:\n                exception_class = getattr(ExceptionMapping, error_code, WebDriverException)\n                break\n        else:\n            exception_class = WebDriverException\n    \n        if not value:\n            value = response[\"value\"]\n        if isinstance(value, str):\n            raise exception_class(value)\n        if message == \"\" and \"message\" in value:\n            message = value[\"message\"]\n    \n        screen = None  # type: ignore[assignment]\n        if \"screen\" in value:\n            screen = value[\"screen\"]\n    \n        stacktrace = None\n        st_value = value.get(\"stackTrace\") or value.get(\"stacktrace\")\n        if st_value:\n            if isinstance(st_value, str):\n                stacktrace = st_value.split(\"\\n\")\n            else:\n                stacktrace = []\n                try:\n                    for frame in st_value:\n                        line = frame.get(\"lineNumber\", \"\")\n                        file = frame.get(\"fileName\", \"<anonymous>\")\n                        if line:\n                            file = f\"{file}:{line}\"\n                        meth = frame.get(\"methodName\", \"<anonymous>\")\n                        if \"className\" in frame:\n                            meth = f\"{frame['className']}.{meth}\"\n                        msg = \"    at %s (%s)\"\n                        msg = msg % (meth, file)\n                        stacktrace.append(msg)\n                except TypeError:\n                    pass\n        if exception_class == UnexpectedAlertPresentException:\n            alert_text = None\n            if \"data\" in value:\n                alert_text = value[\"data\"].get(\"text\")\n            elif \"alert\" in value:\n                alert_text = value[\"alert\"].get(\"text\")\n            raise exception_class(message, screen, stacktrace, alert_text)  # type: ignore[call-arg]  # mypy is not smart enough here\n>       raise exception_class(message, screen, stacktrace)\nE       selenium.common.exceptions.NoSuchElementException: Message: no such element: Unable to locate element: {\"method\":\"xpath\",\"selector\":\"//input[@placeholder=\"请输入节目名称\"]\"}\nE         (Session info: chrome=118.0.5993.118); For documentation on this error, please visit: https://www.selenium.dev/documentation/webdriver/troubleshooting/errors#no-such-element-exception\nE       Stacktrace:\nE       \tGetHandleVerifier [0x00007FF60C0578A2+54818]\nE       \t(No symbol) [0x00007FF60BFC6AD2]\nE       \t(No symbol) [0x00007FF60BE7DA3B]\nE       \t(No symbol) [0x00007FF60BEBE4FC]\nE       \t(No symbol) [0x00007FF60BEBE67C]\nE       \t(No symbol) [0x00007FF60BEF9627]\nE       \t(No symbol) [0x00007FF60BEDEAEF]\nE       \t(No symbol) [0x00007FF60BEF75A2]\nE       \t(No symbol) [0x00007FF60BEDE883]\nE       \t(No symbol) [0x00007FF60BEB3691]\nE       \t(No symbol) [0x00007FF60BEB48D4]\nE       \tGetHandleVerifier [0x00007FF60C3BB9A2+3610402]\nE       \tGetHandleVerifier [0x00007FF60C411870+3962352]\nE       \tGetHandleVerifier [0x00007FF60C409D5F+3930847]\nE       \tGetHandleVerifier [0x00007FF60C0F3656+693206]\nE       \t(No symbol) [0x00007FF60BFD1638]\nE       \t(No symbol) [0x00007FF60BFCD944]\nE       \t(No symbol) [0x00007FF60BFCDA72]\nE       \t(No symbol) [0x00007FF60BFBE123]\nE       \tBaseThreadInitThunk [0x00007FFA3DBD257D+29]\nE       \tRtlUserThreadStart [0x00007FFA3E7AAF28+40]\n\nD:\\sw_install\\python-install\\lib\\site-packages\\selenium\\webdriver\\remote\\errorhandler.py:229: NoSuchElementException"}, "steps": [{"name": "先创建一个节目", "status": "broken", "statusDetails": {"message": "selenium.common.exceptions.NoSuchElementException: Message: no such element: Unable to locate element: {\"method\":\"xpath\",\"selector\":\"//input[@placeholder=\"请输入节目名称\"]\"}\n  (Session info: chrome=118.0.5993.118); For documentation on this error, please visit: https://www.selenium.dev/documentation/webdriver/troubleshooting/errors#no-such-element-exception\nStacktrace:\n\tGetHandleVerifier [0x00007FF60C0578A2+54818]\n\t(No symbol) [0x00007FF60BFC6AD2]\n\t(No symbol) [0x00007FF60BE7DA3B]\n\t(No symbol) [0x00007FF60BEBE4FC]\n\t(No symbol) [0x00007FF60BEBE67C]\n\t(No symbol) [0x00007FF60BEF9627]\n\t(No symbol) [0x00007FF60BEDEAEF]\n\t(No symbol) [0x00007FF60BEF75A2]\n\t(No symbol) [0x00007FF60BEDE883]\n\t(No symbol) [0x00007FF60BEB3691]\n\t(No symbol) [0x00007FF60BEB48D4]\n\tGetHandleVerifier [0x00007FF60C3BB9A2+3610402]\n\tGetHandleVerifier [0x00007FF60C411870+3962352]\n\tGetHandleVerifier [0x00007FF60C409D5F+3930847]\n\tGetHandleVerifier [0x00007FF60C0F3656+693206]\n\t(No symbol) [0x00007FF60BFD1638]\n\t(No symbol) [0x00007FF60BFCD944]\n\t(No symbol) [0x00007FF60BFCDA72]\n\t(No symbol) [0x00007FF60BFBE123]\n\tBaseThreadInitThunk [0x00007FFA3DBD257D+29]\n\tRtlUserThreadStart [0x00007FFA3E7AAF28+40]\n\n", "trace": "  File \"D:\\git\\ui_test\\test_case\\test_program_management.py\", line 517, in test_cancel_delete_program\n    program_page.create_general_program()\n  File \"D:\\git\\ui_test\\pageobject\\program_page.py\", line 49, in create_general_program\n    self.input_program_name(random_program_name)\n  File \"D:\\git\\ui_test\\pageobject\\program_page.py\", line 165, in input_program_name\n    self.input(program_name_locator, pragram_name)\n  File \"D:\\git\\ui_test\\basepage\\base_page.py\", line 401, in input\n    e1 = self.get_element(args)\n  File \"D:\\git\\ui_test\\basepage\\base_page.py\", line 245, in get_element\n    element = self.driver.find_element(By.XPATH, value=selector_value)\n  File \"D:\\sw_install\\python-install\\lib\\site-packages\\selenium\\webdriver\\remote\\webdriver.py\", line 742, in find_element\n    return self.execute(Command.FIND_ELEMENT, {\"using\": by, \"value\": value})[\"value\"]\n  File \"D:\\sw_install\\python-install\\lib\\site-packages\\selenium\\webdriver\\remote\\webdriver.py\", line 348, in execute\n    self.error_handler.check_response(response)\n  File \"D:\\sw_install\\python-install\\lib\\site-packages\\selenium\\webdriver\\remote\\errorhandler.py\", line 229, in check_response\n    raise exception_class(message, screen, stacktrace)\n"}, "steps": [{"name": "点击创建节目", "status": "passed", "start": 1719652443304, "stop": 1719652483857}, {"name": "输入节目名称（普通节目）", "status": "broken", "statusDetails": {"message": "selenium.common.exceptions.NoSuchElementException: Message: no such element: Unable to locate element: {\"method\":\"xpath\",\"selector\":\"//input[@placeholder=\"请输入节目名称\"]\"}\n  (Session info: chrome=118.0.5993.118); For documentation on this error, please visit: https://www.selenium.dev/documentation/webdriver/troubleshooting/errors#no-such-element-exception\nStacktrace:\n\tGetHandleVerifier [0x00007FF60C0578A2+54818]\n\t(No symbol) [0x00007FF60BFC6AD2]\n\t(No symbol) [0x00007FF60BE7DA3B]\n\t(No symbol) [0x00007FF60BEBE4FC]\n\t(No symbol) [0x00007FF60BEBE67C]\n\t(No symbol) [0x00007FF60BEF9627]\n\t(No symbol) [0x00007FF60BEDEAEF]\n\t(No symbol) [0x00007FF60BEF75A2]\n\t(No symbol) [0x00007FF60BEDE883]\n\t(No symbol) [0x00007FF60BEB3691]\n\t(No symbol) [0x00007FF60BEB48D4]\n\tGetHandleVerifier [0x00007FF60C3BB9A2+3610402]\n\tGetHandleVerifier [0x00007FF60C411870+3962352]\n\tGetHandleVerifier [0x00007FF60C409D5F+3930847]\n\tGetHandleVerifier [0x00007FF60C0F3656+693206]\n\t(No symbol) [0x00007FF60BFD1638]\n\t(No symbol) [0x00007FF60BFCD944]\n\t(No symbol) [0x00007FF60BFCDA72]\n\t(No symbol) [0x00007FF60BFBE123]\n\tBaseThreadInitThunk [0x00007FFA3DBD257D+29]\n\tRtlUserThreadStart [0x00007FFA3E7AAF28+40]\n\n", "trace": "  File \"D:\\git\\ui_test\\pageobject\\program_page.py\", line 49, in create_general_program\n    self.input_program_name(random_program_name)\n  File \"D:\\git\\ui_test\\pageobject\\program_page.py\", line 165, in input_program_name\n    self.input(program_name_locator, pragram_name)\n  File \"D:\\git\\ui_test\\basepage\\base_page.py\", line 401, in input\n    e1 = self.get_element(args)\n  File \"D:\\git\\ui_test\\basepage\\base_page.py\", line 245, in get_element\n    element = self.driver.find_element(By.XPATH, value=selector_value)\n  File \"D:\\sw_install\\python-install\\lib\\site-packages\\selenium\\webdriver\\remote\\webdriver.py\", line 742, in find_element\n    return self.execute(Command.FIND_ELEMENT, {\"using\": by, \"value\": value})[\"value\"]\n  File \"D:\\sw_install\\python-install\\lib\\site-packages\\selenium\\webdriver\\remote\\webdriver.py\", line 348, in execute\n    self.error_handler.check_response(response)\n  File \"D:\\sw_install\\python-install\\lib\\site-packages\\selenium\\webdriver\\remote\\errorhandler.py\", line 229, in check_response\n    raise exception_class(message, screen, stacktrace)\n"}, "start": 1719652483857, "stop": 1719652503916}], "start": 1719652361627, "stop": 1719652503923}], "start": 1719652361627, "stop": 1719652503923, "uuid": "f40dacbc-b39c-499f-9aee-9f9bebb8b157", "historyId": "adef4c6d02701629df67e23086bfd27d", "testCaseId": "adef4c6d02701629df67e23086bfd27d", "fullName": "test_case.test_program_management.TestProgramManagement#test_cancel_delete_program", "labels": [{"name": "feature", "value": "program management"}, {"name": "epic", "value": "项目hkc"}, {"name": "tag", "value": "run(order=19)"}, {"name": "tag", "value": "@pytest.mark.usefixtures('program_management_set_up')"}, {"name": "parentSuite", "value": "test_case"}, {"name": "suite", "value": "test_program_management"}, {"name": "subSuite", "value": "TestProgramManagement"}, {"name": "host", "value": "hkc0208725"}, {"name": "thread", "value": "23512-MainThread"}, {"name": "framework", "value": "pytest"}, {"name": "language", "value": "cpython3"}, {"name": "package", "value": "test_case.test_program_management"}]}