{"uuid": "bdd1b0bc-ad6a-4b81-a147-ffd6c6f34fdd", "children": ["39797854-fb88-41b8-93bd-2e0598491bcd"], "befores": [{"name": "generate_one_program", "status": "broken", "statusDetails": {"message": "selenium.common.exceptions.NoSuchElementException: Message: no such element: Unable to locate element: {\"method\":\"xpath\",\"selector\":\"//div[@class=\"step-name\" and text()=\"选设备\"]/..\"}\n  (Session info: chrome=118.0.5993.118); For documentation on this error, please visit: https://www.selenium.dev/documentation/webdriver/troubleshooting/errors#no-such-element-exception\nStacktrace:\n\tGetHandleVerifier [0x00007FF60C0578A2+54818]\n\t(No symbol) [0x00007FF60BFC6AD2]\n\t(No symbol) [0x00007FF60BE7DA3B]\n\t(No symbol) [0x00007FF60BEBE4FC]\n\t(No symbol) [0x00007FF60BEBE67C]\n\t(No symbol) [0x00007FF60BEF9627]\n\t(No symbol) [0x00007FF60BEDEAEF]\n\t(No symbol) [0x00007FF60BEF75A2]\n\t(No symbol) [0x00007FF60BEDE883]\n\t(No symbol) [0x00007FF60BEB3691]\n\t(No symbol) [0x00007FF60BEB48D4]\n\tGetHandleVerifier [0x00007FF60C3BB9A2+3610402]\n\tGetHandleVerifier [0x00007FF60C411870+3962352]\n\tGetHandleVerifier [0x00007FF60C409D5F+3930847]\n\tGetHandleVerifier [0x00007FF60C0F3656+693206]\n\t(No symbol) [0x00007FF60BFD1638]\n\t(No symbol) [0x00007FF60BFCD944]\n\t(No symbol) [0x00007FF60BFCDA72]\n\t(No symbol) [0x00007FF60BFBE123]\n\tBaseThreadInitThunk [0x00007FFA3DBD257D+29]\n\tRtlUserThreadStart [0x00007FFA3E7AAF28+40]\n\n", "trace": "  File \"D:\\sw_install\\python-install\\lib\\site-packages\\pluggy\\_callers.py\", line 77, in _multicall\n    res = hook_impl.function(*args)\n  File \"D:\\sw_install\\python-install\\lib\\site-packages\\_pytest\\fixtures.py\", line 1130, in pytest_fixture_setup\n    result = call_fixture_func(fixturefunc, request, kwargs)\n  File \"D:\\sw_install\\python-install\\lib\\site-packages\\_pytest\\fixtures.py\", line 909, in call_fixture_func\n    fixture_result = fixturefunc(**kwargs)\n  File \"D:\\git\\ui_test\\test_case\\test_play_bill.py\", line 188, in generate_one_program\n    release_page.release_general_program()\n  File \"D:\\git\\ui_test\\pageobject\\release_page.py\", line 80, in release_general_program\n    clickable_ele = self.get_element('by_xpath,//div[@class=\"step-name\" and text()=\"选设备\"]/..')\n  File \"D:\\git\\ui_test\\basepage\\base_page.py\", line 245, in get_element\n    element = self.driver.find_element(By.XPATH, value=selector_value)\n  File \"D:\\sw_install\\python-install\\lib\\site-packages\\selenium\\webdriver\\remote\\webdriver.py\", line 742, in find_element\n    return self.execute(Command.FIND_ELEMENT, {\"using\": by, \"value\": value})[\"value\"]\n  File \"D:\\sw_install\\python-install\\lib\\site-packages\\selenium\\webdriver\\remote\\webdriver.py\", line 348, in execute\n    self.error_handler.check_response(response)\n  File \"D:\\sw_install\\python-install\\lib\\site-packages\\selenium\\webdriver\\remote\\errorhandler.py\", line 229, in check_response\n    raise exception_class(message, screen, stacktrace)\n"}, "steps": [{"name": "点击上传按钮", "status": "passed", "start": 1719652255056, "stop": 1719652255674}, {"name": "进行文件上传", "status": "passed", "start": 1719652255674, "stop": 1719652262707}, {"name": "当进度为100%时，则关闭上传弹框", "status": "passed", "start": 1719652262707, "stop": 1719652264809}, {"name": "点击选设备", "status": "passed", "start": 1719652267791, "stop": 1719652288333}, {"name": "选择一个设备", "status": "passed", "start": 1719652288333, "stop": 1719652308892}, {"name": "选完设备后，点击确定", "status": "passed", "start": 1719652308892, "stop": 1719652329504}, {"name": "发布普通节目", "status": "broken", "statusDetails": {"message": "selenium.common.exceptions.NoSuchElementException: Message: no such element: Unable to locate element: {\"method\":\"xpath\",\"selector\":\"//div[@class=\"step-name\" and text()=\"选设备\"]/..\"}\n  (Session info: chrome=118.0.5993.118); For documentation on this error, please visit: https://www.selenium.dev/documentation/webdriver/troubleshooting/errors#no-such-element-exception\nStacktrace:\n\tGetHandleVerifier [0x00007FF60C0578A2+54818]\n\t(No symbol) [0x00007FF60BFC6AD2]\n\t(No symbol) [0x00007FF60BE7DA3B]\n\t(No symbol) [0x00007FF60BEBE4FC]\n\t(No symbol) [0x00007FF60BEBE67C]\n\t(No symbol) [0x00007FF60BEF9627]\n\t(No symbol) [0x00007FF60BEDEAEF]\n\t(No symbol) [0x00007FF60BEF75A2]\n\t(No symbol) [0x00007FF60BEDE883]\n\t(No symbol) [0x00007FF60BEB3691]\n\t(No symbol) [0x00007FF60BEB48D4]\n\tGetHandleVerifier [0x00007FF60C3BB9A2+3610402]\n\tGetHandleVerifier [0x00007FF60C411870+3962352]\n\tGetHandleVerifier [0x00007FF60C409D5F+3930847]\n\tGetHandleVerifier [0x00007FF60C0F3656+693206]\n\t(No symbol) [0x00007FF60BFD1638]\n\t(No symbol) [0x00007FF60BFCD944]\n\t(No symbol) [0x00007FF60BFCDA72]\n\t(No symbol) [0x00007FF60BFBE123]\n\tBaseThreadInitThunk [0x00007FFA3DBD257D+29]\n\tRtlUserThreadStart [0x00007FFA3E7AAF28+40]\n\n", "trace": "  File \"D:\\git\\ui_test\\test_case\\test_play_bill.py\", line 188, in generate_one_program\n    release_page.release_general_program()\n  File \"D:\\git\\ui_test\\pageobject\\release_page.py\", line 80, in release_general_program\n    clickable_ele = self.get_element('by_xpath,//div[@class=\"step-name\" and text()=\"选设备\"]/..')\n  File \"D:\\git\\ui_test\\basepage\\base_page.py\", line 245, in get_element\n    element = self.driver.find_element(By.XPATH, value=selector_value)\n  File \"D:\\sw_install\\python-install\\lib\\site-packages\\selenium\\webdriver\\remote\\webdriver.py\", line 742, in find_element\n    return self.execute(Command.FIND_ELEMENT, {\"using\": by, \"value\": value})[\"value\"]\n  File \"D:\\sw_install\\python-install\\lib\\site-packages\\selenium\\webdriver\\remote\\webdriver.py\", line 348, in execute\n    self.error_handler.check_response(response)\n  File \"D:\\sw_install\\python-install\\lib\\site-packages\\selenium\\webdriver\\remote\\errorhandler.py\", line 229, in check_response\n    raise exception_class(message, screen, stacktrace)\n"}, "start": 1719652329504, "stop": 1719652370026}], "start": 1719652253169, "stop": 1719652370042}], "start": 1719652253169, "stop": 1719652370355}