{"uuid": "7276ad42-b515-4583-a5fd-b456a435fe0f", "children": ["1be7f134-d68e-4f37-9849-1d4dcc255fa3"], "befores": [{"name": "terminal_set_up", "status": "broken", "statusDetails": {"message": "selenium.common.exceptions.ElementClickInterceptedException: Message: element click intercepted: Element <span data-v-9c2770a4=\"\" class=\"\">...</span> is not clickable at point (175, 184). Other element would receive the click: <div class=\"el-overlay\" style=\"z-index: 2016;\">...</div>\n  (Session info: chrome=118.0.5993.118)\nStacktrace:\n\tGetHandleVerifier [0x00007FF6515F78A2+54818]\n\t(No symbol) [0x00007FF651566AD2]\n\t(No symbol) [0x00007FF65141DA3B]\n\t(No symbol) [0x00007FF6514647CB]\n\t(No symbol) [0x00007FF651462B99]\n\t(No symbol) [0x00007FF651460968]\n\t(No symbol) [0x00007FF65145FA23]\n\t(No symbol) [0x00007FF65145571F]\n\t(No symbol) [0x00007FF65147EAAA]\n\t(No symbol) [0x00007FF651455036]\n\t(No symbol) [0x00007FF65147ECC0]\n\t(No symbol) [0x00007FF6514975A2]\n\t(No symbol) [0x00007FF65147E883]\n\t(No symbol) [0x00007FF651453691]\n\t(No symbol) [0x00007FF6514548D4]\n\tGetHandleVerifier [0x00007FF65195B9A2+3610402]\n\tGetHandleVerifier [0x00007FF6519B1870+3962352]\n\tGetHandleVerifier [0x00007FF6519A9D5F+3930847]\n\tGetHandleVerifier [0x00007FF651693656+693206]\n\t(No symbol) [0x00007FF651571638]\n\t(No symbol) [0x00007FF65156D944]\n\t(No symbol) [0x00007FF65156DA72]\n\t(No symbol) [0x00007FF65155E123]\n\tBaseThreadInitThunk [0x00007FFBCFE4257D+29]\n\tRtlUserThreadStart [0x00007FFBD198AF28+40]\n\n", "trace": "  File \"D:\\sw_install\\python-install\\lib\\site-packages\\pluggy\\_callers.py\", line 77, in _multicall\n    res = hook_impl.function(*args)\n  File \"D:\\sw_install\\python-install\\lib\\site-packages\\_pytest\\fixtures.py\", line 1130, in pytest_fixture_setup\n    result = call_fixture_func(fixturefunc, request, kwargs)\n  File \"D:\\sw_install\\python-install\\lib\\site-packages\\_pytest\\fixtures.py\", line 909, in call_fixture_func\n    fixture_result = fixturefunc(**kwargs)\n  File \"D:\\git\\ui_test\\test_case\\test_terminal_center.py\", line 58, in terminal_set_up\n    terminal_page.click_bind_terminal()\n  File \"D:\\git\\ui_test\\pageobject\\terminal_page.py\", line 111, in click_bind_terminal\n    self.click(bind_terminal_loca)\n  File \"D:\\git\\ui_test\\basepage\\base_page.py\", line 391, in click\n    element_to_click.click()\n  File \"D:\\sw_install\\python-install\\lib\\site-packages\\selenium\\webdriver\\remote\\webelement.py\", line 94, in click\n    self._execute(Command.CLICK_ELEMENT)\n  File \"D:\\sw_install\\python-install\\lib\\site-packages\\selenium\\webdriver\\remote\\webelement.py\", line 395, in _execute\n    return self._parent.execute(command, params)\n  File \"D:\\sw_install\\python-install\\lib\\site-packages\\selenium\\webdriver\\remote\\webdriver.py\", line 348, in execute\n    self.error_handler.check_response(response)\n  File \"D:\\sw_install\\python-install\\lib\\site-packages\\selenium\\webdriver\\remote\\errorhandler.py\", line 229, in check_response\n    raise exception_class(message, screen, stacktrace)\n"}, "steps": [{"name": "点击设备接入", "status": "broken", "statusDetails": {"message": "selenium.common.exceptions.ElementClickInterceptedException: Message: element click intercepted: Element <span data-v-9c2770a4=\"\" class=\"\">...</span> is not clickable at point (175, 184). Other element would receive the click: <div class=\"el-overlay\" style=\"z-index: 2016;\">...</div>\n  (Session info: chrome=118.0.5993.118)\nStacktrace:\n\tGetHandleVerifier [0x00007FF6515F78A2+54818]\n\t(No symbol) [0x00007FF651566AD2]\n\t(No symbol) [0x00007FF65141DA3B]\n\t(No symbol) [0x00007FF6514647CB]\n\t(No symbol) [0x00007FF651462B99]\n\t(No symbol) [0x00007FF651460968]\n\t(No symbol) [0x00007FF65145FA23]\n\t(No symbol) [0x00007FF65145571F]\n\t(No symbol) [0x00007FF65147EAAA]\n\t(No symbol) [0x00007FF651455036]\n\t(No symbol) [0x00007FF65147ECC0]\n\t(No symbol) [0x00007FF6514975A2]\n\t(No symbol) [0x00007FF65147E883]\n\t(No symbol) [0x00007FF651453691]\n\t(No symbol) [0x00007FF6514548D4]\n\tGetHandleVerifier [0x00007FF65195B9A2+3610402]\n\tGetHandleVerifier [0x00007FF6519B1870+3962352]\n\tGetHandleVerifier [0x00007FF6519A9D5F+3930847]\n\tGetHandleVerifier [0x00007FF651693656+693206]\n\t(No symbol) [0x00007FF651571638]\n\t(No symbol) [0x00007FF65156D944]\n\t(No symbol) [0x00007FF65156DA72]\n\t(No symbol) [0x00007FF65155E123]\n\tBaseThreadInitThunk [0x00007FFBCFE4257D+29]\n\tRtlUserThreadStart [0x00007FFBD198AF28+40]\n\n", "trace": "  File \"D:\\git\\ui_test\\test_case\\test_terminal_center.py\", line 58, in terminal_set_up\n    terminal_page.click_bind_terminal()\n  File \"D:\\git\\ui_test\\pageobject\\terminal_page.py\", line 111, in click_bind_terminal\n    self.click(bind_terminal_loca)\n  File \"D:\\git\\ui_test\\basepage\\base_page.py\", line 391, in click\n    element_to_click.click()\n  File \"D:\\sw_install\\python-install\\lib\\site-packages\\selenium\\webdriver\\remote\\webelement.py\", line 94, in click\n    self._execute(Command.CLICK_ELEMENT)\n  File \"D:\\sw_install\\python-install\\lib\\site-packages\\selenium\\webdriver\\remote\\webelement.py\", line 395, in _execute\n    return self._parent.execute(command, params)\n  File \"D:\\sw_install\\python-install\\lib\\site-packages\\selenium\\webdriver\\remote\\webdriver.py\", line 348, in execute\n    self.error_handler.check_response(response)\n  File \"D:\\sw_install\\python-install\\lib\\site-packages\\selenium\\webdriver\\remote\\errorhandler.py\", line 229, in check_response\n    raise exception_class(message, screen, stacktrace)\n"}, "start": 1721383731374, "stop": 1721383732955}], "start": 1721383711326, "stop": 1721383732957}], "start": 1721383711326, "stop": 1721383733056}