{"uuid": "8c4333d0-db17-4ba6-86d5-eb7b80612a48", "children": ["a057ca7f-aad5-463f-83da-ef464a814e33"], "befores": [{"name": "generate_one_program", "status": "broken", "statusDetails": {"message": "selenium.common.exceptions.NoSuchElementException: Message: no such element: Unable to locate element: {\"method\":\"xpath\",\"selector\":\"//div[@class=\"step-name\" and text()=\"选设备\"]\"}\n  (Session info: chrome=118.0.5993.118); For documentation on this error, please visit: https://www.selenium.dev/documentation/webdriver/troubleshooting/errors#no-such-element-exception\nStacktrace:\n\tGetHandleVerifier [0x00007FF6515F78A2+54818]\n\t(No symbol) [0x00007FF651566AD2]\n\t(No symbol) [0x00007FF65141DA3B]\n\t(No symbol) [0x00007FF65145E4FC]\n\t(No symbol) [0x00007FF65145E67C]\n\t(No symbol) [0x00007FF651499627]\n\t(No symbol) [0x00007FF65147EAEF]\n\t(No symbol) [0x00007FF6514975A2]\n\t(No symbol) [0x00007FF65147E883]\n\t(No symbol) [0x00007FF651453691]\n\t(No symbol) [0x00007FF6514548D4]\n\tGetHandleVerifier [0x00007FF65195B9A2+3610402]\n\tGetHandleVerifier [0x00007FF6519B1870+3962352]\n\tGetHandleVerifier [0x00007FF6519A9D5F+3930847]\n\tGetHandleVerifier [0x00007FF651693656+693206]\n\t(No symbol) [0x00007FF651571638]\n\t(No symbol) [0x00007FF65156D944]\n\t(No symbol) [0x00007FF65156DA72]\n\t(No symbol) [0x00007FF65155E123]\n\tBaseThreadInitThunk [0x00007FFBCFE4257D+29]\n\tRtlUserThreadStart [0x00007FFBD198AF28+40]\n\n", "trace": "  File \"D:\\sw_install\\python-install\\lib\\site-packages\\pluggy\\_callers.py\", line 77, in _multicall\n    res = hook_impl.function(*args)\n  File \"D:\\sw_install\\python-install\\lib\\site-packages\\_pytest\\fixtures.py\", line 1130, in pytest_fixture_setup\n    result = call_fixture_func(fixturefunc, request, kwargs)\n  File \"D:\\sw_install\\python-install\\lib\\site-packages\\_pytest\\fixtures.py\", line 909, in call_fixture_func\n    fixture_result = fixturefunc(**kwargs)\n  File \"D:\\git\\ui_test\\test_case\\test_play_bill.py\", line 188, in generate_one_program\n    release_page.release_general_program()\n  File \"D:\\git\\ui_test\\pageobject\\release_page.py\", line 80, in release_general_program\n    clickable_ele = self.get_element('by_xpath,//div[@class=\"step-name\" and text()=\"选设备\"]')\n  File \"D:\\git\\ui_test\\basepage\\base_page.py\", line 245, in get_element\n    element = self.driver.find_element(By.XPATH, value=selector_value)\n  File \"D:\\sw_install\\python-install\\lib\\site-packages\\selenium\\webdriver\\remote\\webdriver.py\", line 742, in find_element\n    return self.execute(Command.FIND_ELEMENT, {\"using\": by, \"value\": value})[\"value\"]\n  File \"D:\\sw_install\\python-install\\lib\\site-packages\\selenium\\webdriver\\remote\\webdriver.py\", line 348, in execute\n    self.error_handler.check_response(response)\n  File \"D:\\sw_install\\python-install\\lib\\site-packages\\selenium\\webdriver\\remote\\errorhandler.py\", line 229, in check_response\n    raise exception_class(message, screen, stacktrace)\n"}, "steps": [{"name": "点击上传按钮", "status": "passed", "start": 1721383268867, "stop": 1721383269612}, {"name": "进行文件上传", "status": "passed", "start": 1721383269612, "stop": 1721383276676}, {"name": "当进度为100%时，则关闭上传弹框", "status": "passed", "start": 1721383276676, "stop": 1721383278845}, {"name": "点击选设备", "status": "passed", "start": 1721383281924, "stop": 1721383302466}, {"name": "选择一个设备", "status": "passed", "start": 1721383302466, "stop": 1721383322984}, {"name": "选完设备后，点击确定", "status": "passed", "start": 1721383322984, "stop": 1721383343578}, {"name": "发布普通节目", "status": "broken", "statusDetails": {"message": "selenium.common.exceptions.NoSuchElementException: Message: no such element: Unable to locate element: {\"method\":\"xpath\",\"selector\":\"//div[@class=\"step-name\" and text()=\"选设备\"]\"}\n  (Session info: chrome=118.0.5993.118); For documentation on this error, please visit: https://www.selenium.dev/documentation/webdriver/troubleshooting/errors#no-such-element-exception\nStacktrace:\n\tGetHandleVerifier [0x00007FF6515F78A2+54818]\n\t(No symbol) [0x00007FF651566AD2]\n\t(No symbol) [0x00007FF65141DA3B]\n\t(No symbol) [0x00007FF65145E4FC]\n\t(No symbol) [0x00007FF65145E67C]\n\t(No symbol) [0x00007FF651499627]\n\t(No symbol) [0x00007FF65147EAEF]\n\t(No symbol) [0x00007FF6514975A2]\n\t(No symbol) [0x00007FF65147E883]\n\t(No symbol) [0x00007FF651453691]\n\t(No symbol) [0x00007FF6514548D4]\n\tGetHandleVerifier [0x00007FF65195B9A2+3610402]\n\tGetHandleVerifier [0x00007FF6519B1870+3962352]\n\tGetHandleVerifier [0x00007FF6519A9D5F+3930847]\n\tGetHandleVerifier [0x00007FF651693656+693206]\n\t(No symbol) [0x00007FF651571638]\n\t(No symbol) [0x00007FF65156D944]\n\t(No symbol) [0x00007FF65156DA72]\n\t(No symbol) [0x00007FF65155E123]\n\tBaseThreadInitThunk [0x00007FFBCFE4257D+29]\n\tRtlUserThreadStart [0x00007FFBD198AF28+40]\n\n", "trace": "  File \"D:\\git\\ui_test\\test_case\\test_play_bill.py\", line 188, in generate_one_program\n    release_page.release_general_program()\n  File \"D:\\git\\ui_test\\pageobject\\release_page.py\", line 80, in release_general_program\n    clickable_ele = self.get_element('by_xpath,//div[@class=\"step-name\" and text()=\"选设备\"]')\n  File \"D:\\git\\ui_test\\basepage\\base_page.py\", line 245, in get_element\n    element = self.driver.find_element(By.XPATH, value=selector_value)\n  File \"D:\\sw_install\\python-install\\lib\\site-packages\\selenium\\webdriver\\remote\\webdriver.py\", line 742, in find_element\n    return self.execute(Command.FIND_ELEMENT, {\"using\": by, \"value\": value})[\"value\"]\n  File \"D:\\sw_install\\python-install\\lib\\site-packages\\selenium\\webdriver\\remote\\webdriver.py\", line 348, in execute\n    self.error_handler.check_response(response)\n  File \"D:\\sw_install\\python-install\\lib\\site-packages\\selenium\\webdriver\\remote\\errorhandler.py\", line 229, in check_response\n    raise exception_class(message, screen, stacktrace)\n"}, "start": 1721383343578, "stop": 1721383384192}], "start": 1721383266521, "stop": 1721383384216}], "start": 1721383266521, "stop": 1721383385232}