{"name": "节目编排-选节目-预览仅一个节目", "status": "broken", "statusDetails": {"message": "selenium.common.exceptions.NoSuchElementException: Message: no such element: Unable to locate element: {\"method\":\"xpath\",\"selector\":\"//div[text()=\" 发布管理\"]/../..\"}\n  (Session info: chrome=118.0.5993.118); For documentation on this error, please visit: https://www.selenium.dev/documentation/webdriver/troubleshooting/errors#no-such-element-exception\nStacktrace:\n\tGetHandleVerifier [0x00007FF70C4278A2+54818]\n\t(No symbol) [0x00007FF70C396AD2]\n\t(No symbol) [0x00007FF70C24DA3B]\n\t(No symbol) [0x00007FF70C28E4FC]\n\t(No symbol) [0x00007FF70C28E67C]\n\t(No symbol) [0x00007FF70C2C9627]\n\t(No symbol) [0x00007FF70C2AEAEF]\n\t(No symbol) [0x00007FF70C2C75A2]\n\t(No symbol) [0x00007FF70C2AE883]\n\t(No symbol) [0x00007FF70C283691]\n\t(No symbol) [0x00007FF70C2848D4]\n\tGetHandleVerifier [0x00007FF70C78B9A2+3610402]\n\tGetHandleVerifier [0x00007FF70C7E1870+3962352]\n\tGetHandleVerifier [0x00007FF70C7D9D5F+3930847]\n\tGetHandleVerifier [0x00007FF70C4C3656+693206]\n\t(No symbol) [0x00007FF70C3A1638]\n\t(No symbol) [0x00007FF70C39D944]\n\t(No symbol) [0x00007FF70C39DA72]\n\t(No symbol) [0x00007FF70C38E123]\n\tBaseThreadInitThunk [0x00007FF949A7257D+29]\n\tRtlUserThreadStart [0x00007FF949BCAF28+40]", "trace": "self = <test_case.test_release_management.TestReleaseStrategy object at 0x0000026B33902110>\ndriver = <selenium.webdriver.chrome.webdriver.WebDriver (session=\"ec3d19f4841c1f5b06dd7d8b499d7591\")>\n\n    @pytest.mark.run(order=36)\n    @allure.title(\"节目编排-选节目-预览仅一个节目\")\n    def test_program_edit_preview_one(self, driver):\n    \n        release_page = self.release_page\n        release_page.refresh()\n        # 前提：生成一个普通节目\n    \n        program_page = ProgramPage(driver)\n    \n        program_page.switch_to_program_management()\n        program_page.create_general_program()\n        with step('点击节目编排'):\n>           release_page.switch_to_release_management()\n\ntest_case\\test_release_management.py:1027: \n_ _ _ _ _ _ _ _ _ _ _ _ _ _ _ _ _ _ _ _ _ _ _ _ _ _ _ _ _ _ _ _ _ _ _ _ _ _ _ _\npageobject\\release_page.py:18: in switch_to_release_management\n    clickable_ele = self.get_element('by_xpath,//div[text()=\" 发布管理\"]/../..')\nbasepage\\base_page.py:245: in get_element\n    element = self.driver.find_element(By.XPATH, value=selector_value)\nD:\\sw_install\\python-install\\lib\\site-packages\\selenium\\webdriver\\remote\\webdriver.py:742: in find_element\n    return self.execute(Command.FIND_ELEMENT, {\"using\": by, \"value\": value})[\"value\"]\nD:\\sw_install\\python-install\\lib\\site-packages\\selenium\\webdriver\\remote\\webdriver.py:348: in execute\n    self.error_handler.check_response(response)\n_ _ _ _ _ _ _ _ _ _ _ _ _ _ _ _ _ _ _ _ _ _ _ _ _ _ _ _ _ _ _ _ _ _ _ _ _ _ _ _\n\nself = <selenium.webdriver.remote.errorhandler.ErrorHandler object at 0x0000026B5B4EDD80>\nresponse = {'status': 404, 'value': '{\"value\":{\"error\":\"no such element\",\"message\":\"no such element: Unable to locate element: {\\...07FF70C38E123]\\\\n\\\\tBaseThreadInitThunk [0x00007FF949A7257D+29]\\\\n\\\\tRtlUserThreadStart [0x00007FF949BCAF28+40]\\\\n\"}}'}\n\n    def check_response(self, response: Dict[str, Any]) -> None:\n        \"\"\"Checks that a JSON response from the WebDriver does not have an\n        error.\n    \n        :Args:\n         - response - The JSON response from the WebDriver server as a dictionary\n           object.\n    \n        :Raises: If the response contains an error message.\n        \"\"\"\n        status = response.get(\"status\", None)\n        if not status or status == ErrorCode.SUCCESS:\n            return\n        value = None\n        message = response.get(\"message\", \"\")\n        screen: str = response.get(\"screen\", \"\")\n        stacktrace = None\n        if isinstance(status, int):\n            value_json = response.get(\"value\", None)\n            if value_json and isinstance(value_json, str):\n                import json\n    \n                try:\n                    value = json.loads(value_json)\n                    if len(value) == 1:\n                        value = value[\"value\"]\n                    status = value.get(\"error\", None)\n                    if not status:\n                        status = value.get(\"status\", ErrorCode.UNKNOWN_ERROR)\n                        message = value.get(\"value\") or value.get(\"message\")\n                        if not isinstance(message, str):\n                            value = message\n                            message = message.get(\"message\")\n                    else:\n                        message = value.get(\"message\", None)\n                except ValueError:\n                    pass\n    \n        exception_class: Type[WebDriverException]\n        e = ErrorCode()\n        error_codes = [item for item in dir(e) if not item.startswith(\"__\")]\n        for error_code in error_codes:\n            error_info = getattr(ErrorCode, error_code)\n            if isinstance(error_info, list) and status in error_info:\n                exception_class = getattr(ExceptionMapping, error_code, WebDriverException)\n                break\n        else:\n            exception_class = WebDriverException\n    \n        if not value:\n            value = response[\"value\"]\n        if isinstance(value, str):\n            raise exception_class(value)\n        if message == \"\" and \"message\" in value:\n            message = value[\"message\"]\n    \n        screen = None  # type: ignore[assignment]\n        if \"screen\" in value:\n            screen = value[\"screen\"]\n    \n        stacktrace = None\n        st_value = value.get(\"stackTrace\") or value.get(\"stacktrace\")\n        if st_value:\n            if isinstance(st_value, str):\n                stacktrace = st_value.split(\"\\n\")\n            else:\n                stacktrace = []\n                try:\n                    for frame in st_value:\n                        line = frame.get(\"lineNumber\", \"\")\n                        file = frame.get(\"fileName\", \"<anonymous>\")\n                        if line:\n                            file = f\"{file}:{line}\"\n                        meth = frame.get(\"methodName\", \"<anonymous>\")\n                        if \"className\" in frame:\n                            meth = f\"{frame['className']}.{meth}\"\n                        msg = \"    at %s (%s)\"\n                        msg = msg % (meth, file)\n                        stacktrace.append(msg)\n                except TypeError:\n                    pass\n        if exception_class == UnexpectedAlertPresentException:\n            alert_text = None\n            if \"data\" in value:\n                alert_text = value[\"data\"].get(\"text\")\n            elif \"alert\" in value:\n                alert_text = value[\"alert\"].get(\"text\")\n            raise exception_class(message, screen, stacktrace, alert_text)  # type: ignore[call-arg]  # mypy is not smart enough here\n>       raise exception_class(message, screen, stacktrace)\nE       selenium.common.exceptions.NoSuchElementException: Message: no such element: Unable to locate element: {\"method\":\"xpath\",\"selector\":\"//div[text()=\" 发布管理\"]/../..\"}\nE         (Session info: chrome=118.0.5993.118); For documentation on this error, please visit: https://www.selenium.dev/documentation/webdriver/troubleshooting/errors#no-such-element-exception\nE       Stacktrace:\nE       \tGetHandleVerifier [0x00007FF70C4278A2+54818]\nE       \t(No symbol) [0x00007FF70C396AD2]\nE       \t(No symbol) [0x00007FF70C24DA3B]\nE       \t(No symbol) [0x00007FF70C28E4FC]\nE       \t(No symbol) [0x00007FF70C28E67C]\nE       \t(No symbol) [0x00007FF70C2C9627]\nE       \t(No symbol) [0x00007FF70C2AEAEF]\nE       \t(No symbol) [0x00007FF70C2C75A2]\nE       \t(No symbol) [0x00007FF70C2AE883]\nE       \t(No symbol) [0x00007FF70C283691]\nE       \t(No symbol) [0x00007FF70C2848D4]\nE       \tGetHandleVerifier [0x00007FF70C78B9A2+3610402]\nE       \tGetHandleVerifier [0x00007FF70C7E1870+3962352]\nE       \tGetHandleVerifier [0x00007FF70C7D9D5F+3930847]\nE       \tGetHandleVerifier [0x00007FF70C4C3656+693206]\nE       \t(No symbol) [0x00007FF70C3A1638]\nE       \t(No symbol) [0x00007FF70C39D944]\nE       \t(No symbol) [0x00007FF70C39DA72]\nE       \t(No symbol) [0x00007FF70C38E123]\nE       \tBaseThreadInitThunk [0x00007FF949A7257D+29]\nE       \tRtlUserThreadStart [0x00007FF949BCAF28+40]\n\nD:\\sw_install\\python-install\\lib\\site-packages\\selenium\\webdriver\\remote\\errorhandler.py:229: NoSuchElementException"}, "steps": [{"name": "点击创建节目", "status": "passed", "start": 1721611243641, "stop": 1721611243720}, {"name": "输入节目名称（普通节目）", "status": "passed", "start": 1721611243720, "stop": 1721611243980}, {"name": "选择屏幕方向", "status": "passed", "start": 1721611243981, "stop": 1721611244090}, {"name": "选择分辨率", "status": "passed", "start": 1721611244090, "stop": 1721611244499}, {"name": "点击保存按钮", "status": "passed", "start": 1721611244499, "stop": 1721611244546}, {"name": "选择分辨率", "status": "passed", "start": 1721611244546, "stop": 1721611285965}, {"name": "在编辑器中进行保存", "status": "passed", "start": 1721611285965, "stop": 1721611288799}, {"name": "点击节目编排", "status": "broken", "statusDetails": {"message": "selenium.common.exceptions.NoSuchElementException: Message: no such element: Unable to locate element: {\"method\":\"xpath\",\"selector\":\"//div[text()=\" 发布管理\"]/../..\"}\n  (Session info: chrome=118.0.5993.118); For documentation on this error, please visit: https://www.selenium.dev/documentation/webdriver/troubleshooting/errors#no-such-element-exception\nStacktrace:\n\tGetHandleVerifier [0x00007FF70C4278A2+54818]\n\t(No symbol) [0x00007FF70C396AD2]\n\t(No symbol) [0x00007FF70C24DA3B]\n\t(No symbol) [0x00007FF70C28E4FC]\n\t(No symbol) [0x00007FF70C28E67C]\n\t(No symbol) [0x00007FF70C2C9627]\n\t(No symbol) [0x00007FF70C2AEAEF]\n\t(No symbol) [0x00007FF70C2C75A2]\n\t(No symbol) [0x00007FF70C2AE883]\n\t(No symbol) [0x00007FF70C283691]\n\t(No symbol) [0x00007FF70C2848D4]\n\tGetHandleVerifier [0x00007FF70C78B9A2+3610402]\n\tGetHandleVerifier [0x00007FF70C7E1870+3962352]\n\tGetHandleVerifier [0x00007FF70C7D9D5F+3930847]\n\tGetHandleVerifier [0x00007FF70C4C3656+693206]\n\t(No symbol) [0x00007FF70C3A1638]\n\t(No symbol) [0x00007FF70C39D944]\n\t(No symbol) [0x00007FF70C39DA72]\n\t(No symbol) [0x00007FF70C38E123]\n\tBaseThreadInitThunk [0x00007FF949A7257D+29]\n\tRtlUserThreadStart [0x00007FF949BCAF28+40]\n\n", "trace": "  File \"D:\\git\\ui_test\\test_case\\test_release_management.py\", line 1027, in test_program_edit_preview_one\n    release_page.switch_to_release_management()\n  File \"D:\\git\\ui_test\\pageobject\\release_page.py\", line 18, in switch_to_release_management\n    clickable_ele = self.get_element('by_xpath,//div[text()=\" 发布管理\"]/../..')\n  File \"D:\\git\\ui_test\\basepage\\base_page.py\", line 245, in get_element\n    element = self.driver.find_element(By.XPATH, value=selector_value)\n  File \"D:\\sw_install\\python-install\\lib\\site-packages\\selenium\\webdriver\\remote\\webdriver.py\", line 742, in find_element\n    return self.execute(Command.FIND_ELEMENT, {\"using\": by, \"value\": value})[\"value\"]\n  File \"D:\\sw_install\\python-install\\lib\\site-packages\\selenium\\webdriver\\remote\\webdriver.py\", line 348, in execute\n    self.error_handler.check_response(response)\n  File \"D:\\sw_install\\python-install\\lib\\site-packages\\selenium\\webdriver\\remote\\errorhandler.py\", line 229, in check_response\n    raise exception_class(message, screen, stacktrace)\n"}, "start": 1721611288799, "stop": 1721611308859}], "start": 1721611243309, "stop": 1721611308859, "uuid": "241c3aa3-b44e-42e2-9712-7c6dfa7c6485", "historyId": "19023ac8521ba830dfe2c13630941bcb", "testCaseId": "19023ac8521ba830dfe2c13630941bcb", "fullName": "test_case.test_release_management.TestReleaseStrategy#test_program_edit_preview_one", "labels": [{"name": "feature", "value": "release management"}, {"name": "epic", "value": "项目hkc"}, {"name": "tag", "value": "run(order=36)"}, {"name": "tag", "value": "@pytest.mark.usefixtures('release_page')"}, {"name": "parentSuite", "value": "test_case"}, {"name": "suite", "value": "test_release_management"}, {"name": "subSuite", "value": "TestReleaseStrategy"}, {"name": "host", "value": "hkc0208725"}, {"name": "thread", "value": "15396-MainThread"}, {"name": "framework", "value": "pytest"}, {"name": "language", "value": "cpython3"}, {"name": "package", "value": "test_case.test_release_management"}]}