{"uuid": "31a3981c-3cd5-498c-94fd-01e9337c9824", "children": ["1fc309d0-c79e-4cfb-ad6e-e4995350f9ab"], "befores": [{"name": "generate_program", "status": "broken", "statusDetails": {"message": "selenium.common.exceptions.TimeoutException: Message: \nStacktrace:\n\tGetHandleVerifier [0x00007FF6B14E78A2+54818]\n\t(No symbol) [0x00007FF6B1456AD2]\n\t(No symbol) [0x00007FF6B130DA3B]\n\t(No symbol) [0x00007FF6B134E4FC]\n\t(No symbol) [0x00007FF6B134E67C]\n\t(No symbol) [0x00007FF6B1389627]\n\t(No symbol) [0x00007FF6B136EAEF]\n\t(No symbol) [0x00007FF6B13875A2]\n\t(No symbol) [0x00007FF6B136E883]\n\t(No symbol) [0x00007FF6B1343691]\n\t(No symbol) [0x00007FF6B13448D4]\n\tGetHandleVerifier [0x00007FF6B184B9A2+3610402]\n\tGetHandleVerifier [0x00007FF6B18A1870+3962352]\n\tGetHandleVerifier [0x00007FF6B1899D5F+3930847]\n\tGetHandleVerifier [0x00007FF6B1583656+693206]\n\t(No symbol) [0x00007FF6B1461638]\n\t(No symbol) [0x00007FF6B145D944]\n\t(No symbol) [0x00007FF6B145DA72]\n\t(No symbol) [0x00007FF6B144E123]\n\tBaseThreadInitThunk [0x00007FF949A7257D+29]\n\tRtlUserThreadStart [0x00007FF949BCAF28+40]\n\n", "trace": "  File \"D:\\sw_install\\python-install\\lib\\site-packages\\pluggy\\_callers.py\", line 77, in _multicall\n    res = hook_impl.function(*args)\n  File \"D:\\sw_install\\python-install\\lib\\site-packages\\_pytest\\fixtures.py\", line 1130, in pytest_fixture_setup\n    result = call_fixture_func(fixturefunc, request, kwargs)\n  File \"D:\\sw_install\\python-install\\lib\\site-packages\\_pytest\\fixtures.py\", line 909, in call_fixture_func\n    fixture_result = fixturefunc(**kwargs)\n  File \"D:\\git\\ui_test\\test_case\\test_release_management.py\", line 83, in generate_program\n    mediapage.upload_media()\n  File \"D:\\git\\ui_test\\pageobject\\media_page.py\", line 47, in upload_media\n    self.click_up_load()\n  File \"D:\\git\\ui_test\\pageobject\\media_page.py\", line 106, in click_up_load\n    element = wait.until(EC.element_to_be_clickable((By.XPATH, my_element)))\n  File \"D:\\sw_install\\python-install\\lib\\site-packages\\selenium\\webdriver\\support\\wait.py\", line 105, in until\n    raise TimeoutException(message, screen, stacktrace)\n"}, "steps": [{"name": "点击上传按钮", "status": "broken", "statusDetails": {"message": "selenium.common.exceptions.TimeoutException: Message: \nStacktrace:\n\tGetHandleVerifier [0x00007FF6B14E78A2+54818]\n\t(No symbol) [0x00007FF6B1456AD2]\n\t(No symbol) [0x00007FF6B130DA3B]\n\t(No symbol) [0x00007FF6B134E4FC]\n\t(No symbol) [0x00007FF6B134E67C]\n\t(No symbol) [0x00007FF6B1389627]\n\t(No symbol) [0x00007FF6B136EAEF]\n\t(No symbol) [0x00007FF6B13875A2]\n\t(No symbol) [0x00007FF6B136E883]\n\t(No symbol) [0x00007FF6B1343691]\n\t(No symbol) [0x00007FF6B13448D4]\n\tGetHandleVerifier [0x00007FF6B184B9A2+3610402]\n\tGetHandleVerifier [0x00007FF6B18A1870+3962352]\n\tGetHandleVerifier [0x00007FF6B1899D5F+3930847]\n\tGetHandleVerifier [0x00007FF6B1583656+693206]\n\t(No symbol) [0x00007FF6B1461638]\n\t(No symbol) [0x00007FF6B145D944]\n\t(No symbol) [0x00007FF6B145DA72]\n\t(No symbol) [0x00007FF6B144E123]\n\tBaseThreadInitThunk [0x00007FF949A7257D+29]\n\tRtlUserThreadStart [0x00007FF949BCAF28+40]\n\n", "trace": "  File \"D:\\git\\ui_test\\pageobject\\media_page.py\", line 47, in upload_media\n    self.click_up_load()\n  File \"D:\\git\\ui_test\\pageobject\\media_page.py\", line 106, in click_up_load\n    element = wait.until(EC.element_to_be_clickable((By.XPATH, my_element)))\n  File \"D:\\sw_install\\python-install\\lib\\site-packages\\selenium\\webdriver\\support\\wait.py\", line 105, in until\n    raise TimeoutException(message, screen, stacktrace)\n"}, "start": 1721641667215, "stop": 1721641708550}], "start": 1721641664205, "stop": 1721641708666}], "start": 1721641664205, "stop": 1721641708697}