{"name": "在节目编排中，选择节目", "status": "broken", "statusDetails": {"message": "selenium.common.exceptions.InvalidArgumentException: Message: invalid argument: File not found : D:\\\\ui\\\\data\\\\test001.jpeg\n  (Session info: chrome=118.0.5993.118)\nStacktrace:\n\tGetHandleVerifier [0x00007FF7846A78A2+54818]\n\t(No symbol) [0x00007FF784616AD2]\n\t(No symbol) [0x00007FF7844CDA3B]\n\t(No symbol) [0x00007FF7845082EC]\n\t(No symbol) [0x00007FF78452EAAA]\n\t(No symbol) [0x00007FF784505036]\n\t(No symbol) [0x00007FF78452ECC0]\n\t(No symbol) [0x00007FF7845475A2]\n\t(No symbol) [0x00007FF78452E883]\n\t(No symbol) [0x00007FF784503691]\n\t(No symbol) [0x00007FF7845048D4]\n\tGetHandleVerifier [0x00007FF784A0B9A2+3610402]\n\tGetHandleVerifier [0x00007FF784A61870+3962352]\n\tGetHandleVerifier [0x00007FF784A59D5F+3930847]\n\tGetHandleVerifier [0x00007FF784743656+693206]\n\t(No symbol) [0x00007FF784621638]\n\t(No symbol) [0x00007FF78461D944]\n\t(No symbol) [0x00007FF78461DA72]\n\t(No symbol) [0x00007FF78460E123]\n\tBaseThreadInitThunk [0x00007FFF5C2B257D+29]\n\tRtlUserThreadStart [0x00007FFF5CCCAA48+40]", "trace": "self = <test_case.test_release_management.TestReleaseStrategy object at 0x000001E29A2B4AC0>\ndriver = <selenium.webdriver.chrome.webdriver.WebDriver (session=\"b160cd2caf36fcd765745067f41997af\")>\n\n    @pytest.mark.run(order=28)\n    # @pytest.mark.usefixtures(\"generate_program\")\n    @allure.title(\"在节目编排中，选择节目\")\n    def test_add_program(self, driver):\n        # ---------前提-----------------\n        # 后期优化：将这段代码作为fixture\n    \n        media_list = MediaList()\n        mediapage = MediaPage(driver)\n        mediapage.refresh()\n        media_ids, folder_ids = media_list.get_media_list()\n        media_list.delete_all_media()\n        programlist = ProgramList()\n        program_names = programlist.get_program_list_names()\n        print(\"所有的节目名称:\", program_names)\n    \n        if not program_names:\n            # if media_ids is None:\n            # 素材上传\n            mediapage.refresh()\n            mediapage.switch_to_media_center()\n>           mediapage.upload_media()\n\ntest_case\\test_release_management.py:728: \n_ _ _ _ _ _ _ _ _ _ _ _ _ _ _ _ _ _ _ _ _ _ _ _ _ _ _ _ _ _ _ _ _ _ _ _ _ _ _ _\npageobject\\media_page.py:51: in upload_media\n    self.upload_media_file(filepath)\npageobject\\media_page.py:132: in upload_media_file\n    up_load_ele.send_keys(filepath)\nD:\\sw_install\\python-install\\lib\\site-packages\\selenium\\webdriver\\remote\\webelement.py:231: in send_keys\n    self._execute(\nD:\\sw_install\\python-install\\lib\\site-packages\\selenium\\webdriver\\remote\\webelement.py:395: in _execute\n    return self._parent.execute(command, params)\nD:\\sw_install\\python-install\\lib\\site-packages\\selenium\\webdriver\\remote\\webdriver.py:348: in execute\n    self.error_handler.check_response(response)\n_ _ _ _ _ _ _ _ _ _ _ _ _ _ _ _ _ _ _ _ _ _ _ _ _ _ _ _ _ _ _ _ _ _ _ _ _ _ _ _\n\nself = <selenium.webdriver.remote.errorhandler.ErrorHandler object at 0x000001E2C0D86230>\nresponse = {'status': 400, 'value': '{\"value\":{\"error\":\"invalid argument\",\"message\":\"invalid argument: File not found : D:\\\\\\\\\\\\\\...07FF78460E123]\\\\n\\\\tBaseThreadInitThunk [0x00007FFF5C2B257D+29]\\\\n\\\\tRtlUserThreadStart [0x00007FFF5CCCAA48+40]\\\\n\"}}'}\n\n    def check_response(self, response: Dict[str, Any]) -> None:\n        \"\"\"Checks that a JSON response from the WebDriver does not have an\n        error.\n    \n        :Args:\n         - response - The JSON response from the WebDriver server as a dictionary\n           object.\n    \n        :Raises: If the response contains an error message.\n        \"\"\"\n        status = response.get(\"status\", None)\n        if not status or status == ErrorCode.SUCCESS:\n            return\n        value = None\n        message = response.get(\"message\", \"\")\n        screen: str = response.get(\"screen\", \"\")\n        stacktrace = None\n        if isinstance(status, int):\n            value_json = response.get(\"value\", None)\n            if value_json and isinstance(value_json, str):\n                import json\n    \n                try:\n                    value = json.loads(value_json)\n                    if len(value) == 1:\n                        value = value[\"value\"]\n                    status = value.get(\"error\", None)\n                    if not status:\n                        status = value.get(\"status\", ErrorCode.UNKNOWN_ERROR)\n                        message = value.get(\"value\") or value.get(\"message\")\n                        if not isinstance(message, str):\n                            value = message\n                            message = message.get(\"message\")\n                    else:\n                        message = value.get(\"message\", None)\n                except ValueError:\n                    pass\n    \n        exception_class: Type[WebDriverException]\n        e = ErrorCode()\n        error_codes = [item for item in dir(e) if not item.startswith(\"__\")]\n        for error_code in error_codes:\n            error_info = getattr(ErrorCode, error_code)\n            if isinstance(error_info, list) and status in error_info:\n                exception_class = getattr(ExceptionMapping, error_code, WebDriverException)\n                break\n        else:\n            exception_class = WebDriverException\n    \n        if not value:\n            value = response[\"value\"]\n        if isinstance(value, str):\n            raise exception_class(value)\n        if message == \"\" and \"message\" in value:\n            message = value[\"message\"]\n    \n        screen = None  # type: ignore[assignment]\n        if \"screen\" in value:\n            screen = value[\"screen\"]\n    \n        stacktrace = None\n        st_value = value.get(\"stackTrace\") or value.get(\"stacktrace\")\n        if st_value:\n            if isinstance(st_value, str):\n                stacktrace = st_value.split(\"\\n\")\n            else:\n                stacktrace = []\n                try:\n                    for frame in st_value:\n                        line = frame.get(\"lineNumber\", \"\")\n                        file = frame.get(\"fileName\", \"<anonymous>\")\n                        if line:\n                            file = f\"{file}:{line}\"\n                        meth = frame.get(\"methodName\", \"<anonymous>\")\n                        if \"className\" in frame:\n                            meth = f\"{frame['className']}.{meth}\"\n                        msg = \"    at %s (%s)\"\n                        msg = msg % (meth, file)\n                        stacktrace.append(msg)\n                except TypeError:\n                    pass\n        if exception_class == UnexpectedAlertPresentException:\n            alert_text = None\n            if \"data\" in value:\n                alert_text = value[\"data\"].get(\"text\")\n            elif \"alert\" in value:\n                alert_text = value[\"alert\"].get(\"text\")\n            raise exception_class(message, screen, stacktrace, alert_text)  # type: ignore[call-arg]  # mypy is not smart enough here\n>       raise exception_class(message, screen, stacktrace)\nE       selenium.common.exceptions.InvalidArgumentException: Message: invalid argument: File not found : D:\\\\ui\\\\data\\\\test001.jpeg\nE         (Session info: chrome=118.0.5993.118)\nE       Stacktrace:\nE       \tGetHandleVerifier [0x00007FF7846A78A2+54818]\nE       \t(No symbol) [0x00007FF784616AD2]\nE       \t(No symbol) [0x00007FF7844CDA3B]\nE       \t(No symbol) [0x00007FF7845082EC]\nE       \t(No symbol) [0x00007FF78452EAAA]\nE       \t(No symbol) [0x00007FF784505036]\nE       \t(No symbol) [0x00007FF78452ECC0]\nE       \t(No symbol) [0x00007FF7845475A2]\nE       \t(No symbol) [0x00007FF78452E883]\nE       \t(No symbol) [0x00007FF784503691]\nE       \t(No symbol) [0x00007FF7845048D4]\nE       \tGetHandleVerifier [0x00007FF784A0B9A2+3610402]\nE       \tGetHandleVerifier [0x00007FF784A61870+3962352]\nE       \tGetHandleVerifier [0x00007FF784A59D5F+3930847]\nE       \tGetHandleVerifier [0x00007FF784743656+693206]\nE       \t(No symbol) [0x00007FF784621638]\nE       \t(No symbol) [0x00007FF78461D944]\nE       \t(No symbol) [0x00007FF78461DA72]\nE       \t(No symbol) [0x00007FF78460E123]\nE       \tBaseThreadInitThunk [0x00007FFF5C2B257D+29]\nE       \tRtlUserThreadStart [0x00007FFF5CCCAA48+40]\n\nD:\\sw_install\\python-install\\lib\\site-packages\\selenium\\webdriver\\remote\\errorhandler.py:229: InvalidArgumentException"}, "steps": [{"name": "点击上传按钮", "status": "passed", "start": 1718845701367, "stop": 1718845702000}, {"name": "进行文件上传", "status": "broken", "statusDetails": {"message": "selenium.common.exceptions.InvalidArgumentException: Message: invalid argument: File not found : D:\\\\ui\\\\data\\\\test001.jpeg\n  (Session info: chrome=118.0.5993.118)\nStacktrace:\n\tGetHandleVerifier [0x00007FF7846A78A2+54818]\n\t(No symbol) [0x00007FF784616AD2]\n\t(No symbol) [0x00007FF7844CDA3B]\n\t(No symbol) [0x00007FF7845082EC]\n\t(No symbol) [0x00007FF78452EAAA]\n\t(No symbol) [0x00007FF784505036]\n\t(No symbol) [0x00007FF78452ECC0]\n\t(No symbol) [0x00007FF7845475A2]\n\t(No symbol) [0x00007FF78452E883]\n\t(No symbol) [0x00007FF784503691]\n\t(No symbol) [0x00007FF7845048D4]\n\tGetHandleVerifier [0x00007FF784A0B9A2+3610402]\n\tGetHandleVerifier [0x00007FF784A61870+3962352]\n\tGetHandleVerifier [0x00007FF784A59D5F+3930847]\n\tGetHandleVerifier [0x00007FF784743656+693206]\n\t(No symbol) [0x00007FF784621638]\n\t(No symbol) [0x00007FF78461D944]\n\t(No symbol) [0x00007FF78461DA72]\n\t(No symbol) [0x00007FF78460E123]\n\tBaseThreadInitThunk [0x00007FFF5C2B257D+29]\n\tRtlUserThreadStart [0x00007FFF5CCCAA48+40]\n\n", "trace": "  File \"D:\\git\\ui_test\\pageobject\\media_page.py\", line 51, in upload_media\n    self.upload_media_file(filepath)\n  File \"D:\\git\\ui_test\\pageobject\\media_page.py\", line 132, in upload_media_file\n    up_load_ele.send_keys(filepath)\n  File \"D:\\sw_install\\python-install\\lib\\site-packages\\selenium\\webdriver\\remote\\webelement.py\", line 231, in send_keys\n    self._execute(\n  File \"D:\\sw_install\\python-install\\lib\\site-packages\\selenium\\webdriver\\remote\\webelement.py\", line 395, in _execute\n    return self._parent.execute(command, params)\n  File \"D:\\sw_install\\python-install\\lib\\site-packages\\selenium\\webdriver\\remote\\webdriver.py\", line 348, in execute\n    self.error_handler.check_response(response)\n  File \"D:\\sw_install\\python-install\\lib\\site-packages\\selenium\\webdriver\\remote\\errorhandler.py\", line 229, in check_response\n    raise exception_class(message, screen, stacktrace)\n"}, "start": 1718845702001, "stop": 1718845704026}], "start": 1718845699845, "stop": 1718845704142, "uuid": "b5dcc8ca-01b4-4f28-857b-34e18fe8d721", "historyId": "6e706fb18066d902fbfdc248e956a0e8", "testCaseId": "6e706fb18066d902fbfdc248e956a0e8", "fullName": "test_case.test_release_management.TestReleaseStrategy#test_add_program", "labels": [{"name": "epic", "value": "项目hkc"}, {"name": "feature", "value": "release management"}, {"name": "tag", "value": "run(order=28)"}, {"name": "tag", "value": "@pytest.mark.usefixtures('release_page')"}, {"name": "parentSuite", "value": "test_case"}, {"name": "suite", "value": "test_release_management"}, {"name": "subSuite", "value": "TestReleaseStrategy"}, {"name": "host", "value": "hkc0208725"}, {"name": "thread", "value": "30660-MainThread"}, {"name": "framework", "value": "pytest"}, {"name": "language", "value": "cpython3"}, {"name": "package", "value": "test_case.test_release_management"}]}