{"name": "新增一个横屏的联屏节目", "status": "broken", "statusDetails": {"message": "selenium.common.exceptions.InvalidArgumentException: Message: invalid argument: File not found : D:\\\\ui\\\\data\\\\test001.jpeg\n  (Session info: chrome=118.0.5993.118)\nStacktrace:\n\tGetHandleVerifier [0x00007FF7846A78A2+54818]\n\t(No symbol) [0x00007FF784616AD2]\n\t(No symbol) [0x00007FF7844CDA3B]\n\t(No symbol) [0x00007FF7845082EC]\n\t(No symbol) [0x00007FF78452EAAA]\n\t(No symbol) [0x00007FF784505036]\n\t(No symbol) [0x00007FF78452ECC0]\n\t(No symbol) [0x00007FF7845475A2]\n\t(No symbol) [0x00007FF78452E883]\n\t(No symbol) [0x00007FF784503691]\n\t(No symbol) [0x00007FF7845048D4]\n\tGetHandleVerifier [0x00007FF784A0B9A2+3610402]\n\tGetHandleVerifier [0x00007FF784A61870+3962352]\n\tGetHandleVerifier [0x00007FF784A59D5F+3930847]\n\tGetHandleVerifier [0x00007FF784743656+693206]\n\t(No symbol) [0x00007FF784621638]\n\t(No symbol) [0x00007FF78461D944]\n\t(No symbol) [0x00007FF78461DA72]\n\t(No symbol) [0x00007FF78460E123]\n\tBaseThreadInitThunk [0x00007FFF5C2B257D+29]\n\tRtlUserThreadStart [0x00007FFF5CCCAA48+40]", "trace": "self = <test_case.test_program_management.TestProgramManagement object at 0x00000222745EEEF0>\n\n    @allure.title(\"新增一个横屏的联屏节目\")\n    @pytest.mark.run(order=6)\n    def test_create_relevance_program_accross(self):\n        program_page = self.program_page\n        program_page.refresh()\n        # 联屏节目随机名称\n        ran_int = random.randint(100, 999)\n        relevance_program_name = \"test_联屏横屏_\" + str(ran_int)\n    \n        # 行、列随机\n        randow_row = str(random.randint(1, 5))\n        randow_col = str(random.randint(1, 4))\n        with step(\"点击创建节目\"):\n            program_page.switch_to_program_management()\n            program_page.click_create_program()\n    \n        with step(\"切换到联屏节目tab上\"):\n            program_page.relevance_program_tab()\n    \n        with step(\"输入联屏节目的节目名称\"):\n            program_page.input_program_name(relevance_program_name)\n    \n        with step(\"输入屏幕组合行和列值\"):\n            # time.sleep(5)\n            program_page.row_numbers(randow_row)\n            time.sleep(0.5)\n            program_page.col_numbers(randow_col)\n    \n        time.sleep(2)\n        with step(\"创建联屏节目，点击选择素材\"):\n            program_page.choose_relevance_media()\n    \n        with step(\"上传一个素材\"):\n            win_size = program_page.get_window_size()\n            program_page.maxsize_window()\n            time.sleep(0.5)\n>           program_page.create_program_and_upload_media()\n\ntest_case\\test_program_management.py:182: \n_ _ _ _ _ _ _ _ _ _ _ _ _ _ _ _ _ _ _ _ _ _ _ _ _ _ _ _ _ _ _ _ _ _ _ _ _ _ _ _\npageobject\\media_page.py:75: in create_program_and_upload_media\n    self.upload_media_file(filepath)\npageobject\\media_page.py:132: in upload_media_file\n    up_load_ele.send_keys(filepath)\nD:\\sw_install\\python-install\\lib\\site-packages\\selenium\\webdriver\\remote\\webelement.py:231: in send_keys\n    self._execute(\nD:\\sw_install\\python-install\\lib\\site-packages\\selenium\\webdriver\\remote\\webelement.py:395: in _execute\n    return self._parent.execute(command, params)\nD:\\sw_install\\python-install\\lib\\site-packages\\selenium\\webdriver\\remote\\webdriver.py:348: in execute\n    self.error_handler.check_response(response)\n_ _ _ _ _ _ _ _ _ _ _ _ _ _ _ _ _ _ _ _ _ _ _ _ _ _ _ _ _ _ _ _ _ _ _ _ _ _ _ _\n\nself = <selenium.webdriver.remote.errorhandler.ErrorHandler object at 0x000002227F1185B0>\nresponse = {'status': 400, 'value': '{\"value\":{\"error\":\"invalid argument\",\"message\":\"invalid argument: File not found : D:\\\\\\\\\\\\\\...07FF78460E123]\\\\n\\\\tBaseThreadInitThunk [0x00007FFF5C2B257D+29]\\\\n\\\\tRtlUserThreadStart [0x00007FFF5CCCAA48+40]\\\\n\"}}'}\n\n    def check_response(self, response: Dict[str, Any]) -> None:\n        \"\"\"Checks that a JSON response from the WebDriver does not have an\n        error.\n    \n        :Args:\n         - response - The JSON response from the WebDriver server as a dictionary\n           object.\n    \n        :Raises: If the response contains an error message.\n        \"\"\"\n        status = response.get(\"status\", None)\n        if not status or status == ErrorCode.SUCCESS:\n            return\n        value = None\n        message = response.get(\"message\", \"\")\n        screen: str = response.get(\"screen\", \"\")\n        stacktrace = None\n        if isinstance(status, int):\n            value_json = response.get(\"value\", None)\n            if value_json and isinstance(value_json, str):\n                import json\n    \n                try:\n                    value = json.loads(value_json)\n                    if len(value) == 1:\n                        value = value[\"value\"]\n                    status = value.get(\"error\", None)\n                    if not status:\n                        status = value.get(\"status\", ErrorCode.UNKNOWN_ERROR)\n                        message = value.get(\"value\") or value.get(\"message\")\n                        if not isinstance(message, str):\n                            value = message\n                            message = message.get(\"message\")\n                    else:\n                        message = value.get(\"message\", None)\n                except ValueError:\n                    pass\n    \n        exception_class: Type[WebDriverException]\n        e = ErrorCode()\n        error_codes = [item for item in dir(e) if not item.startswith(\"__\")]\n        for error_code in error_codes:\n            error_info = getattr(ErrorCode, error_code)\n            if isinstance(error_info, list) and status in error_info:\n                exception_class = getattr(ExceptionMapping, error_code, WebDriverException)\n                break\n        else:\n            exception_class = WebDriverException\n    \n        if not value:\n            value = response[\"value\"]\n        if isinstance(value, str):\n            raise exception_class(value)\n        if message == \"\" and \"message\" in value:\n            message = value[\"message\"]\n    \n        screen = None  # type: ignore[assignment]\n        if \"screen\" in value:\n            screen = value[\"screen\"]\n    \n        stacktrace = None\n        st_value = value.get(\"stackTrace\") or value.get(\"stacktrace\")\n        if st_value:\n            if isinstance(st_value, str):\n                stacktrace = st_value.split(\"\\n\")\n            else:\n                stacktrace = []\n                try:\n                    for frame in st_value:\n                        line = frame.get(\"lineNumber\", \"\")\n                        file = frame.get(\"fileName\", \"<anonymous>\")\n                        if line:\n                            file = f\"{file}:{line}\"\n                        meth = frame.get(\"methodName\", \"<anonymous>\")\n                        if \"className\" in frame:\n                            meth = f\"{frame['className']}.{meth}\"\n                        msg = \"    at %s (%s)\"\n                        msg = msg % (meth, file)\n                        stacktrace.append(msg)\n                except TypeError:\n                    pass\n        if exception_class == UnexpectedAlertPresentException:\n            alert_text = None\n            if \"data\" in value:\n                alert_text = value[\"data\"].get(\"text\")\n            elif \"alert\" in value:\n                alert_text = value[\"alert\"].get(\"text\")\n            raise exception_class(message, screen, stacktrace, alert_text)  # type: ignore[call-arg]  # mypy is not smart enough here\n>       raise exception_class(message, screen, stacktrace)\nE       selenium.common.exceptions.InvalidArgumentException: Message: invalid argument: File not found : D:\\\\ui\\\\data\\\\test001.jpeg\nE         (Session info: chrome=118.0.5993.118)\nE       Stacktrace:\nE       \tGetHandleVerifier [0x00007FF7846A78A2+54818]\nE       \t(No symbol) [0x00007FF784616AD2]\nE       \t(No symbol) [0x00007FF7844CDA3B]\nE       \t(No symbol) [0x00007FF7845082EC]\nE       \t(No symbol) [0x00007FF78452EAAA]\nE       \t(No symbol) [0x00007FF784505036]\nE       \t(No symbol) [0x00007FF78452ECC0]\nE       \t(No symbol) [0x00007FF7845475A2]\nE       \t(No symbol) [0x00007FF78452E883]\nE       \t(No symbol) [0x00007FF784503691]\nE       \t(No symbol) [0x00007FF7845048D4]\nE       \tGetHandleVerifier [0x00007FF784A0B9A2+3610402]\nE       \tGetHandleVerifier [0x00007FF784A61870+3962352]\nE       \tGetHandleVerifier [0x00007FF784A59D5F+3930847]\nE       \tGetHandleVerifier [0x00007FF784743656+693206]\nE       \t(No symbol) [0x00007FF784621638]\nE       \t(No symbol) [0x00007FF78461D944]\nE       \t(No symbol) [0x00007FF78461DA72]\nE       \t(No symbol) [0x00007FF78460E123]\nE       \tBaseThreadInitThunk [0x00007FFF5C2B257D+29]\nE       \tRtlUserThreadStart [0x00007FFF5CCCAA48+40]\n\nD:\\sw_install\\python-install\\lib\\site-packages\\selenium\\webdriver\\remote\\errorhandler.py:229: InvalidArgumentException"}, "steps": [{"name": "点击创建节目", "status": "passed", "start": 1718845638273, "stop": 1718845638914}, {"name": "切换到联屏节目tab上", "status": "passed", "start": 1718845638914, "stop": 1718845639081}, {"name": "输入联屏节目的节目名称", "status": "passed", "start": 1718845639081, "stop": 1718845639214}, {"name": "输入屏幕组合行和列值", "status": "passed", "start": 1718845639214, "stop": 1718845639988}, {"name": "创建联屏节目，点击选择素材", "status": "passed", "start": 1718845641995, "stop": 1718845642178}, {"name": "上传一个素材", "status": "broken", "statusDetails": {"message": "selenium.common.exceptions.InvalidArgumentException: Message: invalid argument: File not found : D:\\\\ui\\\\data\\\\test001.jpeg\n  (Session info: chrome=118.0.5993.118)\nStacktrace:\n\tGetHandleVerifier [0x00007FF7846A78A2+54818]\n\t(No symbol) [0x00007FF784616AD2]\n\t(No symbol) [0x00007FF7844CDA3B]\n\t(No symbol) [0x00007FF7845082EC]\n\t(No symbol) [0x00007FF78452EAAA]\n\t(No symbol) [0x00007FF784505036]\n\t(No symbol) [0x00007FF78452ECC0]\n\t(No symbol) [0x00007FF7845475A2]\n\t(No symbol) [0x00007FF78452E883]\n\t(No symbol) [0x00007FF784503691]\n\t(No symbol) [0x00007FF7845048D4]\n\tGetHandleVerifier [0x00007FF784A0B9A2+3610402]\n\tGetHandleVerifier [0x00007FF784A61870+3962352]\n\tGetHandleVerifier [0x00007FF784A59D5F+3930847]\n\tGetHandleVerifier [0x00007FF784743656+693206]\n\t(No symbol) [0x00007FF784621638]\n\t(No symbol) [0x00007FF78461D944]\n\t(No symbol) [0x00007FF78461DA72]\n\t(No symbol) [0x00007FF78460E123]\n\tBaseThreadInitThunk [0x00007FFF5C2B257D+29]\n\tRtlUserThreadStart [0x00007FFF5CCCAA48+40]\n\n", "trace": "  File \"D:\\git\\ui_test\\test_case\\test_program_management.py\", line 182, in test_create_relevance_program_accross\n    program_page.create_program_and_upload_media()\n  File \"D:\\git\\ui_test\\pageobject\\media_page.py\", line 75, in create_program_and_upload_media\n    self.upload_media_file(filepath)\n  File \"D:\\git\\ui_test\\pageobject\\media_page.py\", line 132, in upload_media_file\n    up_load_ele.send_keys(filepath)\n  File \"D:\\sw_install\\python-install\\lib\\site-packages\\selenium\\webdriver\\remote\\webelement.py\", line 231, in send_keys\n    self._execute(\n  File \"D:\\sw_install\\python-install\\lib\\site-packages\\selenium\\webdriver\\remote\\webelement.py\", line 395, in _execute\n    return self._parent.execute(command, params)\n  File \"D:\\sw_install\\python-install\\lib\\site-packages\\selenium\\webdriver\\remote\\webdriver.py\", line 348, in execute\n    self.error_handler.check_response(response)\n  File \"D:\\sw_install\\python-install\\lib\\site-packages\\selenium\\webdriver\\remote\\errorhandler.py\", line 229, in check_response\n    raise exception_class(message, screen, stacktrace)\n"}, "steps": [{"name": "点击上传按钮", "status": "passed", "start": 1718845643273, "stop": 1718845643968}, {"name": "进行文件上传", "status": "broken", "statusDetails": {"message": "selenium.common.exceptions.InvalidArgumentException: Message: invalid argument: File not found : D:\\\\ui\\\\data\\\\test001.jpeg\n  (Session info: chrome=118.0.5993.118)\nStacktrace:\n\tGetHandleVerifier [0x00007FF7846A78A2+54818]\n\t(No symbol) [0x00007FF784616AD2]\n\t(No symbol) [0x00007FF7844CDA3B]\n\t(No symbol) [0x00007FF7845082EC]\n\t(No symbol) [0x00007FF78452EAAA]\n\t(No symbol) [0x00007FF784505036]\n\t(No symbol) [0x00007FF78452ECC0]\n\t(No symbol) [0x00007FF7845475A2]\n\t(No symbol) [0x00007FF78452E883]\n\t(No symbol) [0x00007FF784503691]\n\t(No symbol) [0x00007FF7845048D4]\n\tGetHandleVerifier [0x00007FF784A0B9A2+3610402]\n\tGetHandleVerifier [0x00007FF784A61870+3962352]\n\tGetHandleVerifier [0x00007FF784A59D5F+3930847]\n\tGetHandleVerifier [0x00007FF784743656+693206]\n\t(No symbol) [0x00007FF784621638]\n\t(No symbol) [0x00007FF78461D944]\n\t(No symbol) [0x00007FF78461DA72]\n\t(No symbol) [0x00007FF78460E123]\n\tBaseThreadInitThunk [0x00007FFF5C2B257D+29]\n\tRtlUserThreadStart [0x00007FFF5CCCAA48+40]\n\n", "trace": "  File \"D:\\git\\ui_test\\pageobject\\media_page.py\", line 75, in create_program_and_upload_media\n    self.upload_media_file(filepath)\n  File \"D:\\git\\ui_test\\pageobject\\media_page.py\", line 132, in upload_media_file\n    up_load_ele.send_keys(filepath)\n  File \"D:\\sw_install\\python-install\\lib\\site-packages\\selenium\\webdriver\\remote\\webelement.py\", line 231, in send_keys\n    self._execute(\n  File \"D:\\sw_install\\python-install\\lib\\site-packages\\selenium\\webdriver\\remote\\webelement.py\", line 395, in _execute\n    return self._parent.execute(command, params)\n  File \"D:\\sw_install\\python-install\\lib\\site-packages\\selenium\\webdriver\\remote\\webdriver.py\", line 348, in execute\n    self.error_handler.check_response(response)\n  File \"D:\\sw_install\\python-install\\lib\\site-packages\\selenium\\webdriver\\remote\\errorhandler.py\", line 229, in check_response\n    raise exception_class(message, screen, stacktrace)\n"}, "start": 1718845643968, "stop": 1718845645992}], "start": 1718845642178, "stop": 1718845645993}], "start": 1718845638197, "stop": 1718845645994, "uuid": "1a9c1661-67f7-4e68-ad07-6a6b1ec1eeb7", "historyId": "42836ce83a26067d3e8aa2904c8915bc", "testCaseId": "42836ce83a26067d3e8aa2904c8915bc", "fullName": "test_case.test_program_management.TestProgramManagement#test_create_relevance_program_accross", "labels": [{"name": "epic", "value": "项目hkc"}, {"name": "feature", "value": "program management"}, {"name": "tag", "value": "run(order=6)"}, {"name": "tag", "value": "@pytest.mark.usefixtures('program_management_set_up')"}, {"name": "parentSuite", "value": "test_case"}, {"name": "suite", "value": "test_program_management"}, {"name": "subSuite", "value": "TestProgramManagement"}, {"name": "host", "value": "hkc0208725"}, {"name": "thread", "value": "15792-MainThread"}, {"name": "framework", "value": "pytest"}, {"name": "language", "value": "cpython3"}, {"name": "package", "value": "test_case.test_program_management"}]}