{"uuid": "0b3cdb2a-87ef-49d5-8000-0cd6deb428e0", "children": ["4a19d90f-e4e2-4038-9c19-e1bbbd1210ea"], "befores": [{"name": "generate_one_program", "status": "broken", "statusDetails": {"message": "selenium.common.exceptions.NoSuchElementException: Message: no such element: Unable to locate element: {\"method\":\"xpath\",\"selector\":\"//div[@class=\"step-name\" and text()=\"选设备\"]\"}\n  (Session info: chrome=118.0.5993.118); For documentation on this error, please visit: https://www.selenium.dev/documentation/webdriver/troubleshooting/errors#no-such-element-exception\nStacktrace:\n\tGetHandleVerifier [0x00007FF6214D78A2+54818]\n\t(No symbol) [0x00007FF621446AD2]\n\t(No symbol) [0x00007FF6212FDA3B]\n\t(No symbol) [0x00007FF62133E4FC]\n\t(No symbol) [0x00007FF62133E67C]\n\t(No symbol) [0x00007FF621379627]\n\t(No symbol) [0x00007FF62135EAEF]\n\t(No symbol) [0x00007FF6213775A2]\n\t(No symbol) [0x00007FF62135E883]\n\t(No symbol) [0x00007FF621333691]\n\t(No symbol) [0x00007FF6213348D4]\n\tGetHandleVerifier [0x00007FF62183B9A2+3610402]\n\tGetHandleVerifier [0x00007FF621891870+3962352]\n\tGetHandleVerifier [0x00007FF621889D5F+3930847]\n\tGetHandleVerifier [0x00007FF621573656+693206]\n\t(No symbol) [0x00007FF621451638]\n\t(No symbol) [0x00007FF62144D944]\n\t(No symbol) [0x00007FF62144DA72]\n\t(No symbol) [0x00007FF62143E123]\n\tBaseThreadInitThunk [0x00007FFA3DBD257D+29]\n\tRtlUserThreadStart [0x00007FFA3E7AAF28+40]\n\n", "trace": "  File \"D:\\sw_install\\python-install\\lib\\site-packages\\pluggy\\_callers.py\", line 77, in _multicall\n    res = hook_impl.function(*args)\n  File \"D:\\sw_install\\python-install\\lib\\site-packages\\_pytest\\fixtures.py\", line 1130, in pytest_fixture_setup\n    result = call_fixture_func(fixturefunc, request, kwargs)\n  File \"D:\\sw_install\\python-install\\lib\\site-packages\\_pytest\\fixtures.py\", line 909, in call_fixture_func\n    fixture_result = fixturefunc(**kwargs)\n  File \"D:\\git\\ui_test\\test_case\\test_play_bill.py\", line 188, in generate_one_program\n    release_page.release_general_program()\n  File \"D:\\git\\ui_test\\pageobject\\release_page.py\", line 80, in release_general_program\n    clickable_ele = self.get_element('by_xpath,//div[@class=\"step-name\" and text()=\"选设备\"]')\n  File \"D:\\git\\ui_test\\basepage\\base_page.py\", line 245, in get_element\n    element = self.driver.find_element(By.XPATH, value=selector_value)\n  File \"D:\\sw_install\\python-install\\lib\\site-packages\\selenium\\webdriver\\remote\\webdriver.py\", line 742, in find_element\n    return self.execute(Command.FIND_ELEMENT, {\"using\": by, \"value\": value})[\"value\"]\n  File \"D:\\sw_install\\python-install\\lib\\site-packages\\selenium\\webdriver\\remote\\webdriver.py\", line 348, in execute\n    self.error_handler.check_response(response)\n  File \"D:\\sw_install\\python-install\\lib\\site-packages\\selenium\\webdriver\\remote\\errorhandler.py\", line 229, in check_response\n    raise exception_class(message, screen, stacktrace)\n"}, "steps": [{"name": "点击上传按钮", "status": "passed", "start": 1719813720920, "stop": 1719813721541}, {"name": "进行文件上传", "status": "passed", "start": 1719813721541, "stop": 1719813728617}, {"name": "当进度为100%时，则关闭上传弹框", "status": "passed", "start": 1719813728617, "stop": 1719813730799}, {"name": "点击选设备", "status": "passed", "start": 1719813733956, "stop": 1719813754538}, {"name": "选择一个设备", "status": "passed", "start": 1719813754538, "stop": 1719813775098}, {"name": "选完设备后，点击确定", "status": "passed", "start": 1719813775098, "stop": 1719813795694}, {"name": "发布普通节目", "status": "broken", "statusDetails": {"message": "selenium.common.exceptions.NoSuchElementException: Message: no such element: Unable to locate element: {\"method\":\"xpath\",\"selector\":\"//div[@class=\"step-name\" and text()=\"选设备\"]\"}\n  (Session info: chrome=118.0.5993.118); For documentation on this error, please visit: https://www.selenium.dev/documentation/webdriver/troubleshooting/errors#no-such-element-exception\nStacktrace:\n\tGetHandleVerifier [0x00007FF6214D78A2+54818]\n\t(No symbol) [0x00007FF621446AD2]\n\t(No symbol) [0x00007FF6212FDA3B]\n\t(No symbol) [0x00007FF62133E4FC]\n\t(No symbol) [0x00007FF62133E67C]\n\t(No symbol) [0x00007FF621379627]\n\t(No symbol) [0x00007FF62135EAEF]\n\t(No symbol) [0x00007FF6213775A2]\n\t(No symbol) [0x00007FF62135E883]\n\t(No symbol) [0x00007FF621333691]\n\t(No symbol) [0x00007FF6213348D4]\n\tGetHandleVerifier [0x00007FF62183B9A2+3610402]\n\tGetHandleVerifier [0x00007FF621891870+3962352]\n\tGetHandleVerifier [0x00007FF621889D5F+3930847]\n\tGetHandleVerifier [0x00007FF621573656+693206]\n\t(No symbol) [0x00007FF621451638]\n\t(No symbol) [0x00007FF62144D944]\n\t(No symbol) [0x00007FF62144DA72]\n\t(No symbol) [0x00007FF62143E123]\n\tBaseThreadInitThunk [0x00007FFA3DBD257D+29]\n\tRtlUserThreadStart [0x00007FFA3E7AAF28+40]\n\n", "trace": "  File \"D:\\git\\ui_test\\test_case\\test_play_bill.py\", line 188, in generate_one_program\n    release_page.release_general_program()\n  File \"D:\\git\\ui_test\\pageobject\\release_page.py\", line 80, in release_general_program\n    clickable_ele = self.get_element('by_xpath,//div[@class=\"step-name\" and text()=\"选设备\"]')\n  File \"D:\\git\\ui_test\\basepage\\base_page.py\", line 245, in get_element\n    element = self.driver.find_element(By.XPATH, value=selector_value)\n  File \"D:\\sw_install\\python-install\\lib\\site-packages\\selenium\\webdriver\\remote\\webdriver.py\", line 742, in find_element\n    return self.execute(Command.FIND_ELEMENT, {\"using\": by, \"value\": value})[\"value\"]\n  File \"D:\\sw_install\\python-install\\lib\\site-packages\\selenium\\webdriver\\remote\\webdriver.py\", line 348, in execute\n    self.error_handler.check_response(response)\n  File \"D:\\sw_install\\python-install\\lib\\site-packages\\selenium\\webdriver\\remote\\errorhandler.py\", line 229, in check_response\n    raise exception_class(message, screen, stacktrace)\n"}, "start": 1719813795694, "stop": 1719813836268}], "start": 1719813718678, "stop": 1719813836278}], "start": 1719813718678, "stop": 1719813836489}