{"uid":"e70103e96c4d5254","name":"插播字幕，输入随机内容","fullName":"test_case.test_terminal_center.TestTerminalCenter#test_insert_subtile_random_text","historyId":"16baf632259fef3893ba9e09c3701dd1","time":{"start":1721721894182,"stop":1721722066638,"duration":172456},"status":"broken","statusMessage":"selenium.common.exceptions.NoSuchElementException: Message: no such element: Unable to locate element: {\"method\":\"xpath\",\"selector\":\"//img[@title=\"更多\"]\"}\n  (Session info: chrome=118.0.5993.118); For documentation on this error, please visit: https://www.selenium.dev/documentation/webdriver/troubleshooting/errors#no-such-element-exception\nStacktrace:\n\tGetHandleVerifier [0x00007FF6487778A2+54818]\n\t(No symbol) [0x00007FF6486E6AD2]\n\t(No symbol) [0x00007FF64859DA3B]\n\t(No symbol) [0x00007FF6485DE4FC]\n\t(No symbol) [0x00007FF6485DE67C]\n\t(No symbol) [0x00007FF648619627]\n\t(No symbol) [0x00007FF6485FEAEF]\n\t(No symbol) [0x00007FF6486175A2]\n\t(No symbol) [0x00007FF6485FE883]\n\t(No symbol) [0x00007FF6485D3691]\n\t(No symbol) [0x00007FF6485D48D4]\n\tGetHandleVerifier [0x00007FF648ADB9A2+3610402]\n\tGetHandleVerifier [0x00007FF648B31870+3962352]\n\tGetHandleVerifier [0x00007FF648B29D5F+3930847]\n\tGetHandleVerifier [0x00007FF648813656+693206]\n\t(No symbol) [0x00007FF6486F1638]\n\t(No symbol) [0x00007FF6486ED944]\n\t(No symbol) [0x00007FF6486EDA72]\n\t(No symbol) [0x00007FF6486DE123]\n\tBaseThreadInitThunk [0x00007FF949A7257D+29]\n\tRtlUserThreadStart [0x00007FF949BCAF28+40]","statusTrace":"self = <test_case.test_terminal_center.TestTerminalCenter object at 0x0000024BE12EC790>\n\n    @pytest.mark.usefixtures('clear_terminal_list')\n    @allure.title(\"插播字幕，输入随机内容\")\n    @pytest.mark.run(order=28)\n    def test_insert_subtile_random_text(self):\n        terminal_page = self.terminal_page\n        random_text = random.randint(999, 9999999999)\n        # sql_execute()\n        with step(\"各种前提：\"):\n            time.sleep(0.5)\n            terminal_page.add_real_terminal()\n            time.sleep(0.5)\n>           terminal_page.click_more_button()\n\ntest_case\\test_terminal_center.py:637: \n_ _ _ _ _ _ _ _ _ _ _ _ _ _ _ _ _ _ _ _ _ _ _ _ _ _ _ _ _ _ _ _ _ _ _ _ _ _ _ _\npageobject\\terminal_page.py:378: in click_more_button\n    self.click_button(more_button_loca)\nbasepage\\base_page.py:412: in click_button\n    self.get_element(args).click()\nbasepage\\base_page.py:245: in get_element\n    element = self.driver.find_element(By.XPATH, value=selector_value)\nD:\\sw_install\\python-install\\lib\\site-packages\\selenium\\webdriver\\remote\\webdriver.py:742: in find_element\n    return self.execute(Command.FIND_ELEMENT, {\"using\": by, \"value\": value})[\"value\"]\nD:\\sw_install\\python-install\\lib\\site-packages\\selenium\\webdriver\\remote\\webdriver.py:348: in execute\n    self.error_handler.check_response(response)\n_ _ _ _ _ _ _ _ _ _ _ _ _ _ _ _ _ _ _ _ _ _ _ _ _ _ _ _ _ _ _ _ _ _ _ _ _ _ _ _\n\nself = <selenium.webdriver.remote.errorhandler.ErrorHandler object at 0x0000024BFF29DE40>\nresponse = {'status': 404, 'value': '{\"value\":{\"error\":\"no such element\",\"message\":\"no such element: Unable to locate element: {\\...07FF6486DE123]\\\\n\\\\tBaseThreadInitThunk [0x00007FF949A7257D+29]\\\\n\\\\tRtlUserThreadStart [0x00007FF949BCAF28+40]\\\\n\"}}'}\n\n    def check_response(self, response: Dict[str, Any]) -> None:\n        \"\"\"Checks that a JSON response from the WebDriver does not have an\n        error.\n    \n        :Args:\n         - response - The JSON response from the WebDriver server as a dictionary\n           object.\n    \n        :Raises: If the response contains an error message.\n        \"\"\"\n        status = response.get(\"status\", None)\n        if not status or status == ErrorCode.SUCCESS:\n            return\n        value = None\n        message = response.get(\"message\", \"\")\n        screen: str = response.get(\"screen\", \"\")\n        stacktrace = None\n        if isinstance(status, int):\n            value_json = response.get(\"value\", None)\n            if value_json and isinstance(value_json, str):\n                import json\n    \n                try:\n                    value = json.loads(value_json)\n                    if len(value) == 1:\n                        value = value[\"value\"]\n                    status = value.get(\"error\", None)\n                    if not status:\n                        status = value.get(\"status\", ErrorCode.UNKNOWN_ERROR)\n                        message = value.get(\"value\") or value.get(\"message\")\n                        if not isinstance(message, str):\n                            value = message\n                            message = message.get(\"message\")\n                    else:\n                        message = value.get(\"message\", None)\n                except ValueError:\n                    pass\n    \n        exception_class: Type[WebDriverException]\n        e = ErrorCode()\n        error_codes = [item for item in dir(e) if not item.startswith(\"__\")]\n        for error_code in error_codes:\n            error_info = getattr(ErrorCode, error_code)\n            if isinstance(error_info, list) and status in error_info:\n                exception_class = getattr(ExceptionMapping, error_code, WebDriverException)\n                break\n        else:\n            exception_class = WebDriverException\n    \n        if not value:\n            value = response[\"value\"]\n        if isinstance(value, str):\n            raise exception_class(value)\n        if message == \"\" and \"message\" in value:\n            message = value[\"message\"]\n    \n        screen = None  # type: ignore[assignment]\n        if \"screen\" in value:\n            screen = value[\"screen\"]\n    \n        stacktrace = None\n        st_value = value.get(\"stackTrace\") or value.get(\"stacktrace\")\n        if st_value:\n            if isinstance(st_value, str):\n                stacktrace = st_value.split(\"\\n\")\n            else:\n                stacktrace = []\n                try:\n                    for frame in st_value:\n                        line = frame.get(\"lineNumber\", \"\")\n                        file = frame.get(\"fileName\", \"<anonymous>\")\n                        if line:\n                            file = f\"{file}:{line}\"\n                        meth = frame.get(\"methodName\", \"<anonymous>\")\n                        if \"className\" in frame:\n                            meth = f\"{frame['className']}.{meth}\"\n                        msg = \"    at %s (%s)\"\n                        msg = msg % (meth, file)\n                        stacktrace.append(msg)\n                except TypeError:\n                    pass\n        if exception_class == UnexpectedAlertPresentException:\n            alert_text = None\n            if \"data\" in value:\n                alert_text = value[\"data\"].get(\"text\")\n            elif \"alert\" in value:\n                alert_text = value[\"alert\"].get(\"text\")\n            raise exception_class(message, screen, stacktrace, alert_text)  # type: ignore[call-arg]  # mypy is not smart enough here\n>       raise exception_class(message, screen, stacktrace)\nE       selenium.common.exceptions.NoSuchElementException: Message: no such element: Unable to locate element: {\"method\":\"xpath\",\"selector\":\"//img[@title=\"更多\"]\"}\nE         (Session info: chrome=118.0.5993.118); For documentation on this error, please visit: https://www.selenium.dev/documentation/webdriver/troubleshooting/errors#no-such-element-exception\nE       Stacktrace:\nE       \tGetHandleVerifier [0x00007FF6487778A2+54818]\nE       \t(No symbol) [0x00007FF6486E6AD2]\nE       \t(No symbol) [0x00007FF64859DA3B]\nE       \t(No symbol) [0x00007FF6485DE4FC]\nE       \t(No symbol) [0x00007FF6485DE67C]\nE       \t(No symbol) [0x00007FF648619627]\nE       \t(No symbol) [0x00007FF6485FEAEF]\nE       \t(No symbol) [0x00007FF6486175A2]\nE       \t(No symbol) [0x00007FF6485FE883]\nE       \t(No symbol) [0x00007FF6485D3691]\nE       \t(No symbol) [0x00007FF6485D48D4]\nE       \tGetHandleVerifier [0x00007FF648ADB9A2+3610402]\nE       \tGetHandleVerifier [0x00007FF648B31870+3962352]\nE       \tGetHandleVerifier [0x00007FF648B29D5F+3930847]\nE       \tGetHandleVerifier [0x00007FF648813656+693206]\nE       \t(No symbol) [0x00007FF6486F1638]\nE       \t(No symbol) [0x00007FF6486ED944]\nE       \t(No symbol) [0x00007FF6486EDA72]\nE       \t(No symbol) [0x00007FF6486DE123]\nE       \tBaseThreadInitThunk [0x00007FF949A7257D+29]\nE       \tRtlUserThreadStart [0x00007FF949BCAF28+40]\n\nD:\\sw_install\\python-install\\lib\\site-packages\\selenium\\webdriver\\remote\\errorhandler.py:229: NoSuchElementException","flaky":false,"newFailed":false,"newBroken":false,"newPassed":false,"retriesCount":0,"retriesStatusChange":false,"beforeStages":[{"name":"_session_faker","time":{"start":1721720558536,"stop":1721720558689,"duration":153},"status":"passed","steps":[],"attachments":[],"parameters":[],"hasContent":false,"stepsCount":0,"attachmentsCount":0,"shouldDisplayMessage":false},{"name":"env","time":{"start":1721720558689,"stop":1721720558690,"duration":1},"status":"passed","steps":[],"attachments":[],"parameters":[],"hasContent":false,"stepsCount":0,"attachmentsCount":0,"shouldDisplayMessage":false},{"name":"driver","time":{"start":1721720558690,"stop":1721720569251,"duration":10561},"status":"passed","steps":[],"attachments":[],"parameters":[],"hasContent":false,"stepsCount":0,"attachmentsCount":0,"shouldDisplayMessage":false},{"name":"set_up_org","time":{"start":1721720569252,"stop":1721720570592,"duration":1340},"status":"passed","steps":[],"attachments":[],"parameters":[],"hasContent":false,"stepsCount":0,"attachmentsCount":0,"shouldDisplayMessage":false},{"name":"sys_page","time":{"start":1721720570594,"stop":1721720570595,"duration":1},"status":"passed","steps":[],"attachments":[],"parameters":[],"hasContent":false,"stepsCount":0,"attachmentsCount":0,"shouldDisplayMessage":false},{"name":"terminal_page","time":{"start":1721720570595,"stop":1721720570595,"duration":0},"status":"passed","steps":[],"attachments":[],"parameters":[],"hasContent":false,"stepsCount":0,"attachmentsCount":0,"shouldDisplayMessage":false},{"name":"clear_terminal_list","time":{"start":1721721892943,"stop":1721721894181,"duration":1238},"status":"passed","steps":[],"attachments":[],"parameters":[],"hasContent":false,"stepsCount":0,"attachmentsCount":0,"shouldDisplayMessage":false}],"testStage":{"status":"broken","statusMessage":"selenium.common.exceptions.NoSuchElementException: Message: no such element: Unable to locate element: {\"method\":\"xpath\",\"selector\":\"//img[@title=\"更多\"]\"}\n  (Session info: chrome=118.0.5993.118); For documentation on this error, please visit: https://www.selenium.dev/documentation/webdriver/troubleshooting/errors#no-such-element-exception\nStacktrace:\n\tGetHandleVerifier [0x00007FF6487778A2+54818]\n\t(No symbol) [0x00007FF6486E6AD2]\n\t(No symbol) [0x00007FF64859DA3B]\n\t(No symbol) [0x00007FF6485DE4FC]\n\t(No symbol) [0x00007FF6485DE67C]\n\t(No symbol) [0x00007FF648619627]\n\t(No symbol) [0x00007FF6485FEAEF]\n\t(No symbol) [0x00007FF6486175A2]\n\t(No symbol) [0x00007FF6485FE883]\n\t(No symbol) [0x00007FF6485D3691]\n\t(No symbol) [0x00007FF6485D48D4]\n\tGetHandleVerifier [0x00007FF648ADB9A2+3610402]\n\tGetHandleVerifier [0x00007FF648B31870+3962352]\n\tGetHandleVerifier [0x00007FF648B29D5F+3930847]\n\tGetHandleVerifier [0x00007FF648813656+693206]\n\t(No symbol) [0x00007FF6486F1638]\n\t(No symbol) [0x00007FF6486ED944]\n\t(No symbol) [0x00007FF6486EDA72]\n\t(No symbol) [0x00007FF6486DE123]\n\tBaseThreadInitThunk [0x00007FF949A7257D+29]\n\tRtlUserThreadStart [0x00007FF949BCAF28+40]","statusTrace":"self = <test_case.test_terminal_center.TestTerminalCenter object at 0x0000024BE12EC790>\n\n    @pytest.mark.usefixtures('clear_terminal_list')\n    @allure.title(\"插播字幕，输入随机内容\")\n    @pytest.mark.run(order=28)\n    def test_insert_subtile_random_text(self):\n        terminal_page = self.terminal_page\n        random_text = random.randint(999, 9999999999)\n        # sql_execute()\n        with step(\"各种前提：\"):\n            time.sleep(0.5)\n            terminal_page.add_real_terminal()\n            time.sleep(0.5)\n>           terminal_page.click_more_button()\n\ntest_case\\test_terminal_center.py:637: \n_ _ _ _ _ _ _ _ _ _ _ _ _ _ _ _ _ _ _ _ _ _ _ _ _ _ _ _ _ _ _ _ _ _ _ _ _ _ _ _\npageobject\\terminal_page.py:378: in click_more_button\n    self.click_button(more_button_loca)\nbasepage\\base_page.py:412: in click_button\n    self.get_element(args).click()\nbasepage\\base_page.py:245: in get_element\n    element = self.driver.find_element(By.XPATH, value=selector_value)\nD:\\sw_install\\python-install\\lib\\site-packages\\selenium\\webdriver\\remote\\webdriver.py:742: in find_element\n    return self.execute(Command.FIND_ELEMENT, {\"using\": by, \"value\": value})[\"value\"]\nD:\\sw_install\\python-install\\lib\\site-packages\\selenium\\webdriver\\remote\\webdriver.py:348: in execute\n    self.error_handler.check_response(response)\n_ _ _ _ _ _ _ _ _ _ _ _ _ _ _ _ _ _ _ _ _ _ _ _ _ _ _ _ _ _ _ _ _ _ _ _ _ _ _ _\n\nself = <selenium.webdriver.remote.errorhandler.ErrorHandler object at 0x0000024BFF29DE40>\nresponse = {'status': 404, 'value': '{\"value\":{\"error\":\"no such element\",\"message\":\"no such element: Unable to locate element: {\\...07FF6486DE123]\\\\n\\\\tBaseThreadInitThunk [0x00007FF949A7257D+29]\\\\n\\\\tRtlUserThreadStart [0x00007FF949BCAF28+40]\\\\n\"}}'}\n\n    def check_response(self, response: Dict[str, Any]) -> None:\n        \"\"\"Checks that a JSON response from the WebDriver does not have an\n        error.\n    \n        :Args:\n         - response - The JSON response from the WebDriver server as a dictionary\n           object.\n    \n        :Raises: If the response contains an error message.\n        \"\"\"\n        status = response.get(\"status\", None)\n        if not status or status == ErrorCode.SUCCESS:\n            return\n        value = None\n        message = response.get(\"message\", \"\")\n        screen: str = response.get(\"screen\", \"\")\n        stacktrace = None\n        if isinstance(status, int):\n            value_json = response.get(\"value\", None)\n            if value_json and isinstance(value_json, str):\n                import json\n    \n                try:\n                    value = json.loads(value_json)\n                    if len(value) == 1:\n                        value = value[\"value\"]\n                    status = value.get(\"error\", None)\n                    if not status:\n                        status = value.get(\"status\", ErrorCode.UNKNOWN_ERROR)\n                        message = value.get(\"value\") or value.get(\"message\")\n                        if not isinstance(message, str):\n                            value = message\n                            message = message.get(\"message\")\n                    else:\n                        message = value.get(\"message\", None)\n                except ValueError:\n                    pass\n    \n        exception_class: Type[WebDriverException]\n        e = ErrorCode()\n        error_codes = [item for item in dir(e) if not item.startswith(\"__\")]\n        for error_code in error_codes:\n            error_info = getattr(ErrorCode, error_code)\n            if isinstance(error_info, list) and status in error_info:\n                exception_class = getattr(ExceptionMapping, error_code, WebDriverException)\n                break\n        else:\n            exception_class = WebDriverException\n    \n        if not value:\n            value = response[\"value\"]\n        if isinstance(value, str):\n            raise exception_class(value)\n        if message == \"\" and \"message\" in value:\n            message = value[\"message\"]\n    \n        screen = None  # type: ignore[assignment]\n        if \"screen\" in value:\n            screen = value[\"screen\"]\n    \n        stacktrace = None\n        st_value = value.get(\"stackTrace\") or value.get(\"stacktrace\")\n        if st_value:\n            if isinstance(st_value, str):\n                stacktrace = st_value.split(\"\\n\")\n            else:\n                stacktrace = []\n                try:\n                    for frame in st_value:\n                        line = frame.get(\"lineNumber\", \"\")\n                        file = frame.get(\"fileName\", \"<anonymous>\")\n                        if line:\n                            file = f\"{file}:{line}\"\n                        meth = frame.get(\"methodName\", \"<anonymous>\")\n                        if \"className\" in frame:\n                            meth = f\"{frame['className']}.{meth}\"\n                        msg = \"    at %s (%s)\"\n                        msg = msg % (meth, file)\n                        stacktrace.append(msg)\n                except TypeError:\n                    pass\n        if exception_class == UnexpectedAlertPresentException:\n            alert_text = None\n            if \"data\" in value:\n                alert_text = value[\"data\"].get(\"text\")\n            elif \"alert\" in value:\n                alert_text = value[\"alert\"].get(\"text\")\n            raise exception_class(message, screen, stacktrace, alert_text)  # type: ignore[call-arg]  # mypy is not smart enough here\n>       raise exception_class(message, screen, stacktrace)\nE       selenium.common.exceptions.NoSuchElementException: Message: no such element: Unable to locate element: {\"method\":\"xpath\",\"selector\":\"//img[@title=\"更多\"]\"}\nE         (Session info: chrome=118.0.5993.118); For documentation on this error, please visit: https://www.selenium.dev/documentation/webdriver/troubleshooting/errors#no-such-element-exception\nE       Stacktrace:\nE       \tGetHandleVerifier [0x00007FF6487778A2+54818]\nE       \t(No symbol) [0x00007FF6486E6AD2]\nE       \t(No symbol) [0x00007FF64859DA3B]\nE       \t(No symbol) [0x00007FF6485DE4FC]\nE       \t(No symbol) [0x00007FF6485DE67C]\nE       \t(No symbol) [0x00007FF648619627]\nE       \t(No symbol) [0x00007FF6485FEAEF]\nE       \t(No symbol) [0x00007FF6486175A2]\nE       \t(No symbol) [0x00007FF6485FE883]\nE       \t(No symbol) [0x00007FF6485D3691]\nE       \t(No symbol) [0x00007FF6485D48D4]\nE       \tGetHandleVerifier [0x00007FF648ADB9A2+3610402]\nE       \tGetHandleVerifier [0x00007FF648B31870+3962352]\nE       \tGetHandleVerifier [0x00007FF648B29D5F+3930847]\nE       \tGetHandleVerifier [0x00007FF648813656+693206]\nE       \t(No symbol) [0x00007FF6486F1638]\nE       \t(No symbol) [0x00007FF6486ED944]\nE       \t(No symbol) [0x00007FF6486EDA72]\nE       \t(No symbol) [0x00007FF6486DE123]\nE       \tBaseThreadInitThunk [0x00007FF949A7257D+29]\nE       \tRtlUserThreadStart [0x00007FF949BCAF28+40]\n\nD:\\sw_install\\python-install\\lib\\site-packages\\selenium\\webdriver\\remote\\errorhandler.py:229: NoSuchElementException","steps":[{"name":"各种前提：","time":{"start":1721721894182,"stop":1721722066637,"duration":172455},"status":"broken","statusMessage":"selenium.common.exceptions.NoSuchElementException: Message: no such element: Unable to locate element: {\"method\":\"xpath\",\"selector\":\"//img[@title=\"更多\"]\"}\n  (Session info: chrome=118.0.5993.118); For documentation on this error, please visit: https://www.selenium.dev/documentation/webdriver/troubleshooting/errors#no-such-element-exception\nStacktrace:\n\tGetHandleVerifier [0x00007FF6487778A2+54818]\n\t(No symbol) [0x00007FF6486E6AD2]\n\t(No symbol) [0x00007FF64859DA3B]\n\t(No symbol) [0x00007FF6485DE4FC]\n\t(No symbol) [0x00007FF6485DE67C]\n\t(No symbol) [0x00007FF648619627]\n\t(No symbol) [0x00007FF6485FEAEF]\n\t(No symbol) [0x00007FF6486175A2]\n\t(No symbol) [0x00007FF6485FE883]\n\t(No symbol) [0x00007FF6485D3691]\n\t(No symbol) [0x00007FF6485D48D4]\n\tGetHandleVerifier [0x00007FF648ADB9A2+3610402]\n\tGetHandleVerifier [0x00007FF648B31870+3962352]\n\tGetHandleVerifier [0x00007FF648B29D5F+3930847]\n\tGetHandleVerifier [0x00007FF648813656+693206]\n\t(No symbol) [0x00007FF6486F1638]\n\t(No symbol) [0x00007FF6486ED944]\n\t(No symbol) [0x00007FF6486EDA72]\n\t(No symbol) [0x00007FF6486DE123]\n\tBaseThreadInitThunk [0x00007FF949A7257D+29]\n\tRtlUserThreadStart [0x00007FF949BCAF28+40]\n\n","statusTrace":"  File \"D:\\git\\ui_test\\test_case\\test_terminal_center.py\", line 637, in test_insert_subtile_random_text\n    terminal_page.click_more_button()\n  File \"D:\\git\\ui_test\\pageobject\\terminal_page.py\", line 378, in click_more_button\n    self.click_button(more_button_loca)\n  File \"D:\\git\\ui_test\\basepage\\base_page.py\", line 412, in click_button\n    self.get_element(args).click()\n  File \"D:\\git\\ui_test\\basepage\\base_page.py\", line 245, in get_element\n    element = self.driver.find_element(By.XPATH, value=selector_value)\n  File \"D:\\sw_install\\python-install\\lib\\site-packages\\selenium\\webdriver\\remote\\webdriver.py\", line 742, in find_element\n    return self.execute(Command.FIND_ELEMENT, {\"using\": by, \"value\": value})[\"value\"]\n  File \"D:\\sw_install\\python-install\\lib\\site-packages\\selenium\\webdriver\\remote\\webdriver.py\", line 348, in execute\n    self.error_handler.check_response(response)\n  File \"D:\\sw_install\\python-install\\lib\\site-packages\\selenium\\webdriver\\remote\\errorhandler.py\", line 229, in check_response\n    raise exception_class(message, screen, stacktrace)\n","steps":[{"name":"进入设备中心","time":{"start":1721721895119,"stop":1721721896032,"duration":913},"status":"passed","steps":[],"attachments":[],"parameters":[],"hasContent":false,"stepsCount":0,"attachmentsCount":0,"shouldDisplayMessage":false},{"name":"点击设备接入","time":{"start":1721721896032,"stop":1721721897263,"duration":1231},"status":"passed","steps":[],"attachments":[],"parameters":[],"hasContent":false,"stepsCount":0,"attachmentsCount":0,"shouldDisplayMessage":false},{"name":"输入设备sn码","time":{"start":1721721897263,"stop":1721721898028,"duration":765},"status":"passed","steps":[],"attachments":[],"parameters":[],"hasContent":false,"stepsCount":0,"attachmentsCount":0,"shouldDisplayMessage":false},{"name":"输入设备名称","time":{"start":1721721898028,"stop":1721721898683,"duration":655},"status":"passed","steps":[],"attachments":[],"parameters":[],"hasContent":false,"stepsCount":0,"attachmentsCount":0,"shouldDisplayMessage":false},{"name":"先点击所属机构","time":{"start":1721721898683,"stop":1721721899321,"duration":638},"status":"passed","steps":[],"attachments":[],"parameters":[],"hasContent":false,"stepsCount":0,"attachmentsCount":0,"shouldDisplayMessage":false},{"name":"在下拉框展开组织架构","time":{"start":1721721899321,"stop":1721721908247,"duration":8926},"status":"passed","steps":[],"attachments":[],"parameters":[],"hasContent":false,"stepsCount":0,"attachmentsCount":0,"shouldDisplayMessage":false},{"name":"在下拉框进行选择","time":{"start":1721721908247,"stop":1721721930275,"duration":22028},"status":"passed","steps":[],"attachments":[],"parameters":[],"hasContent":false,"stepsCount":0,"attachmentsCount":0,"shouldDisplayMessage":false},{"name":"点击保存按钮","time":{"start":1721721930275,"stop":1721721970621,"duration":40346},"status":"passed","steps":[],"attachments":[],"parameters":[],"hasContent":false,"stepsCount":0,"attachmentsCount":0,"shouldDisplayMessage":false},{"name":"点击设备接入","time":{"start":1721721971551,"stop":1721721972759,"duration":1208},"status":"passed","steps":[],"attachments":[],"parameters":[],"hasContent":false,"stepsCount":0,"attachmentsCount":0,"shouldDisplayMessage":false},{"name":"输入设备sn码","time":{"start":1721721972759,"stop":1721721973495,"duration":736},"status":"passed","steps":[],"attachments":[],"parameters":[],"hasContent":false,"stepsCount":0,"attachmentsCount":0,"shouldDisplayMessage":false},{"name":"输入设备名称","time":{"start":1721721973495,"stop":1721721974180,"duration":685},"status":"passed","steps":[],"attachments":[],"parameters":[],"hasContent":false,"stepsCount":0,"attachmentsCount":0,"shouldDisplayMessage":false},{"name":"先点击所属机构","time":{"start":1721721974180,"stop":1721721974820,"duration":640},"status":"passed","steps":[],"attachments":[],"parameters":[],"hasContent":false,"stepsCount":0,"attachmentsCount":0,"shouldDisplayMessage":false},{"name":"在下拉框展开组织架构","time":{"start":1721721974820,"stop":1721721983751,"duration":8931},"status":"passed","steps":[],"attachments":[],"parameters":[],"hasContent":false,"stepsCount":0,"attachmentsCount":0,"shouldDisplayMessage":false},{"name":"在下拉框进行选择","time":{"start":1721721983751,"stop":1721722005821,"duration":22070},"status":"passed","steps":[],"attachments":[],"parameters":[],"hasContent":false,"stepsCount":0,"attachmentsCount":0,"shouldDisplayMessage":false},{"name":"点击保存按钮","time":{"start":1721722005821,"stop":1721722046132,"duration":40311},"status":"passed","steps":[],"attachments":[],"parameters":[],"hasContent":false,"stepsCount":0,"attachmentsCount":0,"shouldDisplayMessage":false}],"attachments":[],"parameters":[],"hasContent":true,"stepsCount":15,"attachmentsCount":0,"shouldDisplayMessage":true}],"attachments":[],"parameters":[],"hasContent":true,"stepsCount":16,"attachmentsCount":0,"shouldDisplayMessage":true},"afterStages":[{"name":"terminal_page::0","time":{"start":1721723140080,"stop":1721723140080,"duration":0},"status":"passed","steps":[],"attachments":[],"parameters":[],"hasContent":false,"stepsCount":0,"attachmentsCount":0,"shouldDisplayMessage":false},{"name":"sys_page::0","time":{"start":1721723140084,"stop":1721723140084,"duration":0},"status":"passed","steps":[],"attachments":[],"parameters":[],"hasContent":false,"stepsCount":0,"attachmentsCount":0,"shouldDisplayMessage":false},{"name":"driver::0","time":{"start":1721723140091,"stop":1721723148632,"duration":8541},"status":"passed","steps":[],"attachments":[],"parameters":[],"hasContent":false,"stepsCount":0,"attachmentsCount":0,"shouldDisplayMessage":false}],"labels":[{"name":"feature","value":"terminal_center"},{"name":"epic","value":"项目hkc"},{"name":"tag","value":"run(order=28)"},{"name":"tag","value":"@pytest.mark.usefixtures('clear_terminal_list')"},{"name":"parentSuite","value":"test_case"},{"name":"suite","value":"test_terminal_center"},{"name":"subSuite","value":"TestTerminalCenter"},{"name":"host","value":"hkc0208725"},{"name":"thread","value":"12856-MainThread"},{"name":"framework","value":"pytest"},{"name":"language","value":"cpython3"},{"name":"package","value":"test_case.test_terminal_center"},{"name":"resultFormat","value":"allure2"}],"parameters":[],"links":[],"hidden":false,"retry":false,"extra":{"severity":"normal","retries":[],"categories":[{"name":"Test defects","matchedStatuses":[],"flaky":false}],"tags":["run(order=28)","@pytest.mark.usefixtures('clear_terminal_list')"]},"source":"e70103e96c4d5254.json","parameterValues":[]}