{"name": "插播字幕，输入随机内容", "status": "broken", "statusDetails": {"message": "selenium.common.exceptions.NoSuchElementException: Message: no such element: Unable to locate element: {\"method\":\"xpath\",\"selector\":\"//img[@title=\"更多\"]\"}\n  (Session info: chrome=118.0.5993.118); For documentation on this error, please visit: https://www.selenium.dev/documentation/webdriver/troubleshooting/errors#no-such-element-exception\nStacktrace:\n\tGetHandleVerifier [0x00007FF7AD5678A2+54818]\n\t(No symbol) [0x00007FF7AD4D6AD2]\n\t(No symbol) [0x00007FF7AD38DA3B]\n\t(No symbol) [0x00007FF7AD3CE4FC]\n\t(No symbol) [0x00007FF7AD3CE67C]\n\t(No symbol) [0x00007FF7AD409627]\n\t(No symbol) [0x00007FF7AD3EEAEF]\n\t(No symbol) [0x00007FF7AD4075A2]\n\t(No symbol) [0x00007FF7AD3EE883]\n\t(No symbol) [0x00007FF7AD3C3691]\n\t(No symbol) [0x00007FF7AD3C48D4]\n\tGetHandleVerifier [0x00007FF7AD8CB9A2+3610402]\n\tGetHandleVerifier [0x00007FF7AD921870+3962352]\n\tGetHandleVerifier [0x00007FF7AD919D5F+3930847]\n\tGetHandleVerifier [0x00007FF7AD603656+693206]\n\t(No symbol) [0x00007FF7AD4E1638]\n\t(No symbol) [0x00007FF7AD4DD944]\n\t(No symbol) [0x00007FF7AD4DDA72]\n\t(No symbol) [0x00007FF7AD4CE123]\n\tBaseThreadInitThunk [0x00007FFF5C2B257D+29]\n\tRtlUserThreadStart [0x00007FFF5CCCAA48+40]", "trace": "self = <test_case.test_terminal_center.TestTerminalCenter object at 0x000001782E5C6830>\n\n    @pytest.mark.usefixtures('clear_terminal_list')\n    @allure.title(\"插播字幕，输入随机内容\")\n    @pytest.mark.run(order=28)\n    def test_insert_subtile_random_text(self):\n        terminal_page = self.terminal_page\n        random_text = random.randint(999, 9999999999)\n        # sql_execute()\n        with step(\"各种前提：\"):\n            time.sleep(0.5)\n            terminal_page.add_real_terminal()\n            time.sleep(0.5)\n>           terminal_page.click_more_button()\n\ntest_case\\test_terminal_center.py:642: \n_ _ _ _ _ _ _ _ _ _ _ _ _ _ _ _ _ _ _ _ _ _ _ _ _ _ _ _ _ _ _ _ _ _ _ _ _ _ _ _\npageobject\\terminal_page.py:378: in click_more_button\n    self.click_button(more_button_loca)\nbasepage\\base_page.py:412: in click_button\n    self.get_element(args).click()\nbasepage\\base_page.py:245: in get_element\n    element = self.driver.find_element(By.XPATH, value=selector_value)\nD:\\sw_install\\python-install\\lib\\site-packages\\selenium\\webdriver\\remote\\webdriver.py:742: in find_element\n    return self.execute(Command.FIND_ELEMENT, {\"using\": by, \"value\": value})[\"value\"]\nD:\\sw_install\\python-install\\lib\\site-packages\\selenium\\webdriver\\remote\\webdriver.py:348: in execute\n    self.error_handler.check_response(response)\n_ _ _ _ _ _ _ _ _ _ _ _ _ _ _ _ _ _ _ _ _ _ _ _ _ _ _ _ _ _ _ _ _ _ _ _ _ _ _ _\n\nself = <selenium.webdriver.remote.errorhandler.ErrorHandler object at 0x00000178550645E0>\nresponse = {'status': 404, 'value': '{\"value\":{\"error\":\"no such element\",\"message\":\"no such element: Unable to locate element: {\\...07FF7AD4CE123]\\\\n\\\\tBaseThreadInitThunk [0x00007FFF5C2B257D+29]\\\\n\\\\tRtlUserThreadStart [0x00007FFF5CCCAA48+40]\\\\n\"}}'}\n\n    def check_response(self, response: Dict[str, Any]) -> None:\n        \"\"\"Checks that a JSON response from the WebDriver does not have an\n        error.\n    \n        :Args:\n         - response - The JSON response from the WebDriver server as a dictionary\n           object.\n    \n        :Raises: If the response contains an error message.\n        \"\"\"\n        status = response.get(\"status\", None)\n        if not status or status == ErrorCode.SUCCESS:\n            return\n        value = None\n        message = response.get(\"message\", \"\")\n        screen: str = response.get(\"screen\", \"\")\n        stacktrace = None\n        if isinstance(status, int):\n            value_json = response.get(\"value\", None)\n            if value_json and isinstance(value_json, str):\n                import json\n    \n                try:\n                    value = json.loads(value_json)\n                    if len(value) == 1:\n                        value = value[\"value\"]\n                    status = value.get(\"error\", None)\n                    if not status:\n                        status = value.get(\"status\", ErrorCode.UNKNOWN_ERROR)\n                        message = value.get(\"value\") or value.get(\"message\")\n                        if not isinstance(message, str):\n                            value = message\n                            message = message.get(\"message\")\n                    else:\n                        message = value.get(\"message\", None)\n                except ValueError:\n                    pass\n    \n        exception_class: Type[WebDriverException]\n        e = ErrorCode()\n        error_codes = [item for item in dir(e) if not item.startswith(\"__\")]\n        for error_code in error_codes:\n            error_info = getattr(ErrorCode, error_code)\n            if isinstance(error_info, list) and status in error_info:\n                exception_class = getattr(ExceptionMapping, error_code, WebDriverException)\n                break\n        else:\n            exception_class = WebDriverException\n    \n        if not value:\n            value = response[\"value\"]\n        if isinstance(value, str):\n            raise exception_class(value)\n        if message == \"\" and \"message\" in value:\n            message = value[\"message\"]\n    \n        screen = None  # type: ignore[assignment]\n        if \"screen\" in value:\n            screen = value[\"screen\"]\n    \n        stacktrace = None\n        st_value = value.get(\"stackTrace\") or value.get(\"stacktrace\")\n        if st_value:\n            if isinstance(st_value, str):\n                stacktrace = st_value.split(\"\\n\")\n            else:\n                stacktrace = []\n                try:\n                    for frame in st_value:\n                        line = frame.get(\"lineNumber\", \"\")\n                        file = frame.get(\"fileName\", \"<anonymous>\")\n                        if line:\n                            file = f\"{file}:{line}\"\n                        meth = frame.get(\"methodName\", \"<anonymous>\")\n                        if \"className\" in frame:\n                            meth = f\"{frame['className']}.{meth}\"\n                        msg = \"    at %s (%s)\"\n                        msg = msg % (meth, file)\n                        stacktrace.append(msg)\n                except TypeError:\n                    pass\n        if exception_class == UnexpectedAlertPresentException:\n            alert_text = None\n            if \"data\" in value:\n                alert_text = value[\"data\"].get(\"text\")\n            elif \"alert\" in value:\n                alert_text = value[\"alert\"].get(\"text\")\n            raise exception_class(message, screen, stacktrace, alert_text)  # type: ignore[call-arg]  # mypy is not smart enough here\n>       raise exception_class(message, screen, stacktrace)\nE       selenium.common.exceptions.NoSuchElementException: Message: no such element: Unable to locate element: {\"method\":\"xpath\",\"selector\":\"//img[@title=\"更多\"]\"}\nE         (Session info: chrome=118.0.5993.118); For documentation on this error, please visit: https://www.selenium.dev/documentation/webdriver/troubleshooting/errors#no-such-element-exception\nE       Stacktrace:\nE       \tGetHandleVerifier [0x00007FF7AD5678A2+54818]\nE       \t(No symbol) [0x00007FF7AD4D6AD2]\nE       \t(No symbol) [0x00007FF7AD38DA3B]\nE       \t(No symbol) [0x00007FF7AD3CE4FC]\nE       \t(No symbol) [0x00007FF7AD3CE67C]\nE       \t(No symbol) [0x00007FF7AD409627]\nE       \t(No symbol) [0x00007FF7AD3EEAEF]\nE       \t(No symbol) [0x00007FF7AD4075A2]\nE       \t(No symbol) [0x00007FF7AD3EE883]\nE       \t(No symbol) [0x00007FF7AD3C3691]\nE       \t(No symbol) [0x00007FF7AD3C48D4]\nE       \tGetHandleVerifier [0x00007FF7AD8CB9A2+3610402]\nE       \tGetHandleVerifier [0x00007FF7AD921870+3962352]\nE       \tGetHandleVerifier [0x00007FF7AD919D5F+3930847]\nE       \tGetHandleVerifier [0x00007FF7AD603656+693206]\nE       \t(No symbol) [0x00007FF7AD4E1638]\nE       \t(No symbol) [0x00007FF7AD4DD944]\nE       \t(No symbol) [0x00007FF7AD4DDA72]\nE       \t(No symbol) [0x00007FF7AD4CE123]\nE       \tBaseThreadInitThunk [0x00007FFF5C2B257D+29]\nE       \tRtlUserThreadStart [0x00007FFF5CCCAA48+40]\n\nD:\\sw_install\\python-install\\lib\\site-packages\\selenium\\webdriver\\remote\\errorhandler.py:229: NoSuchElementException"}, "steps": [{"name": "各种前提：", "status": "broken", "statusDetails": {"message": "selenium.common.exceptions.NoSuchElementException: Message: no such element: Unable to locate element: {\"method\":\"xpath\",\"selector\":\"//img[@title=\"更多\"]\"}\n  (Session info: chrome=118.0.5993.118); For documentation on this error, please visit: https://www.selenium.dev/documentation/webdriver/troubleshooting/errors#no-such-element-exception\nStacktrace:\n\tGetHandleVerifier [0x00007FF7AD5678A2+54818]\n\t(No symbol) [0x00007FF7AD4D6AD2]\n\t(No symbol) [0x00007FF7AD38DA3B]\n\t(No symbol) [0x00007FF7AD3CE4FC]\n\t(No symbol) [0x00007FF7AD3CE67C]\n\t(No symbol) [0x00007FF7AD409627]\n\t(No symbol) [0x00007FF7AD3EEAEF]\n\t(No symbol) [0x00007FF7AD4075A2]\n\t(No symbol) [0x00007FF7AD3EE883]\n\t(No symbol) [0x00007FF7AD3C3691]\n\t(No symbol) [0x00007FF7AD3C48D4]\n\tGetHandleVerifier [0x00007FF7AD8CB9A2+3610402]\n\tGetHandleVerifier [0x00007FF7AD921870+3962352]\n\tGetHandleVerifier [0x00007FF7AD919D5F+3930847]\n\tGetHandleVerifier [0x00007FF7AD603656+693206]\n\t(No symbol) [0x00007FF7AD4E1638]\n\t(No symbol) [0x00007FF7AD4DD944]\n\t(No symbol) [0x00007FF7AD4DDA72]\n\t(No symbol) [0x00007FF7AD4CE123]\n\tBaseThreadInitThunk [0x00007FFF5C2B257D+29]\n\tRtlUserThreadStart [0x00007FFF5CCCAA48+40]\n\n", "trace": "  File \"D:\\git\\ui_test\\test_case\\test_terminal_center.py\", line 642, in test_insert_subtile_random_text\n    terminal_page.click_more_button()\n  File \"D:\\git\\ui_test\\pageobject\\terminal_page.py\", line 378, in click_more_button\n    self.click_button(more_button_loca)\n  File \"D:\\git\\ui_test\\basepage\\base_page.py\", line 412, in click_button\n    self.get_element(args).click()\n  File \"D:\\git\\ui_test\\basepage\\base_page.py\", line 245, in get_element\n    element = self.driver.find_element(By.XPATH, value=selector_value)\n  File \"D:\\sw_install\\python-install\\lib\\site-packages\\selenium\\webdriver\\remote\\webdriver.py\", line 742, in find_element\n    return self.execute(Command.FIND_ELEMENT, {\"using\": by, \"value\": value})[\"value\"]\n  File \"D:\\sw_install\\python-install\\lib\\site-packages\\selenium\\webdriver\\remote\\webdriver.py\", line 348, in execute\n    self.error_handler.check_response(response)\n  File \"D:\\sw_install\\python-install\\lib\\site-packages\\selenium\\webdriver\\remote\\errorhandler.py\", line 229, in check_response\n    raise exception_class(message, screen, stacktrace)\n"}, "steps": [{"name": "进入设备中心", "status": "passed", "start": 1718603622706, "stop": 1718603623861}, {"name": "点击设备接入", "status": "passed", "start": 1718603623861, "stop": 1718603625039}, {"name": "输入设备sn码", "status": "passed", "start": 1718603625039, "stop": 1718603625741}, {"name": "输入设备名称", "status": "passed", "start": 1718603625741, "stop": 1718603626398}, {"name": "先点击所属机构", "status": "passed", "start": 1718603626398, "stop": 1718603627051}, {"name": "在下拉框展开组织架构", "status": "passed", "start": 1718603627051, "stop": 1718603636004}, {"name": "在下拉框进行选择", "status": "passed", "start": 1718603636004, "stop": 1718603658051}, {"name": "点击保存按钮", "status": "passed", "start": 1718603658051, "stop": 1718603698375}, {"name": "点击设备接入", "status": "passed", "start": 1718603699427, "stop": 1718603700648}, {"name": "输入设备sn码", "status": "passed", "start": 1718603700648, "stop": 1718603701518}, {"name": "输入设备名称", "status": "passed", "start": 1718603701518, "stop": 1718603702180}, {"name": "先点击所属机构", "status": "passed", "start": 1718603702180, "stop": 1718603702819}, {"name": "在下拉框展开组织架构", "status": "passed", "start": 1718603702819, "stop": 1718603711645}, {"name": "在下拉框进行选择", "status": "passed", "start": 1718603711645, "stop": 1718603733694}, {"name": "点击保存按钮", "status": "passed", "start": 1718603733694, "stop": 1718603774035}], "start": 1718603622059, "stop": 1718603794583}], "start": 1718603622058, "stop": 1718603794583, "uuid": "31bc435c-a699-49d5-8621-e16bd64f28ff", "historyId": "16baf632259fef3893ba9e09c3701dd1", "testCaseId": "16baf632259fef3893ba9e09c3701dd1", "fullName": "test_case.test_terminal_center.TestTerminalCenter#test_insert_subtile_random_text", "labels": [{"name": "epic", "value": "项目hkc"}, {"name": "feature", "value": "terminal_center"}, {"name": "tag", "value": "run(order=28)"}, {"name": "tag", "value": "@pytest.mark.usefixtures('clear_terminal_list')"}, {"name": "parentSuite", "value": "test_case"}, {"name": "suite", "value": "test_terminal_center"}, {"name": "subSuite", "value": "TestTerminalCenter"}, {"name": "host", "value": "hkc0208725"}, {"name": "thread", "value": "29164-MainThread"}, {"name": "framework", "value": "pytest"}, {"name": "language", "value": "cpython3"}, {"name": "package", "value": "test_case.test_terminal_center"}]}