{"uuid": "0d66a8e9-cff5-4568-bf52-1c8aacae0456", "children": ["583c21fe-f5c7-4b91-87dc-edc84478565e"], "befores": [{"name": "generate_one_program", "status": "broken", "statusDetails": {"message": "selenium.common.exceptions.NoSuchElementException: Message: no such element: Unable to locate element: {\"method\":\"xpath\",\"selector\":\"//div[@class=\"step-name\" and text()=\"选设备\"]/..\"}\n  (Session info: chrome=118.0.5993.118); For documentation on this error, please visit: https://www.selenium.dev/documentation/webdriver/troubleshooting/errors#no-such-element-exception\nStacktrace:\n\tGetHandleVerifier [0x00007FF7AD5678A2+54818]\n\t(No symbol) [0x00007FF7AD4D6AD2]\n\t(No symbol) [0x00007FF7AD38DA3B]\n\t(No symbol) [0x00007FF7AD3CE4FC]\n\t(No symbol) [0x00007FF7AD3CE67C]\n\t(No symbol) [0x00007FF7AD409627]\n\t(No symbol) [0x00007FF7AD3EEAEF]\n\t(No symbol) [0x00007FF7AD4075A2]\n\t(No symbol) [0x00007FF7AD3EE883]\n\t(No symbol) [0x00007FF7AD3C3691]\n\t(No symbol) [0x00007FF7AD3C48D4]\n\tGetHandleVerifier [0x00007FF7AD8CB9A2+3610402]\n\tGetHandleVerifier [0x00007FF7AD921870+3962352]\n\tGetHandleVerifier [0x00007FF7AD919D5F+3930847]\n\tGetHandleVerifier [0x00007FF7AD603656+693206]\n\t(No symbol) [0x00007FF7AD4E1638]\n\t(No symbol) [0x00007FF7AD4DD944]\n\t(No symbol) [0x00007FF7AD4DDA72]\n\t(No symbol) [0x00007FF7AD4CE123]\n\tBaseThreadInitThunk [0x00007FFF5C2B257D+29]\n\tRtlUserThreadStart [0x00007FFF5CCCAA48+40]\n\n", "trace": "  File \"D:\\sw_install\\python-install\\lib\\site-packages\\pluggy\\_callers.py\", line 77, in _multicall\n    res = hook_impl.function(*args)\n  File \"D:\\sw_install\\python-install\\lib\\site-packages\\_pytest\\fixtures.py\", line 1130, in pytest_fixture_setup\n    result = call_fixture_func(fixturefunc, request, kwargs)\n  File \"D:\\sw_install\\python-install\\lib\\site-packages\\_pytest\\fixtures.py\", line 909, in call_fixture_func\n    fixture_result = fixturefunc(**kwargs)\n  File \"D:\\git\\ui_test\\test_case\\test_play_bill.py\", line 183, in generate_one_program\n    release_page.release_general_program()\n  File \"D:\\git\\ui_test\\pageobject\\release_page.py\", line 80, in release_general_program\n    clickable_ele = self.get_element('by_xpath,//div[@class=\"step-name\" and text()=\"选设备\"]/..')\n  File \"D:\\git\\ui_test\\basepage\\base_page.py\", line 245, in get_element\n    element = self.driver.find_element(By.XPATH, value=selector_value)\n  File \"D:\\sw_install\\python-install\\lib\\site-packages\\selenium\\webdriver\\remote\\webdriver.py\", line 742, in find_element\n    return self.execute(Command.FIND_ELEMENT, {\"using\": by, \"value\": value})[\"value\"]\n  File \"D:\\sw_install\\python-install\\lib\\site-packages\\selenium\\webdriver\\remote\\webdriver.py\", line 348, in execute\n    self.error_handler.check_response(response)\n  File \"D:\\sw_install\\python-install\\lib\\site-packages\\selenium\\webdriver\\remote\\errorhandler.py\", line 229, in check_response\n    raise exception_class(message, screen, stacktrace)\n"}, "steps": [{"name": "点击上传按钮", "status": "passed", "start": 1718602748913, "stop": 1718602749534}, {"name": "进行文件上传", "status": "passed", "start": 1718602749534, "stop": 1718602756599}, {"name": "当进度为100%时，则关闭上传弹框", "status": "passed", "start": 1718602756600, "stop": 1718602758688}, {"name": "点击选设备", "status": "passed", "start": 1718602761744, "stop": 1718602782285}, {"name": "选择一个设备", "status": "passed", "start": 1718602782285, "stop": 1718602808829}, {"name": "选完设备后，点击确定", "status": "passed", "start": 1718602808829, "stop": 1718602829424}, {"name": "发布普通节目", "status": "broken", "statusDetails": {"message": "selenium.common.exceptions.NoSuchElementException: Message: no such element: Unable to locate element: {\"method\":\"xpath\",\"selector\":\"//div[@class=\"step-name\" and text()=\"选设备\"]/..\"}\n  (Session info: chrome=118.0.5993.118); For documentation on this error, please visit: https://www.selenium.dev/documentation/webdriver/troubleshooting/errors#no-such-element-exception\nStacktrace:\n\tGetHandleVerifier [0x00007FF7AD5678A2+54818]\n\t(No symbol) [0x00007FF7AD4D6AD2]\n\t(No symbol) [0x00007FF7AD38DA3B]\n\t(No symbol) [0x00007FF7AD3CE4FC]\n\t(No symbol) [0x00007FF7AD3CE67C]\n\t(No symbol) [0x00007FF7AD409627]\n\t(No symbol) [0x00007FF7AD3EEAEF]\n\t(No symbol) [0x00007FF7AD4075A2]\n\t(No symbol) [0x00007FF7AD3EE883]\n\t(No symbol) [0x00007FF7AD3C3691]\n\t(No symbol) [0x00007FF7AD3C48D4]\n\tGetHandleVerifier [0x00007FF7AD8CB9A2+3610402]\n\tGetHandleVerifier [0x00007FF7AD921870+3962352]\n\tGetHandleVerifier [0x00007FF7AD919D5F+3930847]\n\tGetHandleVerifier [0x00007FF7AD603656+693206]\n\t(No symbol) [0x00007FF7AD4E1638]\n\t(No symbol) [0x00007FF7AD4DD944]\n\t(No symbol) [0x00007FF7AD4DDA72]\n\t(No symbol) [0x00007FF7AD4CE123]\n\tBaseThreadInitThunk [0x00007FFF5C2B257D+29]\n\tRtlUserThreadStart [0x00007FFF5CCCAA48+40]\n\n", "trace": "  File \"D:\\git\\ui_test\\test_case\\test_play_bill.py\", line 183, in generate_one_program\n    release_page.release_general_program()\n  File \"D:\\git\\ui_test\\pageobject\\release_page.py\", line 80, in release_general_program\n    clickable_ele = self.get_element('by_xpath,//div[@class=\"step-name\" and text()=\"选设备\"]/..')\n  File \"D:\\git\\ui_test\\basepage\\base_page.py\", line 245, in get_element\n    element = self.driver.find_element(By.XPATH, value=selector_value)\n  File \"D:\\sw_install\\python-install\\lib\\site-packages\\selenium\\webdriver\\remote\\webdriver.py\", line 742, in find_element\n    return self.execute(Command.FIND_ELEMENT, {\"using\": by, \"value\": value})[\"value\"]\n  File \"D:\\sw_install\\python-install\\lib\\site-packages\\selenium\\webdriver\\remote\\webdriver.py\", line 348, in execute\n    self.error_handler.check_response(response)\n  File \"D:\\sw_install\\python-install\\lib\\site-packages\\selenium\\webdriver\\remote\\errorhandler.py\", line 229, in check_response\n    raise exception_class(message, screen, stacktrace)\n"}, "start": 1718602829425, "stop": 1718602869978}], "start": 1718602747686, "stop": 1718602869985}], "start": 1718602747686, "stop": 1718602870190}