{"uuid": "45d19660-9096-4415-a9b9-ea504c7a06bd", "children": ["1343f206-2298-40b7-948d-8d8be0a2993c"], "befores": [{"name": "terminal_set_up", "status": "broken", "statusDetails": {"message": "selenium.common.exceptions.ElementClickInterceptedException: Message: element click intercepted: Element <span data-v-281167bd=\"\" class=\"\">...</span> is not clickable at point (236, 172). Other element would receive the click: <div class=\"el-overlay\" style=\"z-index: 2015;\">...</div>\n  (Session info: chrome=118.0.5993.118)\nStacktrace:\n\tGetHandleVerifier [0x00007FF6CFD778A2+54818]\n\t(No symbol) [0x00007FF6CFCE6AD2]\n\t(No symbol) [0x00007FF6CFB9DA3B]\n\t(No symbol) [0x00007FF6CFBE47CB]\n\t(No symbol) [0x00007FF6CFBE2B99]\n\t(No symbol) [0x00007FF6CFBE0968]\n\t(No symbol) [0x00007FF6CFBDFA23]\n\t(No symbol) [0x00007FF6CFBD571F]\n\t(No symbol) [0x00007FF6CFBFEAAA]\n\t(No symbol) [0x00007FF6CFBD5036]\n\t(No symbol) [0x00007FF6CFBFECC0]\n\t(No symbol) [0x00007FF6CFC175A2]\n\t(No symbol) [0x00007FF6CFBFE883]\n\t(No symbol) [0x00007FF6CFBD3691]\n\t(No symbol) [0x00007FF6CFBD48D4]\n\tGetHandleVerifier [0x00007FF6D00DB9A2+3610402]\n\tGetHandleVerifier [0x00007FF6D0131870+3962352]\n\tGetHandleVerifier [0x00007FF6D0129D5F+3930847]\n\tGetHandleVerifier [0x00007FF6CFE13656+693206]\n\t(No symbol) [0x00007FF6CFCF1638]\n\t(No symbol) [0x00007FF6CFCED944]\n\t(No symbol) [0x00007FF6CFCEDA72]\n\t(No symbol) [0x00007FF6CFCDE123]\n\tBaseThreadInitThunk [0x00007FFEE159257D+29]\n\tRtlUserThreadStart [0x00007FFEE202AA58+40]\n\n", "trace": "  File \"D:\\sw_install\\python-install\\lib\\site-packages\\pluggy\\_callers.py\", line 77, in _multicall\n    res = hook_impl.function(*args)\n  File \"D:\\sw_install\\python-install\\lib\\site-packages\\_pytest\\fixtures.py\", line 1130, in pytest_fixture_setup\n    result = call_fixture_func(fixturefunc, request, kwargs)\n  File \"D:\\sw_install\\python-install\\lib\\site-packages\\_pytest\\fixtures.py\", line 909, in call_fixture_func\n    fixture_result = fixturefunc(**kwargs)\n  File \"D:\\ui\\test_case\\test_terminal_center.py\", line 56, in terminal_set_up\n    terminal_page.click_bind_terminal()\n  File \"D:\\ui\\pageobject\\terminal_page.py\", line 71, in click_bind_terminal\n    self.click(bind_terminal_loca)\n  File \"D:\\ui\\basepage\\base_page.py\", line 235, in click\n    e1.click()\n  File \"D:\\sw_install\\python-install\\lib\\site-packages\\selenium\\webdriver\\remote\\webelement.py\", line 94, in click\n    self._execute(Command.CLICK_ELEMENT)\n  File \"D:\\sw_install\\python-install\\lib\\site-packages\\selenium\\webdriver\\remote\\webelement.py\", line 395, in _execute\n    return self._parent.execute(command, params)\n  File \"D:\\sw_install\\python-install\\lib\\site-packages\\selenium\\webdriver\\remote\\webdriver.py\", line 348, in execute\n    self.error_handler.check_response(response)\n  File \"D:\\sw_install\\python-install\\lib\\site-packages\\selenium\\webdriver\\remote\\errorhandler.py\", line 229, in check_response\n    raise exception_class(message, screen, stacktrace)\n"}, "steps": [{"name": "点击设备接入", "status": "broken", "statusDetails": {"message": "selenium.common.exceptions.ElementClickInterceptedException: Message: element click intercepted: Element <span data-v-281167bd=\"\" class=\"\">...</span> is not clickable at point (236, 172). Other element would receive the click: <div class=\"el-overlay\" style=\"z-index: 2015;\">...</div>\n  (Session info: chrome=118.0.5993.118)\nStacktrace:\n\tGetHandleVerifier [0x00007FF6CFD778A2+54818]\n\t(No symbol) [0x00007FF6CFCE6AD2]\n\t(No symbol) [0x00007FF6CFB9DA3B]\n\t(No symbol) [0x00007FF6CFBE47CB]\n\t(No symbol) [0x00007FF6CFBE2B99]\n\t(No symbol) [0x00007FF6CFBE0968]\n\t(No symbol) [0x00007FF6CFBDFA23]\n\t(No symbol) [0x00007FF6CFBD571F]\n\t(No symbol) [0x00007FF6CFBFEAAA]\n\t(No symbol) [0x00007FF6CFBD5036]\n\t(No symbol) [0x00007FF6CFBFECC0]\n\t(No symbol) [0x00007FF6CFC175A2]\n\t(No symbol) [0x00007FF6CFBFE883]\n\t(No symbol) [0x00007FF6CFBD3691]\n\t(No symbol) [0x00007FF6CFBD48D4]\n\tGetHandleVerifier [0x00007FF6D00DB9A2+3610402]\n\tGetHandleVerifier [0x00007FF6D0131870+3962352]\n\tGetHandleVerifier [0x00007FF6D0129D5F+3930847]\n\tGetHandleVerifier [0x00007FF6CFE13656+693206]\n\t(No symbol) [0x00007FF6CFCF1638]\n\t(No symbol) [0x00007FF6CFCED944]\n\t(No symbol) [0x00007FF6CFCEDA72]\n\t(No symbol) [0x00007FF6CFCDE123]\n\tBaseThreadInitThunk [0x00007FFEE159257D+29]\n\tRtlUserThreadStart [0x00007FFEE202AA58+40]\n\n", "trace": "  File \"D:\\ui\\test_case\\test_terminal_center.py\", line 56, in terminal_set_up\n    terminal_page.click_bind_terminal()\n  File \"D:\\ui\\pageobject\\terminal_page.py\", line 71, in click_bind_terminal\n    self.click(bind_terminal_loca)\n  File \"D:\\ui\\basepage\\base_page.py\", line 235, in click\n    e1.click()\n  File \"D:\\sw_install\\python-install\\lib\\site-packages\\selenium\\webdriver\\remote\\webelement.py\", line 94, in click\n    self._execute(Command.CLICK_ELEMENT)\n  File \"D:\\sw_install\\python-install\\lib\\site-packages\\selenium\\webdriver\\remote\\webelement.py\", line 395, in _execute\n    return self._parent.execute(command, params)\n  File \"D:\\sw_install\\python-install\\lib\\site-packages\\selenium\\webdriver\\remote\\webdriver.py\", line 348, in execute\n    self.error_handler.check_response(response)\n  File \"D:\\sw_install\\python-install\\lib\\site-packages\\selenium\\webdriver\\remote\\errorhandler.py\", line 229, in check_response\n    raise exception_class(message, screen, stacktrace)\n"}, "start": 1714458488564, "stop": 1714458490671}], "start": 1714458467948, "stop": 1714458490671}], "start": 1714458467948, "stop": 1714458490706}