{"uid":"60a37ef281cd7a07","name":"查看设备中心-组织架构树，取消选择和全选所有门店","fullName":"test_case.test_terminal_center.TestTerminalCenter#test_expand_and_fold_org","historyId":"81f8437fdb81fdfe878f0e0434c50976","time":{"start":1719658763056,"stop":1719658764694,"duration":1638},"status":"broken","statusMessage":"selenium.common.exceptions.ElementClickInterceptedException: Message: element click intercepted: Element <span data-v-9c2770a4=\"\">...</span> is not clickable at point (974, 152). Other element would receive the click: <div class=\"el-tree-node__content\" style=\"padding-left: 18px;\">...</div>\n  (Session info: chrome=118.0.5993.118)\nStacktrace:\n\tGetHandleVerifier [0x00007FF60C0578A2+54818]\n\t(No symbol) [0x00007FF60BFC6AD2]\n\t(No symbol) [0x00007FF60BE7DA3B]\n\t(No symbol) [0x00007FF60BEC47CB]\n\t(No symbol) [0x00007FF60BEC2B99]\n\t(No symbol) [0x00007FF60BEC0968]\n\t(No symbol) [0x00007FF60BEBFA23]\n\t(No symbol) [0x00007FF60BEB571F]\n\t(No symbol) [0x00007FF60BEDEAAA]\n\t(No symbol) [0x00007FF60BEB5036]\n\t(No symbol) [0x00007FF60BEDECC0]\n\t(No symbol) [0x00007FF60BEF75A2]\n\t(No symbol) [0x00007FF60BEDE883]\n\t(No symbol) [0x00007FF60BEB3691]\n\t(No symbol) [0x00007FF60BEB48D4]\n\tGetHandleVerifier [0x00007FF60C3BB9A2+3610402]\n\tGetHandleVerifier [0x00007FF60C411870+3962352]\n\tGetHandleVerifier [0x00007FF60C409D5F+3930847]\n\tGetHandleVerifier [0x00007FF60C0F3656+693206]\n\t(No symbol) [0x00007FF60BFD1638]\n\t(No symbol) [0x00007FF60BFCD944]\n\t(No symbol) [0x00007FF60BFCDA72]\n\t(No symbol) [0x00007FF60BFBE123]\n\tBaseThreadInitThunk [0x00007FFA3DBD257D+29]\n\tRtlUserThreadStart [0x00007FFA3E7AAF28+40]","statusTrace":"self = <test_case.test_terminal_center.TestTerminalCenter object at 0x000002027ED3C8B0>\n\n    @allure.title(\"查看设备中心-组织架构树，取消选择和全选所有门店\")\n    @pytest.mark.run(order=15)\n    def test_expand_and_fold_org(self):\n        terminal_page = self.terminal_page\n        terminal_page.switch_to_terminal_center()\n        time.sleep(0.5)\n        with step(\"点击组织架构按钮\"):\n>           terminal_page.click_terminal_org_tree()\n\ntest_case\\test_terminal_center.py:368: \n_ _ _ _ _ _ _ _ _ _ _ _ _ _ _ _ _ _ _ _ _ _ _ _ _ _ _ _ _ _ _ _ _ _ _ _ _ _ _ _\npageobject\\terminal_page.py:518: in click_terminal_org_tree\n    raise e\npageobject\\terminal_page.py:516: in click_terminal_org_tree\n    self.click('by_xpath,//div[@class=\"org-btn\"]/span[text()=\"组织架构\"]')\nbasepage\\base_page.py:391: in click\n    element_to_click.click()\nD:\\sw_install\\python-install\\lib\\site-packages\\selenium\\webdriver\\remote\\webelement.py:94: in click\n    self._execute(Command.CLICK_ELEMENT)\nD:\\sw_install\\python-install\\lib\\site-packages\\selenium\\webdriver\\remote\\webelement.py:395: in _execute\n    return self._parent.execute(command, params)\nD:\\sw_install\\python-install\\lib\\site-packages\\selenium\\webdriver\\remote\\webdriver.py:348: in execute\n    self.error_handler.check_response(response)\n_ _ _ _ _ _ _ _ _ _ _ _ _ _ _ _ _ _ _ _ _ _ _ _ _ _ _ _ _ _ _ _ _ _ _ _ _ _ _ _\n\nself = <selenium.webdriver.remote.errorhandler.ErrorHandler object at 0x000002027F929480>\nresponse = {'status': 400, 'value': '{\"value\":{\"error\":\"element click intercepted\",\"message\":\"element click intercepted: Element ...07FF60BFBE123]\\\\n\\\\tBaseThreadInitThunk [0x00007FFA3DBD257D+29]\\\\n\\\\tRtlUserThreadStart [0x00007FFA3E7AAF28+40]\\\\n\"}}'}\n\n    def check_response(self, response: Dict[str, Any]) -> None:\n        \"\"\"Checks that a JSON response from the WebDriver does not have an\n        error.\n    \n        :Args:\n         - response - The JSON response from the WebDriver server as a dictionary\n           object.\n    \n        :Raises: If the response contains an error message.\n        \"\"\"\n        status = response.get(\"status\", None)\n        if not status or status == ErrorCode.SUCCESS:\n            return\n        value = None\n        message = response.get(\"message\", \"\")\n        screen: str = response.get(\"screen\", \"\")\n        stacktrace = None\n        if isinstance(status, int):\n            value_json = response.get(\"value\", None)\n            if value_json and isinstance(value_json, str):\n                import json\n    \n                try:\n                    value = json.loads(value_json)\n                    if len(value) == 1:\n                        value = value[\"value\"]\n                    status = value.get(\"error\", None)\n                    if not status:\n                        status = value.get(\"status\", ErrorCode.UNKNOWN_ERROR)\n                        message = value.get(\"value\") or value.get(\"message\")\n                        if not isinstance(message, str):\n                            value = message\n                            message = message.get(\"message\")\n                    else:\n                        message = value.get(\"message\", None)\n                except ValueError:\n                    pass\n    \n        exception_class: Type[WebDriverException]\n        e = ErrorCode()\n        error_codes = [item for item in dir(e) if not item.startswith(\"__\")]\n        for error_code in error_codes:\n            error_info = getattr(ErrorCode, error_code)\n            if isinstance(error_info, list) and status in error_info:\n                exception_class = getattr(ExceptionMapping, error_code, WebDriverException)\n                break\n        else:\n            exception_class = WebDriverException\n    \n        if not value:\n            value = response[\"value\"]\n        if isinstance(value, str):\n            raise exception_class(value)\n        if message == \"\" and \"message\" in value:\n            message = value[\"message\"]\n    \n        screen = None  # type: ignore[assignment]\n        if \"screen\" in value:\n            screen = value[\"screen\"]\n    \n        stacktrace = None\n        st_value = value.get(\"stackTrace\") or value.get(\"stacktrace\")\n        if st_value:\n            if isinstance(st_value, str):\n                stacktrace = st_value.split(\"\\n\")\n            else:\n                stacktrace = []\n                try:\n                    for frame in st_value:\n                        line = frame.get(\"lineNumber\", \"\")\n                        file = frame.get(\"fileName\", \"<anonymous>\")\n                        if line:\n                            file = f\"{file}:{line}\"\n                        meth = frame.get(\"methodName\", \"<anonymous>\")\n                        if \"className\" in frame:\n                            meth = f\"{frame['className']}.{meth}\"\n                        msg = \"    at %s (%s)\"\n                        msg = msg % (meth, file)\n                        stacktrace.append(msg)\n                except TypeError:\n                    pass\n        if exception_class == UnexpectedAlertPresentException:\n            alert_text = None\n            if \"data\" in value:\n                alert_text = value[\"data\"].get(\"text\")\n            elif \"alert\" in value:\n                alert_text = value[\"alert\"].get(\"text\")\n            raise exception_class(message, screen, stacktrace, alert_text)  # type: ignore[call-arg]  # mypy is not smart enough here\n>       raise exception_class(message, screen, stacktrace)\nE       selenium.common.exceptions.ElementClickInterceptedException: Message: element click intercepted: Element <span data-v-9c2770a4=\"\">...</span> is not clickable at point (974, 152). Other element would receive the click: <div class=\"el-tree-node__content\" style=\"padding-left: 18px;\">...</div>\nE         (Session info: chrome=118.0.5993.118)\nE       Stacktrace:\nE       \tGetHandleVerifier [0x00007FF60C0578A2+54818]\nE       \t(No symbol) [0x00007FF60BFC6AD2]\nE       \t(No symbol) [0x00007FF60BE7DA3B]\nE       \t(No symbol) [0x00007FF60BEC47CB]\nE       \t(No symbol) [0x00007FF60BEC2B99]\nE       \t(No symbol) [0x00007FF60BEC0968]\nE       \t(No symbol) [0x00007FF60BEBFA23]\nE       \t(No symbol) [0x00007FF60BEB571F]\nE       \t(No symbol) [0x00007FF60BEDEAAA]\nE       \t(No symbol) [0x00007FF60BEB5036]\nE       \t(No symbol) [0x00007FF60BEDECC0]\nE       \t(No symbol) [0x00007FF60BEF75A2]\nE       \t(No symbol) [0x00007FF60BEDE883]\nE       \t(No symbol) [0x00007FF60BEB3691]\nE       \t(No symbol) [0x00007FF60BEB48D4]\nE       \tGetHandleVerifier [0x00007FF60C3BB9A2+3610402]\nE       \tGetHandleVerifier [0x00007FF60C411870+3962352]\nE       \tGetHandleVerifier [0x00007FF60C409D5F+3930847]\nE       \tGetHandleVerifier [0x00007FF60C0F3656+693206]\nE       \t(No symbol) [0x00007FF60BFD1638]\nE       \t(No symbol) [0x00007FF60BFCD944]\nE       \t(No symbol) [0x00007FF60BFCDA72]\nE       \t(No symbol) [0x00007FF60BFBE123]\nE       \tBaseThreadInitThunk [0x00007FFA3DBD257D+29]\nE       \tRtlUserThreadStart [0x00007FFA3E7AAF28+40]\n\nD:\\sw_install\\python-install\\lib\\site-packages\\selenium\\webdriver\\remote\\errorhandler.py:229: ElementClickInterceptedException","flaky":false,"newFailed":false,"newBroken":false,"newPassed":false,"retriesCount":0,"retriesStatusChange":false,"beforeStages":[{"name":"_session_faker","time":{"start":1719657739519,"stop":1719657739778,"duration":259},"status":"passed","steps":[],"attachments":[],"parameters":[],"hasContent":false,"shouldDisplayMessage":false,"attachmentsCount":0,"stepsCount":0},{"name":"env","time":{"start":1719657739779,"stop":1719657739781,"duration":2},"status":"passed","steps":[],"attachments":[],"parameters":[],"hasContent":false,"shouldDisplayMessage":false,"attachmentsCount":0,"stepsCount":0},{"name":"driver","time":{"start":1719657739781,"stop":1719657756876,"duration":17095},"status":"passed","steps":[],"attachments":[],"parameters":[],"hasContent":false,"shouldDisplayMessage":false,"attachmentsCount":0,"stepsCount":0},{"name":"set_up_org","time":{"start":1719657756877,"stop":1719657758149,"duration":1272},"status":"passed","steps":[],"attachments":[],"parameters":[],"hasContent":false,"shouldDisplayMessage":false,"attachmentsCount":0,"stepsCount":0},{"name":"terminal_page","time":{"start":1719657758149,"stop":1719657758150,"duration":1},"status":"passed","steps":[],"attachments":[],"parameters":[],"hasContent":false,"shouldDisplayMessage":false,"attachmentsCount":0,"stepsCount":0},{"name":"sys_page","time":{"start":1719657758149,"stop":1719657758149,"duration":0},"status":"passed","steps":[],"attachments":[],"parameters":[],"hasContent":false,"shouldDisplayMessage":false,"attachmentsCount":0,"stepsCount":0}],"testStage":{"status":"broken","statusMessage":"selenium.common.exceptions.ElementClickInterceptedException: Message: element click intercepted: Element <span data-v-9c2770a4=\"\">...</span> is not clickable at point (974, 152). Other element would receive the click: <div class=\"el-tree-node__content\" style=\"padding-left: 18px;\">...</div>\n  (Session info: chrome=118.0.5993.118)\nStacktrace:\n\tGetHandleVerifier [0x00007FF60C0578A2+54818]\n\t(No symbol) [0x00007FF60BFC6AD2]\n\t(No symbol) [0x00007FF60BE7DA3B]\n\t(No symbol) [0x00007FF60BEC47CB]\n\t(No symbol) [0x00007FF60BEC2B99]\n\t(No symbol) [0x00007FF60BEC0968]\n\t(No symbol) [0x00007FF60BEBFA23]\n\t(No symbol) [0x00007FF60BEB571F]\n\t(No symbol) [0x00007FF60BEDEAAA]\n\t(No symbol) [0x00007FF60BEB5036]\n\t(No symbol) [0x00007FF60BEDECC0]\n\t(No symbol) [0x00007FF60BEF75A2]\n\t(No symbol) [0x00007FF60BEDE883]\n\t(No symbol) [0x00007FF60BEB3691]\n\t(No symbol) [0x00007FF60BEB48D4]\n\tGetHandleVerifier [0x00007FF60C3BB9A2+3610402]\n\tGetHandleVerifier [0x00007FF60C411870+3962352]\n\tGetHandleVerifier [0x00007FF60C409D5F+3930847]\n\tGetHandleVerifier [0x00007FF60C0F3656+693206]\n\t(No symbol) [0x00007FF60BFD1638]\n\t(No symbol) [0x00007FF60BFCD944]\n\t(No symbol) [0x00007FF60BFCDA72]\n\t(No symbol) [0x00007FF60BFBE123]\n\tBaseThreadInitThunk [0x00007FFA3DBD257D+29]\n\tRtlUserThreadStart [0x00007FFA3E7AAF28+40]","statusTrace":"self = <test_case.test_terminal_center.TestTerminalCenter object at 0x000002027ED3C8B0>\n\n    @allure.title(\"查看设备中心-组织架构树，取消选择和全选所有门店\")\n    @pytest.mark.run(order=15)\n    def test_expand_and_fold_org(self):\n        terminal_page = self.terminal_page\n        terminal_page.switch_to_terminal_center()\n        time.sleep(0.5)\n        with step(\"点击组织架构按钮\"):\n>           terminal_page.click_terminal_org_tree()\n\ntest_case\\test_terminal_center.py:368: \n_ _ _ _ _ _ _ _ _ _ _ _ _ _ _ _ _ _ _ _ _ _ _ _ _ _ _ _ _ _ _ _ _ _ _ _ _ _ _ _\npageobject\\terminal_page.py:518: in click_terminal_org_tree\n    raise e\npageobject\\terminal_page.py:516: in click_terminal_org_tree\n    self.click('by_xpath,//div[@class=\"org-btn\"]/span[text()=\"组织架构\"]')\nbasepage\\base_page.py:391: in click\n    element_to_click.click()\nD:\\sw_install\\python-install\\lib\\site-packages\\selenium\\webdriver\\remote\\webelement.py:94: in click\n    self._execute(Command.CLICK_ELEMENT)\nD:\\sw_install\\python-install\\lib\\site-packages\\selenium\\webdriver\\remote\\webelement.py:395: in _execute\n    return self._parent.execute(command, params)\nD:\\sw_install\\python-install\\lib\\site-packages\\selenium\\webdriver\\remote\\webdriver.py:348: in execute\n    self.error_handler.check_response(response)\n_ _ _ _ _ _ _ _ _ _ _ _ _ _ _ _ _ _ _ _ _ _ _ _ _ _ _ _ _ _ _ _ _ _ _ _ _ _ _ _\n\nself = <selenium.webdriver.remote.errorhandler.ErrorHandler object at 0x000002027F929480>\nresponse = {'status': 400, 'value': '{\"value\":{\"error\":\"element click intercepted\",\"message\":\"element click intercepted: Element ...07FF60BFBE123]\\\\n\\\\tBaseThreadInitThunk [0x00007FFA3DBD257D+29]\\\\n\\\\tRtlUserThreadStart [0x00007FFA3E7AAF28+40]\\\\n\"}}'}\n\n    def check_response(self, response: Dict[str, Any]) -> None:\n        \"\"\"Checks that a JSON response from the WebDriver does not have an\n        error.\n    \n        :Args:\n         - response - The JSON response from the WebDriver server as a dictionary\n           object.\n    \n        :Raises: If the response contains an error message.\n        \"\"\"\n        status = response.get(\"status\", None)\n        if not status or status == ErrorCode.SUCCESS:\n            return\n        value = None\n        message = response.get(\"message\", \"\")\n        screen: str = response.get(\"screen\", \"\")\n        stacktrace = None\n        if isinstance(status, int):\n            value_json = response.get(\"value\", None)\n            if value_json and isinstance(value_json, str):\n                import json\n    \n                try:\n                    value = json.loads(value_json)\n                    if len(value) == 1:\n                        value = value[\"value\"]\n                    status = value.get(\"error\", None)\n                    if not status:\n                        status = value.get(\"status\", ErrorCode.UNKNOWN_ERROR)\n                        message = value.get(\"value\") or value.get(\"message\")\n                        if not isinstance(message, str):\n                            value = message\n                            message = message.get(\"message\")\n                    else:\n                        message = value.get(\"message\", None)\n                except ValueError:\n                    pass\n    \n        exception_class: Type[WebDriverException]\n        e = ErrorCode()\n        error_codes = [item for item in dir(e) if not item.startswith(\"__\")]\n        for error_code in error_codes:\n            error_info = getattr(ErrorCode, error_code)\n            if isinstance(error_info, list) and status in error_info:\n                exception_class = getattr(ExceptionMapping, error_code, WebDriverException)\n                break\n        else:\n            exception_class = WebDriverException\n    \n        if not value:\n            value = response[\"value\"]\n        if isinstance(value, str):\n            raise exception_class(value)\n        if message == \"\" and \"message\" in value:\n            message = value[\"message\"]\n    \n        screen = None  # type: ignore[assignment]\n        if \"screen\" in value:\n            screen = value[\"screen\"]\n    \n        stacktrace = None\n        st_value = value.get(\"stackTrace\") or value.get(\"stacktrace\")\n        if st_value:\n            if isinstance(st_value, str):\n                stacktrace = st_value.split(\"\\n\")\n            else:\n                stacktrace = []\n                try:\n                    for frame in st_value:\n                        line = frame.get(\"lineNumber\", \"\")\n                        file = frame.get(\"fileName\", \"<anonymous>\")\n                        if line:\n                            file = f\"{file}:{line}\"\n                        meth = frame.get(\"methodName\", \"<anonymous>\")\n                        if \"className\" in frame:\n                            meth = f\"{frame['className']}.{meth}\"\n                        msg = \"    at %s (%s)\"\n                        msg = msg % (meth, file)\n                        stacktrace.append(msg)\n                except TypeError:\n                    pass\n        if exception_class == UnexpectedAlertPresentException:\n            alert_text = None\n            if \"data\" in value:\n                alert_text = value[\"data\"].get(\"text\")\n            elif \"alert\" in value:\n                alert_text = value[\"alert\"].get(\"text\")\n            raise exception_class(message, screen, stacktrace, alert_text)  # type: ignore[call-arg]  # mypy is not smart enough here\n>       raise exception_class(message, screen, stacktrace)\nE       selenium.common.exceptions.ElementClickInterceptedException: Message: element click intercepted: Element <span data-v-9c2770a4=\"\">...</span> is not clickable at point (974, 152). Other element would receive the click: <div class=\"el-tree-node__content\" style=\"padding-left: 18px;\">...</div>\nE         (Session info: chrome=118.0.5993.118)\nE       Stacktrace:\nE       \tGetHandleVerifier [0x00007FF60C0578A2+54818]\nE       \t(No symbol) [0x00007FF60BFC6AD2]\nE       \t(No symbol) [0x00007FF60BE7DA3B]\nE       \t(No symbol) [0x00007FF60BEC47CB]\nE       \t(No symbol) [0x00007FF60BEC2B99]\nE       \t(No symbol) [0x00007FF60BEC0968]\nE       \t(No symbol) [0x00007FF60BEBFA23]\nE       \t(No symbol) [0x00007FF60BEB571F]\nE       \t(No symbol) [0x00007FF60BEDEAAA]\nE       \t(No symbol) [0x00007FF60BEB5036]\nE       \t(No symbol) [0x00007FF60BEDECC0]\nE       \t(No symbol) [0x00007FF60BEF75A2]\nE       \t(No symbol) [0x00007FF60BEDE883]\nE       \t(No symbol) [0x00007FF60BEB3691]\nE       \t(No symbol) [0x00007FF60BEB48D4]\nE       \tGetHandleVerifier [0x00007FF60C3BB9A2+3610402]\nE       \tGetHandleVerifier [0x00007FF60C411870+3962352]\nE       \tGetHandleVerifier [0x00007FF60C409D5F+3930847]\nE       \tGetHandleVerifier [0x00007FF60C0F3656+693206]\nE       \t(No symbol) [0x00007FF60BFD1638]\nE       \t(No symbol) [0x00007FF60BFCD944]\nE       \t(No symbol) [0x00007FF60BFCDA72]\nE       \t(No symbol) [0x00007FF60BFBE123]\nE       \tBaseThreadInitThunk [0x00007FFA3DBD257D+29]\nE       \tRtlUserThreadStart [0x00007FFA3E7AAF28+40]\n\nD:\\sw_install\\python-install\\lib\\site-packages\\selenium\\webdriver\\remote\\errorhandler.py:229: ElementClickInterceptedException","steps":[{"name":"点击组织架构按钮","time":{"start":1719658763598,"stop":1719658764693,"duration":1095},"status":"broken","statusMessage":"selenium.common.exceptions.ElementClickInterceptedException: Message: element click intercepted: Element <span data-v-9c2770a4=\"\">...</span> is not clickable at point (974, 152). Other element would receive the click: <div class=\"el-tree-node__content\" style=\"padding-left: 18px;\">...</div>\n  (Session info: chrome=118.0.5993.118)\nStacktrace:\n\tGetHandleVerifier [0x00007FF60C0578A2+54818]\n\t(No symbol) [0x00007FF60BFC6AD2]\n\t(No symbol) [0x00007FF60BE7DA3B]\n\t(No symbol) [0x00007FF60BEC47CB]\n\t(No symbol) [0x00007FF60BEC2B99]\n\t(No symbol) [0x00007FF60BEC0968]\n\t(No symbol) [0x00007FF60BEBFA23]\n\t(No symbol) [0x00007FF60BEB571F]\n\t(No symbol) [0x00007FF60BEDEAAA]\n\t(No symbol) [0x00007FF60BEB5036]\n\t(No symbol) [0x00007FF60BEDECC0]\n\t(No symbol) [0x00007FF60BEF75A2]\n\t(No symbol) [0x00007FF60BEDE883]\n\t(No symbol) [0x00007FF60BEB3691]\n\t(No symbol) [0x00007FF60BEB48D4]\n\tGetHandleVerifier [0x00007FF60C3BB9A2+3610402]\n\tGetHandleVerifier [0x00007FF60C411870+3962352]\n\tGetHandleVerifier [0x00007FF60C409D5F+3930847]\n\tGetHandleVerifier [0x00007FF60C0F3656+693206]\n\t(No symbol) [0x00007FF60BFD1638]\n\t(No symbol) [0x00007FF60BFCD944]\n\t(No symbol) [0x00007FF60BFCDA72]\n\t(No symbol) [0x00007FF60BFBE123]\n\tBaseThreadInitThunk [0x00007FFA3DBD257D+29]\n\tRtlUserThreadStart [0x00007FFA3E7AAF28+40]\n\n","statusTrace":"  File \"D:\\git\\ui_test\\test_case\\test_terminal_center.py\", line 368, in test_expand_and_fold_org\n    terminal_page.click_terminal_org_tree()\n  File \"D:\\git\\ui_test\\pageobject\\terminal_page.py\", line 518, in click_terminal_org_tree\n    raise e\n  File \"D:\\git\\ui_test\\pageobject\\terminal_page.py\", line 516, in click_terminal_org_tree\n    self.click('by_xpath,//div[@class=\"org-btn\"]/span[text()=\"组织架构\"]')\n  File \"D:\\git\\ui_test\\basepage\\base_page.py\", line 391, in click\n    element_to_click.click()\n  File \"D:\\sw_install\\python-install\\lib\\site-packages\\selenium\\webdriver\\remote\\webelement.py\", line 94, in click\n    self._execute(Command.CLICK_ELEMENT)\n  File \"D:\\sw_install\\python-install\\lib\\site-packages\\selenium\\webdriver\\remote\\webelement.py\", line 395, in _execute\n    return self._parent.execute(command, params)\n  File \"D:\\sw_install\\python-install\\lib\\site-packages\\selenium\\webdriver\\remote\\webdriver.py\", line 348, in execute\n    self.error_handler.check_response(response)\n  File \"D:\\sw_install\\python-install\\lib\\site-packages\\selenium\\webdriver\\remote\\errorhandler.py\", line 229, in check_response\n    raise exception_class(message, screen, stacktrace)\n","steps":[],"attachments":[],"parameters":[],"hasContent":true,"shouldDisplayMessage":true,"attachmentsCount":0,"stepsCount":0}],"attachments":[],"parameters":[],"hasContent":true,"shouldDisplayMessage":true,"attachmentsCount":0,"stepsCount":1},"afterStages":[{"name":"terminal_page::0","time":{"start":1719658857040,"stop":1719658857040,"duration":0},"status":"passed","steps":[],"attachments":[],"parameters":[],"hasContent":false,"shouldDisplayMessage":false,"attachmentsCount":0,"stepsCount":0},{"name":"sys_page::0","time":{"start":1719658857042,"stop":1719658857042,"duration":0},"status":"passed","steps":[],"attachments":[],"parameters":[],"hasContent":false,"shouldDisplayMessage":false,"attachmentsCount":0,"stepsCount":0},{"name":"driver::0","time":{"start":1719658857048,"stop":1719658865025,"duration":7977},"status":"passed","steps":[],"attachments":[],"parameters":[],"hasContent":false,"shouldDisplayMessage":false,"attachmentsCount":0,"stepsCount":0}],"labels":[{"name":"epic","value":"项目hkc"},{"name":"feature","value":"terminal_center"},{"name":"tag","value":"run(order=15)"},{"name":"tag","value":"@pytest.mark.usefixtures('env')"},{"name":"parentSuite","value":"test_case"},{"name":"suite","value":"test_terminal_center"},{"name":"subSuite","value":"TestTerminalCenter"},{"name":"host","value":"hkc0208725"},{"name":"thread","value":"3512-MainThread"},{"name":"framework","value":"pytest"},{"name":"language","value":"cpython3"},{"name":"package","value":"test_case.test_terminal_center"},{"name":"resultFormat","value":"allure2"}],"parameters":[],"links":[],"hidden":false,"retry":false,"extra":{"severity":"normal","retries":[],"categories":[{"name":"Test defects","matchedStatuses":[],"flaky":false}],"tags":["@pytest.mark.usefixtures('env')","run(order=15)"]},"source":"60a37ef281cd7a07.json","parameterValues":[]}