{"uid":"70d688f5a451e467","name":"预览素材","fullName":"test_case.test_media_center.TestMediaCenter#test_delete_multi_file","historyId":"54bc23506364584991d03f5085bafab3","time":{"start":1721383286311,"stop":1721383400147,"duration":113836},"status":"broken","statusMessage":"selenium.common.exceptions.NoSuchElementException: Message: no such element: Unable to locate element: {\"method\":\"xpath\",\"selector\":\"//div[@class=\"dialogImg\"]\"}\n  (Session info: chrome=118.0.5993.118); For documentation on this error, please visit: https://www.selenium.dev/documentation/webdriver/troubleshooting/errors#no-such-element-exception\nStacktrace:\n\tGetHandleVerifier [0x00007FF6515F78A2+54818]\n\t(No symbol) [0x00007FF651566AD2]\n\t(No symbol) [0x00007FF65141DA3B]\n\t(No symbol) [0x00007FF65145E4FC]\n\t(No symbol) [0x00007FF65145E67C]\n\t(No symbol) [0x00007FF651499627]\n\t(No symbol) [0x00007FF65147EAEF]\n\t(No symbol) [0x00007FF6514975A2]\n\t(No symbol) [0x00007FF65147E883]\n\t(No symbol) [0x00007FF651453691]\n\t(No symbol) [0x00007FF6514548D4]\n\tGetHandleVerifier [0x00007FF65195B9A2+3610402]\n\tGetHandleVerifier [0x00007FF6519B1870+3962352]\n\tGetHandleVerifier [0x00007FF6519A9D5F+3930847]\n\tGetHandleVerifier [0x00007FF651693656+693206]\n\t(No symbol) [0x00007FF651571638]\n\t(No symbol) [0x00007FF65156D944]\n\t(No symbol) [0x00007FF65156DA72]\n\t(No symbol) [0x00007FF65155E123]\n\tBaseThreadInitThunk [0x00007FFBCFE4257D+29]\n\tRtlUserThreadStart [0x00007FFBD198AF28+40]","statusTrace":"self = <test_case.test_media_center.TestMediaCenter object at 0x0000028874088430>\n\n    @pytest.mark.run(order=8)\n    @pytest.mark.usefixtures(\"media_set_up\")\n    @allure.title(\"预览素材\")\n    def test_delete_multi_file(self):\n        media_page = self.media_page\n        media_page.switch_to_media_center()\n        # 通用方法，进行素材上传\n        media_page.upload_media()\n        try:\n            with step(\"1、先鼠标hover到素材上面\"):\n                media_page.hover_to_media()\n    \n        except Exception:\n            media_page.upload_media()\n    \n        with step(\"点击预览按钮\"):\n            media_page.media_preview()\n    \n        time.sleep(1)\n        with step(\"关闭预览按钮\"):\n>           media_page.close_preview()\n\ntest_case\\test_media_center.py:217: \n_ _ _ _ _ _ _ _ _ _ _ _ _ _ _ _ _ _ _ _ _ _ _ _ _ _ _ _ _ _ _ _ _ _ _ _ _ _ _ _\npageobject\\media_page.py:392: in close_preview\n    place_ele = self.get_element(preview_place)\nbasepage\\base_page.py:245: in get_element\n    element = self.driver.find_element(By.XPATH, value=selector_value)\nD:\\sw_install\\python-install\\lib\\site-packages\\selenium\\webdriver\\remote\\webdriver.py:742: in find_element\n    return self.execute(Command.FIND_ELEMENT, {\"using\": by, \"value\": value})[\"value\"]\nD:\\sw_install\\python-install\\lib\\site-packages\\selenium\\webdriver\\remote\\webdriver.py:348: in execute\n    self.error_handler.check_response(response)\n_ _ _ _ _ _ _ _ _ _ _ _ _ _ _ _ _ _ _ _ _ _ _ _ _ _ _ _ _ _ _ _ _ _ _ _ _ _ _ _\n\nself = <selenium.webdriver.remote.errorhandler.ErrorHandler object at 0x000002887FD0E770>\nresponse = {'status': 404, 'value': '{\"value\":{\"error\":\"no such element\",\"message\":\"no such element: Unable to locate element: {\\...07FF65155E123]\\\\n\\\\tBaseThreadInitThunk [0x00007FFBCFE4257D+29]\\\\n\\\\tRtlUserThreadStart [0x00007FFBD198AF28+40]\\\\n\"}}'}\n\n    def check_response(self, response: Dict[str, Any]) -> None:\n        \"\"\"Checks that a JSON response from the WebDriver does not have an\n        error.\n    \n        :Args:\n         - response - The JSON response from the WebDriver server as a dictionary\n           object.\n    \n        :Raises: If the response contains an error message.\n        \"\"\"\n        status = response.get(\"status\", None)\n        if not status or status == ErrorCode.SUCCESS:\n            return\n        value = None\n        message = response.get(\"message\", \"\")\n        screen: str = response.get(\"screen\", \"\")\n        stacktrace = None\n        if isinstance(status, int):\n            value_json = response.get(\"value\", None)\n            if value_json and isinstance(value_json, str):\n                import json\n    \n                try:\n                    value = json.loads(value_json)\n                    if len(value) == 1:\n                        value = value[\"value\"]\n                    status = value.get(\"error\", None)\n                    if not status:\n                        status = value.get(\"status\", ErrorCode.UNKNOWN_ERROR)\n                        message = value.get(\"value\") or value.get(\"message\")\n                        if not isinstance(message, str):\n                            value = message\n                            message = message.get(\"message\")\n                    else:\n                        message = value.get(\"message\", None)\n                except ValueError:\n                    pass\n    \n        exception_class: Type[WebDriverException]\n        e = ErrorCode()\n        error_codes = [item for item in dir(e) if not item.startswith(\"__\")]\n        for error_code in error_codes:\n            error_info = getattr(ErrorCode, error_code)\n            if isinstance(error_info, list) and status in error_info:\n                exception_class = getattr(ExceptionMapping, error_code, WebDriverException)\n                break\n        else:\n            exception_class = WebDriverException\n    \n        if not value:\n            value = response[\"value\"]\n        if isinstance(value, str):\n            raise exception_class(value)\n        if message == \"\" and \"message\" in value:\n            message = value[\"message\"]\n    \n        screen = None  # type: ignore[assignment]\n        if \"screen\" in value:\n            screen = value[\"screen\"]\n    \n        stacktrace = None\n        st_value = value.get(\"stackTrace\") or value.get(\"stacktrace\")\n        if st_value:\n            if isinstance(st_value, str):\n                stacktrace = st_value.split(\"\\n\")\n            else:\n                stacktrace = []\n                try:\n                    for frame in st_value:\n                        line = frame.get(\"lineNumber\", \"\")\n                        file = frame.get(\"fileName\", \"<anonymous>\")\n                        if line:\n                            file = f\"{file}:{line}\"\n                        meth = frame.get(\"methodName\", \"<anonymous>\")\n                        if \"className\" in frame:\n                            meth = f\"{frame['className']}.{meth}\"\n                        msg = \"    at %s (%s)\"\n                        msg = msg % (meth, file)\n                        stacktrace.append(msg)\n                except TypeError:\n                    pass\n        if exception_class == UnexpectedAlertPresentException:\n            alert_text = None\n            if \"data\" in value:\n                alert_text = value[\"data\"].get(\"text\")\n            elif \"alert\" in value:\n                alert_text = value[\"alert\"].get(\"text\")\n            raise exception_class(message, screen, stacktrace, alert_text)  # type: ignore[call-arg]  # mypy is not smart enough here\n>       raise exception_class(message, screen, stacktrace)\nE       selenium.common.exceptions.NoSuchElementException: Message: no such element: Unable to locate element: {\"method\":\"xpath\",\"selector\":\"//div[@class=\"dialogImg\"]\"}\nE         (Session info: chrome=118.0.5993.118); For documentation on this error, please visit: https://www.selenium.dev/documentation/webdriver/troubleshooting/errors#no-such-element-exception\nE       Stacktrace:\nE       \tGetHandleVerifier [0x00007FF6515F78A2+54818]\nE       \t(No symbol) [0x00007FF651566AD2]\nE       \t(No symbol) [0x00007FF65141DA3B]\nE       \t(No symbol) [0x00007FF65145E4FC]\nE       \t(No symbol) [0x00007FF65145E67C]\nE       \t(No symbol) [0x00007FF651499627]\nE       \t(No symbol) [0x00007FF65147EAEF]\nE       \t(No symbol) [0x00007FF6514975A2]\nE       \t(No symbol) [0x00007FF65147E883]\nE       \t(No symbol) [0x00007FF651453691]\nE       \t(No symbol) [0x00007FF6514548D4]\nE       \tGetHandleVerifier [0x00007FF65195B9A2+3610402]\nE       \tGetHandleVerifier [0x00007FF6519B1870+3962352]\nE       \tGetHandleVerifier [0x00007FF6519A9D5F+3930847]\nE       \tGetHandleVerifier [0x00007FF651693656+693206]\nE       \t(No symbol) [0x00007FF651571638]\nE       \t(No symbol) [0x00007FF65156D944]\nE       \t(No symbol) [0x00007FF65156DA72]\nE       \t(No symbol) [0x00007FF65155E123]\nE       \tBaseThreadInitThunk [0x00007FFBCFE4257D+29]\nE       \tRtlUserThreadStart [0x00007FFBD198AF28+40]\n\nD:\\sw_install\\python-install\\lib\\site-packages\\selenium\\webdriver\\remote\\errorhandler.py:229: NoSuchElementException","flaky":false,"newFailed":false,"newBroken":false,"newPassed":false,"retriesCount":0,"retriesStatusChange":false,"beforeStages":[{"name":"_session_faker","time":{"start":1721383181628,"stop":1721383181771,"duration":143},"status":"passed","steps":[],"attachments":[],"parameters":[],"hasContent":false,"stepsCount":0,"attachmentsCount":0,"shouldDisplayMessage":false},{"name":"env","time":{"start":1721383181771,"stop":1721383181773,"duration":2},"status":"passed","steps":[],"attachments":[],"parameters":[],"hasContent":false,"stepsCount":0,"attachmentsCount":0,"shouldDisplayMessage":false},{"name":"driver","time":{"start":1721383181773,"stop":1721383192316,"duration":10543},"status":"passed","steps":[],"attachments":[],"parameters":[],"hasContent":false,"stepsCount":0,"attachmentsCount":0,"shouldDisplayMessage":false},{"name":"media_page","time":{"start":1721383192316,"stop":1721383192317,"duration":1},"status":"passed","steps":[],"attachments":[],"parameters":[],"hasContent":false,"stepsCount":0,"attachmentsCount":0,"shouldDisplayMessage":false},{"name":"media_set_up","time":{"start":1721383284035,"stop":1721383286311,"duration":2276},"status":"passed","steps":[],"attachments":[],"parameters":[],"hasContent":false,"stepsCount":0,"attachmentsCount":0,"shouldDisplayMessage":false}],"testStage":{"status":"broken","statusMessage":"selenium.common.exceptions.NoSuchElementException: Message: no such element: Unable to locate element: {\"method\":\"xpath\",\"selector\":\"//div[@class=\"dialogImg\"]\"}\n  (Session info: chrome=118.0.5993.118); For documentation on this error, please visit: https://www.selenium.dev/documentation/webdriver/troubleshooting/errors#no-such-element-exception\nStacktrace:\n\tGetHandleVerifier [0x00007FF6515F78A2+54818]\n\t(No symbol) [0x00007FF651566AD2]\n\t(No symbol) [0x00007FF65141DA3B]\n\t(No symbol) [0x00007FF65145E4FC]\n\t(No symbol) [0x00007FF65145E67C]\n\t(No symbol) [0x00007FF651499627]\n\t(No symbol) [0x00007FF65147EAEF]\n\t(No symbol) [0x00007FF6514975A2]\n\t(No symbol) [0x00007FF65147E883]\n\t(No symbol) [0x00007FF651453691]\n\t(No symbol) [0x00007FF6514548D4]\n\tGetHandleVerifier [0x00007FF65195B9A2+3610402]\n\tGetHandleVerifier [0x00007FF6519B1870+3962352]\n\tGetHandleVerifier [0x00007FF6519A9D5F+3930847]\n\tGetHandleVerifier [0x00007FF651693656+693206]\n\t(No symbol) [0x00007FF651571638]\n\t(No symbol) [0x00007FF65156D944]\n\t(No symbol) [0x00007FF65156DA72]\n\t(No symbol) [0x00007FF65155E123]\n\tBaseThreadInitThunk [0x00007FFBCFE4257D+29]\n\tRtlUserThreadStart [0x00007FFBD198AF28+40]","statusTrace":"self = <test_case.test_media_center.TestMediaCenter object at 0x0000028874088430>\n\n    @pytest.mark.run(order=8)\n    @pytest.mark.usefixtures(\"media_set_up\")\n    @allure.title(\"预览素材\")\n    def test_delete_multi_file(self):\n        media_page = self.media_page\n        media_page.switch_to_media_center()\n        # 通用方法，进行素材上传\n        media_page.upload_media()\n        try:\n            with step(\"1、先鼠标hover到素材上面\"):\n                media_page.hover_to_media()\n    \n        except Exception:\n            media_page.upload_media()\n    \n        with step(\"点击预览按钮\"):\n            media_page.media_preview()\n    \n        time.sleep(1)\n        with step(\"关闭预览按钮\"):\n>           media_page.close_preview()\n\ntest_case\\test_media_center.py:217: \n_ _ _ _ _ _ _ _ _ _ _ _ _ _ _ _ _ _ _ _ _ _ _ _ _ _ _ _ _ _ _ _ _ _ _ _ _ _ _ _\npageobject\\media_page.py:392: in close_preview\n    place_ele = self.get_element(preview_place)\nbasepage\\base_page.py:245: in get_element\n    element = self.driver.find_element(By.XPATH, value=selector_value)\nD:\\sw_install\\python-install\\lib\\site-packages\\selenium\\webdriver\\remote\\webdriver.py:742: in find_element\n    return self.execute(Command.FIND_ELEMENT, {\"using\": by, \"value\": value})[\"value\"]\nD:\\sw_install\\python-install\\lib\\site-packages\\selenium\\webdriver\\remote\\webdriver.py:348: in execute\n    self.error_handler.check_response(response)\n_ _ _ _ _ _ _ _ _ _ _ _ _ _ _ _ _ _ _ _ _ _ _ _ _ _ _ _ _ _ _ _ _ _ _ _ _ _ _ _\n\nself = <selenium.webdriver.remote.errorhandler.ErrorHandler object at 0x000002887FD0E770>\nresponse = {'status': 404, 'value': '{\"value\":{\"error\":\"no such element\",\"message\":\"no such element: Unable to locate element: {\\...07FF65155E123]\\\\n\\\\tBaseThreadInitThunk [0x00007FFBCFE4257D+29]\\\\n\\\\tRtlUserThreadStart [0x00007FFBD198AF28+40]\\\\n\"}}'}\n\n    def check_response(self, response: Dict[str, Any]) -> None:\n        \"\"\"Checks that a JSON response from the WebDriver does not have an\n        error.\n    \n        :Args:\n         - response - The JSON response from the WebDriver server as a dictionary\n           object.\n    \n        :Raises: If the response contains an error message.\n        \"\"\"\n        status = response.get(\"status\", None)\n        if not status or status == ErrorCode.SUCCESS:\n            return\n        value = None\n        message = response.get(\"message\", \"\")\n        screen: str = response.get(\"screen\", \"\")\n        stacktrace = None\n        if isinstance(status, int):\n            value_json = response.get(\"value\", None)\n            if value_json and isinstance(value_json, str):\n                import json\n    \n                try:\n                    value = json.loads(value_json)\n                    if len(value) == 1:\n                        value = value[\"value\"]\n                    status = value.get(\"error\", None)\n                    if not status:\n                        status = value.get(\"status\", ErrorCode.UNKNOWN_ERROR)\n                        message = value.get(\"value\") or value.get(\"message\")\n                        if not isinstance(message, str):\n                            value = message\n                            message = message.get(\"message\")\n                    else:\n                        message = value.get(\"message\", None)\n                except ValueError:\n                    pass\n    \n        exception_class: Type[WebDriverException]\n        e = ErrorCode()\n        error_codes = [item for item in dir(e) if not item.startswith(\"__\")]\n        for error_code in error_codes:\n            error_info = getattr(ErrorCode, error_code)\n            if isinstance(error_info, list) and status in error_info:\n                exception_class = getattr(ExceptionMapping, error_code, WebDriverException)\n                break\n        else:\n            exception_class = WebDriverException\n    \n        if not value:\n            value = response[\"value\"]\n        if isinstance(value, str):\n            raise exception_class(value)\n        if message == \"\" and \"message\" in value:\n            message = value[\"message\"]\n    \n        screen = None  # type: ignore[assignment]\n        if \"screen\" in value:\n            screen = value[\"screen\"]\n    \n        stacktrace = None\n        st_value = value.get(\"stackTrace\") or value.get(\"stacktrace\")\n        if st_value:\n            if isinstance(st_value, str):\n                stacktrace = st_value.split(\"\\n\")\n            else:\n                stacktrace = []\n                try:\n                    for frame in st_value:\n                        line = frame.get(\"lineNumber\", \"\")\n                        file = frame.get(\"fileName\", \"<anonymous>\")\n                        if line:\n                            file = f\"{file}:{line}\"\n                        meth = frame.get(\"methodName\", \"<anonymous>\")\n                        if \"className\" in frame:\n                            meth = f\"{frame['className']}.{meth}\"\n                        msg = \"    at %s (%s)\"\n                        msg = msg % (meth, file)\n                        stacktrace.append(msg)\n                except TypeError:\n                    pass\n        if exception_class == UnexpectedAlertPresentException:\n            alert_text = None\n            if \"data\" in value:\n                alert_text = value[\"data\"].get(\"text\")\n            elif \"alert\" in value:\n                alert_text = value[\"alert\"].get(\"text\")\n            raise exception_class(message, screen, stacktrace, alert_text)  # type: ignore[call-arg]  # mypy is not smart enough here\n>       raise exception_class(message, screen, stacktrace)\nE       selenium.common.exceptions.NoSuchElementException: Message: no such element: Unable to locate element: {\"method\":\"xpath\",\"selector\":\"//div[@class=\"dialogImg\"]\"}\nE         (Session info: chrome=118.0.5993.118); For documentation on this error, please visit: https://www.selenium.dev/documentation/webdriver/troubleshooting/errors#no-such-element-exception\nE       Stacktrace:\nE       \tGetHandleVerifier [0x00007FF6515F78A2+54818]\nE       \t(No symbol) [0x00007FF651566AD2]\nE       \t(No symbol) [0x00007FF65141DA3B]\nE       \t(No symbol) [0x00007FF65145E4FC]\nE       \t(No symbol) [0x00007FF65145E67C]\nE       \t(No symbol) [0x00007FF651499627]\nE       \t(No symbol) [0x00007FF65147EAEF]\nE       \t(No symbol) [0x00007FF6514975A2]\nE       \t(No symbol) [0x00007FF65147E883]\nE       \t(No symbol) [0x00007FF651453691]\nE       \t(No symbol) [0x00007FF6514548D4]\nE       \tGetHandleVerifier [0x00007FF65195B9A2+3610402]\nE       \tGetHandleVerifier [0x00007FF6519B1870+3962352]\nE       \tGetHandleVerifier [0x00007FF6519A9D5F+3930847]\nE       \tGetHandleVerifier [0x00007FF651693656+693206]\nE       \t(No symbol) [0x00007FF651571638]\nE       \t(No symbol) [0x00007FF65156D944]\nE       \t(No symbol) [0x00007FF65156DA72]\nE       \t(No symbol) [0x00007FF65155E123]\nE       \tBaseThreadInitThunk [0x00007FFBCFE4257D+29]\nE       \tRtlUserThreadStart [0x00007FFBD198AF28+40]\n\nD:\\sw_install\\python-install\\lib\\site-packages\\selenium\\webdriver\\remote\\errorhandler.py:229: NoSuchElementException","steps":[{"name":"点击上传按钮","time":{"start":1721383287014,"stop":1721383287756,"duration":742},"status":"passed","steps":[],"attachments":[],"parameters":[],"hasContent":false,"stepsCount":0,"attachmentsCount":0,"shouldDisplayMessage":false},{"name":"进行文件上传","time":{"start":1721383287756,"stop":1721383294826,"duration":7070},"status":"passed","steps":[],"attachments":[],"parameters":[],"hasContent":false,"stepsCount":0,"attachmentsCount":0,"shouldDisplayMessage":false},{"name":"当进度为100%时，则关闭上传弹框","time":{"start":1721383294826,"stop":1721383296956,"duration":2130},"status":"passed","steps":[],"attachments":[],"parameters":[],"hasContent":false,"stepsCount":0,"attachmentsCount":0,"shouldDisplayMessage":false},{"name":"1、先鼠标hover到素材上面","time":{"start":1721383297085,"stop":1721383348710,"duration":51625},"status":"broken","statusMessage":"IndexError: list index out of range\n","statusTrace":"  File \"D:\\git\\ui_test\\test_case\\test_media_center.py\", line 207, in test_delete_multi_file\n    media_page.hover_to_media()\n  File \"D:\\git\\ui_test\\pageobject\\media_page.py\", line 338, in hover_to_media\n    first_ele = eles[0]\n","steps":[{"name":"点击上传按钮","time":{"start":1721383318039,"stop":1721383318731,"duration":692},"status":"passed","steps":[],"attachments":[],"parameters":[],"hasContent":false,"stepsCount":0,"attachmentsCount":0,"shouldDisplayMessage":false},{"name":"进行文件上传","time":{"start":1721383318732,"stop":1721383325833,"duration":7101},"status":"passed","steps":[],"attachments":[],"parameters":[],"hasContent":false,"stepsCount":0,"attachmentsCount":0,"shouldDisplayMessage":false},{"name":"当进度为100%时，则关闭上传弹框","time":{"start":1721383325833,"stop":1721383328075,"duration":2242},"status":"passed","steps":[],"attachments":[],"parameters":[],"hasContent":false,"stepsCount":0,"attachmentsCount":0,"shouldDisplayMessage":false}],"attachments":[],"parameters":[],"hasContent":true,"stepsCount":3,"attachmentsCount":0,"shouldDisplayMessage":true},{"name":"点击上传按钮","time":{"start":1721383349103,"stop":1721383349737,"duration":634},"status":"passed","steps":[],"attachments":[],"parameters":[],"hasContent":false,"stepsCount":0,"attachmentsCount":0,"shouldDisplayMessage":false},{"name":"进行文件上传","time":{"start":1721383349737,"stop":1721383356828,"duration":7091},"status":"passed","steps":[],"attachments":[],"parameters":[],"hasContent":false,"stepsCount":0,"attachmentsCount":0,"shouldDisplayMessage":false},{"name":"当进度为100%时，则关闭上传弹框","time":{"start":1721383356828,"stop":1721383358936,"duration":2108},"status":"passed","steps":[],"attachments":[],"parameters":[],"hasContent":false,"stepsCount":0,"attachmentsCount":0,"shouldDisplayMessage":false},{"name":"点击预览按钮","time":{"start":1721383359061,"stop":1721383379081,"duration":20020},"status":"passed","steps":[],"attachments":[],"parameters":[],"hasContent":false,"stepsCount":0,"attachmentsCount":0,"shouldDisplayMessage":false},{"name":"关闭预览按钮","time":{"start":1721383380085,"stop":1721383400140,"duration":20055},"status":"broken","statusMessage":"selenium.common.exceptions.NoSuchElementException: Message: no such element: Unable to locate element: {\"method\":\"xpath\",\"selector\":\"//div[@class=\"dialogImg\"]\"}\n  (Session info: chrome=118.0.5993.118); For documentation on this error, please visit: https://www.selenium.dev/documentation/webdriver/troubleshooting/errors#no-such-element-exception\nStacktrace:\n\tGetHandleVerifier [0x00007FF6515F78A2+54818]\n\t(No symbol) [0x00007FF651566AD2]\n\t(No symbol) [0x00007FF65141DA3B]\n\t(No symbol) [0x00007FF65145E4FC]\n\t(No symbol) [0x00007FF65145E67C]\n\t(No symbol) [0x00007FF651499627]\n\t(No symbol) [0x00007FF65147EAEF]\n\t(No symbol) [0x00007FF6514975A2]\n\t(No symbol) [0x00007FF65147E883]\n\t(No symbol) [0x00007FF651453691]\n\t(No symbol) [0x00007FF6514548D4]\n\tGetHandleVerifier [0x00007FF65195B9A2+3610402]\n\tGetHandleVerifier [0x00007FF6519B1870+3962352]\n\tGetHandleVerifier [0x00007FF6519A9D5F+3930847]\n\tGetHandleVerifier [0x00007FF651693656+693206]\n\t(No symbol) [0x00007FF651571638]\n\t(No symbol) [0x00007FF65156D944]\n\t(No symbol) [0x00007FF65156DA72]\n\t(No symbol) [0x00007FF65155E123]\n\tBaseThreadInitThunk [0x00007FFBCFE4257D+29]\n\tRtlUserThreadStart [0x00007FFBD198AF28+40]\n\n","statusTrace":"  File \"D:\\git\\ui_test\\test_case\\test_media_center.py\", line 217, in test_delete_multi_file\n    media_page.close_preview()\n  File \"D:\\git\\ui_test\\pageobject\\media_page.py\", line 392, in close_preview\n    place_ele = self.get_element(preview_place)\n  File \"D:\\git\\ui_test\\basepage\\base_page.py\", line 245, in get_element\n    element = self.driver.find_element(By.XPATH, value=selector_value)\n  File \"D:\\sw_install\\python-install\\lib\\site-packages\\selenium\\webdriver\\remote\\webdriver.py\", line 742, in find_element\n    return self.execute(Command.FIND_ELEMENT, {\"using\": by, \"value\": value})[\"value\"]\n  File \"D:\\sw_install\\python-install\\lib\\site-packages\\selenium\\webdriver\\remote\\webdriver.py\", line 348, in execute\n    self.error_handler.check_response(response)\n  File \"D:\\sw_install\\python-install\\lib\\site-packages\\selenium\\webdriver\\remote\\errorhandler.py\", line 229, in check_response\n    raise exception_class(message, screen, stacktrace)\n","steps":[],"attachments":[],"parameters":[],"hasContent":true,"stepsCount":0,"attachmentsCount":0,"shouldDisplayMessage":true}],"attachments":[],"parameters":[],"hasContent":true,"stepsCount":12,"attachmentsCount":0,"shouldDisplayMessage":true},"afterStages":[{"name":"media_page::0","time":{"start":1721383549519,"stop":1721383549519,"duration":0},"status":"passed","steps":[],"attachments":[],"parameters":[],"hasContent":false,"stepsCount":0,"attachmentsCount":0,"shouldDisplayMessage":false},{"name":"driver::0","time":{"start":1721383549529,"stop":1721383560072,"duration":10543},"status":"passed","steps":[],"attachments":[],"parameters":[],"hasContent":false,"stepsCount":0,"attachmentsCount":0,"shouldDisplayMessage":false}],"labels":[{"name":"epic","value":"项目hkc"},{"name":"feature","value":"media center"},{"name":"tag","value":"@pytest.mark.usefixtures('media_set_up')"},{"name":"tag","value":"run(order=8)"},{"name":"parentSuite","value":"test_case"},{"name":"suite","value":"test_media_center"},{"name":"subSuite","value":"TestMediaCenter"},{"name":"host","value":"hkc0208725"},{"name":"thread","value":"18500-MainThread"},{"name":"framework","value":"pytest"},{"name":"language","value":"cpython3"},{"name":"package","value":"test_case.test_media_center"},{"name":"resultFormat","value":"allure2"}],"parameters":[],"links":[],"hidden":false,"retry":false,"extra":{"severity":"normal","retries":[],"categories":[{"name":"Test defects","matchedStatuses":[],"flaky":false}],"tags":["@pytest.mark.usefixtures('media_set_up')","run(order=8)"]},"source":"70d688f5a451e467.json","parameterValues":[]}