{"uuid": "d7218493-bd14-4026-8f33-50944a5e7751", "children": ["da7b7f63-f626-431d-9989-94a00bc3b3ba"], "befores": [{"name": "init_play_bill", "status": "broken", "statusDetails": {"message": "selenium.common.exceptions.ElementNotInteractableException: Message: element not interactable: [object HTMLElement] has no size and location\n  (Session info: chrome=118.0.5993.118)\nStacktrace:\n\tGetHandleVerifier [0x00007FF613E378A2+54818]\n\t(No symbol) [0x00007FF613DA6AD2]\n\t(No symbol) [0x00007FF613C5DA3B]\n\t(No symbol) [0x00007FF613C6246D]\n\t(No symbol) [0x00007FF613C63F5F]\n\t(No symbol) [0x00007FF613C64050]\n\t(No symbol) [0x00007FF613CA3DB1]\n\t(No symbol) [0x00007FF613CA34C6]\n\t(No symbol) [0x00007FF613CDF958]\n\t(No symbol) [0x00007FF613CBEAAA]\n\t(No symbol) [0x00007FF613CD75A2]\n\t(No symbol) [0x00007FF613CBE883]\n\t(No symbol) [0x00007FF613C93691]\n\t(No symbol) [0x00007FF613C948D4]\n\tGetHandleVerifier [0x00007FF61419B9A2+3610402]\n\tGetHandleVerifier [0x00007FF6141F1870+3962352]\n\tGetHandleVerifier [0x00007FF6141E9D5F+3930847]\n\tGetHandleVerifier [0x00007FF613ED3656+693206]\n\t(No symbol) [0x00007FF613DB1638]\n\t(No symbol) [0x00007FF613DAD944]\n\t(No symbol) [0x00007FF613DADA72]\n\t(No symbol) [0x00007FF613D9E123]\n\tBaseThreadInitThunk [0x00007FFE205C257D+29]\n\tRtlUserThreadStart [0x00007FFE2104AA58+40]\n\n", "trace": "  File \"D:\\sw_install\\python-install\\lib\\site-packages\\pluggy\\_callers.py\", line 77, in _multicall\n    res = hook_impl.function(*args)\n  File \"D:\\sw_install\\python-install\\lib\\site-packages\\_pytest\\fixtures.py\", line 1130, in pytest_fixture_setup\n    result = call_fixture_func(fixturefunc, request, kwargs)\n  File \"D:\\sw_install\\python-install\\lib\\site-packages\\_pytest\\fixtures.py\", line 909, in call_fixture_func\n    fixture_result = fixturefunc(**kwargs)\n  File \"D:\\ui\\test_case\\test_play_bill.py\", line 53, in init_play_bill\n    terminal_page.add_new_terminal()\n  File \"D:\\ui\\pageobject\\terminal_page.py\", line 56, in add_new_terminal\n    self.terminal_org_more()\n  File \"D:\\ui\\pageobject\\terminal_page.py\", line 140, in terminal_org_more\n    ActionChains(self.driver).move_to_element(first_terminal_org_more_ele).click(first_terminal_org_more_ele).perform()\n  File \"D:\\sw_install\\python-install\\lib\\site-packages\\selenium\\webdriver\\common\\action_chains.py\", line 94, in perform\n    self.w3c_actions.perform()\n  File \"D:\\sw_install\\python-install\\lib\\site-packages\\selenium\\webdriver\\common\\actions\\action_builder.py\", line 96, in perform\n    self.driver.execute(Command.W3C_ACTIONS, enc)\n  File \"D:\\sw_install\\python-install\\lib\\site-packages\\selenium\\webdriver\\remote\\webdriver.py\", line 348, in execute\n    self.error_handler.check_response(response)\n  File \"D:\\sw_install\\python-install\\lib\\site-packages\\selenium\\webdriver\\remote\\errorhandler.py\", line 229, in check_response\n    raise exception_class(message, screen, stacktrace)\n"}, "steps": [{"name": "点击设备接入", "status": "passed", "start": 1716607146342, "stop": 1716607147047}, {"name": "输入设备sn码", "status": "passed", "start": 1716607147562, "stop": 1716607147744}, {"name": "输入设备名称", "status": "passed", "start": 1716607147744, "stop": 1716607147894}, {"name": "先点击所属机构", "status": "passed", "start": 1716607147894, "stop": 1716607158139}, {"name": "在下拉框展开组织架构", "status": "broken", "statusDetails": {"message": "selenium.common.exceptions.ElementNotInteractableException: Message: element not interactable: [object HTMLElement] has no size and location\n  (Session info: chrome=118.0.5993.118)\nStacktrace:\n\tGetHandleVerifier [0x00007FF613E378A2+54818]\n\t(No symbol) [0x00007FF613DA6AD2]\n\t(No symbol) [0x00007FF613C5DA3B]\n\t(No symbol) [0x00007FF613C6246D]\n\t(No symbol) [0x00007FF613C63F5F]\n\t(No symbol) [0x00007FF613C64050]\n\t(No symbol) [0x00007FF613CA3DB1]\n\t(No symbol) [0x00007FF613CA34C6]\n\t(No symbol) [0x00007FF613CDF958]\n\t(No symbol) [0x00007FF613CBEAAA]\n\t(No symbol) [0x00007FF613CD75A2]\n\t(No symbol) [0x00007FF613CBE883]\n\t(No symbol) [0x00007FF613C93691]\n\t(No symbol) [0x00007FF613C948D4]\n\tGetHandleVerifier [0x00007FF61419B9A2+3610402]\n\tGetHandleVerifier [0x00007FF6141F1870+3962352]\n\tGetHandleVerifier [0x00007FF6141E9D5F+3930847]\n\tGetHandleVerifier [0x00007FF613ED3656+693206]\n\t(No symbol) [0x00007FF613DB1638]\n\t(No symbol) [0x00007FF613DAD944]\n\t(No symbol) [0x00007FF613DADA72]\n\t(No symbol) [0x00007FF613D9E123]\n\tBaseThreadInitThunk [0x00007FFE205C257D+29]\n\tRtlUserThreadStart [0x00007FFE2104AA58+40]\n\n", "trace": "  File \"D:\\ui\\pageobject\\terminal_page.py\", line 56, in add_new_terminal\n    self.terminal_org_more()\n  File \"D:\\ui\\pageobject\\terminal_page.py\", line 140, in terminal_org_more\n    ActionChains(self.driver).move_to_element(first_terminal_org_more_ele).click(first_terminal_org_more_ele).perform()\n  File \"D:\\sw_install\\python-install\\lib\\site-packages\\selenium\\webdriver\\common\\action_chains.py\", line 94, in perform\n    self.w3c_actions.perform()\n  File \"D:\\sw_install\\python-install\\lib\\site-packages\\selenium\\webdriver\\common\\actions\\action_builder.py\", line 96, in perform\n    self.driver.execute(Command.W3C_ACTIONS, enc)\n  File \"D:\\sw_install\\python-install\\lib\\site-packages\\selenium\\webdriver\\remote\\webdriver.py\", line 348, in execute\n    self.error_handler.check_response(response)\n  File \"D:\\sw_install\\python-install\\lib\\site-packages\\selenium\\webdriver\\remote\\errorhandler.py\", line 229, in check_response\n    raise exception_class(message, screen, stacktrace)\n"}, "start": 1716607158139, "stop": 1716607158698}], "start": 1716607145440, "stop": 1716607158714}], "start": 1716607145440, "stop": 1716607158892}